<?xml version="1.0" encoding="UTF-8" ?>
<testsuite errors="0" failures="0" hostname="DESKTOP-F2H886T" name="ch.actifsource.example.ant.unittest.AllTests" skipped="0" tests="4" time="5.735" timestamp="2020-08-26T09:35:29">
  <properties>
    <property name="java.vendor" value="Oracle Corporation" />
    <property name="sun.java.launcher" value="SUN_STANDARD" />
    <property name="eclipse.pdebuild.templates" value="D:\Eclipse\eclipse-rcp-oxygen-3a-win32-x86_64\eclipse\plugins\org.eclipse.pde.build_3.9.300.v20170515-0912\templates" />
    <property name="ant.file.type.ch.actifsource.example.ant" value="file" />
    <property name="sun.management.compiler" value="HotSpot 64-Bit Tiered Compilers" />
    <property name="os.name" value="Windows 10" />
    <property name="sun.boot.class.path" value="C:\Program Files\Java\jdk1.8.0_191\jre\lib\resources.jar;C:\Program Files\Java\jdk1.8.0_191\jre\lib\rt.jar;C:\Program Files\Java\jdk1.8.0_191\jre\lib\sunrsasign.jar;C:\Program Files\Java\jdk1.8.0_191\jre\lib\jsse.jar;C:\Program Files\Java\jdk1.8.0_191\jre\lib\jce.jar;C:\Program Files\Java\jdk1.8.0_191\jre\lib\charsets.jar;C:\Program Files\Java\jdk1.8.0_191\jre\lib\jfr.jar;C:\Program Files\Java\jdk1.8.0_191\jre\classes" />
    <property name="ant.project" value="D:\Eclipse\WORKBENCH\WORKBENCH_GITHUB\ch.actifsource.example.ant/../ch.actifsource.example.ant" />
    <property name="sun.desktop" value="windows" />
    <property name="java.vm.specification.vendor" value="Oracle Corporation" />
    <property name="ant.workspace" value="D:\Eclipse\WORKBENCH\WORKBENCH_GITHUB\ch.actifsource.example.ant/.." />
    <property name="ant.home" value="D:\Eclipse\eclipse-rcp-oxygen-3a-win32-x86_64\eclipse\plugins\org.apache.ant_1.10.1.v20170504-0840" />
    <property name="java.runtime.version" value="1.8.0_191-b12" />
    <property name="user.name" value="ruti" />
    <property name="ant.file.ch.actifsource.example.ant" value="D:\Eclipse\WORKBENCH\WORKBENCH_GITHUB\ch.actifsource.example.ant\asbuild.compile.xml" />
    <property name="user.language" value="de" />
    <property name="sun.boot.library.path" value="C:\Program Files\Java\jdk1.8.0_191\jre\bin" />
    <property name="ant.project.default-target" value="build" />
    <property name="ant.project.name" value="ch.actifsource.example.ant" />
    <property name="java.version" value="1.8.0_191" />
    <property name="user.timezone" value="" />
    <property name="sun.arch.data.model" value="64" />
    <property name="java.endorsed.dirs" value="C:\Program Files\Java\jdk1.8.0_191\jre\lib\endorsed" />
    <property name="sun.cpu.isalist" value="amd64" />
    <property name="sun.jnu.encoding" value="Cp1252" />
    <property name="file.encoding.pkg" value="sun.io" />
    <property name="file.separator" value="\" />
    <property name="java.specification.name" value="Java Platform API Specification" />
    <property name="java.class.version" value="52.0" />
    <property name="user.country" value="CH" />
    <property name="java.home" value="C:\Program Files\Java\jdk1.8.0_191\jre" />
    <property name="java.vm.info" value="mixed mode" />
    <property name="ant.file" value="D:\Eclipse\WORKBENCH\WORKBENCH_GITHUB\ch.actifsource.example.ant\asbuild.unittest.xml" />
    <property name="os.version" value="10.0" />
    <property name="bundle.directory" value="D:\Eclipse\eclipse-rcp-oxygen-3a-win32-x86_64\eclipse\plugins" />
    <property name="path.separator" value=";" />
    <property name="java.vm.version" value="25.191-b12" />
    <property name="user.variant" value="" />
    <property name="ant.library.dir" value="D:\Eclipse\eclipse-rcp-oxygen-3a-win32-x86_64\eclipse\plugins\org.apache.ant_1.10.1.v20170504-0840\lib" />
    <property name="java.awt.printerjob" value="sun.awt.windows.WPrinterJob" />
    <property name="sun.io.unicode.encoding" value="UnicodeLittle" />
    <property name="awt.toolkit" value="sun.awt.windows.WToolkit" />
    <property name="user.script" value="" />
    <property name="eclipse.pdebuild.scripts" value="D:\Eclipse\eclipse-rcp-oxygen-3a-win32-x86_64\eclipse\plugins\org.eclipse.pde.build_3.9.300.v20170515-0912\scripts" />
    <property name="user.home" value="C:\Users\ruti" />
    <property name="target" value="1.8" />
    <property name="java.specification.vendor" value="Oracle Corporation" />
    <property name="junit.test.report" value="D:\Eclipse\WORKBENCH\WORKBENCH_GITHUB\ch.actifsource.example.ant/../ch.actifsource.example.ant/reports" />
    <property name="actifsource.version" value="10.10.0.202005121415" />
    <property name="java.library.path" value="C:\Program Files\Java\jdk1.8.0_191\bin;C:\WINDOWS\Sun\Java\bin;C:\WINDOWS\system32;C:\WINDOWS;D:/Eclipse/eclipse-rcp-oxygen-3a-win32-x86_64/eclipse/jre/bin/j9vm;D:/Eclipse/eclipse-rcp-oxygen-3a-win32-x86_64/eclipse/jre/bin;D:/Eclipse/eclipse-rcp-oxygen-3a-win32-x86_64/eclipse/jre/lib/amd64;C:\Program Files (x86)\Kerio\Outlook Connector (Offline Edition)\;C:\Program Files (x86)\Common Files\Oracle\Java\javapath;C:\WINDOWS\system32;C:\WINDOWS;C:\WINDOWS\System32\Wbem;C:\WINDOWS\System32\WindowsPowerShell\v1.0\;C:\WINDOWS\System32\OpenSSH\;C:\Program Files\TortoiseSVN\bin;C:\Program Files\TortoiseGit\bin;C:\Program Files\nodejs\;C:\Program Files\Git\cmd;C:\Program Files (x86)\GitExtensions\;C:\Users\ruti\AppData\Local\Microsoft\WindowsApps;C:\Program Files\Java\jdk1.8.0_191\bin;C:\Program Files (x86)\Graphviz2.34\bin;C:\MinGW\bin;C:\Users\ruti\AppData\Roaming\npm;C:\Hugo\bin;;D:\Eclipse\eclipse-rcp-oxygen-3a-win32-x86_64\eclipse;;.;D:\Eclipse\WORKBENCH\WORKBENCH_ACTIFSOURCE_OXY_3\.metadata\.plugins\org.eclipse.pde.core\New_configuration\org.eclipse.osgi\675\0\.cp" />
    <property name="java.vendor.url" value="http://java.oracle.com/" />
    <property name="java.vm.vendor" value="Oracle Corporation" />
    <property name="java.runtime.name" value="Java(TM) SE Runtime Environment" />
    <property name="sun.java.command" value="org.eclipse.ant.internal.launching.remote.InternalAntRunner -Dorg.eclipse.ant.core.ANT_PROCESS_ID=1598434526067 -Declipse.connect.port=51058 -Declipse.pdebuild.home=D:\Eclipse\eclipse-rcp-oxygen-3a-win32-x86_64\eclipse\plugins\org.eclipse.pde.build_3.9.300.v20170515-0912\. -Declipse.pdebuild.scripts=D:\Eclipse\eclipse-rcp-oxygen-3a-win32-x86_64\eclipse\plugins\org.eclipse.pde.build_3.9.300.v20170515-0912\scripts -Declipse.pdebuild.templates=D:\Eclipse\eclipse-rcp-oxygen-3a-win32-x86_64\eclipse\plugins\org.eclipse.pde.build_3.9.300.v20170515-0912\templates -Dant.home=D:\Eclipse\eclipse-rcp-oxygen-3a-win32-x86_64\eclipse\plugins\org.apache.ant_1.10.1.v20170504-0840 -logger org.eclipse.ant.internal.launching.remote.logger.RemoteAntBuildLogger -inputhandler org.eclipse.ant.internal.ui.antsupport.inputhandler.ProxyInputHandler -buildfile D:\Eclipse\WORKBENCH\WORKBENCH_GITHUB\ch.actifsource.example.ant\asbuild.unittest.xml junit" />
    <property name="java.class.path" value="C:\Program Files\Java\jdk1.8.0_191\jre\lib\resources.jar;C:\Program Files\Java\jdk1.8.0_191\jre\lib\rt.jar;C:\Program Files\Java\jdk1.8.0_191\jre\lib\jsse.jar;C:\Program Files\Java\jdk1.8.0_191\jre\lib\jce.jar;C:\Program Files\Java\jdk1.8.0_191\jre\lib\charsets.jar;C:\Program Files\Java\jdk1.8.0_191\jre\lib\jfr.jar;C:\Program Files\Java\jdk1.8.0_191\jre\lib\ext\access-bridge-64.jar;C:\Program Files\Java\jdk1.8.0_191\jre\lib\ext\cldrdata.jar;C:\Program Files\Java\jdk1.8.0_191\jre\lib\ext\dnsns.jar;C:\Program Files\Java\jdk1.8.0_191\jre\lib\ext\jaccess.jar;C:\Program Files\Java\jdk1.8.0_191\jre\lib\ext\jfxrt.jar;C:\Program Files\Java\jdk1.8.0_191\jre\lib\ext\localedata.jar;C:\Program Files\Java\jdk1.8.0_191\jre\lib\ext\nashorn.jar;C:\Program Files\Java\jdk1.8.0_191\jre\lib\ext\sunec.jar;C:\Program Files\Java\jdk1.8.0_191\jre\lib\ext\sunjce_provider.jar;C:\Program Files\Java\jdk1.8.0_191\jre\lib\ext\sunmscapi.jar;C:\Program Files\Java\jdk1.8.0_191\jre\lib\ext\sunpkcs11.jar;C:\Program Files\Java\jdk1.8.0_191\jre\lib\ext\zipfs.jar;D:\Eclipse\eclipse-rcp-oxygen-3a-win32-x86_64\eclipse\plugins\org.apache.ant_1.10.1.v20170504-0840\lib\ant-antlr.jar;D:\Eclipse\eclipse-rcp-oxygen-3a-win32-x86_64\eclipse\plugins\org.apache.ant_1.10.1.v20170504-0840\lib\ant-apache-bcel.jar;D:\Eclipse\eclipse-rcp-oxygen-3a-win32-x86_64\eclipse\plugins\org.apache.ant_1.10.1.v20170504-0840\lib\ant-apache-bsf.jar;D:\Eclipse\eclipse-rcp-oxygen-3a-win32-x86_64\eclipse\plugins\org.apache.ant_1.10.1.v20170504-0840\lib\ant-apache-log4j.jar;D:\Eclipse\eclipse-rcp-oxygen-3a-win32-x86_64\eclipse\plugins\org.apache.ant_1.10.1.v20170504-0840\lib\ant-apache-oro.jar;D:\Eclipse\eclipse-rcp-oxygen-3a-win32-x86_64\eclipse\plugins\org.apache.ant_1.10.1.v20170504-0840\lib\ant-apache-regexp.jar;D:\Eclipse\eclipse-rcp-oxygen-3a-win32-x86_64\eclipse\plugins\org.apache.ant_1.10.1.v20170504-0840\lib\ant-apache-resolver.jar;D:\Eclipse\eclipse-rcp-oxygen-3a-win32-x86_64\eclipse\plugins\org.apache.ant_1.10.1.v20170504-0840\lib\ant-apache-xalan2.jar;D:\Eclipse\eclipse-rcp-oxygen-3a-win32-x86_64\eclipse\plugins\org.apache.ant_1.10.1.v20170504-0840\lib\ant-commons-logging.jar;D:\Eclipse\eclipse-rcp-oxygen-3a-win32-x86_64\eclipse\plugins\org.apache.ant_1.10.1.v20170504-0840\lib\ant-commons-net.jar;D:\Eclipse\eclipse-rcp-oxygen-3a-win32-x86_64\eclipse\plugins\org.apache.ant_1.10.1.v20170504-0840\lib\ant-jai.jar;D:\Eclipse\eclipse-rcp-oxygen-3a-win32-x86_64\eclipse\plugins\org.apache.ant_1.10.1.v20170504-0840\lib\ant-javamail.jar;D:\Eclipse\eclipse-rcp-oxygen-3a-win32-x86_64\eclipse\plugins\org.apache.ant_1.10.1.v20170504-0840\lib\ant-jdepend.jar;D:\Eclipse\eclipse-rcp-oxygen-3a-win32-x86_64\eclipse\plugins\org.apache.ant_1.10.1.v20170504-0840\lib\ant-jmf.jar;D:\Eclipse\eclipse-rcp-oxygen-3a-win32-x86_64\eclipse\plugins\org.apache.ant_1.10.1.v20170504-0840\lib\ant-jsch.jar;D:\Eclipse\eclipse-rcp-oxygen-3a-win32-x86_64\eclipse\plugins\org.apache.ant_1.10.1.v20170504-0840\lib\ant-junit.jar;D:\Eclipse\eclipse-rcp-oxygen-3a-win32-x86_64\eclipse\plugins\org.apache.ant_1.10.1.v20170504-0840\lib\ant-junit4.jar;D:\Eclipse\eclipse-rcp-oxygen-3a-win32-x86_64\eclipse\plugins\org.apache.ant_1.10.1.v20170504-0840\lib\ant-launcher.jar;D:\Eclipse\eclipse-rcp-oxygen-3a-win32-x86_64\eclipse\plugins\org.apache.ant_1.10.1.v20170504-0840\lib\ant-netrexx.jar;D:\Eclipse\eclipse-rcp-oxygen-3a-win32-x86_64\eclipse\plugins\org.apache.ant_1.10.1.v20170504-0840\lib\ant-swing.jar;D:\Eclipse\eclipse-rcp-oxygen-3a-win32-x86_64\eclipse\plugins\org.apache.ant_1.10.1.v20170504-0840\lib\ant-testutil.jar;D:\Eclipse\eclipse-rcp-oxygen-3a-win32-x86_64\eclipse\plugins\org.apache.ant_1.10.1.v20170504-0840\lib\ant.jar;D:\Eclipse\WORKBENCH\WORKBENCH_ACTIFSOURCE_OXY_3\.metadata\.plugins\org.eclipse.pde.core\New_configuration\org.eclipse.osgi\247\0\.cp\lib\antdebug.jar;D:\Eclipse\WORKBENCH\WORKBENCH_ACTIFSOURCE_OXY_3\.metadata\.plugins\org.eclipse.pde.core\New_configuration\org.eclipse.osgi\247\0\.cp\lib\remote.jar;D:\Eclipse\WORKBENCH\WORKBENCH_ACTIFSOURCE_OXY_3\.metadata\.plugins\org.eclipse.pde.core\New_configuration\org.eclipse.osgi\248\0\.cp\lib\remoteAnt.jar;C:\Program Files\Java\jdk1.8.0_191\lib\tools.jar;D:\Eclipse\eclipse-rcp-oxygen-3a-win32-x86_64\eclipse\plugins\org.eclipse.swt.win32.win32.x86_64_3.106.3.v20180329-0507.jar" />
    <property name="ant.version" value="Apache Ant(TM) version 1.10.1 compiled on February 2 2017" />
    <property name="java.vm.specification.name" value="Java Virtual Machine Specification" />
    <property name="java.vm.specification.version" value="1.8" />
    <property name="sun.cpu.endian" value="little" />
    <property name="sun.os.patch.level" value="" />
    <property name="debuglevel" value="source,lines,vars" />
    <property name="eclipse.pdebuild.home" value="D:\Eclipse\eclipse-rcp-oxygen-3a-win32-x86_64\eclipse\plugins\org.eclipse.pde.build_3.9.300.v20170515-0912\." />
    <property name="java.io.tmpdir" value="C:\Users\ruti\AppData\Local\Temp\" />
    <property name="java.vendor.url.bug" value="http://bugreport.sun.com/bugreport/" />
    <property name="os.arch" value="amd64" />
    <property name="java.awt.graphicsenv" value="sun.awt.Win32GraphicsEnvironment" />
    <property name="java.ext.dirs" value="C:\Program Files\Java\jdk1.8.0_191\jre\lib\ext;C:\WINDOWS\Sun\Java\lib\ext" />
    <property name="user.dir" value="D:\Eclipse\WORKBENCH\WORKBENCH_GITHUB\ch.actifsource.example.ant" />
    <property name="line.separator" value="&#xd;&#xa;" />
    <property name="java.vm.name" value="Java HotSpot(TM) 64-Bit Server VM" />
    <property name="basedir" value="D:\Eclipse\WORKBENCH\WORKBENCH_GITHUB\ch.actifsource.example.ant" />
    <property name="ant.java.version" value="1.8" />
    <property name="ant.core.lib" value="D:\Eclipse\eclipse-rcp-oxygen-3a-win32-x86_64\eclipse\plugins\org.apache.ant_1.10.1.v20170504-0840\lib\ant.jar" />
    <property name="source" value="1.8" />
    <property name="file.encoding" value="UTF-8" />
    <property name="java.specification.version" value="1.8" />
    <property name="ant.project.invoked-targets" value="junit" />
  </properties>
  <testcase classname="ch.actifsource.example.ant.unittest.model.ChildTest" name="test_childSizeSelectorFunction" time="2.331" />
  <testcase classname="ch.actifsource.example.ant.unittest.model.ChildTest" name="test_createChild" time="1.19" />
  <testcase classname="ch.actifsource.example.ant.unittest.model.ChildTest" name="test_childSizeJavaFunction" time="0.994" />
  <testcase classname="ch.actifsource.example.ant.unittest.model.ChildTest" name="test_childSize" time="1.095" />
  <system-out><![CDATA[Loading ActifsourceTestEnvironment...
Loading file:/D:/Eclipse/eclipse-rcp-oxygen-3a-win32-x86_64/eclipse/plugins/ch.actifsource.aql_10.10.0.202005121415.jar...
...loaded -> ch.actifsource.aql
Loading file:/D:/Eclipse/eclipse-rcp-oxygen-3a-win32-x86_64/eclipse/plugins/ch.actifsource.aql_10.9.0.202027031600.jar...
...loaded -> ch.actifsource.aql
Loading file:/D:/Eclipse/eclipse-rcp-oxygen-3a-win32-x86_64/eclipse/plugins/ch.actifsource.codesnippet.findreplace_10.10.0.202005121415.jar...
...loaded -> ch.actifsource.codesnippet.findreplace
Loading file:/D:/Eclipse/eclipse-rcp-oxygen-3a-win32-x86_64/eclipse/plugins/ch.actifsource.codesnippet.findreplace_10.9.0.202027031600.jar...
...loaded -> ch.actifsource.codesnippet.findreplace
Loading file:/D:/Eclipse/eclipse-rcp-oxygen-3a-win32-x86_64/eclipse/plugins/ch.actifsource.codesnippet.metamodel_10.10.0.202005121415.jar...
...loaded -> ch.actifsource.codesnippet.metamodel
Loading file:/D:/Eclipse/eclipse-rcp-oxygen-3a-win32-x86_64/eclipse/plugins/ch.actifsource.codesnippet.metamodel_10.9.0.202027031600.jar...
...loaded -> ch.actifsource.codesnippet.metamodel
Loading file:/D:/Eclipse/eclipse-rcp-oxygen-3a-win32-x86_64/eclipse/plugins/ch.actifsource.contenttype_10.10.0.202005121415.jar...
...loaded -> ch.actifsource.contenttype
Loading file:/D:/Eclipse/eclipse-rcp-oxygen-3a-win32-x86_64/eclipse/plugins/ch.actifsource.contenttype_10.9.0.202027031600.jar...
...loaded -> ch.actifsource.contenttype
Loading file:/D:/Eclipse/eclipse-rcp-oxygen-3a-win32-x86_64/eclipse/plugins/ch.actifsource.core.testutil_10.10.0.202005121415.jar...
...loaded -> ch.actifsource.core.testutil
Loading file:/D:/Eclipse/eclipse-rcp-oxygen-3a-win32-x86_64/eclipse/plugins/ch.actifsource.core.testutil_10.9.0.202027031600.jar...
...loaded -> ch.actifsource.core.testutil
Loading file:/D:/Eclipse/eclipse-rcp-oxygen-3a-win32-x86_64/eclipse/plugins/ch.actifsource.core_10.10.0.202005121415.jar...
...loaded -> ch.actifsource.core
Loading file:/D:/Eclipse/eclipse-rcp-oxygen-3a-win32-x86_64/eclipse/plugins/ch.actifsource.core_10.9.0.202027031600.jar...
...loaded -> ch.actifsource.core
Loading file:/D:/Eclipse/eclipse-rcp-oxygen-3a-win32-x86_64/eclipse/plugins/ch.actifsource.developer.subclipse_10.10.0.202005121415.jar...
...loaded -> ch.actifsource.developer.subclipse
Loading file:/D:/Eclipse/eclipse-rcp-oxygen-3a-win32-x86_64/eclipse/plugins/ch.actifsource.developer.subclipse_10.9.0.202027031600.jar...
...loaded -> ch.actifsource.developer.subclipse
Loading file:/D:/Eclipse/eclipse-rcp-oxygen-3a-win32-x86_64/eclipse/plugins/ch.actifsource.developer_10.10.0.202005121415.jar...
...loaded -> ch.actifsource.developer
Loading file:/D:/Eclipse/eclipse-rcp-oxygen-3a-win32-x86_64/eclipse/plugins/ch.actifsource.developer_10.9.0.202027031600.jar...
...loaded -> ch.actifsource.developer
Loading file:/D:/Eclipse/eclipse-rcp-oxygen-3a-win32-x86_64/eclipse/plugins/ch.actifsource.diagram_10.10.0.202005121415.jar...
...loaded -> ch.actifsource.diagram
Loading file:/D:/Eclipse/eclipse-rcp-oxygen-3a-win32-x86_64/eclipse/plugins/ch.actifsource.diagram_10.9.0.202027031600.jar...
...loaded -> ch.actifsource.diagram
Loading file:/D:/Eclipse/eclipse-rcp-oxygen-3a-win32-x86_64/eclipse/plugins/ch.actifsource.eclipse.util_10.10.0.202005121415.jar...
...loaded -> ch.actifsource.eclipse.util
Loading file:/D:/Eclipse/eclipse-rcp-oxygen-3a-win32-x86_64/eclipse/plugins/ch.actifsource.eclipse.util_10.9.0.202027031600.jar...
...loaded -> ch.actifsource.eclipse.util
Loading file:/D:/Eclipse/eclipse-rcp-oxygen-3a-win32-x86_64/eclipse/plugins/ch.actifsource.ecore_10.10.0.202005121415.jar...
...loaded -> ch.actifsource.ecore
Loading file:/D:/Eclipse/eclipse-rcp-oxygen-3a-win32-x86_64/eclipse/plugins/ch.actifsource.ecore_10.9.0.202027031600.jar...
...loaded -> ch.actifsource.ecore
Loading file:/D:/Eclipse/eclipse-rcp-oxygen-3a-win32-x86_64/eclipse/plugins/ch.actifsource.environment.resourcescope_10.10.0.202005121415.jar...
...loaded -> ch.actifsource.environment.resourcescope
Loading file:/D:/Eclipse/eclipse-rcp-oxygen-3a-win32-x86_64/eclipse/plugins/ch.actifsource.environment.resourcescope_10.9.0.202027031600.jar...
...loaded -> ch.actifsource.environment.resourcescope
Loading file:/D:/Eclipse/eclipse-rcp-oxygen-3a-win32-x86_64/eclipse/plugins/ch.actifsource.environment_10.10.0.202005121415.jar...
...loaded -> ch.actifsource.environment
Loading file:/D:/Eclipse/eclipse-rcp-oxygen-3a-win32-x86_64/eclipse/plugins/ch.actifsource.environment_10.9.0.202027031600.jar...
...loaded -> ch.actifsource.environment
Loading file:/D:/Eclipse/eclipse-rcp-oxygen-3a-win32-x86_64/eclipse/plugins/ch.actifsource.external.builder.server_10.10.0.202005121415.jar...
...loaded -> ch.actifsource.external.builder.server
Loading file:/D:/Eclipse/eclipse-rcp-oxygen-3a-win32-x86_64/eclipse/plugins/ch.actifsource.external.builder.server_10.9.0.202027031600.jar...
...loaded -> ch.actifsource.external.builder.server
Loading file:/D:/Eclipse/eclipse-rcp-oxygen-3a-win32-x86_64/eclipse/plugins/ch.actifsource.external.builder_10.10.0.202005121415.jar...
...loaded -> ch.actifsource.external.builder
Loading file:/D:/Eclipse/eclipse-rcp-oxygen-3a-win32-x86_64/eclipse/plugins/ch.actifsource.external.builder_10.9.0.202027031600.jar...
...loaded -> ch.actifsource.external.builder
Loading file:/D:/Eclipse/eclipse-rcp-oxygen-3a-win32-x86_64/eclipse/plugins/ch.actifsource.freemarker_10.10.0.202005121415.jar...
...loaded -> ch.actifsource.freemarker
Loading file:/D:/Eclipse/eclipse-rcp-oxygen-3a-win32-x86_64/eclipse/plugins/ch.actifsource.freemarker_10.9.0.202027031600.jar...
...loaded -> ch.actifsource.freemarker
Loading file:/D:/Eclipse/eclipse-rcp-oxygen-3a-win32-x86_64/eclipse/plugins/ch.actifsource.generator.compat_10.10.0.202005121415.jar...
...loaded -> ch.actifsource.generator.compat
Loading file:/D:/Eclipse/eclipse-rcp-oxygen-3a-win32-x86_64/eclipse/plugins/ch.actifsource.generator.compat_10.9.0.202027031600.jar...
...loaded -> ch.actifsource.generator.compat
Loading file:/D:/Eclipse/eclipse-rcp-oxygen-3a-win32-x86_64/eclipse/plugins/ch.actifsource.generator.freemarker_10.10.0.202005121415.jar...
...loaded -> ch.actifsource.generator.freemarker
Loading file:/D:/Eclipse/eclipse-rcp-oxygen-3a-win32-x86_64/eclipse/plugins/ch.actifsource.generator.freemarker_10.9.0.202027031600.jar...
...loaded -> ch.actifsource.generator.freemarker
Loading file:/D:/Eclipse/eclipse-rcp-oxygen-3a-win32-x86_64/eclipse/plugins/ch.actifsource.generator.graphviz_10.10.0.202005121415.jar...
...loaded -> ch.actifsource.generator.graphviz
Loading file:/D:/Eclipse/eclipse-rcp-oxygen-3a-win32-x86_64/eclipse/plugins/ch.actifsource.generator.graphviz_10.9.0.202027031600.jar...
...loaded -> ch.actifsource.generator.graphviz
Loading file:/D:/Eclipse/eclipse-rcp-oxygen-3a-win32-x86_64/eclipse/plugins/ch.actifsource.generator.workspacetask_10.10.0.202005121415.jar...
...loaded -> ch.actifsource.generator.workspacetask
Loading file:/D:/Eclipse/eclipse-rcp-oxygen-3a-win32-x86_64/eclipse/plugins/ch.actifsource.generator.workspacetask_10.9.0.202027031600.jar...
...loaded -> ch.actifsource.generator.workspacetask
Loading file:/D:/Eclipse/eclipse-rcp-oxygen-3a-win32-x86_64/eclipse/plugins/ch.actifsource.generator.xpand_10.10.0.202005121415.jar...
...loaded -> ch.actifsource.generator.xpand
Loading file:/D:/Eclipse/eclipse-rcp-oxygen-3a-win32-x86_64/eclipse/plugins/ch.actifsource.generator.xpand_10.9.0.202027031600.jar...
...loaded -> ch.actifsource.generator.xpand
Loading file:/D:/Eclipse/eclipse-rcp-oxygen-3a-win32-x86_64/eclipse/plugins/ch.actifsource.generator_10.10.0.202005121415.jar...
...loaded -> ch.actifsource.generator
Loading file:/D:/Eclipse/eclipse-rcp-oxygen-3a-win32-x86_64/eclipse/plugins/ch.actifsource.generator_10.9.0.202027031600.jar...
...loaded -> ch.actifsource.generator
Loading file:/D:/Eclipse/eclipse-rcp-oxygen-3a-win32-x86_64/eclipse/plugins/ch.actifsource.genericapp.dataclass_10.10.0.202005121415.jar...
...loaded -> ch.actifsource.genericapp.dataclass
Loading file:/D:/Eclipse/eclipse-rcp-oxygen-3a-win32-x86_64/eclipse/plugins/ch.actifsource.genericapp.dataclass_10.9.0.202027031600.jar...
...loaded -> ch.actifsource.genericapp.dataclass
Loading file:/D:/Eclipse/eclipse-rcp-oxygen-3a-win32-x86_64/eclipse/plugins/ch.actifsource.genericapp.httpclient_10.10.0.202005121415.jar...
...loaded -> ch.actifsource.genericapp.httpclient
Loading file:/D:/Eclipse/eclipse-rcp-oxygen-3a-win32-x86_64/eclipse/plugins/ch.actifsource.genericapp.httpclient_10.9.0.202027031600.jar...
...loaded -> ch.actifsource.genericapp.httpclient
Loading file:/D:/Eclipse/eclipse-rcp-oxygen-3a-win32-x86_64/eclipse/plugins/ch.actifsource.javamodel.reader_10.10.0.202005121415.jar...
...loaded -> ch.actifsource.javamodel.reader
Loading file:/D:/Eclipse/eclipse-rcp-oxygen-3a-win32-x86_64/eclipse/plugins/ch.actifsource.javamodel.reader_10.9.0.202027031600.jar...
...loaded -> ch.actifsource.javamodel.reader
Loading file:/D:/Eclipse/eclipse-rcp-oxygen-3a-win32-x86_64/eclipse/plugins/ch.actifsource.javamodel_10.10.0.202005121415.jar...
...loaded -> ch.actifsource.javamodel
Loading file:/D:/Eclipse/eclipse-rcp-oxygen-3a-win32-x86_64/eclipse/plugins/ch.actifsource.javamodel_10.9.0.202027031600.jar...
...loaded -> ch.actifsource.javamodel
Loading file:/D:/Eclipse/eclipse-rcp-oxygen-3a-win32-x86_64/eclipse/plugins/ch.actifsource.licence.seal_10.10.0.202005121415.jar...
...loaded -> ch.actifsource.licence.seal
Loading file:/D:/Eclipse/eclipse-rcp-oxygen-3a-win32-x86_64/eclipse/plugins/ch.actifsource.licence.seal_10.9.0.202027031600.jar...
...loaded -> ch.actifsource.licence.seal
Loading file:/D:/Eclipse/eclipse-rcp-oxygen-3a-win32-x86_64/eclipse/plugins/ch.actifsource.oaw.xpand_10.10.0.202005121415.jar...
...loaded -> ch.actifsource.oaw.xpand
Loading file:/D:/Eclipse/eclipse-rcp-oxygen-3a-win32-x86_64/eclipse/plugins/ch.actifsource.oaw.xpand_10.9.0.202027031600.jar...
...loaded -> ch.actifsource.oaw.xpand
Loading file:/D:/Eclipse/eclipse-rcp-oxygen-3a-win32-x86_64/eclipse/plugins/ch.actifsource.p2_v2_10.10.0.202005121415.jar...
...loaded -> ch.actifsource.p2_v2
Loading file:/D:/Eclipse/eclipse-rcp-oxygen-3a-win32-x86_64/eclipse/plugins/ch.actifsource.p2_v2_10.9.0.202027031600.jar...
...loaded -> ch.actifsource.p2_v2
Loading file:/D:/Eclipse/eclipse-rcp-oxygen-3a-win32-x86_64/eclipse/plugins/ch.actifsource.platform_10.10.0.202005121415.jar...
...loaded -> ch.actifsource.platform
Loading file:/D:/Eclipse/eclipse-rcp-oxygen-3a-win32-x86_64/eclipse/plugins/ch.actifsource.platform_10.9.0.202027031600.jar...
...loaded -> ch.actifsource.platform
Loading file:/D:/Eclipse/eclipse-rcp-oxygen-3a-win32-x86_64/eclipse/plugins/ch.actifsource.servicedata_10.10.0.202005121415.jar...
...loaded -> ch.actifsource.servicedata
Loading file:/D:/Eclipse/eclipse-rcp-oxygen-3a-win32-x86_64/eclipse/plugins/ch.actifsource.servicedata_10.9.0.202027031600.jar...
...loaded -> ch.actifsource.servicedata
Loading file:/D:/Eclipse/eclipse-rcp-oxygen-3a-win32-x86_64/eclipse/plugins/ch.actifsource.solution.cip_10.10.0.202005121415.jar...
...loaded -> ch.actifsource.solution.cip
Loading file:/D:/Eclipse/eclipse-rcp-oxygen-3a-win32-x86_64/eclipse/plugins/ch.actifsource.solution.cip_10.9.0.202027031600.jar...
...loaded -> ch.actifsource.solution.cip
Loading file:/D:/Eclipse/eclipse-rcp-oxygen-3a-win32-x86_64/eclipse/plugins/ch.actifsource.solution.datatype_10.10.0.202005121415.jar...
...loaded -> ch.actifsource.solution.datatype
Loading file:/D:/Eclipse/eclipse-rcp-oxygen-3a-win32-x86_64/eclipse/plugins/ch.actifsource.solution.datatype_10.9.0.202027031600.jar...
...loaded -> ch.actifsource.solution.datatype
Loading file:/D:/Eclipse/eclipse-rcp-oxygen-3a-win32-x86_64/eclipse/plugins/ch.actifsource.solution.dec_10.10.0.202005121415.jar...
...loaded -> ch.actifsource.solution.dec
Loading file:/D:/Eclipse/eclipse-rcp-oxygen-3a-win32-x86_64/eclipse/plugins/ch.actifsource.solution.dec_10.9.0.202027031600.jar...
...loaded -> ch.actifsource.solution.dec
Loading file:/D:/Eclipse/eclipse-rcp-oxygen-3a-win32-x86_64/eclipse/plugins/ch.actifsource.solution.documentation.metamodel_10.10.0.202005121415.jar...
...loaded -> ch.actifsource.solution.documentation.metamodel
Loading file:/D:/Eclipse/eclipse-rcp-oxygen-3a-win32-x86_64/eclipse/plugins/ch.actifsource.solution.documentation.metamodel_10.9.0.202027031600.jar...
...loaded -> ch.actifsource.solution.documentation.metamodel
Loading file:/D:/Eclipse/eclipse-rcp-oxygen-3a-win32-x86_64/eclipse/plugins/ch.actifsource.solution.modelsnippet_10.10.0.202005121415.jar...
...loaded -> ch.actifsource.solution.modelsnippet
Loading file:/D:/Eclipse/eclipse-rcp-oxygen-3a-win32-x86_64/eclipse/plugins/ch.actifsource.solution.modvis.server.core_10.10.0.202005121415.jar...
...loaded -> ch.actifsource.solution.modvis.server.core
Loading file:/D:/Eclipse/eclipse-rcp-oxygen-3a-win32-x86_64/eclipse/plugins/ch.actifsource.solution.modvis.server_10.10.0.202005121415.jar...
...loaded -> ch.actifsource.solution.modvis.server
Loading file:/D:/Eclipse/eclipse-rcp-oxygen-3a-win32-x86_64/eclipse/plugins/ch.actifsource.solution.modvis.server_10.9.0.202027031600.jar...
...loaded -> ch.actifsource.solution.modvis.server
Loading file:/D:/Eclipse/eclipse-rcp-oxygen-3a-win32-x86_64/eclipse/plugins/ch.actifsource.solution.modvis_10.10.0.202005121415.jar...
...loaded -> ch.actifsource.solution.modvis
Loading file:/D:/Eclipse/eclipse-rcp-oxygen-3a-win32-x86_64/eclipse/plugins/ch.actifsource.solution.modvis_10.9.0.202027031600.jar...
...loaded -> ch.actifsource.solution.modvis
Loading file:/D:/Eclipse/eclipse-rcp-oxygen-3a-win32-x86_64/eclipse/plugins/ch.actifsource.solution.uml.statediagram_10.10.0.202005121415.jar...
...loaded -> ch.actifsource.solution.uml.statediagram
Loading file:/D:/Eclipse/eclipse-rcp-oxygen-3a-win32-x86_64/eclipse/plugins/ch.actifsource.solution.uml.statediagram_10.9.0.202027031600.jar...
...loaded -> ch.actifsource.solution.uml.statediagram
Loading file:/D:/Eclipse/eclipse-rcp-oxygen-3a-win32-x86_64/eclipse/plugins/ch.actifsource.template.findreplace_10.10.0.202005121415.jar...
...loaded -> ch.actifsource.template.findreplace
Loading file:/D:/Eclipse/eclipse-rcp-oxygen-3a-win32-x86_64/eclipse/plugins/ch.actifsource.template.findreplace_10.9.0.202027031600.jar...
...loaded -> ch.actifsource.template.findreplace
Loading file:/D:/Eclipse/eclipse-rcp-oxygen-3a-win32-x86_64/eclipse/plugins/ch.actifsource.template_10.10.0.202005121415.jar...
...loaded -> ch.actifsource.template
Loading file:/D:/Eclipse/eclipse-rcp-oxygen-3a-win32-x86_64/eclipse/plugins/ch.actifsource.template_10.9.0.202027031600.jar...
...loaded -> ch.actifsource.template
Loading file:/D:/Eclipse/eclipse-rcp-oxygen-3a-win32-x86_64/eclipse/plugins/ch.actifsource.testutil_10.10.0.202005121415.jar...
...loaded -> ch.actifsource.testutil
Loading file:/D:/Eclipse/eclipse-rcp-oxygen-3a-win32-x86_64/eclipse/plugins/ch.actifsource.testutil_10.9.0.202027031600.jar...
...loaded -> ch.actifsource.testutil
Loading file:/D:/Eclipse/eclipse-rcp-oxygen-3a-win32-x86_64/eclipse/plugins/ch.actifsource.transientresource_10.10.0.202005121415.jar...
...loaded -> ch.actifsource.transientresource
Loading file:/D:/Eclipse/eclipse-rcp-oxygen-3a-win32-x86_64/eclipse/plugins/ch.actifsource.transientresource_10.9.0.202027031600.jar...
...loaded -> ch.actifsource.transientresource
Loading file:/D:/Eclipse/eclipse-rcp-oxygen-3a-win32-x86_64/eclipse/plugins/ch.actifsource.ui.ant_10.10.0.202005121415.jar...
...loaded -> ch.actifsource.ui.ant
Loading file:/D:/Eclipse/eclipse-rcp-oxygen-3a-win32-x86_64/eclipse/plugins/ch.actifsource.ui.ant_10.9.0.202027031600.jar...
...loaded -> ch.actifsource.ui.ant
Loading file:/D:/Eclipse/eclipse-rcp-oxygen-3a-win32-x86_64/eclipse/plugins/ch.actifsource.ui.aql_10.10.0.202005121415.jar...
...loaded -> ch.actifsource.ui.aql
Loading file:/D:/Eclipse/eclipse-rcp-oxygen-3a-win32-x86_64/eclipse/plugins/ch.actifsource.ui.aql_10.9.0.202027031600.jar...
...loaded -> ch.actifsource.ui.aql
Loading file:/D:/Eclipse/eclipse-rcp-oxygen-3a-win32-x86_64/eclipse/plugins/ch.actifsource.ui.builder_10.10.0.202005121415.jar...
...loaded -> ch.actifsource.ui.builder
Loading file:/D:/Eclipse/eclipse-rcp-oxygen-3a-win32-x86_64/eclipse/plugins/ch.actifsource.ui.builder_10.9.0.202027031600.jar...
...loaded -> ch.actifsource.ui.builder
Loading file:/D:/Eclipse/eclipse-rcp-oxygen-3a-win32-x86_64/eclipse/plugins/ch.actifsource.ui.codesnippet_10.10.0.202005121415.jar...
...loaded -> ch.actifsource.ui.codesnippet
Loading file:/D:/Eclipse/eclipse-rcp-oxygen-3a-win32-x86_64/eclipse/plugins/ch.actifsource.ui.codesnippet_10.9.0.202027031600.jar...
...loaded -> ch.actifsource.ui.codesnippet
Loading file:/D:/Eclipse/eclipse-rcp-oxygen-3a-win32-x86_64/eclipse/plugins/ch.actifsource.ui.component_10.10.0.202005121415.jar...
...loaded -> ch.actifsource.ui.component
Loading file:/D:/Eclipse/eclipse-rcp-oxygen-3a-win32-x86_64/eclipse/plugins/ch.actifsource.ui.component_10.9.0.202027031600.jar...
...loaded -> ch.actifsource.ui.component
Loading file:/D:/Eclipse/eclipse-rcp-oxygen-3a-win32-x86_64/eclipse/plugins/ch.actifsource.ui.diagram.classes_10.10.0.202005121415.jar...
...loaded -> ch.actifsource.ui.diagram.classes
Loading file:/D:/Eclipse/eclipse-rcp-oxygen-3a-win32-x86_64/eclipse/plugins/ch.actifsource.ui.diagram.classes_10.9.0.202027031600.jar...
...loaded -> ch.actifsource.ui.diagram.classes
Loading file:/D:/Eclipse/eclipse-rcp-oxygen-3a-win32-x86_64/eclipse/plugins/ch.actifsource.ui.diagram.synchronize_10.10.0.202005121415.jar...
...loaded -> ch.actifsource.ui.diagram.synchronize
Loading file:/D:/Eclipse/eclipse-rcp-oxygen-3a-win32-x86_64/eclipse/plugins/ch.actifsource.ui.diagram.synchronize_10.9.0.202027031600.jar...
...loaded -> ch.actifsource.ui.diagram.synchronize
Loading file:/D:/Eclipse/eclipse-rcp-oxygen-3a-win32-x86_64/eclipse/plugins/ch.actifsource.ui.diagram_10.10.0.202005121415.jar...
...loaded -> ch.actifsource.ui.diagram
Loading file:/D:/Eclipse/eclipse-rcp-oxygen-3a-win32-x86_64/eclipse/plugins/ch.actifsource.ui.diagram_10.9.0.202027031600.jar...
...loaded -> ch.actifsource.ui.diagram
Loading file:/D:/Eclipse/eclipse-rcp-oxygen-3a-win32-x86_64/eclipse/plugins/ch.actifsource.ui.ecore_10.10.0.202005121415.jar...
...loaded -> ch.actifsource.ui.ecore
Loading file:/D:/Eclipse/eclipse-rcp-oxygen-3a-win32-x86_64/eclipse/plugins/ch.actifsource.ui.ecore_10.9.0.202027031600.jar...
...loaded -> ch.actifsource.ui.ecore
Loading file:/D:/Eclipse/eclipse-rcp-oxygen-3a-win32-x86_64/eclipse/plugins/ch.actifsource.ui.editor.tabular_10.10.0.202005121415.jar...
...loaded -> ch.actifsource.ui.editor.tabular
Loading file:/D:/Eclipse/eclipse-rcp-oxygen-3a-win32-x86_64/eclipse/plugins/ch.actifsource.ui.editor.tabular_10.9.0.202027031600.jar...
...loaded -> ch.actifsource.ui.editor.tabular
Loading file:/D:/Eclipse/eclipse-rcp-oxygen-3a-win32-x86_64/eclipse/plugins/ch.actifsource.ui.editor_10.10.0.202005121415.jar...
...loaded -> ch.actifsource.ui.editor
Loading file:/D:/Eclipse/eclipse-rcp-oxygen-3a-win32-x86_64/eclipse/plugins/ch.actifsource.ui.editor_10.9.0.202027031600.jar...
...loaded -> ch.actifsource.ui.editor
Loading file:/D:/Eclipse/eclipse-rcp-oxygen-3a-win32-x86_64/eclipse/plugins/ch.actifsource.ui.elementtexteditor_10.10.0.202005121415.jar...
...loaded -> ch.actifsource.ui.elementtexteditor
Loading file:/D:/Eclipse/eclipse-rcp-oxygen-3a-win32-x86_64/eclipse/plugins/ch.actifsource.ui.elementtexteditor_10.9.0.202027031600.jar...
...loaded -> ch.actifsource.ui.elementtexteditor
Loading file:/D:/Eclipse/eclipse-rcp-oxygen-3a-win32-x86_64/eclipse/plugins/ch.actifsource.ui.generator.compat_10.10.0.202005121415.jar...
...loaded -> ch.actifsource.ui.generator.compat
Loading file:/D:/Eclipse/eclipse-rcp-oxygen-3a-win32-x86_64/eclipse/plugins/ch.actifsource.ui.generator.compat_10.9.0.202027031600.jar...
...loaded -> ch.actifsource.ui.generator.compat
Loading file:/D:/Eclipse/eclipse-rcp-oxygen-3a-win32-x86_64/eclipse/plugins/ch.actifsource.ui.generator.freemarker_10.10.0.202005121415.jar...
...loaded -> ch.actifsource.ui.generator.freemarker
Loading file:/D:/Eclipse/eclipse-rcp-oxygen-3a-win32-x86_64/eclipse/plugins/ch.actifsource.ui.generator.freemarker_10.9.0.202027031600.jar...
...loaded -> ch.actifsource.ui.generator.freemarker
Loading file:/D:/Eclipse/eclipse-rcp-oxygen-3a-win32-x86_64/eclipse/plugins/ch.actifsource.ui.generator.project_10.10.0.202005121415.jar...
...loaded -> ch.actifsource.ui.generator.project
Loading file:/D:/Eclipse/eclipse-rcp-oxygen-3a-win32-x86_64/eclipse/plugins/ch.actifsource.ui.generator.project_10.9.0.202027031600.jar...
...loaded -> ch.actifsource.ui.generator.project
Loading file:/D:/Eclipse/eclipse-rcp-oxygen-3a-win32-x86_64/eclipse/plugins/ch.actifsource.ui.generator_10.10.0.202005121415.jar...
...loaded -> ch.actifsource.ui.generator
Loading file:/D:/Eclipse/eclipse-rcp-oxygen-3a-win32-x86_64/eclipse/plugins/ch.actifsource.ui.generator_10.9.0.202027031600.jar...
...loaded -> ch.actifsource.ui.generator
Loading file:/D:/Eclipse/eclipse-rcp-oxygen-3a-win32-x86_64/eclipse/plugins/ch.actifsource.ui.genericapp_10.10.0.202005121415.jar...
...loaded -> ch.actifsource.ui.genericapp
Loading file:/D:/Eclipse/eclipse-rcp-oxygen-3a-win32-x86_64/eclipse/plugins/ch.actifsource.ui.genericapp_10.9.0.202027031600.jar...
...loaded -> ch.actifsource.ui.genericapp
Loading file:/D:/Eclipse/eclipse-rcp-oxygen-3a-win32-x86_64/eclipse/plugins/ch.actifsource.ui.hudson.freemarker_ide_10.10.0.202005121415.jar...
...loaded -> ch.actifsource.ui.hudson.freemarker_ide
Loading file:/D:/Eclipse/eclipse-rcp-oxygen-3a-win32-x86_64/eclipse/plugins/ch.actifsource.ui.hudson.freemarker_ide_10.9.0.202027031600.jar...
...loaded -> ch.actifsource.ui.hudson.freemarker_ide
Loading file:/D:/Eclipse/eclipse-rcp-oxygen-3a-win32-x86_64/eclipse/plugins/ch.actifsource.ui.junit_10.10.0.202005121415.jar...
...loaded -> ch.actifsource.ui.junit
Loading file:/D:/Eclipse/eclipse-rcp-oxygen-3a-win32-x86_64/eclipse/plugins/ch.actifsource.ui.junit_10.9.0.202027031600.jar...
...loaded -> ch.actifsource.ui.junit
Loading file:/D:/Eclipse/eclipse-rcp-oxygen-3a-win32-x86_64/eclipse/plugins/ch.actifsource.ui.navigator_10.10.0.202005121415.jar...
...loaded -> ch.actifsource.ui.navigator
Loading file:/D:/Eclipse/eclipse-rcp-oxygen-3a-win32-x86_64/eclipse/plugins/ch.actifsource.ui.navigator_10.9.0.202027031600.jar...
...loaded -> ch.actifsource.ui.navigator
Loading file:/D:/Eclipse/eclipse-rcp-oxygen-3a-win32-x86_64/eclipse/plugins/ch.actifsource.ui.oaw.xpand.editor_10.10.0.202005121415.jar...
...loaded -> ch.actifsource.ui.oaw.xpand.editor
Loading file:/D:/Eclipse/eclipse-rcp-oxygen-3a-win32-x86_64/eclipse/plugins/ch.actifsource.ui.oaw.xpand.editor_10.9.0.202027031600.jar...
...loaded -> ch.actifsource.ui.oaw.xpand.editor
Loading file:/D:/Eclipse/eclipse-rcp-oxygen-3a-win32-x86_64/eclipse/plugins/ch.actifsource.ui.perspective_10.10.0.202005121415.jar...
...loaded -> ch.actifsource.ui.perspective
Loading file:/D:/Eclipse/eclipse-rcp-oxygen-3a-win32-x86_64/eclipse/plugins/ch.actifsource.ui.perspective_10.9.0.202027031600.jar...
...loaded -> ch.actifsource.ui.perspective
Loading file:/D:/Eclipse/eclipse-rcp-oxygen-3a-win32-x86_64/eclipse/plugins/ch.actifsource.ui.refactoring_10.10.0.202005121415.jar...
...loaded -> ch.actifsource.ui.refactoring
Loading file:/D:/Eclipse/eclipse-rcp-oxygen-3a-win32-x86_64/eclipse/plugins/ch.actifsource.ui.refactoring_10.9.0.202027031600.jar...
...loaded -> ch.actifsource.ui.refactoring
Loading file:/D:/Eclipse/eclipse-rcp-oxygen-3a-win32-x86_64/eclipse/plugins/ch.actifsource.ui.search.codesnippet_10.10.0.202005121415.jar...
...loaded -> ch.actifsource.ui.search.codesnippet
Loading file:/D:/Eclipse/eclipse-rcp-oxygen-3a-win32-x86_64/eclipse/plugins/ch.actifsource.ui.search.codesnippet_10.9.0.202027031600.jar...
...loaded -> ch.actifsource.ui.search.codesnippet
Loading file:/D:/Eclipse/eclipse-rcp-oxygen-3a-win32-x86_64/eclipse/plugins/ch.actifsource.ui.search.editor_10.10.0.202005121415.jar...
...loaded -> ch.actifsource.ui.search.editor
Loading file:/D:/Eclipse/eclipse-rcp-oxygen-3a-win32-x86_64/eclipse/plugins/ch.actifsource.ui.search.editor_10.9.0.202027031600.jar...
...loaded -> ch.actifsource.ui.search.editor
Loading file:/D:/Eclipse/eclipse-rcp-oxygen-3a-win32-x86_64/eclipse/plugins/ch.actifsource.ui.search.template_10.10.0.202005121415.jar...
...loaded -> ch.actifsource.ui.search.template
Loading file:/D:/Eclipse/eclipse-rcp-oxygen-3a-win32-x86_64/eclipse/plugins/ch.actifsource.ui.search.template_10.9.0.202027031600.jar...
...loaded -> ch.actifsource.ui.search.template
Loading file:/D:/Eclipse/eclipse-rcp-oxygen-3a-win32-x86_64/eclipse/plugins/ch.actifsource.ui.search_10.10.0.202005121415.jar...
...loaded -> ch.actifsource.ui.search
Loading file:/D:/Eclipse/eclipse-rcp-oxygen-3a-win32-x86_64/eclipse/plugins/ch.actifsource.ui.search_10.9.0.202027031600.jar...
...loaded -> ch.actifsource.ui.search
Loading file:/D:/Eclipse/eclipse-rcp-oxygen-3a-win32-x86_64/eclipse/plugins/ch.actifsource.ui.synchronize_10.10.0.202005121415.jar...
...loaded -> ch.actifsource.ui.synchronize
Loading file:/D:/Eclipse/eclipse-rcp-oxygen-3a-win32-x86_64/eclipse/plugins/ch.actifsource.ui.synchronize_10.9.0.202027031600.jar...
...loaded -> ch.actifsource.ui.synchronize
Loading file:/D:/Eclipse/eclipse-rcp-oxygen-3a-win32-x86_64/eclipse/plugins/ch.actifsource.ui.templateeditor_10.10.0.202005121415.jar...
...loaded -> ch.actifsource.ui.templateeditor
Loading file:/D:/Eclipse/eclipse-rcp-oxygen-3a-win32-x86_64/eclipse/plugins/ch.actifsource.ui.templateeditor_10.9.0.202027031600.jar...
...loaded -> ch.actifsource.ui.templateeditor
Loading file:/D:/Eclipse/eclipse-rcp-oxygen-3a-win32-x86_64/eclipse/plugins/ch.actifsource.ui.transientresource_10.10.0.202005121415.jar...
...loaded -> ch.actifsource.ui.transientresource
Loading file:/D:/Eclipse/eclipse-rcp-oxygen-3a-win32-x86_64/eclipse/plugins/ch.actifsource.ui.transientresource_10.9.0.202027031600.jar...
...loaded -> ch.actifsource.ui.transientresource
Loading file:/D:/Eclipse/eclipse-rcp-oxygen-3a-win32-x86_64/eclipse/plugins/ch.actifsource.ui.validator_10.10.0.202005121415.jar...
...loaded -> ch.actifsource.ui.validator
Loading file:/D:/Eclipse/eclipse-rcp-oxygen-3a-win32-x86_64/eclipse/plugins/ch.actifsource.ui.validator_10.9.0.202027031600.jar...
...loaded -> ch.actifsource.ui.validator
Loading file:/D:/Eclipse/eclipse-rcp-oxygen-3a-win32-x86_64/eclipse/plugins/ch.actifsource.ui.widget_10.10.0.202005121415.jar...
...loaded -> ch.actifsource.ui.widget
Loading file:/D:/Eclipse/eclipse-rcp-oxygen-3a-win32-x86_64/eclipse/plugins/ch.actifsource.ui.widget_10.9.0.202027031600.jar...
...loaded -> ch.actifsource.ui.widget
Loading file:/D:/Eclipse/eclipse-rcp-oxygen-3a-win32-x86_64/eclipse/plugins/ch.actifsource.ui.wizard.generic_10.10.0.202005121415.jar...
...loaded -> ch.actifsource.ui.wizard.generic
Loading file:/D:/Eclipse/eclipse-rcp-oxygen-3a-win32-x86_64/eclipse/plugins/ch.actifsource.ui.wizard.generic_10.9.0.202027031600.jar...
...loaded -> ch.actifsource.ui.wizard.generic
Loading file:/D:/Eclipse/eclipse-rcp-oxygen-3a-win32-x86_64/eclipse/plugins/ch.actifsource.ui.wizard_10.10.0.202005121415.jar...
...loaded -> ch.actifsource.ui.wizard
Loading file:/D:/Eclipse/eclipse-rcp-oxygen-3a-win32-x86_64/eclipse/plugins/ch.actifsource.ui.wizard_10.9.0.202027031600.jar...
...loaded -> ch.actifsource.ui.wizard
Loading file:/D:/Eclipse/eclipse-rcp-oxygen-3a-win32-x86_64/eclipse/plugins/ch.actifsource.util_10.10.0.202005121415.jar...
...loaded -> ch.actifsource.util
Loading file:/D:/Eclipse/eclipse-rcp-oxygen-3a-win32-x86_64/eclipse/plugins/ch.actifsource.util_10.9.0.202027031600.jar...
...loaded -> ch.actifsource.util
Loading file:/D:/Eclipse/eclipse-rcp-oxygen-3a-win32-x86_64/eclipse/plugins/ch.actifsource.xml_10.10.0.202005121415.jar...
...loaded -> ch.actifsource.xml
Loading file:/D:/Eclipse/eclipse-rcp-oxygen-3a-win32-x86_64/eclipse/plugins/ch.actifsource.xml_10.9.0.202027031600.jar...
...loaded -> ch.actifsource.xml
Loading file:/D:/Eclipse/eclipse-rcp-oxygen-3a-win32-x86_64/eclipse/plugins/ch.actifsource_10.10.0.202005121415.jar...
...loaded -> ch.actifsource
Loading file:/D:/Eclipse/eclipse-rcp-oxygen-3a-win32-x86_64/eclipse/plugins/ch.actifsource_10.9.0.202027031600.jar...
...loaded -> ch.actifsource
Loading file:/D:/Eclipse/eclipse-rcp-oxygen-3a-win32-x86_64/eclipse/plugins/ch.carrara.uuid_1.1.0.201809201700.jar...
...loaded -> ch.carrara.uuid
Loading file:/D:/Eclipse/eclipse-rcp-oxygen-3a-win32-x86_64/eclipse/plugins/ch.qos.logback.classic_1.0.7.v20121108-1250.jar...
...loaded -> ch.qos.logback.classic
Loading file:/D:/Eclipse/eclipse-rcp-oxygen-3a-win32-x86_64/eclipse/plugins/ch.qos.logback.core_1.0.7.v20121108-1250.jar...
...loaded -> ch.qos.logback.core
Loading file:/D:/Eclipse/eclipse-rcp-oxygen-3a-win32-x86_64/eclipse/plugins/ch.qos.logback.slf4j_1.0.7.v201505121915.jar...
...loaded -> ch.qos.logback.slf4j
Loading file:/D:/Eclipse/eclipse-rcp-oxygen-3a-win32-x86_64/eclipse/plugins/com.google.gerrit.common_2.1.5.v201112241444.jar...
...loaded -> com.google.gerrit.common
Loading file:/D:/Eclipse/eclipse-rcp-oxygen-3a-win32-x86_64/eclipse/plugins/com.google.gerrit.prettify_2.1.5.v201112241444.jar...
...loaded -> com.google.gerrit.prettify
Loading file:/D:/Eclipse/eclipse-rcp-oxygen-3a-win32-x86_64/eclipse/plugins/com.google.gerrit.reviewdb_2.1.5.v201112241444.jar...
...loaded -> com.google.gerrit.reviewdb
Loading file:/D:/Eclipse/eclipse-rcp-oxygen-3a-win32-x86_64/eclipse/plugins/com.google.gson_2.7.0.v20170129-0911.jar...
...loaded -> com.google.gson
Loading file:/D:/Eclipse/eclipse-rcp-oxygen-3a-win32-x86_64/eclipse/plugins/com.google.guava_15.0.0.v201403281430.jar...
...loaded -> com.google.guava
Loading file:/D:/Eclipse/eclipse-rcp-oxygen-3a-win32-x86_64/eclipse/plugins/com.google.guava_21.0.0.v20170206-1425.jar...
...loaded -> com.google.guava
Loading file:/D:/Eclipse/eclipse-rcp-oxygen-3a-win32-x86_64/eclipse/plugins/com.google.gwt.servlet_2.0.4.v20100709-0658.jar...
...loaded -> com.google.gwt.servlet
Loading file:/D:/Eclipse/eclipse-rcp-oxygen-3a-win32-x86_64/eclipse/plugins/com.google.gwtjsonrpc_1.2.5.v201112241444.jar...
...loaded -> com.google.gwtjsonrpc
Loading file:/D:/Eclipse/eclipse-rcp-oxygen-3a-win32-x86_64/eclipse/plugins/com.google.gwtorm_1.1.4.v201112241444.jar...
...loaded -> com.google.gwtorm
Loading file:/D:/Eclipse/eclipse-rcp-oxygen-3a-win32-x86_64/eclipse/plugins/com.google.inject.multibindings_3.0.0.v201402270930.jar...
...loaded -> com.google.inject.multibindings
Loading file:/D:/Eclipse/eclipse-rcp-oxygen-3a-win32-x86_64/eclipse/plugins/com.google.inject_3.0.0.v201312141243.jar...
...loaded -> com.google.inject
Loading file:/D:/Eclipse/eclipse-rcp-oxygen-3a-win32-x86_64/eclipse/plugins/com.gradleware.tooling.client_0.19.4.v20171108133209.jar...
...loaded -> com.gradleware.tooling.client
Loading file:/D:/Eclipse/eclipse-rcp-oxygen-3a-win32-x86_64/eclipse/plugins/com.gradleware.tooling.model_0.19.4.v20171108133209.jar...
...loaded -> com.gradleware.tooling.model
Loading file:/D:/Eclipse/eclipse-rcp-oxygen-3a-win32-x86_64/eclipse/plugins/com.gradleware.tooling.utils_0.19.4.v20171108133209.jar...
...loaded -> com.gradleware.tooling.utils
Loading file:/D:/Eclipse/eclipse-rcp-oxygen-3a-win32-x86_64/eclipse/plugins/com.ibm.icu.source_58.2.0.v20170418-1837.jar...
...loaded -> com.ibm.icu.source
Loading file:/D:/Eclipse/eclipse-rcp-oxygen-3a-win32-x86_64/eclipse/plugins/com.ibm.icu_58.2.0.v20170418-1837.jar...
...loaded -> com.ibm.icu
Loading file:/D:/Eclipse/eclipse-rcp-oxygen-3a-win32-x86_64/eclipse/plugins/com.jcraft.jsch.source_0.1.54.v20170116-1932.jar...
...loaded -> com.jcraft.jsch.source
Loading file:/D:/Eclipse/eclipse-rcp-oxygen-3a-win32-x86_64/eclipse/plugins/com.jcraft.jsch_0.1.54.v20170116-1932.jar...
...loaded -> com.jcraft.jsch
Loading file:/D:/Eclipse/eclipse-rcp-oxygen-3a-win32-x86_64/eclipse/plugins/com.sun.el.source_2.2.0.v201303151357.jar...
...loaded -> com.sun.el.source
Loading file:/D:/Eclipse/eclipse-rcp-oxygen-3a-win32-x86_64/eclipse/plugins/com.sun.el_2.2.0.v201303151357.jar...
...loaded -> com.sun.el
Loading file:/D:/Eclipse/eclipse-rcp-oxygen-3a-win32-x86_64/eclipse/plugins/com.sun.jna.platform_4.1.0.v20170410-1117.jar...
...loaded -> com.sun.jna.platform
Loading file:/D:/Eclipse/eclipse-rcp-oxygen-3a-win32-x86_64/eclipse/plugins/com.sun.jna_4.1.0.v20170410-1117.jar...
...loaded -> com.sun.jna
Loading file:/D:/Eclipse/eclipse-rcp-oxygen-3a-win32-x86_64/eclipse/plugins/com.trilead.ssh2_1.0.0.build220_r167_v20150618_1733.jar...
...loaded -> com.trilead.ssh2
Loading file:/D:/Eclipse/eclipse-rcp-oxygen-3a-win32-x86_64/eclipse/plugins/com.yourkit.profiler_2019.1.133.0.jar...
...loaded -> com.yourkit.profiler
Loading file:/D:/Eclipse/eclipse-rcp-oxygen-3a-win32-x86_64/eclipse/plugins/javaewah_1.1.6.v20160919-1400.jar...
...loaded -> javaewah
Loading file:/D:/Eclipse/eclipse-rcp-oxygen-3a-win32-x86_64/eclipse/plugins/javax.annotation.source_1.2.0.v201602091430.jar...
...loaded -> javax.annotation.source
Loading file:/D:/Eclipse/eclipse-rcp-oxygen-3a-win32-x86_64/eclipse/plugins/javax.annotation_1.2.0.v201602091430.jar...
...loaded -> javax.annotation
Loading file:/D:/Eclipse/eclipse-rcp-oxygen-3a-win32-x86_64/eclipse/plugins/javax.el.source_2.2.0.v201303151357.jar...
...loaded -> javax.el.source
Loading file:/D:/Eclipse/eclipse-rcp-oxygen-3a-win32-x86_64/eclipse/plugins/javax.el_2.2.0.v201303151357.jar...
...loaded -> javax.el
Loading file:/D:/Eclipse/eclipse-rcp-oxygen-3a-win32-x86_64/eclipse/plugins/javax.inject.source_1.0.0.v20091030.jar...
...loaded -> javax.inject.source
Loading file:/D:/Eclipse/eclipse-rcp-oxygen-3a-win32-x86_64/eclipse/plugins/javax.inject_1.0.0.v20091030.jar...
...loaded -> javax.inject
Loading file:/D:/Eclipse/eclipse-rcp-oxygen-3a-win32-x86_64/eclipse/plugins/javax.servlet.jsp.source_2.2.0.v201112011158.jar...
...loaded -> javax.servlet.jsp.source
Loading file:/D:/Eclipse/eclipse-rcp-oxygen-3a-win32-x86_64/eclipse/plugins/javax.servlet.jsp_2.2.0.v201112011158.jar...
...loaded -> javax.servlet.jsp
Loading file:/D:/Eclipse/eclipse-rcp-oxygen-3a-win32-x86_64/eclipse/plugins/javax.servlet.source_3.1.0.v201410161800.jar...
...loaded -> javax.servlet.source
Loading file:/D:/Eclipse/eclipse-rcp-oxygen-3a-win32-x86_64/eclipse/plugins/javax.servlet_3.0.0.v201112011016.jar...
...loaded -> javax.servlet
Loading file:/D:/Eclipse/eclipse-rcp-oxygen-3a-win32-x86_64/eclipse/plugins/javax.servlet_3.1.0.v201410161800.jar...
...loaded -> javax.servlet
Loading file:/D:/Eclipse/eclipse-rcp-oxygen-3a-win32-x86_64/eclipse/plugins/javax.xml_1.3.4.v201005080400.jar...
...loaded -> javax.xml
Loading file:/D:/Eclipse/eclipse-rcp-oxygen-3a-win32-x86_64/eclipse/plugins/org.apache.ant.source_1.10.1.v20170504-0840.jar...
...loaded -> org.apache.ant.source
Loading file:/D:/Eclipse/eclipse-rcp-oxygen-3a-win32-x86_64/eclipse/plugins/org.apache.batik.bridge_1.6.0.v201011041432.jar...
...loaded -> org.apache.batik.bridge
Loading file:/D:/Eclipse/eclipse-rcp-oxygen-3a-win32-x86_64/eclipse/plugins/org.apache.batik.css.source_1.8.0.v20170214-1941.jar...
...loaded -> org.apache.batik.css.source
Loading file:/D:/Eclipse/eclipse-rcp-oxygen-3a-win32-x86_64/eclipse/plugins/org.apache.batik.css_1.6.0.v201011041432.jar...
...loaded -> org.apache.batik.css
Loading file:/D:/Eclipse/eclipse-rcp-oxygen-3a-win32-x86_64/eclipse/plugins/org.apache.batik.css_1.8.0.v20170214-1941.jar...
...loaded -> org.apache.batik.css
Loading file:/D:/Eclipse/eclipse-rcp-oxygen-3a-win32-x86_64/eclipse/plugins/org.apache.batik.dom.svg_1.6.0.v201011041432.jar...
...loaded -> org.apache.batik.dom.svg
Loading file:/D:/Eclipse/eclipse-rcp-oxygen-3a-win32-x86_64/eclipse/plugins/org.apache.batik.dom_1.6.1.v201505192100.jar...
...loaded -> org.apache.batik.dom
Loading file:/D:/Eclipse/eclipse-rcp-oxygen-3a-win32-x86_64/eclipse/plugins/org.apache.batik.ext.awt_1.6.0.v201011041432.jar...
...loaded -> org.apache.batik.ext.awt
Loading file:/D:/Eclipse/eclipse-rcp-oxygen-3a-win32-x86_64/eclipse/plugins/org.apache.batik.parser_1.6.0.v201011041432.jar...
...loaded -> org.apache.batik.parser
Loading file:/D:/Eclipse/eclipse-rcp-oxygen-3a-win32-x86_64/eclipse/plugins/org.apache.batik.pdf_1.6.0.v201105071520.jar...
...loaded -> org.apache.batik.pdf
Loading file:/D:/Eclipse/eclipse-rcp-oxygen-3a-win32-x86_64/eclipse/plugins/org.apache.batik.svggen_1.6.0.v201011041432.jar...
...loaded -> org.apache.batik.svggen
Loading file:/D:/Eclipse/eclipse-rcp-oxygen-3a-win32-x86_64/eclipse/plugins/org.apache.batik.transcoder_1.6.0.v201011041432.jar...
...loaded -> org.apache.batik.transcoder
Loading file:/D:/Eclipse/eclipse-rcp-oxygen-3a-win32-x86_64/eclipse/plugins/org.apache.batik.util.gui.source_1.8.0.v20170214-1941.jar...
...loaded -> org.apache.batik.util.gui.source
Loading file:/D:/Eclipse/eclipse-rcp-oxygen-3a-win32-x86_64/eclipse/plugins/org.apache.batik.util.gui_1.6.0.v201011041432.jar...
...loaded -> org.apache.batik.util.gui
Loading file:/D:/Eclipse/eclipse-rcp-oxygen-3a-win32-x86_64/eclipse/plugins/org.apache.batik.util.gui_1.8.0.v20170214-1941.jar...
...loaded -> org.apache.batik.util.gui
Loading file:/D:/Eclipse/eclipse-rcp-oxygen-3a-win32-x86_64/eclipse/plugins/org.apache.batik.util.source_1.8.0.v20170214-1941.jar...
...loaded -> org.apache.batik.util.source
Loading file:/D:/Eclipse/eclipse-rcp-oxygen-3a-win32-x86_64/eclipse/plugins/org.apache.batik.util_1.6.0.v201011041432.jar...
...loaded -> org.apache.batik.util
Loading file:/D:/Eclipse/eclipse-rcp-oxygen-3a-win32-x86_64/eclipse/plugins/org.apache.batik.util_1.8.0.v20170214-1941.jar...
...loaded -> org.apache.batik.util
Loading file:/D:/Eclipse/eclipse-rcp-oxygen-3a-win32-x86_64/eclipse/plugins/org.apache.batik.xml_1.6.0.v201011041432.jar...
...loaded -> org.apache.batik.xml
Loading file:/D:/Eclipse/eclipse-rcp-oxygen-3a-win32-x86_64/eclipse/plugins/org.apache.commons.cli_1.2.0.v201404270220.jar...
...loaded -> org.apache.commons.cli
Loading file:/D:/Eclipse/eclipse-rcp-oxygen-3a-win32-x86_64/eclipse/plugins/org.apache.commons.codec_1.9.0.v20170208-1614.jar...
...loaded -> org.apache.commons.codec
Loading file:/D:/Eclipse/eclipse-rcp-oxygen-3a-win32-x86_64/eclipse/plugins/org.apache.commons.compress_1.6.0.v201310281400.jar...
...loaded -> org.apache.commons.compress
Loading file:/D:/Eclipse/eclipse-rcp-oxygen-3a-win32-x86_64/eclipse/plugins/org.apache.commons.httpclient_3.1.0.v201012070820.jar...
...loaded -> org.apache.commons.httpclient
Loading file:/D:/Eclipse/eclipse-rcp-oxygen-3a-win32-x86_64/eclipse/plugins/org.apache.commons.io_2.2.0.v201405211200.jar...
...loaded -> org.apache.commons.io
Loading file:/D:/Eclipse/eclipse-rcp-oxygen-3a-win32-x86_64/eclipse/plugins/org.apache.commons.jxpath.source_1.3.0.v200911051830.jar...
...loaded -> org.apache.commons.jxpath.source
Loading file:/D:/Eclipse/eclipse-rcp-oxygen-3a-win32-x86_64/eclipse/plugins/org.apache.commons.jxpath_1.3.0.v200911051830.jar...
...loaded -> org.apache.commons.jxpath
Loading file:/D:/Eclipse/eclipse-rcp-oxygen-3a-win32-x86_64/eclipse/plugins/org.apache.commons.lang3_3.1.0.v201403281430.jar...
...loaded -> org.apache.commons.lang3
Loading file:/D:/Eclipse/eclipse-rcp-oxygen-3a-win32-x86_64/eclipse/plugins/org.apache.commons.lang_2.6.0.v201404270220.jar...
...loaded -> org.apache.commons.lang
Loading file:/D:/Eclipse/eclipse-rcp-oxygen-3a-win32-x86_64/eclipse/plugins/org.apache.commons.logging.source_1.1.1.v201101211721.jar...
...loaded -> org.apache.commons.logging.source
Loading file:/D:/Eclipse/eclipse-rcp-oxygen-3a-win32-x86_64/eclipse/plugins/org.apache.commons.logging_1.1.1.v201101211721.jar...
...loaded -> org.apache.commons.logging
Loading file:/D:/Eclipse/eclipse-rcp-oxygen-3a-win32-x86_64/eclipse/plugins/org.apache.commons.math_2.1.0.v201105210652.jar...
...loaded -> org.apache.commons.math
Loading file:/D:/Eclipse/eclipse-rcp-oxygen-3a-win32-x86_64/eclipse/plugins/org.apache.commons.pool_1.6.0.v201204271246.jar...
...loaded -> org.apache.commons.pool
Loading file:/D:/Eclipse/eclipse-rcp-oxygen-3a-win32-x86_64/eclipse/plugins/org.apache.felix.gogo.command.source_0.10.0.v201209301215.jar...
...loaded -> org.apache.felix.gogo.command.source
Loading file:/D:/Eclipse/eclipse-rcp-oxygen-3a-win32-x86_64/eclipse/plugins/org.apache.felix.gogo.command_0.10.0.v201209301215.jar...
...loaded -> org.apache.felix.gogo.command
Loading file:/D:/Eclipse/eclipse-rcp-oxygen-3a-win32-x86_64/eclipse/plugins/org.apache.felix.gogo.runtime.source_0.10.0.v201209301036.jar...
...loaded -> org.apache.felix.gogo.runtime.source
Loading file:/D:/Eclipse/eclipse-rcp-oxygen-3a-win32-x86_64/eclipse/plugins/org.apache.felix.gogo.runtime_0.10.0.v201209301036.jar...
...loaded -> org.apache.felix.gogo.runtime
Loading file:/D:/Eclipse/eclipse-rcp-oxygen-3a-win32-x86_64/eclipse/plugins/org.apache.felix.gogo.shell.source_0.10.0.v201212101605.jar...
...loaded -> org.apache.felix.gogo.shell.source
Loading file:/D:/Eclipse/eclipse-rcp-oxygen-3a-win32-x86_64/eclipse/plugins/org.apache.felix.gogo.shell_0.10.0.v201212101605.jar...
...loaded -> org.apache.felix.gogo.shell
Loading file:/D:/Eclipse/eclipse-rcp-oxygen-3a-win32-x86_64/eclipse/plugins/org.apache.felix.scr.source_2.0.10.v20170501-2007.jar...
...loaded -> org.apache.felix.scr.source
Loading file:/D:/Eclipse/eclipse-rcp-oxygen-3a-win32-x86_64/eclipse/plugins/org.apache.felix.scr_2.0.10.v20170501-2007.jar...
...loaded -> org.apache.felix.scr
Loading file:/D:/Eclipse/eclipse-rcp-oxygen-3a-win32-x86_64/eclipse/plugins/org.apache.httpcomponents.httpclient.win_4.5.2.v20170410-1149.jar...
...loaded -> org.apache.httpcomponents.httpclient.win
Loading file:/D:/Eclipse/eclipse-rcp-oxygen-3a-win32-x86_64/eclipse/plugins/org.apache.httpcomponents.httpclient_4.5.2.v20170210-0925.jar...
...loaded -> org.apache.httpcomponents.httpclient
Loading file:/D:/Eclipse/eclipse-rcp-oxygen-3a-win32-x86_64/eclipse/plugins/org.apache.httpcomponents.httpcore_4.4.6.v20170210-0925.jar...
...loaded -> org.apache.httpcomponents.httpcore
Loading file:/D:/Eclipse/eclipse-rcp-oxygen-3a-win32-x86_64/eclipse/plugins/org.apache.jasper.glassfish.source_2.2.2.v201501141630.jar...
...loaded -> org.apache.jasper.glassfish.source
Loading file:/D:/Eclipse/eclipse-rcp-oxygen-3a-win32-x86_64/eclipse/plugins/org.apache.jasper.glassfish_2.2.2.v201501141630.jar...
...loaded -> org.apache.jasper.glassfish
Loading file:/D:/Eclipse/eclipse-rcp-oxygen-3a-win32-x86_64/eclipse/plugins/org.apache.log4j_1.2.15.v201012070815.jar...
...loaded -> org.apache.log4j
Loading file:/D:/Eclipse/eclipse-rcp-oxygen-3a-win32-x86_64/eclipse/plugins/org.apache.lucene.analyzers-common.source_6.1.0.v20161115-1612.jar...
...loaded -> org.apache.lucene.analyzers-common.source
Loading file:/D:/Eclipse/eclipse-rcp-oxygen-3a-win32-x86_64/eclipse/plugins/org.apache.lucene.analyzers-common_6.1.0.v20161115-1612.jar...
...loaded -> org.apache.lucene.analyzers-common
Loading file:/D:/Eclipse/eclipse-rcp-oxygen-3a-win32-x86_64/eclipse/plugins/org.apache.lucene.analyzers-smartcn.source_6.1.0.v20161115-1612.jar...
...loaded -> org.apache.lucene.analyzers-smartcn.source
Loading file:/D:/Eclipse/eclipse-rcp-oxygen-3a-win32-x86_64/eclipse/plugins/org.apache.lucene.analyzers-smartcn_6.1.0.v20161115-1612.jar...
...loaded -> org.apache.lucene.analyzers-smartcn
Loading file:/D:/Eclipse/eclipse-rcp-oxygen-3a-win32-x86_64/eclipse/plugins/org.apache.lucene.core.source_6.1.0.v20170814-1820.jar...
...loaded -> org.apache.lucene.core.source
Loading file:/D:/Eclipse/eclipse-rcp-oxygen-3a-win32-x86_64/eclipse/plugins/org.apache.lucene.core_3.5.0.v20120725-1805.jar...
...loaded -> org.apache.lucene.core
Loading file:/D:/Eclipse/eclipse-rcp-oxygen-3a-win32-x86_64/eclipse/plugins/org.apache.lucene.core_6.1.0.v20170814-1820.jar...
...loaded -> org.apache.lucene.core
Loading file:/D:/Eclipse/eclipse-rcp-oxygen-3a-win32-x86_64/eclipse/plugins/org.apache.lucene.misc.source_6.1.0.v20161115-1612.jar...
...loaded -> org.apache.lucene.misc.source
Loading file:/D:/Eclipse/eclipse-rcp-oxygen-3a-win32-x86_64/eclipse/plugins/org.apache.lucene.misc_6.1.0.v20161115-1612.jar...
...loaded -> org.apache.lucene.misc
Loading file:/D:/Eclipse/eclipse-rcp-oxygen-3a-win32-x86_64/eclipse/plugins/org.apache.lucene.queryparser_6.1.0.v20161115-1612.jar...
...loaded -> org.apache.lucene.queryparser
Loading file:/D:/Eclipse/eclipse-rcp-oxygen-3a-win32-x86_64/eclipse/plugins/org.apache.maven.resolver.api_1.0.3.v20170405-0725.jar...
...loaded -> org.apache.maven.resolver.api
Loading file:/D:/Eclipse/eclipse-rcp-oxygen-3a-win32-x86_64/eclipse/plugins/org.apache.maven.resolver.connector.basic_1.0.3.v20170405-0725.jar...
...loaded -> org.apache.maven.resolver.connector.basic
Loading file:/D:/Eclipse/eclipse-rcp-oxygen-3a-win32-x86_64/eclipse/plugins/org.apache.maven.resolver.impl_1.0.3.v20170405-0725.jar...
...loaded -> org.apache.maven.resolver.impl
Loading file:/D:/Eclipse/eclipse-rcp-oxygen-3a-win32-x86_64/eclipse/plugins/org.apache.maven.resolver.spi_1.0.3.v20170405-0725.jar...
...loaded -> org.apache.maven.resolver.spi
Loading file:/D:/Eclipse/eclipse-rcp-oxygen-3a-win32-x86_64/eclipse/plugins/org.apache.maven.resolver.transport.file_1.0.3.v20170405-0725.jar...
...loaded -> org.apache.maven.resolver.transport.file
Loading file:/D:/Eclipse/eclipse-rcp-oxygen-3a-win32-x86_64/eclipse/plugins/org.apache.maven.resolver.transport.http_1.0.3.v20170405-0725.jar...
...loaded -> org.apache.maven.resolver.transport.http
Loading file:/D:/Eclipse/eclipse-rcp-oxygen-3a-win32-x86_64/eclipse/plugins/org.apache.maven.resolver.util_1.0.3.v20170405-0725.jar...
...loaded -> org.apache.maven.resolver.util
Loading file:/D:/Eclipse/eclipse-rcp-oxygen-3a-win32-x86_64/eclipse/plugins/org.apache.solr.client.solrj_3.5.0.v20150506-0844.jar...
...loaded -> org.apache.solr.client.solrj
Loading file:/D:/Eclipse/eclipse-rcp-oxygen-3a-win32-x86_64/eclipse/plugins/org.apache.ws.commons.util_1.0.1.v20100518-1140.jar...
...loaded -> org.apache.ws.commons.util
Loading file:/D:/Eclipse/eclipse-rcp-oxygen-3a-win32-x86_64/eclipse/plugins/org.apache.xerces_2.9.0.v201101211617.jar...
...loaded -> org.apache.xerces
Loading file:/D:/Eclipse/eclipse-rcp-oxygen-3a-win32-x86_64/eclipse/plugins/org.apache.xml.resolver_1.2.0.v201005080400.jar...
...loaded -> org.apache.xml.resolver
Loading file:/D:/Eclipse/eclipse-rcp-oxygen-3a-win32-x86_64/eclipse/plugins/org.apache.xml.serializer_2.7.1.v201005080400.jar...
...loaded -> org.apache.xml.serializer
Loading file:/D:/Eclipse/eclipse-rcp-oxygen-3a-win32-x86_64/eclipse/plugins/org.apache.xmlrpc_3.0.0.v20100427-1100.jar...
...loaded -> org.apache.xmlrpc
Loading file:/D:/Eclipse/eclipse-rcp-oxygen-3a-win32-x86_64/eclipse/plugins/org.apiguardian_1.0.0.v20170910-2246.jar...
...loaded -> org.apiguardian
Loading file:/D:/Eclipse/eclipse-rcp-oxygen-3a-win32-x86_64/eclipse/plugins/org.eclipse.aether.maven_3.1.0.v20140706-2237.jar...
...loaded -> org.eclipse.aether.maven
Loading file:/D:/Eclipse/eclipse-rcp-oxygen-3a-win32-x86_64/eclipse/plugins/org.eclipse.ant.core.source_3.5.0.v20170509-2149.jar...
...loaded -> org.eclipse.ant.core.source
Loading file:/D:/Eclipse/eclipse-rcp-oxygen-3a-win32-x86_64/eclipse/plugins/org.eclipse.ant.core_3.5.0.v20170509-2149.jar...
...loaded -> org.eclipse.ant.core
Loading file:/D:/Eclipse/eclipse-rcp-oxygen-3a-win32-x86_64/eclipse/plugins/org.eclipse.ant.launching_1.2.1.v20171108-0853.jar...
...loaded -> org.eclipse.ant.launching
Loading file:/D:/Eclipse/eclipse-rcp-oxygen-3a-win32-x86_64/eclipse/plugins/org.eclipse.ant.ui_3.7.0.v20170412-1054.jar...
...loaded -> org.eclipse.ant.ui
Loading file:/D:/Eclipse/eclipse-rcp-oxygen-3a-win32-x86_64/eclipse/plugins/org.eclipse.buildship.branding_2.2.1.v20180125-1441.jar...
...loaded -> org.eclipse.buildship.branding
Loading file:/D:/Eclipse/eclipse-rcp-oxygen-3a-win32-x86_64/eclipse/plugins/org.eclipse.buildship.core_2.2.1.v20180125-1441.jar...
...loaded -> org.eclipse.buildship.core
Loading file:/D:/Eclipse/eclipse-rcp-oxygen-3a-win32-x86_64/eclipse/plugins/org.eclipse.buildship.stsmigration_2.2.1.v20180125-1441.jar...
...loaded -> org.eclipse.buildship.stsmigration
Loading file:/D:/Eclipse/eclipse-rcp-oxygen-3a-win32-x86_64/eclipse/plugins/org.eclipse.buildship.ui_2.2.1.v20180125-1441.jar...
...loaded -> org.eclipse.buildship.ui
Loading file:/D:/Eclipse/eclipse-rcp-oxygen-3a-win32-x86_64/eclipse/plugins/org.eclipse.compare.core.source_3.6.100.v20170516-0820.jar...
...loaded -> org.eclipse.compare.core.source
Loading file:/D:/Eclipse/eclipse-rcp-oxygen-3a-win32-x86_64/eclipse/plugins/org.eclipse.compare.core_3.6.100.v20170516-0820.jar...
...loaded -> org.eclipse.compare.core
Loading file:/D:/Eclipse/eclipse-rcp-oxygen-3a-win32-x86_64/eclipse/plugins/org.eclipse.compare.source_3.7.101.v20170724-1603.jar...
...loaded -> org.eclipse.compare.source
Loading file:/D:/Eclipse/eclipse-rcp-oxygen-3a-win32-x86_64/eclipse/plugins/org.eclipse.compare.win32.source_1.2.0.v20170517-0839.jar...
...loaded -> org.eclipse.compare.win32.source
Loading file:/D:/Eclipse/eclipse-rcp-oxygen-3a-win32-x86_64/eclipse/plugins/org.eclipse.compare.win32_1.2.0.v20170517-0839.jar...
...loaded -> org.eclipse.compare.win32
Loading file:/D:/Eclipse/eclipse-rcp-oxygen-3a-win32-x86_64/eclipse/plugins/org.eclipse.compare_3.7.101.v20170724-1603.jar...
...loaded -> org.eclipse.compare
Loading file:/D:/Eclipse/eclipse-rcp-oxygen-3a-win32-x86_64/eclipse/plugins/org.eclipse.core.commands.source_3.9.0.v20170530-1048.jar...
...loaded -> org.eclipse.core.commands.source
Loading file:/D:/Eclipse/eclipse-rcp-oxygen-3a-win32-x86_64/eclipse/plugins/org.eclipse.core.commands_3.9.0.v20170530-1048.jar...
...loaded -> org.eclipse.core.commands
Loading file:/D:/Eclipse/eclipse-rcp-oxygen-3a-win32-x86_64/eclipse/plugins/org.eclipse.core.contenttype.source_3.6.0.v20170207-1037.jar...
...loaded -> org.eclipse.core.contenttype.source
Loading file:/D:/Eclipse/eclipse-rcp-oxygen-3a-win32-x86_64/eclipse/plugins/org.eclipse.core.contenttype_3.6.0.v20170207-1037.jar...
...loaded -> org.eclipse.core.contenttype
Loading file:/D:/Eclipse/eclipse-rcp-oxygen-3a-win32-x86_64/eclipse/plugins/org.eclipse.core.databinding.beans.source_1.4.0.v20170210-0856.jar...
...loaded -> org.eclipse.core.databinding.beans.source
Loading file:/D:/Eclipse/eclipse-rcp-oxygen-3a-win32-x86_64/eclipse/plugins/org.eclipse.core.databinding.beans_1.4.0.v20170210-0856.jar...
...loaded -> org.eclipse.core.databinding.beans
Loading file:/D:/Eclipse/eclipse-rcp-oxygen-3a-win32-x86_64/eclipse/plugins/org.eclipse.core.databinding.observable.source_1.6.100.v20170515-1119.jar...
...loaded -> org.eclipse.core.databinding.observable.source
Loading file:/D:/Eclipse/eclipse-rcp-oxygen-3a-win32-x86_64/eclipse/plugins/org.eclipse.core.databinding.observable_1.6.100.v20170515-1119.jar...
...loaded -> org.eclipse.core.databinding.observable
Loading file:/D:/Eclipse/eclipse-rcp-oxygen-3a-win32-x86_64/eclipse/plugins/org.eclipse.core.databinding.property.source_1.6.100.v20170515-1119.jar...
...loaded -> org.eclipse.core.databinding.property.source
Loading file:/D:/Eclipse/eclipse-rcp-oxygen-3a-win32-x86_64/eclipse/plugins/org.eclipse.core.databinding.property_1.6.100.v20170515-1119.jar...
...loaded -> org.eclipse.core.databinding.property
Loading file:/D:/Eclipse/eclipse-rcp-oxygen-3a-win32-x86_64/eclipse/plugins/org.eclipse.core.databinding.source_1.6.100.v20170515-1119.jar...
...loaded -> org.eclipse.core.databinding.source
Loading file:/D:/Eclipse/eclipse-rcp-oxygen-3a-win32-x86_64/eclipse/plugins/org.eclipse.core.databinding_1.6.100.v20170515-1119.jar...
...loaded -> org.eclipse.core.databinding
Loading file:/D:/Eclipse/eclipse-rcp-oxygen-3a-win32-x86_64/eclipse/plugins/org.eclipse.core.expressions.source_3.6.0.v20170207-1037.jar...
...loaded -> org.eclipse.core.expressions.source
Loading file:/D:/Eclipse/eclipse-rcp-oxygen-3a-win32-x86_64/eclipse/plugins/org.eclipse.core.expressions_3.6.0.v20170207-1037.jar...
...loaded -> org.eclipse.core.expressions
Loading file:/D:/Eclipse/eclipse-rcp-oxygen-3a-win32-x86_64/eclipse/plugins/org.eclipse.core.externaltools.source_1.1.0.v20170113-2056.jar...
...loaded -> org.eclipse.core.externaltools.source
Loading file:/D:/Eclipse/eclipse-rcp-oxygen-3a-win32-x86_64/eclipse/plugins/org.eclipse.core.externaltools_1.1.0.v20170113-2056.jar...
...loaded -> org.eclipse.core.externaltools
Loading file:/D:/Eclipse/eclipse-rcp-oxygen-3a-win32-x86_64/eclipse/plugins/org.eclipse.core.filebuffers.source_3.6.100.v20170203-1130.jar...
...loaded -> org.eclipse.core.filebuffers.source
Loading file:/D:/Eclipse/eclipse-rcp-oxygen-3a-win32-x86_64/eclipse/plugins/org.eclipse.core.filebuffers_3.6.100.v20170203-1130.jar...
...loaded -> org.eclipse.core.filebuffers
Loading file:/D:/Eclipse/eclipse-rcp-oxygen-3a-win32-x86_64/eclipse/plugins/org.eclipse.core.filesystem.source_1.7.0.v20170406-1337.jar...
...loaded -> org.eclipse.core.filesystem.source
Loading file:/D:/Eclipse/eclipse-rcp-oxygen-3a-win32-x86_64/eclipse/plugins/org.eclipse.core.filesystem.win32.x86_64_1.4.0.v20140124-1940.jar...
...loaded -> org.eclipse.core.filesystem.win32.x86_64
Loading file:/D:/Eclipse/eclipse-rcp-oxygen-3a-win32-x86_64/eclipse/plugins/org.eclipse.core.filesystem_1.7.0.v20170406-1337.jar...
...loaded -> org.eclipse.core.filesystem
Loading file:/D:/Eclipse/eclipse-rcp-oxygen-3a-win32-x86_64/eclipse/plugins/org.eclipse.core.jobs.source_3.9.3.v20180115-1757.jar...
...loaded -> org.eclipse.core.jobs.source
Loading file:/D:/Eclipse/eclipse-rcp-oxygen-3a-win32-x86_64/eclipse/plugins/org.eclipse.core.jobs_3.9.3.v20180115-1757.jar...
...loaded -> org.eclipse.core.jobs
Loading file:/D:/Eclipse/eclipse-rcp-oxygen-3a-win32-x86_64/eclipse/plugins/org.eclipse.core.net.source_1.3.100.v20170516-0820.jar...
...loaded -> org.eclipse.core.net.source
Loading file:/D:/Eclipse/eclipse-rcp-oxygen-3a-win32-x86_64/eclipse/plugins/org.eclipse.core.net.win32.x86_64_1.1.0.v20160323-1650.jar...
...loaded -> org.eclipse.core.net.win32.x86_64
Loading file:/D:/Eclipse/eclipse-rcp-oxygen-3a-win32-x86_64/eclipse/plugins/org.eclipse.core.net_1.3.100.v20170516-0820.jar...
...loaded -> org.eclipse.core.net
Loading file:/D:/Eclipse/eclipse-rcp-oxygen-3a-win32-x86_64/eclipse/plugins/org.eclipse.core.resources.source_3.12.0.v20170417-1558.jar...
...loaded -> org.eclipse.core.resources.source
Loading file:/D:/Eclipse/eclipse-rcp-oxygen-3a-win32-x86_64/eclipse/plugins/org.eclipse.core.resources.win32.x86_64_3.5.100.v20170516-0925.jar...
...loaded -> org.eclipse.core.resources.win32.x86_64
Loading file:/D:/Eclipse/eclipse-rcp-oxygen-3a-win32-x86_64/eclipse/plugins/org.eclipse.core.resources_3.12.0.v20170417-1558.jar...
...loaded -> org.eclipse.core.resources
Loading file:/D:/Eclipse/eclipse-rcp-oxygen-3a-win32-x86_64/eclipse/plugins/org.eclipse.core.runtime.source_3.13.0.v20170207-1030.jar...
...loaded -> org.eclipse.core.runtime.source
Loading file:/D:/Eclipse/eclipse-rcp-oxygen-3a-win32-x86_64/eclipse/plugins/org.eclipse.core.runtime_3.13.0.v20170207-1030.jar...
...loaded -> org.eclipse.core.runtime
Loading file:/D:/Eclipse/eclipse-rcp-oxygen-3a-win32-x86_64/eclipse/plugins/org.eclipse.core.variables.source_3.4.0.v20170113-2056.jar...
...loaded -> org.eclipse.core.variables.source
Loading file:/D:/Eclipse/eclipse-rcp-oxygen-3a-win32-x86_64/eclipse/plugins/org.eclipse.core.variables_3.4.0.v20170113-2056.jar...
...loaded -> org.eclipse.core.variables
Loading file:/D:/Eclipse/eclipse-rcp-oxygen-3a-win32-x86_64/eclipse/plugins/org.eclipse.debug.core.source_3.11.0.v20170605-1534.jar...
...loaded -> org.eclipse.debug.core.source
Loading file:/D:/Eclipse/eclipse-rcp-oxygen-3a-win32-x86_64/eclipse/plugins/org.eclipse.debug.core_3.11.0.v20170605-1534.jar...
...loaded -> org.eclipse.debug.core
Loading file:/D:/Eclipse/eclipse-rcp-oxygen-3a-win32-x86_64/eclipse/plugins/org.eclipse.debug.ui.source_3.12.50.v20170920-1329.jar...
...loaded -> org.eclipse.debug.ui.source
Loading file:/D:/Eclipse/eclipse-rcp-oxygen-3a-win32-x86_64/eclipse/plugins/org.eclipse.debug.ui_3.12.50.v20170920-1329.jar...
...loaded -> org.eclipse.debug.ui
Loading file:/D:/Eclipse/eclipse-rcp-oxygen-3a-win32-x86_64/eclipse/plugins/org.eclipse.draw2d_3.10.100.201606061308.jar...
...loaded -> org.eclipse.draw2d
Loading file:/D:/Eclipse/eclipse-rcp-oxygen-3a-win32-x86_64/eclipse/plugins/org.eclipse.e4.core.commands.source_0.12.100.v20170513-0428.jar...
...loaded -> org.eclipse.e4.core.commands.source
Loading file:/D:/Eclipse/eclipse-rcp-oxygen-3a-win32-x86_64/eclipse/plugins/org.eclipse.e4.core.commands_0.12.100.v20170513-0428.jar...
...loaded -> org.eclipse.e4.core.commands
Loading file:/D:/Eclipse/eclipse-rcp-oxygen-3a-win32-x86_64/eclipse/plugins/org.eclipse.e4.core.contexts.source_1.6.0.v20170322-1144.jar...
...loaded -> org.eclipse.e4.core.contexts.source
Loading file:/D:/Eclipse/eclipse-rcp-oxygen-3a-win32-x86_64/eclipse/plugins/org.eclipse.e4.core.contexts_1.6.0.v20170322-1144.jar...
...loaded -> org.eclipse.e4.core.contexts
Loading file:/D:/Eclipse/eclipse-rcp-oxygen-3a-win32-x86_64/eclipse/plugins/org.eclipse.e4.core.di.annotations.source_1.6.0.v20170119-2002.jar...
...loaded -> org.eclipse.e4.core.di.annotations.source
Loading file:/D:/Eclipse/eclipse-rcp-oxygen-3a-win32-x86_64/eclipse/plugins/org.eclipse.e4.core.di.annotations_1.6.0.v20170119-2002.jar...
...loaded -> org.eclipse.e4.core.di.annotations
Loading file:/D:/Eclipse/eclipse-rcp-oxygen-3a-win32-x86_64/eclipse/plugins/org.eclipse.e4.core.di.extensions.source_0.15.0.v20170228-1728.jar...
...loaded -> org.eclipse.e4.core.di.extensions.source
Loading file:/D:/Eclipse/eclipse-rcp-oxygen-3a-win32-x86_64/eclipse/plugins/org.eclipse.e4.core.di.extensions.supplier.source_0.15.0.v20170407-0928.jar...
...loaded -> org.eclipse.e4.core.di.extensions.supplier.source
Loading file:/D:/Eclipse/eclipse-rcp-oxygen-3a-win32-x86_64/eclipse/plugins/org.eclipse.e4.core.di.extensions.supplier_0.15.0.v20170407-0928.jar...
...loaded -> org.eclipse.e4.core.di.extensions.supplier
Loading file:/D:/Eclipse/eclipse-rcp-oxygen-3a-win32-x86_64/eclipse/plugins/org.eclipse.e4.core.di.extensions_0.15.0.v20170228-1728.jar...
...loaded -> org.eclipse.e4.core.di.extensions
Loading file:/D:/Eclipse/eclipse-rcp-oxygen-3a-win32-x86_64/eclipse/plugins/org.eclipse.e4.core.di.source_1.6.100.v20170421-1418.jar...
...loaded -> org.eclipse.e4.core.di.source
Loading file:/D:/Eclipse/eclipse-rcp-oxygen-3a-win32-x86_64/eclipse/plugins/org.eclipse.e4.core.di_1.6.100.v20170421-1418.jar...
...loaded -> org.eclipse.e4.core.di
Loading file:/D:/Eclipse/eclipse-rcp-oxygen-3a-win32-x86_64/eclipse/plugins/org.eclipse.e4.core.services.source_2.1.0.v20170407-0928.jar...
...loaded -> org.eclipse.e4.core.services.source
Loading file:/D:/Eclipse/eclipse-rcp-oxygen-3a-win32-x86_64/eclipse/plugins/org.eclipse.e4.core.services_2.1.0.v20170407-0928.jar...
...loaded -> org.eclipse.e4.core.services
Loading file:/D:/Eclipse/eclipse-rcp-oxygen-3a-win32-x86_64/eclipse/plugins/org.eclipse.e4.emf.xpath.source_0.2.0.v20160630-0728.jar...
...loaded -> org.eclipse.e4.emf.xpath.source
Loading file:/D:/Eclipse/eclipse-rcp-oxygen-3a-win32-x86_64/eclipse/plugins/org.eclipse.e4.emf.xpath_0.2.0.v20160630-0728.jar...
...loaded -> org.eclipse.e4.emf.xpath
Loading file:/D:/Eclipse/eclipse-rcp-oxygen-3a-win32-x86_64/eclipse/plugins/org.eclipse.e4.tools.compat_4.7.0.v20170112-0731.jar...
...loaded -> org.eclipse.e4.tools.compat
Loading file:/D:/Eclipse/eclipse-rcp-oxygen-3a-win32-x86_64/eclipse/plugins/org.eclipse.e4.tools.emf.editor3x_4.7.0.v20170301-2031.jar...
...loaded -> org.eclipse.e4.tools.emf.editor3x
Loading file:/D:/Eclipse/eclipse-rcp-oxygen-3a-win32-x86_64/eclipse/plugins/org.eclipse.e4.tools.emf.ui_4.5.200.v20170515-1617.jar...
...loaded -> org.eclipse.e4.tools.emf.ui
Loading file:/D:/Eclipse/eclipse-rcp-oxygen-3a-win32-x86_64/eclipse/plugins/org.eclipse.e4.tools.jdt.templates_4.7.0.v20161219-1049.jar...
...loaded -> org.eclipse.e4.tools.jdt.templates
Loading file:/D:/Eclipse/eclipse-rcp-oxygen-3a-win32-x86_64/eclipse/plugins/org.eclipse.e4.tools.services_4.7.0.v20170105-1247.jar...
...loaded -> org.eclipse.e4.tools.services
Loading file:/D:/Eclipse/eclipse-rcp-oxygen-3a-win32-x86_64/eclipse/plugins/org.eclipse.e4.tools_4.7.0.v20170412-0858.jar...
...loaded -> org.eclipse.e4.tools
Loading file:/D:/Eclipse/eclipse-rcp-oxygen-3a-win32-x86_64/eclipse/plugins/org.eclipse.e4.ui.bindings.source_0.12.1.v20170823-1632.jar...
...loaded -> org.eclipse.e4.ui.bindings.source
Loading file:/D:/Eclipse/eclipse-rcp-oxygen-3a-win32-x86_64/eclipse/plugins/org.eclipse.e4.ui.bindings_0.12.1.v20170823-1632.jar...
...loaded -> org.eclipse.e4.ui.bindings
Loading file:/D:/Eclipse/eclipse-rcp-oxygen-3a-win32-x86_64/eclipse/plugins/org.eclipse.e4.ui.css.core.source_0.12.101.v20170712-1547.jar...
...loaded -> org.eclipse.e4.ui.css.core.source
Loading file:/D:/Eclipse/eclipse-rcp-oxygen-3a-win32-x86_64/eclipse/plugins/org.eclipse.e4.ui.css.core_0.12.101.v20170712-1547.jar...
...loaded -> org.eclipse.e4.ui.css.core
Loading file:/D:/Eclipse/eclipse-rcp-oxygen-3a-win32-x86_64/eclipse/plugins/org.eclipse.e4.ui.css.swt.source_0.13.1.v20170808-1940.jar...
...loaded -> org.eclipse.e4.ui.css.swt.source
Loading file:/D:/Eclipse/eclipse-rcp-oxygen-3a-win32-x86_64/eclipse/plugins/org.eclipse.e4.ui.css.swt.theme.source_0.11.0.v20170312-2302.jar...
...loaded -> org.eclipse.e4.ui.css.swt.theme.source
Loading file:/D:/Eclipse/eclipse-rcp-oxygen-3a-win32-x86_64/eclipse/plugins/org.eclipse.e4.ui.css.swt.theme_0.11.0.v20170312-2302.jar...
...loaded -> org.eclipse.e4.ui.css.swt.theme
Loading file:/D:/Eclipse/eclipse-rcp-oxygen-3a-win32-x86_64/eclipse/plugins/org.eclipse.e4.ui.css.swt_0.13.1.v20170808-1940.jar...
...loaded -> org.eclipse.e4.ui.css.swt
Loading file:/D:/Eclipse/eclipse-rcp-oxygen-3a-win32-x86_64/eclipse/plugins/org.eclipse.e4.ui.di.source_1.2.100.v20170414-1137.jar...
...loaded -> org.eclipse.e4.ui.di.source
Loading file:/D:/Eclipse/eclipse-rcp-oxygen-3a-win32-x86_64/eclipse/plugins/org.eclipse.e4.ui.dialogs.source_1.1.100.v20170104-1425.jar...
...loaded -> org.eclipse.e4.ui.dialogs.source
Loading file:/D:/Eclipse/eclipse-rcp-oxygen-3a-win32-x86_64/eclipse/plugins/org.eclipse.e4.ui.dialogs_1.1.100.v20170104-1425.jar...
...loaded -> org.eclipse.e4.ui.dialogs
Loading file:/D:/Eclipse/eclipse-rcp-oxygen-3a-win32-x86_64/eclipse/plugins/org.eclipse.e4.ui.di_1.2.100.v20170414-1137.jar...
...loaded -> org.eclipse.e4.ui.di
Loading file:/D:/Eclipse/eclipse-rcp-oxygen-3a-win32-x86_64/eclipse/plugins/org.eclipse.e4.ui.model.workbench.source_2.0.1.v20170713-1800.jar...
...loaded -> org.eclipse.e4.ui.model.workbench.source
Loading file:/D:/Eclipse/eclipse-rcp-oxygen-3a-win32-x86_64/eclipse/plugins/org.eclipse.e4.ui.model.workbench_2.0.1.v20170713-1800.jar...
...loaded -> org.eclipse.e4.ui.model.workbench
Loading file:/D:/Eclipse/eclipse-rcp-oxygen-3a-win32-x86_64/eclipse/plugins/org.eclipse.e4.ui.services.source_1.3.0.v20170307-2032.jar...
...loaded -> org.eclipse.e4.ui.services.source
Loading file:/D:/Eclipse/eclipse-rcp-oxygen-3a-win32-x86_64/eclipse/plugins/org.eclipse.e4.ui.services_1.3.0.v20170307-2032.jar...
...loaded -> org.eclipse.e4.ui.services
Loading file:/D:/Eclipse/eclipse-rcp-oxygen-3a-win32-x86_64/eclipse/plugins/org.eclipse.e4.ui.widgets.source_1.2.0.v20160630-0736.jar...
...loaded -> org.eclipse.e4.ui.widgets.source
Loading file:/D:/Eclipse/eclipse-rcp-oxygen-3a-win32-x86_64/eclipse/plugins/org.eclipse.e4.ui.widgets_1.2.0.v20160630-0736.jar...
...loaded -> org.eclipse.e4.ui.widgets
Loading file:/D:/Eclipse/eclipse-rcp-oxygen-3a-win32-x86_64/eclipse/plugins/org.eclipse.e4.ui.workbench.addons.swt.source_1.3.1.v20170319-1442.jar...
...loaded -> org.eclipse.e4.ui.workbench.addons.swt.source
Loading file:/D:/Eclipse/eclipse-rcp-oxygen-3a-win32-x86_64/eclipse/plugins/org.eclipse.e4.ui.workbench.addons.swt_1.3.1.v20170319-1442.jar...
...loaded -> org.eclipse.e4.ui.workbench.addons.swt
Loading file:/D:/Eclipse/eclipse-rcp-oxygen-3a-win32-x86_64/eclipse/plugins/org.eclipse.e4.ui.workbench.renderers.swt.source_0.14.102.v20180117-1153.jar...
...loaded -> org.eclipse.e4.ui.workbench.renderers.swt.source
Loading file:/D:/Eclipse/eclipse-rcp-oxygen-3a-win32-x86_64/eclipse/plugins/org.eclipse.e4.ui.workbench.renderers.swt_0.14.102.v20180117-1153.jar...
...loaded -> org.eclipse.e4.ui.workbench.renderers.swt
Loading file:/D:/Eclipse/eclipse-rcp-oxygen-3a-win32-x86_64/eclipse/plugins/org.eclipse.e4.ui.workbench.source_1.5.1.v20170815-1446.jar...
...loaded -> org.eclipse.e4.ui.workbench.source
Loading file:/D:/Eclipse/eclipse-rcp-oxygen-3a-win32-x86_64/eclipse/plugins/org.eclipse.e4.ui.workbench.swt.source_0.14.101.v20170710-1119.jar...
...loaded -> org.eclipse.e4.ui.workbench.swt.source
Loading file:/D:/Eclipse/eclipse-rcp-oxygen-3a-win32-x86_64/eclipse/plugins/org.eclipse.e4.ui.workbench.swt_0.14.101.v20170710-1119.jar...
...loaded -> org.eclipse.e4.ui.workbench.swt
Loading file:/D:/Eclipse/eclipse-rcp-oxygen-3a-win32-x86_64/eclipse/plugins/org.eclipse.e4.ui.workbench3.source_0.14.0.v20160630-0740.jar...
...loaded -> org.eclipse.e4.ui.workbench3.source
Loading file:/D:/Eclipse/eclipse-rcp-oxygen-3a-win32-x86_64/eclipse/plugins/org.eclipse.e4.ui.workbench3_0.14.0.v20160630-0740.jar...
...loaded -> org.eclipse.e4.ui.workbench3
Loading file:/D:/Eclipse/eclipse-rcp-oxygen-3a-win32-x86_64/eclipse/plugins/org.eclipse.e4.ui.workbench_1.5.1.v20170815-1446.jar...
...loaded -> org.eclipse.e4.ui.workbench
Loading file:/D:/Eclipse/eclipse-rcp-oxygen-3a-win32-x86_64/eclipse/plugins/org.eclipse.ecf.filetransfer_5.0.0.v20160817-1024.jar...
...loaded -> org.eclipse.ecf.filetransfer
Loading file:/D:/Eclipse/eclipse-rcp-oxygen-3a-win32-x86_64/eclipse/plugins/org.eclipse.ecf.identity_3.8.0.v20161203-2153.jar...
...loaded -> org.eclipse.ecf.identity
Loading file:/D:/Eclipse/eclipse-rcp-oxygen-3a-win32-x86_64/eclipse/plugins/org.eclipse.ecf.provider.filetransfer.httpclient4.ssl_1.1.0.v20160817-1024.jar...
...loaded -> org.eclipse.ecf.provider.filetransfer.httpclient4.ssl
Loading file:/D:/Eclipse/eclipse-rcp-oxygen-3a-win32-x86_64/eclipse/plugins/org.eclipse.ecf.provider.filetransfer.httpclient4_1.1.200.v20170314-0133.jar...
...loaded -> org.eclipse.ecf.provider.filetransfer.httpclient4
Loading file:/D:/Eclipse/eclipse-rcp-oxygen-3a-win32-x86_64/eclipse/plugins/org.eclipse.ecf.provider.filetransfer.ssl_1.0.0.v20160817-1024.jar...
...loaded -> org.eclipse.ecf.provider.filetransfer.ssl
Loading file:/D:/Eclipse/eclipse-rcp-oxygen-3a-win32-x86_64/eclipse/plugins/org.eclipse.ecf.provider.filetransfer_3.2.300.v20161203-1840.jar...
...loaded -> org.eclipse.ecf.provider.filetransfer
Loading file:/D:/Eclipse/eclipse-rcp-oxygen-3a-win32-x86_64/eclipse/plugins/org.eclipse.ecf.ssl_1.2.0.v20160817-1024.jar...
...loaded -> org.eclipse.ecf.ssl
Loading file:/D:/Eclipse/eclipse-rcp-oxygen-3a-win32-x86_64/eclipse/plugins/org.eclipse.ecf_3.8.0.v20170104-0657.jar...
...loaded -> org.eclipse.ecf
Loading file:/D:/Eclipse/eclipse-rcp-oxygen-3a-win32-x86_64/eclipse/plugins/org.eclipse.eclemma.core_3.1.0.201804041601.jar...
...loaded -> org.eclipse.eclemma.core
Loading file:/D:/Eclipse/eclipse-rcp-oxygen-3a-win32-x86_64/eclipse/plugins/org.eclipse.eclemma.doc_3.1.0.201804041601.jar...
...loaded -> org.eclipse.eclemma.doc
Loading file:/D:/Eclipse/eclipse-rcp-oxygen-3a-win32-x86_64/eclipse/plugins/org.eclipse.eclemma.ui_3.1.0.201804041601.jar...
...loaded -> org.eclipse.eclemma.ui
Loading file:/D:/Eclipse/eclipse-rcp-oxygen-3a-win32-x86_64/eclipse/plugins/org.eclipse.egit.core_4.9.2.201712150930-r.jar...
...loaded -> org.eclipse.egit.core
Loading file:/D:/Eclipse/eclipse-rcp-oxygen-3a-win32-x86_64/eclipse/plugins/org.eclipse.egit.doc_4.9.2.201712150930-r.jar...
...loaded -> org.eclipse.egit.doc
Loading file:/D:/Eclipse/eclipse-rcp-oxygen-3a-win32-x86_64/eclipse/plugins/org.eclipse.egit.mylyn.ui_4.9.2.201712150930-r.jar...
...loaded -> org.eclipse.egit.mylyn.ui
Loading file:/D:/Eclipse/eclipse-rcp-oxygen-3a-win32-x86_64/eclipse/plugins/org.eclipse.egit.ui_4.9.2.201712150930-r.jar...
...loaded -> org.eclipse.egit.ui
Loading file:/D:/Eclipse/eclipse-rcp-oxygen-3a-win32-x86_64/eclipse/plugins/org.eclipse.egit_4.9.2.201712150930-r.jar...
...loaded -> org.eclipse.egit
Loading file:/D:/Eclipse/eclipse-rcp-oxygen-3a-win32-x86_64/eclipse/plugins/org.eclipse.emf.common.ui_2.12.0.v20170609-0928.jar...
...loaded -> org.eclipse.emf.common.ui
Loading file:/D:/Eclipse/eclipse-rcp-oxygen-3a-win32-x86_64/eclipse/plugins/org.eclipse.emf.common_2.13.0.v20170609-0707.jar...
...loaded -> org.eclipse.emf.common
Loading file:/D:/Eclipse/eclipse-rcp-oxygen-3a-win32-x86_64/eclipse/plugins/org.eclipse.emf.databinding.edit_1.3.0.v20170609-0928.jar...
...loaded -> org.eclipse.emf.databinding.edit
Loading file:/D:/Eclipse/eclipse-rcp-oxygen-3a-win32-x86_64/eclipse/plugins/org.eclipse.emf.databinding_1.3.0.v20170609-0928.jar...
...loaded -> org.eclipse.emf.databinding
Loading file:/D:/Eclipse/eclipse-rcp-oxygen-3a-win32-x86_64/eclipse/plugins/org.eclipse.emf.ecore.change.edit_2.6.0.v20170609-0928.jar...
...loaded -> org.eclipse.emf.ecore.change.edit
Loading file:/D:/Eclipse/eclipse-rcp-oxygen-3a-win32-x86_64/eclipse/plugins/org.eclipse.emf.ecore.change_2.11.0.v20170609-0707.jar...
...loaded -> org.eclipse.emf.ecore.change
Loading file:/D:/Eclipse/eclipse-rcp-oxygen-3a-win32-x86_64/eclipse/plugins/org.eclipse.emf.ecore.edit_2.9.0.v20170609-0928.jar...
...loaded -> org.eclipse.emf.ecore.edit
Loading file:/D:/Eclipse/eclipse-rcp-oxygen-3a-win32-x86_64/eclipse/plugins/org.eclipse.emf.ecore.xmi_2.13.0.v20170609-0707.jar...
...loaded -> org.eclipse.emf.ecore.xmi
Loading file:/D:/Eclipse/eclipse-rcp-oxygen-3a-win32-x86_64/eclipse/plugins/org.eclipse.emf.ecore_2.13.0.v20170609-0707.jar...
...loaded -> org.eclipse.emf.ecore
Loading file:/D:/Eclipse/eclipse-rcp-oxygen-3a-win32-x86_64/eclipse/plugins/org.eclipse.emf.edit.ui_2.13.0.v20170609-0928.jar...
...loaded -> org.eclipse.emf.edit.ui
Loading file:/D:/Eclipse/eclipse-rcp-oxygen-3a-win32-x86_64/eclipse/plugins/org.eclipse.emf.edit_2.12.0.v20170609-0928.jar...
...loaded -> org.eclipse.emf.edit
Loading file:/D:/Eclipse/eclipse-rcp-oxygen-3a-win32-x86_64/eclipse/plugins/org.eclipse.emf.mwe.core_1.3.21.201705291011.jar...
...loaded -> org.eclipse.emf.mwe.core
Loading file:/D:/Eclipse/eclipse-rcp-oxygen-3a-win32-x86_64/eclipse/plugins/org.eclipse.emf.mwe2.runtime_2.9.1.201705291011.jar...
...loaded -> org.eclipse.emf.mwe2.runtime
Loading file:/D:/Eclipse/eclipse-rcp-oxygen-3a-win32-x86_64/eclipse/plugins/org.eclipse.emf.transaction.ui_1.4.0.201706061339.jar...
...loaded -> org.eclipse.emf.transaction.ui
Loading file:/D:/Eclipse/eclipse-rcp-oxygen-3a-win32-x86_64/eclipse/plugins/org.eclipse.emf.transaction_1.9.0.201706061339.jar...
...loaded -> org.eclipse.emf.transaction
Loading file:/D:/Eclipse/eclipse-rcp-oxygen-3a-win32-x86_64/eclipse/plugins/org.eclipse.emf.validation.ui.ide_1.3.0.201706061352.jar...
...loaded -> org.eclipse.emf.validation.ui.ide
Loading file:/D:/Eclipse/eclipse-rcp-oxygen-3a-win32-x86_64/eclipse/plugins/org.eclipse.emf.validation.ui_1.7.0.201706061352.jar...
...loaded -> org.eclipse.emf.validation.ui
Loading file:/D:/Eclipse/eclipse-rcp-oxygen-3a-win32-x86_64/eclipse/plugins/org.eclipse.emf.validation_1.8.0.201706061352.jar...
...loaded -> org.eclipse.emf.validation
Loading file:/D:/Eclipse/eclipse-rcp-oxygen-3a-win32-x86_64/eclipse/plugins/org.eclipse.emf.workspace.ui_1.3.0.201706061339.jar...
...loaded -> org.eclipse.emf.workspace.ui
Loading file:/D:/Eclipse/eclipse-rcp-oxygen-3a-win32-x86_64/eclipse/plugins/org.eclipse.emf.workspace_1.5.1.201706061339.jar...
...loaded -> org.eclipse.emf.workspace
Loading file:/D:/Eclipse/eclipse-rcp-oxygen-3a-win32-x86_64/eclipse/plugins/org.eclipse.epp.logging.aeri.core_2.0.7.v20170906-1327.jar...
...loaded -> org.eclipse.epp.logging.aeri.core
Loading file:/D:/Eclipse/eclipse-rcp-oxygen-3a-win32-x86_64/eclipse/plugins/org.eclipse.epp.logging.aeri.ide_2.0.7.v20170906-1327.jar...
...loaded -> org.eclipse.epp.logging.aeri.ide
Loading file:/D:/Eclipse/eclipse-rcp-oxygen-3a-win32-x86_64/eclipse/plugins/org.eclipse.epp.mpc.core.win32_1.6.4.v20180214-1800.jar...
...loaded -> org.eclipse.epp.mpc.core.win32
Loading file:/D:/Eclipse/eclipse-rcp-oxygen-3a-win32-x86_64/eclipse/plugins/org.eclipse.epp.mpc.core_1.6.4.v20180214-1810.jar...
...loaded -> org.eclipse.epp.mpc.core
Loading file:/D:/Eclipse/eclipse-rcp-oxygen-3a-win32-x86_64/eclipse/plugins/org.eclipse.epp.mpc.help.ui_1.6.4.v20180214-1800.jar...
...loaded -> org.eclipse.epp.mpc.help.ui
Loading file:/D:/Eclipse/eclipse-rcp-oxygen-3a-win32-x86_64/eclipse/plugins/org.eclipse.epp.mpc.ui_1.6.4.v20180214-1800.jar...
...loaded -> org.eclipse.epp.mpc.ui
Loading file:/D:/Eclipse/eclipse-rcp-oxygen-3a-win32-x86_64/eclipse/plugins/org.eclipse.equinox.app.source_1.3.400.v20150715-1528.jar...
...loaded -> org.eclipse.equinox.app.source
Loading file:/D:/Eclipse/eclipse-rcp-oxygen-3a-win32-x86_64/eclipse/plugins/org.eclipse.equinox.app_1.3.400.v20150715-1528.jar...
...loaded -> org.eclipse.equinox.app
Loading file:/D:/Eclipse/eclipse-rcp-oxygen-3a-win32-x86_64/eclipse/plugins/org.eclipse.equinox.bidi.source_1.1.0.v20160728-1031.jar...
...loaded -> org.eclipse.equinox.bidi.source
Loading file:/D:/Eclipse/eclipse-rcp-oxygen-3a-win32-x86_64/eclipse/plugins/org.eclipse.equinox.bidi_1.1.0.v20160728-1031.jar...
...loaded -> org.eclipse.equinox.bidi
Loading file:/D:/Eclipse/eclipse-rcp-oxygen-3a-win32-x86_64/eclipse/plugins/org.eclipse.equinox.common.source_3.9.0.v20170207-1454.jar...
...loaded -> org.eclipse.equinox.common.source
Loading file:/D:/Eclipse/eclipse-rcp-oxygen-3a-win32-x86_64/eclipse/plugins/org.eclipse.equinox.common_3.9.0.v20170207-1454.jar...
...loaded -> org.eclipse.equinox.common
Loading file:/D:/Eclipse/eclipse-rcp-oxygen-3a-win32-x86_64/eclipse/plugins/org.eclipse.equinox.concurrent_1.1.0.v20130327-1442.jar...
...loaded -> org.eclipse.equinox.concurrent
Loading file:/D:/Eclipse/eclipse-rcp-oxygen-3a-win32-x86_64/eclipse/plugins/org.eclipse.equinox.console.source_1.1.300.v20170512-2111.jar...
...loaded -> org.eclipse.equinox.console.source
Loading file:/D:/Eclipse/eclipse-rcp-oxygen-3a-win32-x86_64/eclipse/plugins/org.eclipse.equinox.console_1.1.300.v20170512-2111.jar...
...loaded -> org.eclipse.equinox.console
Loading file:/D:/Eclipse/eclipse-rcp-oxygen-3a-win32-x86_64/eclipse/plugins/org.eclipse.equinox.ds.source_1.5.0.v20170307-1429.jar...
...loaded -> org.eclipse.equinox.ds.source
Loading file:/D:/Eclipse/eclipse-rcp-oxygen-3a-win32-x86_64/eclipse/plugins/org.eclipse.equinox.ds_1.5.0.v20170307-1429.jar...
...loaded -> org.eclipse.equinox.ds
Loading file:/D:/Eclipse/eclipse-rcp-oxygen-3a-win32-x86_64/eclipse/plugins/org.eclipse.equinox.event.source_1.4.0.v20170105-1446.jar...
...loaded -> org.eclipse.equinox.event.source
Loading file:/D:/Eclipse/eclipse-rcp-oxygen-3a-win32-x86_64/eclipse/plugins/org.eclipse.equinox.event_1.4.0.v20170105-1446.jar...
...loaded -> org.eclipse.equinox.event
Loading file:/D:/Eclipse/eclipse-rcp-oxygen-3a-win32-x86_64/eclipse/plugins/org.eclipse.equinox.frameworkadmin.equinox.source_1.0.800.v20170524-1345.jar...
...loaded -> org.eclipse.equinox.frameworkadmin.equinox.source
Loading file:/D:/Eclipse/eclipse-rcp-oxygen-3a-win32-x86_64/eclipse/plugins/org.eclipse.equinox.frameworkadmin.equinox_1.0.800.v20170524-1345.jar...
...loaded -> org.eclipse.equinox.frameworkadmin.equinox
Loading file:/D:/Eclipse/eclipse-rcp-oxygen-3a-win32-x86_64/eclipse/plugins/org.eclipse.equinox.frameworkadmin.source_2.0.300.v20160504-1450.jar...
...loaded -> org.eclipse.equinox.frameworkadmin.source
Loading file:/D:/Eclipse/eclipse-rcp-oxygen-3a-win32-x86_64/eclipse/plugins/org.eclipse.equinox.frameworkadmin_2.0.300.v20160504-1450.jar...
...loaded -> org.eclipse.equinox.frameworkadmin
Loading file:/D:/Eclipse/eclipse-rcp-oxygen-3a-win32-x86_64/eclipse/plugins/org.eclipse.equinox.http.jetty.source_3.4.0.v20170503-2025.jar...
...loaded -> org.eclipse.equinox.http.jetty.source
Loading file:/D:/Eclipse/eclipse-rcp-oxygen-3a-win32-x86_64/eclipse/plugins/org.eclipse.equinox.http.jetty_3.4.0.v20170503-2025.jar...
...loaded -> org.eclipse.equinox.http.jetty
Loading file:/D:/Eclipse/eclipse-rcp-oxygen-3a-win32-x86_64/eclipse/plugins/org.eclipse.equinox.http.registry.source_1.1.400.v20150715-1528.jar...
...loaded -> org.eclipse.equinox.http.registry.source
Loading file:/D:/Eclipse/eclipse-rcp-oxygen-3a-win32-x86_64/eclipse/plugins/org.eclipse.equinox.http.registry_1.1.400.v20150715-1528.jar...
...loaded -> org.eclipse.equinox.http.registry
Loading file:/D:/Eclipse/eclipse-rcp-oxygen-3a-win32-x86_64/eclipse/plugins/org.eclipse.equinox.http.servlet.source_1.4.0.v20170524-1452.jar...
...loaded -> org.eclipse.equinox.http.servlet.source
Loading file:/D:/Eclipse/eclipse-rcp-oxygen-3a-win32-x86_64/eclipse/plugins/org.eclipse.equinox.http.servlet_1.4.0.v20170524-1452.jar...
...loaded -> org.eclipse.equinox.http.servlet
Loading file:/D:/Eclipse/eclipse-rcp-oxygen-3a-win32-x86_64/eclipse/plugins/org.eclipse.equinox.jsp.jasper.registry.source_1.0.300.v20130327-1442.jar...
...loaded -> org.eclipse.equinox.jsp.jasper.registry.source
Loading file:/D:/Eclipse/eclipse-rcp-oxygen-3a-win32-x86_64/eclipse/plugins/org.eclipse.equinox.jsp.jasper.registry_1.0.300.v20130327-1442.jar...
...loaded -> org.eclipse.equinox.jsp.jasper.registry
Loading file:/D:/Eclipse/eclipse-rcp-oxygen-3a-win32-x86_64/eclipse/plugins/org.eclipse.equinox.jsp.jasper.source_1.0.500.v20150119-1358.jar...
...loaded -> org.eclipse.equinox.jsp.jasper.source
Loading file:/D:/Eclipse/eclipse-rcp-oxygen-3a-win32-x86_64/eclipse/plugins/org.eclipse.equinox.jsp.jasper_1.0.500.v20150119-1358.jar...
...loaded -> org.eclipse.equinox.jsp.jasper
Loading file:/D:/Eclipse/eclipse-rcp-oxygen-3a-win32-x86_64/eclipse/plugins/org.eclipse.equinox.launcher.source_1.4.0.v20161219-1356.jar...
...loaded -> org.eclipse.equinox.launcher.source
Loading file:/D:/Eclipse/eclipse-rcp-oxygen-3a-win32-x86_64/eclipse/plugins/org.eclipse.equinox.launcher_1.4.0.v20161219-1356.jar...
...loaded -> org.eclipse.equinox.launcher
Loading file:/D:/Eclipse/eclipse-rcp-oxygen-3a-win32-x86_64/eclipse/plugins/org.eclipse.equinox.p2.artifact.repository.source_1.1.650.v20170928-1405.jar...
...loaded -> org.eclipse.equinox.p2.artifact.repository.source
Loading file:/D:/Eclipse/eclipse-rcp-oxygen-3a-win32-x86_64/eclipse/plugins/org.eclipse.equinox.p2.artifact.repository_1.1.650.v20170928-1405.jar...
...loaded -> org.eclipse.equinox.p2.artifact.repository
Loading file:/D:/Eclipse/eclipse-rcp-oxygen-3a-win32-x86_64/eclipse/plugins/org.eclipse.equinox.p2.console.source_1.0.600.v20170511-1106.jar...
...loaded -> org.eclipse.equinox.p2.console.source
Loading file:/D:/Eclipse/eclipse-rcp-oxygen-3a-win32-x86_64/eclipse/plugins/org.eclipse.equinox.p2.console_1.0.600.v20170511-1106.jar...
...loaded -> org.eclipse.equinox.p2.console
Loading file:/D:/Eclipse/eclipse-rcp-oxygen-3a-win32-x86_64/eclipse/plugins/org.eclipse.equinox.p2.core.source_2.4.101.v20170906-1259.jar...
...loaded -> org.eclipse.equinox.p2.core.source
Loading file:/D:/Eclipse/eclipse-rcp-oxygen-3a-win32-x86_64/eclipse/plugins/org.eclipse.equinox.p2.core_2.4.101.v20170906-1259.jar...
...loaded -> org.eclipse.equinox.p2.core
Loading file:/D:/Eclipse/eclipse-rcp-oxygen-3a-win32-x86_64/eclipse/plugins/org.eclipse.equinox.p2.director.app.source_1.0.500.v20160419-0834.jar...
...loaded -> org.eclipse.equinox.p2.director.app.source
Loading file:/D:/Eclipse/eclipse-rcp-oxygen-3a-win32-x86_64/eclipse/plugins/org.eclipse.equinox.p2.director.app_1.0.500.v20160419-0834.jar...
...loaded -> org.eclipse.equinox.p2.director.app
Loading file:/D:/Eclipse/eclipse-rcp-oxygen-3a-win32-x86_64/eclipse/plugins/org.eclipse.equinox.p2.director.source_2.3.300.v20160504-1450.jar...
...loaded -> org.eclipse.equinox.p2.director.source
Loading file:/D:/Eclipse/eclipse-rcp-oxygen-3a-win32-x86_64/eclipse/plugins/org.eclipse.equinox.p2.directorywatcher.source_1.1.100.v20150423-1455.jar...
...loaded -> org.eclipse.equinox.p2.directorywatcher.source
Loading file:/D:/Eclipse/eclipse-rcp-oxygen-3a-win32-x86_64/eclipse/plugins/org.eclipse.equinox.p2.directorywatcher_1.1.100.v20150423-1455.jar...
...loaded -> org.eclipse.equinox.p2.directorywatcher
Loading file:/D:/Eclipse/eclipse-rcp-oxygen-3a-win32-x86_64/eclipse/plugins/org.eclipse.equinox.p2.director_2.3.300.v20160504-1450.jar...
...loaded -> org.eclipse.equinox.p2.director
Loading file:/D:/Eclipse/eclipse-rcp-oxygen-3a-win32-x86_64/eclipse/plugins/org.eclipse.equinox.p2.discovery.compatibility_1.0.201.v20170906-1259.jar...
...loaded -> org.eclipse.equinox.p2.discovery.compatibility
Loading file:/D:/Eclipse/eclipse-rcp-oxygen-3a-win32-x86_64/eclipse/plugins/org.eclipse.equinox.p2.discovery_1.0.400.v20160504-1450.jar...
...loaded -> org.eclipse.equinox.p2.discovery
Loading file:/D:/Eclipse/eclipse-rcp-oxygen-3a-win32-x86_64/eclipse/plugins/org.eclipse.equinox.p2.engine.source_2.5.0.v20170319-2002.jar...
...loaded -> org.eclipse.equinox.p2.engine.source
Loading file:/D:/Eclipse/eclipse-rcp-oxygen-3a-win32-x86_64/eclipse/plugins/org.eclipse.equinox.p2.engine_2.5.0.v20170319-2002.jar...
...loaded -> org.eclipse.equinox.p2.engine
Loading file:/D:/Eclipse/eclipse-rcp-oxygen-3a-win32-x86_64/eclipse/plugins/org.eclipse.equinox.p2.extensionlocation.source_1.2.300.v20160419-0834.jar...
...loaded -> org.eclipse.equinox.p2.extensionlocation.source
Loading file:/D:/Eclipse/eclipse-rcp-oxygen-3a-win32-x86_64/eclipse/plugins/org.eclipse.equinox.p2.extensionlocation_1.2.300.v20160419-0834.jar...
...loaded -> org.eclipse.equinox.p2.extensionlocation
Loading file:/D:/Eclipse/eclipse-rcp-oxygen-3a-win32-x86_64/eclipse/plugins/org.eclipse.equinox.p2.garbagecollector.source_1.0.300.v20160504-1450.jar...
...loaded -> org.eclipse.equinox.p2.garbagecollector.source
Loading file:/D:/Eclipse/eclipse-rcp-oxygen-3a-win32-x86_64/eclipse/plugins/org.eclipse.equinox.p2.garbagecollector_1.0.300.v20160504-1450.jar...
...loaded -> org.eclipse.equinox.p2.garbagecollector
Loading file:/D:/Eclipse/eclipse-rcp-oxygen-3a-win32-x86_64/eclipse/plugins/org.eclipse.equinox.p2.jarprocessor.source_1.0.500.v20160504-1450.jar...
...loaded -> org.eclipse.equinox.p2.jarprocessor.source
Loading file:/D:/Eclipse/eclipse-rcp-oxygen-3a-win32-x86_64/eclipse/plugins/org.eclipse.equinox.p2.jarprocessor_1.0.500.v20160504-1450.jar...
...loaded -> org.eclipse.equinox.p2.jarprocessor
Loading file:/D:/Eclipse/eclipse-rcp-oxygen-3a-win32-x86_64/eclipse/plugins/org.eclipse.equinox.p2.metadata.repository.source_1.2.401.v20170906-1259.jar...
...loaded -> org.eclipse.equinox.p2.metadata.repository.source
Loading file:/D:/Eclipse/eclipse-rcp-oxygen-3a-win32-x86_64/eclipse/plugins/org.eclipse.equinox.p2.metadata.repository_1.2.401.v20170906-1259.jar...
...loaded -> org.eclipse.equinox.p2.metadata.repository
Loading file:/D:/Eclipse/eclipse-rcp-oxygen-3a-win32-x86_64/eclipse/plugins/org.eclipse.equinox.p2.metadata.source_2.3.200.v20170511-1106.jar...
...loaded -> org.eclipse.equinox.p2.metadata.source
Loading file:/D:/Eclipse/eclipse-rcp-oxygen-3a-win32-x86_64/eclipse/plugins/org.eclipse.equinox.p2.metadata_2.3.200.v20170511-1106.jar...
...loaded -> org.eclipse.equinox.p2.metadata
Loading file:/D:/Eclipse/eclipse-rcp-oxygen-3a-win32-x86_64/eclipse/plugins/org.eclipse.equinox.p2.operations.source_2.4.300.v20170511-1106.jar...
...loaded -> org.eclipse.equinox.p2.operations.source
Loading file:/D:/Eclipse/eclipse-rcp-oxygen-3a-win32-x86_64/eclipse/plugins/org.eclipse.equinox.p2.operations_2.4.300.v20170511-1106.jar...
...loaded -> org.eclipse.equinox.p2.operations
Loading file:/D:/Eclipse/eclipse-rcp-oxygen-3a-win32-x86_64/eclipse/plugins/org.eclipse.equinox.p2.publisher.eclipse.source_1.2.201.v20170906-1259.jar...
...loaded -> org.eclipse.equinox.p2.publisher.eclipse.source
Loading file:/D:/Eclipse/eclipse-rcp-oxygen-3a-win32-x86_64/eclipse/plugins/org.eclipse.equinox.p2.publisher.eclipse_1.2.201.v20170906-1259.jar...
...loaded -> org.eclipse.equinox.p2.publisher.eclipse
Loading file:/D:/Eclipse/eclipse-rcp-oxygen-3a-win32-x86_64/eclipse/plugins/org.eclipse.equinox.p2.publisher.source_1.4.200.v20170511-1216.jar...
...loaded -> org.eclipse.equinox.p2.publisher.source
Loading file:/D:/Eclipse/eclipse-rcp-oxygen-3a-win32-x86_64/eclipse/plugins/org.eclipse.equinox.p2.publisher_1.4.200.v20170511-1216.jar...
...loaded -> org.eclipse.equinox.p2.publisher
Loading file:/D:/Eclipse/eclipse-rcp-oxygen-3a-win32-x86_64/eclipse/plugins/org.eclipse.equinox.p2.reconciler.dropins.source_1.1.400.v20160504-1450.jar...
...loaded -> org.eclipse.equinox.p2.reconciler.dropins.source
Loading file:/D:/Eclipse/eclipse-rcp-oxygen-3a-win32-x86_64/eclipse/plugins/org.eclipse.equinox.p2.reconciler.dropins_1.1.400.v20160504-1450.jar...
...loaded -> org.eclipse.equinox.p2.reconciler.dropins
Loading file:/D:/Eclipse/eclipse-rcp-oxygen-3a-win32-x86_64/eclipse/plugins/org.eclipse.equinox.p2.repository.source_2.3.301.v20170906-1259.jar...
...loaded -> org.eclipse.equinox.p2.repository.source
Loading file:/D:/Eclipse/eclipse-rcp-oxygen-3a-win32-x86_64/eclipse/plugins/org.eclipse.equinox.p2.repository.tools.source_2.1.400.v20170511-1216.jar...
...loaded -> org.eclipse.equinox.p2.repository.tools.source
Loading file:/D:/Eclipse/eclipse-rcp-oxygen-3a-win32-x86_64/eclipse/plugins/org.eclipse.equinox.p2.repository.tools_2.1.400.v20170511-1216.jar...
...loaded -> org.eclipse.equinox.p2.repository.tools
Loading file:/D:/Eclipse/eclipse-rcp-oxygen-3a-win32-x86_64/eclipse/plugins/org.eclipse.equinox.p2.repository_2.3.301.v20170906-1259.jar...
...loaded -> org.eclipse.equinox.p2.repository
Loading file:/D:/Eclipse/eclipse-rcp-oxygen-3a-win32-x86_64/eclipse/plugins/org.eclipse.equinox.p2.touchpoint.eclipse.source_2.1.501.v20170906-1259.jar...
...loaded -> org.eclipse.equinox.p2.touchpoint.eclipse.source
Loading file:/D:/Eclipse/eclipse-rcp-oxygen-3a-win32-x86_64/eclipse/plugins/org.eclipse.equinox.p2.touchpoint.eclipse_2.1.501.v20170906-1259.jar...
...loaded -> org.eclipse.equinox.p2.touchpoint.eclipse
Loading file:/D:/Eclipse/eclipse-rcp-oxygen-3a-win32-x86_64/eclipse/plugins/org.eclipse.equinox.p2.touchpoint.natives.source_1.2.200.v20170511-1216.jar...
...loaded -> org.eclipse.equinox.p2.touchpoint.natives.source
Loading file:/D:/Eclipse/eclipse-rcp-oxygen-3a-win32-x86_64/eclipse/plugins/org.eclipse.equinox.p2.touchpoint.natives_1.2.200.v20170511-1216.jar...
...loaded -> org.eclipse.equinox.p2.touchpoint.natives
Loading file:/D:/Eclipse/eclipse-rcp-oxygen-3a-win32-x86_64/eclipse/plugins/org.eclipse.equinox.p2.transport.ecf.source_1.1.300.v20161004-0244.jar...
...loaded -> org.eclipse.equinox.p2.transport.ecf.source
Loading file:/D:/Eclipse/eclipse-rcp-oxygen-3a-win32-x86_64/eclipse/plugins/org.eclipse.equinox.p2.transport.ecf_1.1.300.v20161004-0244.jar...
...loaded -> org.eclipse.equinox.p2.transport.ecf
Loading file:/D:/Eclipse/eclipse-rcp-oxygen-3a-win32-x86_64/eclipse/plugins/org.eclipse.equinox.p2.ui.discovery_1.0.300.v20170418-0708.jar...
...loaded -> org.eclipse.equinox.p2.ui.discovery
Loading file:/D:/Eclipse/eclipse-rcp-oxygen-3a-win32-x86_64/eclipse/plugins/org.eclipse.equinox.p2.ui.importexport.source_1.1.301.v20170816-1007.jar...
...loaded -> org.eclipse.equinox.p2.ui.importexport.source
Loading file:/D:/Eclipse/eclipse-rcp-oxygen-3a-win32-x86_64/eclipse/plugins/org.eclipse.equinox.p2.ui.importexport_1.1.301.v20170816-1007.jar...
...loaded -> org.eclipse.equinox.p2.ui.importexport
Loading file:/D:/Eclipse/eclipse-rcp-oxygen-3a-win32-x86_64/eclipse/plugins/org.eclipse.equinox.p2.ui.sdk.scheduler.source_1.3.100.v20170418-0708.jar...
...loaded -> org.eclipse.equinox.p2.ui.sdk.scheduler.source
Loading file:/D:/Eclipse/eclipse-rcp-oxygen-3a-win32-x86_64/eclipse/plugins/org.eclipse.equinox.p2.ui.sdk.scheduler_1.3.100.v20170418-0708.jar...
...loaded -> org.eclipse.equinox.p2.ui.sdk.scheduler
Loading file:/D:/Eclipse/eclipse-rcp-oxygen-3a-win32-x86_64/eclipse/plugins/org.eclipse.equinox.p2.ui.sdk.source_1.0.500.v20170511-1216.jar...
...loaded -> org.eclipse.equinox.p2.ui.sdk.source
Loading file:/D:/Eclipse/eclipse-rcp-oxygen-3a-win32-x86_64/eclipse/plugins/org.eclipse.equinox.p2.ui.sdk_1.0.500.v20170511-1216.jar...
...loaded -> org.eclipse.equinox.p2.ui.sdk
Loading file:/D:/Eclipse/eclipse-rcp-oxygen-3a-win32-x86_64/eclipse/plugins/org.eclipse.equinox.p2.ui.source_2.5.2.v20171013-1525.jar...
...loaded -> org.eclipse.equinox.p2.ui.source
Loading file:/D:/Eclipse/eclipse-rcp-oxygen-3a-win32-x86_64/eclipse/plugins/org.eclipse.equinox.p2.ui_2.5.2.v20171013-1525.jar...
...loaded -> org.eclipse.equinox.p2.ui
Loading file:/D:/Eclipse/eclipse-rcp-oxygen-3a-win32-x86_64/eclipse/plugins/org.eclipse.equinox.p2.updatechecker.source_1.1.400.v20170106-2125.jar...
...loaded -> org.eclipse.equinox.p2.updatechecker.source
Loading file:/D:/Eclipse/eclipse-rcp-oxygen-3a-win32-x86_64/eclipse/plugins/org.eclipse.equinox.p2.updatechecker_1.1.400.v20170106-2125.jar...
...loaded -> org.eclipse.equinox.p2.updatechecker
Loading file:/D:/Eclipse/eclipse-rcp-oxygen-3a-win32-x86_64/eclipse/plugins/org.eclipse.equinox.p2.updatesite.source_1.0.601.v20170906-1259.jar...
...loaded -> org.eclipse.equinox.p2.updatesite.source
Loading file:/D:/Eclipse/eclipse-rcp-oxygen-3a-win32-x86_64/eclipse/plugins/org.eclipse.equinox.p2.updatesite_1.0.601.v20170906-1259.jar...
...loaded -> org.eclipse.equinox.p2.updatesite
Loading file:/D:/Eclipse/eclipse-rcp-oxygen-3a-win32-x86_64/eclipse/plugins/org.eclipse.equinox.preferences.source_3.7.0.v20170126-2132.jar...
...loaded -> org.eclipse.equinox.preferences.source
Loading file:/D:/Eclipse/eclipse-rcp-oxygen-3a-win32-x86_64/eclipse/plugins/org.eclipse.equinox.preferences_3.7.0.v20170126-2132.jar...
...loaded -> org.eclipse.equinox.preferences
Loading file:/D:/Eclipse/eclipse-rcp-oxygen-3a-win32-x86_64/eclipse/plugins/org.eclipse.equinox.registry.source_3.7.0.v20170222-1344.jar...
...loaded -> org.eclipse.equinox.registry.source
Loading file:/D:/Eclipse/eclipse-rcp-oxygen-3a-win32-x86_64/eclipse/plugins/org.eclipse.equinox.registry_3.7.0.v20170222-1344.jar...
...loaded -> org.eclipse.equinox.registry
Loading file:/D:/Eclipse/eclipse-rcp-oxygen-3a-win32-x86_64/eclipse/plugins/org.eclipse.equinox.security.source_1.2.300.v20170505-1235.jar...
...loaded -> org.eclipse.equinox.security.source
Loading file:/D:/Eclipse/eclipse-rcp-oxygen-3a-win32-x86_64/eclipse/plugins/org.eclipse.equinox.security.ui.source_1.1.400.v20170505-1235.jar...
...loaded -> org.eclipse.equinox.security.ui.source
Loading file:/D:/Eclipse/eclipse-rcp-oxygen-3a-win32-x86_64/eclipse/plugins/org.eclipse.equinox.security.ui_1.1.400.v20170505-1235.jar...
...loaded -> org.eclipse.equinox.security.ui
Loading file:/D:/Eclipse/eclipse-rcp-oxygen-3a-win32-x86_64/eclipse/plugins/org.eclipse.equinox.security.win32.x86_64.source_1.0.100.v20130327-1442.jar...
...loaded -> org.eclipse.equinox.security.win32.x86_64.source
Loading file:/D:/Eclipse/eclipse-rcp-oxygen-3a-win32-x86_64/eclipse/plugins/org.eclipse.equinox.security.win32.x86_64_1.0.100.v20130327-1442.jar...
...loaded -> org.eclipse.equinox.security.win32.x86_64
Loading file:/D:/Eclipse/eclipse-rcp-oxygen-3a-win32-x86_64/eclipse/plugins/org.eclipse.equinox.security_1.2.300.v20170505-1235.jar...
...loaded -> org.eclipse.equinox.security
Loading file:/D:/Eclipse/eclipse-rcp-oxygen-3a-win32-x86_64/eclipse/plugins/org.eclipse.equinox.simpleconfigurator.manipulator.source_2.0.300.v20170515-0721.jar...
...loaded -> org.eclipse.equinox.simpleconfigurator.manipulator.source
Loading file:/D:/Eclipse/eclipse-rcp-oxygen-3a-win32-x86_64/eclipse/plugins/org.eclipse.equinox.simpleconfigurator.manipulator_2.0.300.v20170515-0721.jar...
...loaded -> org.eclipse.equinox.simpleconfigurator.manipulator
Loading file:/D:/Eclipse/eclipse-rcp-oxygen-3a-win32-x86_64/eclipse/plugins/org.eclipse.equinox.simpleconfigurator.source_1.2.1.v20180131-1435.jar...
...loaded -> org.eclipse.equinox.simpleconfigurator.source
Loading file:/D:/Eclipse/eclipse-rcp-oxygen-3a-win32-x86_64/eclipse/plugins/org.eclipse.equinox.simpleconfigurator_1.2.1.v20180131-1435.jar...
...loaded -> org.eclipse.equinox.simpleconfigurator
Loading file:/D:/Eclipse/eclipse-rcp-oxygen-3a-win32-x86_64/eclipse/plugins/org.eclipse.equinox.util.source_1.0.500.v20130404-1337.jar...
...loaded -> org.eclipse.equinox.util.source
Loading file:/D:/Eclipse/eclipse-rcp-oxygen-3a-win32-x86_64/eclipse/plugins/org.eclipse.equinox.util_1.0.500.v20130404-1337.jar...
...loaded -> org.eclipse.equinox.util
Loading file:/D:/Eclipse/eclipse-rcp-oxygen-3a-win32-x86_64/eclipse/plugins/org.eclipse.gef_3.11.0.201606061308.jar...
...loaded -> org.eclipse.gef
Loading file:/D:/Eclipse/eclipse-rcp-oxygen-3a-win32-x86_64/eclipse/plugins/org.eclipse.gmf.runtime.common.core_1.7.0.201706061437.jar...
...loaded -> org.eclipse.gmf.runtime.common.core
Loading file:/D:/Eclipse/eclipse-rcp-oxygen-3a-win32-x86_64/eclipse/plugins/org.eclipse.gmf.runtime.common.ui.action.ide_1.7.0.201706061437.jar...
...loaded -> org.eclipse.gmf.runtime.common.ui.action.ide
Loading file:/D:/Eclipse/eclipse-rcp-oxygen-3a-win32-x86_64/eclipse/plugins/org.eclipse.gmf.runtime.common.ui.action_1.7.0.201706061437.jar...
...loaded -> org.eclipse.gmf.runtime.common.ui.action
Loading file:/D:/Eclipse/eclipse-rcp-oxygen-3a-win32-x86_64/eclipse/plugins/org.eclipse.gmf.runtime.common.ui.printing.win32_1.7.0.201706061437.jar...
Loading file:/D:/Eclipse/eclipse-rcp-oxygen-3a-win32-x86_64/eclipse/plugins/org.eclipse.gmf.runtime.common.ui.printing_1.7.0.201706061437.jar...
...loaded -> org.eclipse.gmf.runtime.common.ui.printing
Loading file:/D:/Eclipse/eclipse-rcp-oxygen-3a-win32-x86_64/eclipse/plugins/org.eclipse.gmf.runtime.common.ui.services.action_1.7.0.201706061437.jar...
...loaded -> org.eclipse.gmf.runtime.common.ui.services.action
Loading file:/D:/Eclipse/eclipse-rcp-oxygen-3a-win32-x86_64/eclipse/plugins/org.eclipse.gmf.runtime.common.ui.services.dnd.ide_1.7.0.201706061437.jar...
...loaded -> org.eclipse.gmf.runtime.common.ui.services.dnd.ide
Loading file:/D:/Eclipse/eclipse-rcp-oxygen-3a-win32-x86_64/eclipse/plugins/org.eclipse.gmf.runtime.common.ui.services.dnd_1.7.0.201706061437.jar...
...loaded -> org.eclipse.gmf.runtime.common.ui.services.dnd
Loading file:/D:/Eclipse/eclipse-rcp-oxygen-3a-win32-x86_64/eclipse/plugins/org.eclipse.gmf.runtime.common.ui.services.properties_1.9.0.201706061437.jar...
...loaded -> org.eclipse.gmf.runtime.common.ui.services.properties
Loading file:/D:/Eclipse/eclipse-rcp-oxygen-3a-win32-x86_64/eclipse/plugins/org.eclipse.gmf.runtime.common.ui.services_1.9.0.201706061437.jar...
...loaded -> org.eclipse.gmf.runtime.common.ui.services
Loading file:/D:/Eclipse/eclipse-rcp-oxygen-3a-win32-x86_64/eclipse/plugins/org.eclipse.gmf.runtime.common.ui_1.8.1.201706061437.jar...
...loaded -> org.eclipse.gmf.runtime.common.ui
Loading file:/D:/Eclipse/eclipse-rcp-oxygen-3a-win32-x86_64/eclipse/plugins/org.eclipse.gmf.runtime.diagram.core_1.7.0.201706061437.jar...
...loaded -> org.eclipse.gmf.runtime.diagram.core
Loading file:/D:/Eclipse/eclipse-rcp-oxygen-3a-win32-x86_64/eclipse/plugins/org.eclipse.gmf.runtime.diagram.ui.actions_1.7.0.201706061437.jar...
...loaded -> org.eclipse.gmf.runtime.diagram.ui.actions
Loading file:/D:/Eclipse/eclipse-rcp-oxygen-3a-win32-x86_64/eclipse/plugins/org.eclipse.gmf.runtime.diagram.ui.dnd_1.7.0.201706061437.jar...
...loaded -> org.eclipse.gmf.runtime.diagram.ui.dnd
Loading file:/D:/Eclipse/eclipse-rcp-oxygen-3a-win32-x86_64/eclipse/plugins/org.eclipse.gmf.runtime.diagram.ui.geoshapes_1.7.0.201706061437.jar...
...loaded -> org.eclipse.gmf.runtime.diagram.ui.geoshapes
Loading file:/D:/Eclipse/eclipse-rcp-oxygen-3a-win32-x86_64/eclipse/plugins/org.eclipse.gmf.runtime.diagram.ui.printing.render_1.8.0.201706061437.jar...
...loaded -> org.eclipse.gmf.runtime.diagram.ui.printing.render
Loading file:/D:/Eclipse/eclipse-rcp-oxygen-3a-win32-x86_64/eclipse/plugins/org.eclipse.gmf.runtime.diagram.ui.printing_1.7.0.201706061437.jar...
...loaded -> org.eclipse.gmf.runtime.diagram.ui.printing
Loading file:/D:/Eclipse/eclipse-rcp-oxygen-3a-win32-x86_64/eclipse/plugins/org.eclipse.gmf.runtime.diagram.ui.properties_1.7.0.201706061437.jar...
...loaded -> org.eclipse.gmf.runtime.diagram.ui.properties
Loading file:/D:/Eclipse/eclipse-rcp-oxygen-3a-win32-x86_64/eclipse/plugins/org.eclipse.gmf.runtime.diagram.ui.providers.ide_1.7.0.201706061437.jar...
...loaded -> org.eclipse.gmf.runtime.diagram.ui.providers.ide
Loading file:/D:/Eclipse/eclipse-rcp-oxygen-3a-win32-x86_64/eclipse/plugins/org.eclipse.gmf.runtime.diagram.ui.providers_1.7.0.201706061437.jar...
...loaded -> org.eclipse.gmf.runtime.diagram.ui.providers
Loading file:/D:/Eclipse/eclipse-rcp-oxygen-3a-win32-x86_64/eclipse/plugins/org.eclipse.gmf.runtime.diagram.ui.render_1.7.0.201706061437.jar...
...loaded -> org.eclipse.gmf.runtime.diagram.ui.render
Loading file:/D:/Eclipse/eclipse-rcp-oxygen-3a-win32-x86_64/eclipse/plugins/org.eclipse.gmf.runtime.diagram.ui.resources.editor.ide_1.7.0.201706061437.jar...
...loaded -> org.eclipse.gmf.runtime.diagram.ui.resources.editor.ide
Loading file:/D:/Eclipse/eclipse-rcp-oxygen-3a-win32-x86_64/eclipse/plugins/org.eclipse.gmf.runtime.diagram.ui.resources.editor_1.7.0.201706061437.jar...
...loaded -> org.eclipse.gmf.runtime.diagram.ui.resources.editor
Loading file:/D:/Eclipse/eclipse-rcp-oxygen-3a-win32-x86_64/eclipse/plugins/org.eclipse.gmf.runtime.diagram.ui_1.8.0.201706061437.jar...
...loaded -> org.eclipse.gmf.runtime.diagram.ui
Loading file:/D:/Eclipse/eclipse-rcp-oxygen-3a-win32-x86_64/eclipse/plugins/org.eclipse.gmf.runtime.draw2d.ui.render.awt_1.8.0.201706061437.jar...
...loaded -> org.eclipse.gmf.runtime.draw2d.ui.render.awt
Loading file:/D:/Eclipse/eclipse-rcp-oxygen-3a-win32-x86_64/eclipse/plugins/org.eclipse.gmf.runtime.draw2d.ui.render_1.7.0.201706061437.jar...
...loaded -> org.eclipse.gmf.runtime.draw2d.ui.render
Loading file:/D:/Eclipse/eclipse-rcp-oxygen-3a-win32-x86_64/eclipse/plugins/org.eclipse.gmf.runtime.draw2d.ui_1.9.0.201706061437.jar...
...loaded -> org.eclipse.gmf.runtime.draw2d.ui
Loading file:/D:/Eclipse/eclipse-rcp-oxygen-3a-win32-x86_64/eclipse/plugins/org.eclipse.gmf.runtime.emf.clipboard.core_1.7.0.201706061437.jar...
...loaded -> org.eclipse.gmf.runtime.emf.clipboard.core
Loading file:/D:/Eclipse/eclipse-rcp-oxygen-3a-win32-x86_64/eclipse/plugins/org.eclipse.gmf.runtime.emf.commands.core_1.7.0.201706061437.jar...
...loaded -> org.eclipse.gmf.runtime.emf.commands.core
Loading file:/D:/Eclipse/eclipse-rcp-oxygen-3a-win32-x86_64/eclipse/plugins/org.eclipse.gmf.runtime.emf.core_1.7.0.201706061437.jar...
...loaded -> org.eclipse.gmf.runtime.emf.core
Loading file:/D:/Eclipse/eclipse-rcp-oxygen-3a-win32-x86_64/eclipse/plugins/org.eclipse.gmf.runtime.emf.type.core_1.9.0.201706061437.jar...
...loaded -> org.eclipse.gmf.runtime.emf.type.core
Loading file:/D:/Eclipse/eclipse-rcp-oxygen-3a-win32-x86_64/eclipse/plugins/org.eclipse.gmf.runtime.emf.type.ui_1.7.0.201706061437.jar...
...loaded -> org.eclipse.gmf.runtime.emf.type.ui
Loading file:/D:/Eclipse/eclipse-rcp-oxygen-3a-win32-x86_64/eclipse/plugins/org.eclipse.gmf.runtime.emf.ui.properties_1.7.0.201706061437.jar...
...loaded -> org.eclipse.gmf.runtime.emf.ui.properties
Loading file:/D:/Eclipse/eclipse-rcp-oxygen-3a-win32-x86_64/eclipse/plugins/org.eclipse.gmf.runtime.emf.ui_1.7.0.201706061437.jar...
...loaded -> org.eclipse.gmf.runtime.emf.ui
Loading file:/D:/Eclipse/eclipse-rcp-oxygen-3a-win32-x86_64/eclipse/plugins/org.eclipse.gmf.runtime.gef.ui_1.7.0.201706061437.jar...
...loaded -> org.eclipse.gmf.runtime.gef.ui
Loading file:/D:/Eclipse/eclipse-rcp-oxygen-3a-win32-x86_64/eclipse/plugins/org.eclipse.gmf.runtime.notation.edit_1.7.0.201706061354.jar...
...loaded -> org.eclipse.gmf.runtime.notation.edit
Loading file:/D:/Eclipse/eclipse-rcp-oxygen-3a-win32-x86_64/eclipse/plugins/org.eclipse.gmf.runtime.notation.providers_1.7.0.201706061437.jar...
...loaded -> org.eclipse.gmf.runtime.notation.providers
Loading file:/D:/Eclipse/eclipse-rcp-oxygen-3a-win32-x86_64/eclipse/plugins/org.eclipse.gmf.runtime.notation_1.8.0.201706061354.jar...
...loaded -> org.eclipse.gmf.runtime.notation
Loading file:/D:/Eclipse/eclipse-rcp-oxygen-3a-win32-x86_64/eclipse/plugins/org.eclipse.gmf_1.11.0.201706061437.jar...
...loaded -> org.eclipse.gmf
Loading file:/D:/Eclipse/eclipse-rcp-oxygen-3a-win32-x86_64/eclipse/plugins/org.eclipse.help.base.source_4.2.153.v20180330-0640.jar...
...loaded -> org.eclipse.help.base.source
Loading file:/D:/Eclipse/eclipse-rcp-oxygen-3a-win32-x86_64/eclipse/plugins/org.eclipse.help.base_4.2.153.v20180330-0640.jar...
...loaded -> org.eclipse.help.base
Loading file:/D:/Eclipse/eclipse-rcp-oxygen-3a-win32-x86_64/eclipse/plugins/org.eclipse.help.source_3.8.1.v20170815-1448.jar...
...loaded -> org.eclipse.help.source
Loading file:/D:/Eclipse/eclipse-rcp-oxygen-3a-win32-x86_64/eclipse/plugins/org.eclipse.help.ui.source_4.1.0.v20170311-0931.jar...
...loaded -> org.eclipse.help.ui.source
Loading file:/D:/Eclipse/eclipse-rcp-oxygen-3a-win32-x86_64/eclipse/plugins/org.eclipse.help.ui_4.1.0.v20170311-0931.jar...
...loaded -> org.eclipse.help.ui
Loading file:/D:/Eclipse/eclipse-rcp-oxygen-3a-win32-x86_64/eclipse/plugins/org.eclipse.help.webapp.source_3.9.1.v20170816-0843.jar...
...loaded -> org.eclipse.help.webapp.source
Loading file:/D:/Eclipse/eclipse-rcp-oxygen-3a-win32-x86_64/eclipse/plugins/org.eclipse.help.webapp_3.9.1.v20170816-0843.jar...
...loaded -> org.eclipse.help.webapp
Loading file:/D:/Eclipse/eclipse-rcp-oxygen-3a-win32-x86_64/eclipse/plugins/org.eclipse.help_3.8.1.v20170815-1448.jar...
...loaded -> org.eclipse.help
Loading file:/D:/Eclipse/eclipse-rcp-oxygen-3a-win32-x86_64/eclipse/plugins/org.eclipse.jdt.annotation_1.1.150.v20180322-1206.jar...
...loaded -> org.eclipse.jdt.annotation
Loading file:/D:/Eclipse/eclipse-rcp-oxygen-3a-win32-x86_64/eclipse/plugins/org.eclipse.jdt.annotation_2.1.150.v20180322-1206.jar...
...loaded -> org.eclipse.jdt.annotation
Loading file:/D:/Eclipse/eclipse-rcp-oxygen-3a-win32-x86_64/eclipse/plugins/org.eclipse.jdt.apt.core_3.5.100.v20180322-1206.jar...
...loaded -> org.eclipse.jdt.apt.core
Loading file:/D:/Eclipse/eclipse-rcp-oxygen-3a-win32-x86_64/eclipse/plugins/org.eclipse.jdt.apt.pluggable.core_1.2.50.v20180322-1206.jar...
...loaded -> org.eclipse.jdt.apt.pluggable.core
Loading file:/D:/Eclipse/eclipse-rcp-oxygen-3a-win32-x86_64/eclipse/plugins/org.eclipse.jdt.apt.ui_3.5.50.v20180322-1206.jar...
...loaded -> org.eclipse.jdt.apt.ui
Loading file:/D:/Eclipse/eclipse-rcp-oxygen-3a-win32-x86_64/eclipse/plugins/org.eclipse.jdt.compiler.apt_1.3.110.v20180329-0935.jar...
...loaded -> org.eclipse.jdt.compiler.apt
Loading file:/D:/Eclipse/eclipse-rcp-oxygen-3a-win32-x86_64/eclipse/plugins/org.eclipse.jdt.compiler.tool_1.2.101.v20180329-0935.jar...
...loaded -> org.eclipse.jdt.compiler.tool
Loading file:/D:/Eclipse/eclipse-rcp-oxygen-3a-win32-x86_64/eclipse/plugins/org.eclipse.jdt.core.manipulation_1.9.100.v20180321-0831.jar...
...loaded -> org.eclipse.jdt.core.manipulation
Loading file:/D:/Eclipse/eclipse-rcp-oxygen-3a-win32-x86_64/eclipse/plugins/org.eclipse.jdt.core_3.13.102.v20180330-0919.jar...
...loaded -> org.eclipse.jdt.core
Loading file:/D:/Eclipse/eclipse-rcp-oxygen-3a-win32-x86_64/eclipse/plugins/org.eclipse.jdt.debug.ui_3.8.100.v20180322-1256.jar...
...loaded -> org.eclipse.jdt.debug.ui
Loading file:/D:/Eclipse/eclipse-rcp-oxygen-3a-win32-x86_64/eclipse/plugins/org.eclipse.jdt.doc.user_3.13.75.v20180329-0655.jar...
...loaded -> org.eclipse.jdt.doc.user
Loading file:/D:/Eclipse/eclipse-rcp-oxygen-3a-win32-x86_64/eclipse/plugins/org.eclipse.jdt.junit.core_3.9.100.v20180321-0831.jar...
...loaded -> org.eclipse.jdt.junit.core
Loading file:/D:/Eclipse/eclipse-rcp-oxygen-3a-win32-x86_64/eclipse/plugins/org.eclipse.jdt.junit.runtime_3.4.651.v20171130-0906.jar...
...loaded -> org.eclipse.jdt.junit.runtime
Loading file:/D:/Eclipse/eclipse-rcp-oxygen-3a-win32-x86_64/eclipse/plugins/org.eclipse.jdt.junit4.runtime_1.1.650.v20170920-1015.jar...
...loaded -> org.eclipse.jdt.junit4.runtime
Loading file:/D:/Eclipse/eclipse-rcp-oxygen-3a-win32-x86_64/eclipse/plugins/org.eclipse.jdt.junit5.runtime_1.0.1.v20171130-0906.jar...
...loaded -> org.eclipse.jdt.junit5.runtime
Loading file:/D:/Eclipse/eclipse-rcp-oxygen-3a-win32-x86_64/eclipse/plugins/org.eclipse.jdt.junit_3.10.75.v20180322-1731.jar...
...loaded -> org.eclipse.jdt.junit
Loading file:/D:/Eclipse/eclipse-rcp-oxygen-3a-win32-x86_64/eclipse/plugins/org.eclipse.jdt.launching_3.9.100.v20180323-1351.jar...
...loaded -> org.eclipse.jdt.launching
Loading file:/D:/Eclipse/eclipse-rcp-oxygen-3a-win32-x86_64/eclipse/plugins/org.eclipse.jdt.ui_3.13.100.v20180330-0726.jar...
...loaded -> org.eclipse.jdt.ui
Loading file:/D:/Eclipse/eclipse-rcp-oxygen-3a-win32-x86_64/eclipse/plugins/org.eclipse.jdt_3.13.4.v20180330-0640.jar...
...loaded -> org.eclipse.jdt
Loading file:/D:/Eclipse/eclipse-rcp-oxygen-3a-win32-x86_64/eclipse/plugins/org.eclipse.jem.util_2.1.201.v201707201954.jar...
...loaded -> org.eclipse.jem.util
Loading file:/D:/Eclipse/eclipse-rcp-oxygen-3a-win32-x86_64/eclipse/plugins/org.eclipse.jetty.continuation.source_9.4.8.v20171121.jar...
...loaded -> org.eclipse.jetty.continuation.source
Loading file:/D:/Eclipse/eclipse-rcp-oxygen-3a-win32-x86_64/eclipse/plugins/org.eclipse.jetty.continuation_9.4.8.v20171121.jar...
...loaded -> org.eclipse.jetty.continuation
Loading file:/D:/Eclipse/eclipse-rcp-oxygen-3a-win32-x86_64/eclipse/plugins/org.eclipse.jetty.http.source_9.4.8.v20171121.jar...
...loaded -> org.eclipse.jetty.http.source
Loading file:/D:/Eclipse/eclipse-rcp-oxygen-3a-win32-x86_64/eclipse/plugins/org.eclipse.jetty.http_9.4.8.v20171121.jar...
...loaded -> org.eclipse.jetty.http
Loading file:/D:/Eclipse/eclipse-rcp-oxygen-3a-win32-x86_64/eclipse/plugins/org.eclipse.jetty.io.source_9.4.8.v20171121.jar...
...loaded -> org.eclipse.jetty.io.source
Loading file:/D:/Eclipse/eclipse-rcp-oxygen-3a-win32-x86_64/eclipse/plugins/org.eclipse.jetty.io_9.4.8.v20171121.jar...
...loaded -> org.eclipse.jetty.io
Loading file:/D:/Eclipse/eclipse-rcp-oxygen-3a-win32-x86_64/eclipse/plugins/org.eclipse.jetty.security.source_9.4.8.v20171121.jar...
...loaded -> org.eclipse.jetty.security.source
Loading file:/D:/Eclipse/eclipse-rcp-oxygen-3a-win32-x86_64/eclipse/plugins/org.eclipse.jetty.security_9.4.8.v20171121.jar...
...loaded -> org.eclipse.jetty.security
Loading file:/D:/Eclipse/eclipse-rcp-oxygen-3a-win32-x86_64/eclipse/plugins/org.eclipse.jetty.server.source_9.4.8.v20171121.jar...
...loaded -> org.eclipse.jetty.server.source
Loading file:/D:/Eclipse/eclipse-rcp-oxygen-3a-win32-x86_64/eclipse/plugins/org.eclipse.jetty.server_9.4.8.v20171121.jar...
...loaded -> org.eclipse.jetty.server
Loading file:/D:/Eclipse/eclipse-rcp-oxygen-3a-win32-x86_64/eclipse/plugins/org.eclipse.jetty.servlet.source_9.4.8.v20171121.jar...
...loaded -> org.eclipse.jetty.servlet.source
Loading file:/D:/Eclipse/eclipse-rcp-oxygen-3a-win32-x86_64/eclipse/plugins/org.eclipse.jetty.servlet_9.4.8.v20171121.jar...
...loaded -> org.eclipse.jetty.servlet
Loading file:/D:/Eclipse/eclipse-rcp-oxygen-3a-win32-x86_64/eclipse/plugins/org.eclipse.jetty.util.source_9.4.8.v20171121.jar...
...loaded -> org.eclipse.jetty.util.source
Loading file:/D:/Eclipse/eclipse-rcp-oxygen-3a-win32-x86_64/eclipse/plugins/org.eclipse.jetty.util_9.4.8.v20171121.jar...
...loaded -> org.eclipse.jetty.util
Loading file:/D:/Eclipse/eclipse-rcp-oxygen-3a-win32-x86_64/eclipse/plugins/org.eclipse.jetty.webapp_9.4.8.v20171121.jar...
...loaded -> org.eclipse.jetty.webapp
Loading file:/D:/Eclipse/eclipse-rcp-oxygen-3a-win32-x86_64/eclipse/plugins/org.eclipse.jetty.xml_9.4.8.v20171121.jar...
...loaded -> org.eclipse.jetty.xml
Loading file:/D:/Eclipse/eclipse-rcp-oxygen-3a-win32-x86_64/eclipse/plugins/org.eclipse.jface.databinding.source_1.8.100.v20170503-1507.jar...
...loaded -> org.eclipse.jface.databinding.source
Loading file:/D:/Eclipse/eclipse-rcp-oxygen-3a-win32-x86_64/eclipse/plugins/org.eclipse.jface.databinding_1.8.100.v20170503-1507.jar...
...loaded -> org.eclipse.jface.databinding
Loading file:/D:/Eclipse/eclipse-rcp-oxygen-3a-win32-x86_64/eclipse/plugins/org.eclipse.jface.source_3.13.2.v20171022-1656.jar...
...loaded -> org.eclipse.jface.source
Loading file:/D:/Eclipse/eclipse-rcp-oxygen-3a-win32-x86_64/eclipse/plugins/org.eclipse.jface.text.source_3.12.2.v20180112-1341.jar...
...loaded -> org.eclipse.jface.text.source
Loading file:/D:/Eclipse/eclipse-rcp-oxygen-3a-win32-x86_64/eclipse/plugins/org.eclipse.jface.text_3.12.2.v20180112-1341.jar...
...loaded -> org.eclipse.jface.text
Loading file:/D:/Eclipse/eclipse-rcp-oxygen-3a-win32-x86_64/eclipse/plugins/org.eclipse.jface_3.13.2.v20171022-1656.jar...
...loaded -> org.eclipse.jface
Loading file:/D:/Eclipse/eclipse-rcp-oxygen-3a-win32-x86_64/eclipse/plugins/org.eclipse.jgit.archive_4.9.2.201712150930-r.jar...
...loaded -> org.eclipse.jgit.archive
Loading file:/D:/Eclipse/eclipse-rcp-oxygen-3a-win32-x86_64/eclipse/plugins/org.eclipse.jgit_4.9.2.201712150930-r.jar...
...loaded -> org.eclipse.jgit
Loading file:/D:/Eclipse/eclipse-rcp-oxygen-3a-win32-x86_64/eclipse/plugins/org.eclipse.jsch.core.source_1.3.0.v20160422-1917.jar...
...loaded -> org.eclipse.jsch.core.source
Loading file:/D:/Eclipse/eclipse-rcp-oxygen-3a-win32-x86_64/eclipse/plugins/org.eclipse.jsch.core_1.3.0.v20160422-1917.jar...
...loaded -> org.eclipse.jsch.core
Loading file:/D:/Eclipse/eclipse-rcp-oxygen-3a-win32-x86_64/eclipse/plugins/org.eclipse.jsch.ui.source_1.3.0.v20160323-1650.jar...
...loaded -> org.eclipse.jsch.ui.source
Loading file:/D:/Eclipse/eclipse-rcp-oxygen-3a-win32-x86_64/eclipse/plugins/org.eclipse.jsch.ui_1.3.0.v20160323-1650.jar...
...loaded -> org.eclipse.jsch.ui
Loading file:/D:/Eclipse/eclipse-rcp-oxygen-3a-win32-x86_64/eclipse/plugins/org.eclipse.ltk.core.refactoring.source_3.8.0.v20170105-1156.jar...
...loaded -> org.eclipse.ltk.core.refactoring.source
Loading file:/D:/Eclipse/eclipse-rcp-oxygen-3a-win32-x86_64/eclipse/plugins/org.eclipse.ltk.core.refactoring_3.8.0.v20170105-1156.jar...
...loaded -> org.eclipse.ltk.core.refactoring
Loading file:/D:/Eclipse/eclipse-rcp-oxygen-3a-win32-x86_64/eclipse/plugins/org.eclipse.ltk.ui.refactoring.source_3.9.0.v20170412-0825.jar...
...loaded -> org.eclipse.ltk.ui.refactoring.source
Loading file:/D:/Eclipse/eclipse-rcp-oxygen-3a-win32-x86_64/eclipse/plugins/org.eclipse.ltk.ui.refactoring_3.9.0.v20170412-0825.jar...
...loaded -> org.eclipse.ltk.ui.refactoring
Loading file:/D:/Eclipse/eclipse-rcp-oxygen-3a-win32-x86_64/eclipse/plugins/org.eclipse.m2e.core.ui_1.8.3.20180227-2137.jar...
...loaded -> org.eclipse.m2e.core.ui
Loading file:/D:/Eclipse/eclipse-rcp-oxygen-3a-win32-x86_64/eclipse/plugins/org.eclipse.m2e.core_1.8.3.20180227-2137.jar...
...loaded -> org.eclipse.m2e.core
Loading file:/D:/Eclipse/eclipse-rcp-oxygen-3a-win32-x86_64/eclipse/plugins/org.eclipse.m2e.discovery_1.8.3.20180227-2137.jar...
...loaded -> org.eclipse.m2e.discovery
Loading file:/D:/Eclipse/eclipse-rcp-oxygen-3a-win32-x86_64/eclipse/plugins/org.eclipse.m2e.editor.xml_1.8.3.20180227-2137.jar...
...loaded -> org.eclipse.m2e.editor.xml
Loading file:/D:/Eclipse/eclipse-rcp-oxygen-3a-win32-x86_64/eclipse/plugins/org.eclipse.m2e.editor_1.8.3.20180227-2137.jar...
...loaded -> org.eclipse.m2e.editor
Loading file:/D:/Eclipse/eclipse-rcp-oxygen-3a-win32-x86_64/eclipse/plugins/org.eclipse.m2e.importer_1.8.3.20180227-2137.jar...
...loaded -> org.eclipse.m2e.importer
Loading file:/D:/Eclipse/eclipse-rcp-oxygen-3a-win32-x86_64/eclipse/plugins/org.eclipse.m2e.jdt.ui_1.8.3.20180227-2137.jar...
...loaded -> org.eclipse.m2e.jdt.ui
Loading file:/D:/Eclipse/eclipse-rcp-oxygen-3a-win32-x86_64/eclipse/plugins/org.eclipse.m2e.jdt_1.8.3.20180227-2137.jar...
...loaded -> org.eclipse.m2e.jdt
Loading file:/D:/Eclipse/eclipse-rcp-oxygen-3a-win32-x86_64/eclipse/plugins/org.eclipse.m2e.launching_1.8.3.20180227-2137.jar...
...loaded -> org.eclipse.m2e.launching
Loading file:/D:/Eclipse/eclipse-rcp-oxygen-3a-win32-x86_64/eclipse/plugins/org.eclipse.m2e.lifecyclemapping.defaults_1.8.3.20180227-2137.jar...
...loaded -> org.eclipse.m2e.lifecyclemapping.defaults
Loading file:/D:/Eclipse/eclipse-rcp-oxygen-3a-win32-x86_64/eclipse/plugins/org.eclipse.m2e.logback.appender_1.8.3.20180227-2137.jar...
...loaded -> org.eclipse.m2e.logback.appender
Loading file:/D:/Eclipse/eclipse-rcp-oxygen-3a-win32-x86_64/eclipse/plugins/org.eclipse.m2e.logback.configuration_1.8.3.20180227-2137.jar...
...loaded -> org.eclipse.m2e.logback.configuration
Loading file:/D:/Eclipse/eclipse-rcp-oxygen-3a-win32-x86_64/eclipse/plugins/org.eclipse.m2e.model.edit_1.8.3.20180227-2137.jar...
...loaded -> org.eclipse.m2e.model.edit
Loading file:/D:/Eclipse/eclipse-rcp-oxygen-3a-win32-x86_64/eclipse/plugins/org.eclipse.m2e.profiles.core_1.8.3.20180227-2137.jar...
...loaded -> org.eclipse.m2e.profiles.core
Loading file:/D:/Eclipse/eclipse-rcp-oxygen-3a-win32-x86_64/eclipse/plugins/org.eclipse.m2e.profiles.ui_1.8.3.20180227-2137.jar...
...loaded -> org.eclipse.m2e.profiles.ui
Loading file:/D:/Eclipse/eclipse-rcp-oxygen-3a-win32-x86_64/eclipse/plugins/org.eclipse.m2e.refactoring_1.8.3.20180227-2137.jar...
...loaded -> org.eclipse.m2e.refactoring
Loading file:/D:/Eclipse/eclipse-rcp-oxygen-3a-win32-x86_64/eclipse/plugins/org.eclipse.m2e.scm_1.8.3.20180227-2137.jar...
...loaded -> org.eclipse.m2e.scm
Loading file:/D:/Eclipse/eclipse-rcp-oxygen-3a-win32-x86_64/eclipse/plugins/org.eclipse.m2e.workspace.cli_0.3.1.jar...
...loaded -> org.eclipse.m2e.workspace.cli
Loading file:/D:/Eclipse/eclipse-rcp-oxygen-3a-win32-x86_64/eclipse/plugins/org.eclipse.mylyn.bugzilla.core_3.23.1.v20170623-0008.jar...
...loaded -> org.eclipse.mylyn.bugzilla.core
Loading file:/D:/Eclipse/eclipse-rcp-oxygen-3a-win32-x86_64/eclipse/plugins/org.eclipse.mylyn.bugzilla.ide_3.23.0.v20170411-2108.jar...
...loaded -> org.eclipse.mylyn.bugzilla.ide
Loading file:/D:/Eclipse/eclipse-rcp-oxygen-3a-win32-x86_64/eclipse/plugins/org.eclipse.mylyn.bugzilla.ui_3.23.1.v20170623-0008.jar...
...loaded -> org.eclipse.mylyn.bugzilla.ui
Loading file:/D:/Eclipse/eclipse-rcp-oxygen-3a-win32-x86_64/eclipse/plugins/org.eclipse.mylyn.builds.core_1.15.0.v20170411-2141.jar...
...loaded -> org.eclipse.mylyn.builds.core
Loading file:/D:/Eclipse/eclipse-rcp-oxygen-3a-win32-x86_64/eclipse/plugins/org.eclipse.mylyn.builds.ui_1.15.0.v20170411-2141.jar...
...loaded -> org.eclipse.mylyn.builds.ui
Loading file:/D:/Eclipse/eclipse-rcp-oxygen-3a-win32-x86_64/eclipse/plugins/org.eclipse.mylyn.commons.core_3.23.0.v20170411-1844.jar...
...loaded -> org.eclipse.mylyn.commons.core
Loading file:/D:/Eclipse/eclipse-rcp-oxygen-3a-win32-x86_64/eclipse/plugins/org.eclipse.mylyn.commons.identity.core_1.15.0.v20170411-1844.jar...
...loaded -> org.eclipse.mylyn.commons.identity.core
Loading file:/D:/Eclipse/eclipse-rcp-oxygen-3a-win32-x86_64/eclipse/plugins/org.eclipse.mylyn.commons.net_3.23.0.v20170411-1844.jar...
...loaded -> org.eclipse.mylyn.commons.net
Loading file:/D:/Eclipse/eclipse-rcp-oxygen-3a-win32-x86_64/eclipse/plugins/org.eclipse.mylyn.commons.notifications.core_1.15.0.v20170411-1844.jar...
...loaded -> org.eclipse.mylyn.commons.notifications.core
Loading file:/D:/Eclipse/eclipse-rcp-oxygen-3a-win32-x86_64/eclipse/plugins/org.eclipse.mylyn.commons.notifications.feed_1.15.0.v20170411-1844.jar...
...loaded -> org.eclipse.mylyn.commons.notifications.feed
Loading file:/D:/Eclipse/eclipse-rcp-oxygen-3a-win32-x86_64/eclipse/plugins/org.eclipse.mylyn.commons.notifications.ui_1.15.0.v20170411-1844.jar...
...loaded -> org.eclipse.mylyn.commons.notifications.ui
Loading file:/D:/Eclipse/eclipse-rcp-oxygen-3a-win32-x86_64/eclipse/plugins/org.eclipse.mylyn.commons.repositories.core_1.15.0.v20170411-1844.jar...
...loaded -> org.eclipse.mylyn.commons.repositories.core
Loading file:/D:/Eclipse/eclipse-rcp-oxygen-3a-win32-x86_64/eclipse/plugins/org.eclipse.mylyn.commons.repositories.http.core_1.15.0.v20170411-1844.jar...
...loaded -> org.eclipse.mylyn.commons.repositories.http.core
Loading file:/D:/Eclipse/eclipse-rcp-oxygen-3a-win32-x86_64/eclipse/plugins/org.eclipse.mylyn.commons.repositories.ui_1.15.0.v20170411-1844.jar...
...loaded -> org.eclipse.mylyn.commons.repositories.ui
Loading file:/D:/Eclipse/eclipse-rcp-oxygen-3a-win32-x86_64/eclipse/plugins/org.eclipse.mylyn.commons.screenshots_3.23.0.v20170411-1844.jar...
...loaded -> org.eclipse.mylyn.commons.screenshots
Loading file:/D:/Eclipse/eclipse-rcp-oxygen-3a-win32-x86_64/eclipse/plugins/org.eclipse.mylyn.commons.ui_3.23.0.v20170411-1844.jar...
...loaded -> org.eclipse.mylyn.commons.ui
Loading file:/D:/Eclipse/eclipse-rcp-oxygen-3a-win32-x86_64/eclipse/plugins/org.eclipse.mylyn.commons.workbench_3.23.0.v20170503-0014.jar...
...loaded -> org.eclipse.mylyn.commons.workbench
Loading file:/D:/Eclipse/eclipse-rcp-oxygen-3a-win32-x86_64/eclipse/plugins/org.eclipse.mylyn.commons.xmlrpc_3.23.0.v20170411-1844.jar...
...loaded -> org.eclipse.mylyn.commons.xmlrpc
Loading file:/D:/Eclipse/eclipse-rcp-oxygen-3a-win32-x86_64/eclipse/plugins/org.eclipse.mylyn.context.core_3.23.0.v20170411-2108.jar...
...loaded -> org.eclipse.mylyn.context.core
Loading file:/D:/Eclipse/eclipse-rcp-oxygen-3a-win32-x86_64/eclipse/plugins/org.eclipse.mylyn.context.tasks.ui_3.23.0.v20170411-2108.jar...
...loaded -> org.eclipse.mylyn.context.tasks.ui
Loading file:/D:/Eclipse/eclipse-rcp-oxygen-3a-win32-x86_64/eclipse/plugins/org.eclipse.mylyn.context.ui_3.23.0.v20170414-0629.jar...
...loaded -> org.eclipse.mylyn.context.ui
Loading file:/D:/Eclipse/eclipse-rcp-oxygen-3a-win32-x86_64/eclipse/plugins/org.eclipse.mylyn.debug.ui_3.23.0.v20170411-2108.jar...
...loaded -> org.eclipse.mylyn.debug.ui
Loading file:/D:/Eclipse/eclipse-rcp-oxygen-3a-win32-x86_64/eclipse/plugins/org.eclipse.mylyn.discovery.core_3.23.0.v20170411-1844.jar...
...loaded -> org.eclipse.mylyn.discovery.core
Loading file:/D:/Eclipse/eclipse-rcp-oxygen-3a-win32-x86_64/eclipse/plugins/org.eclipse.mylyn.discovery.ui_3.23.0.v20170411-1844.jar...
...loaded -> org.eclipse.mylyn.discovery.ui
Loading file:/D:/Eclipse/eclipse-rcp-oxygen-3a-win32-x86_64/eclipse/plugins/org.eclipse.mylyn.gerrit.core_2.14.0.v20170411-2108.jar...
...loaded -> org.eclipse.mylyn.gerrit.core
Loading file:/D:/Eclipse/eclipse-rcp-oxygen-3a-win32-x86_64/eclipse/plugins/org.eclipse.mylyn.gerrit.ui_2.14.0.v20170411-2108.jar...
...loaded -> org.eclipse.mylyn.gerrit.ui
Loading file:/D:/Eclipse/eclipse-rcp-oxygen-3a-win32-x86_64/eclipse/plugins/org.eclipse.mylyn.git.core_1.15.0.v20170411-2003.jar...
...loaded -> org.eclipse.mylyn.git.core
Loading file:/D:/Eclipse/eclipse-rcp-oxygen-3a-win32-x86_64/eclipse/plugins/org.eclipse.mylyn.git.ui_1.15.0.v20170411-2003.jar...
...loaded -> org.eclipse.mylyn.git.ui
Loading file:/D:/Eclipse/eclipse-rcp-oxygen-3a-win32-x86_64/eclipse/plugins/org.eclipse.mylyn.help.ui_3.23.1.v20170623-0008.jar...
...loaded -> org.eclipse.mylyn.help.ui
Loading file:/D:/Eclipse/eclipse-rcp-oxygen-3a-win32-x86_64/eclipse/plugins/org.eclipse.mylyn.hudson.core_1.15.0.v20170411-2141.jar...
...loaded -> org.eclipse.mylyn.hudson.core
Loading file:/D:/Eclipse/eclipse-rcp-oxygen-3a-win32-x86_64/eclipse/plugins/org.eclipse.mylyn.hudson.ui_1.15.0.v20170411-2141.jar...
...loaded -> org.eclipse.mylyn.hudson.ui
Loading file:/D:/Eclipse/eclipse-rcp-oxygen-3a-win32-x86_64/eclipse/plugins/org.eclipse.mylyn.ide.ant_3.23.0.v20170411-2108.jar...
...loaded -> org.eclipse.mylyn.ide.ant
Loading file:/D:/Eclipse/eclipse-rcp-oxygen-3a-win32-x86_64/eclipse/plugins/org.eclipse.mylyn.ide.ui_3.23.0.v20170411-2108.jar...
...loaded -> org.eclipse.mylyn.ide.ui
Loading file:/D:/Eclipse/eclipse-rcp-oxygen-3a-win32-x86_64/eclipse/plugins/org.eclipse.mylyn.java.tasks_3.23.0.v20170411-2108.jar...
...loaded -> org.eclipse.mylyn.java.tasks
Loading file:/D:/Eclipse/eclipse-rcp-oxygen-3a-win32-x86_64/eclipse/plugins/org.eclipse.mylyn.java.ui_3.23.0.v20170411-2108.jar...
...loaded -> org.eclipse.mylyn.java.ui
Loading file:/D:/Eclipse/eclipse-rcp-oxygen-3a-win32-x86_64/eclipse/plugins/org.eclipse.mylyn.monitor.core_3.23.0.v20170411-1844.jar...
...loaded -> org.eclipse.mylyn.monitor.core
Loading file:/D:/Eclipse/eclipse-rcp-oxygen-3a-win32-x86_64/eclipse/plugins/org.eclipse.mylyn.monitor.ui_3.23.0.v20170411-1844.jar...
...loaded -> org.eclipse.mylyn.monitor.ui
Loading file:/D:/Eclipse/eclipse-rcp-oxygen-3a-win32-x86_64/eclipse/plugins/org.eclipse.mylyn.pde.ui_3.23.0.v20170411-2108.jar...
...loaded -> org.eclipse.mylyn.pde.ui
Loading file:/D:/Eclipse/eclipse-rcp-oxygen-3a-win32-x86_64/eclipse/plugins/org.eclipse.mylyn.resources.ui_3.23.0.v20170411-2108.jar...
...loaded -> org.eclipse.mylyn.resources.ui
Loading file:/D:/Eclipse/eclipse-rcp-oxygen-3a-win32-x86_64/eclipse/plugins/org.eclipse.mylyn.reviews.core_2.14.0.v20170411-2108.jar...
...loaded -> org.eclipse.mylyn.reviews.core
Loading file:/D:/Eclipse/eclipse-rcp-oxygen-3a-win32-x86_64/eclipse/plugins/org.eclipse.mylyn.reviews.edit_2.14.0.v20170411-2108.jar...
...loaded -> org.eclipse.mylyn.reviews.edit
Loading file:/D:/Eclipse/eclipse-rcp-oxygen-3a-win32-x86_64/eclipse/plugins/org.eclipse.mylyn.reviews.ui_2.14.0.v20170411-2108.jar...
...loaded -> org.eclipse.mylyn.reviews.ui
Loading file:/D:/Eclipse/eclipse-rcp-oxygen-3a-win32-x86_64/eclipse/plugins/org.eclipse.mylyn.tasks.bugs_3.23.1.v20170623-0008.jar...
...loaded -> org.eclipse.mylyn.tasks.bugs
Loading file:/D:/Eclipse/eclipse-rcp-oxygen-3a-win32-x86_64/eclipse/plugins/org.eclipse.mylyn.tasks.core_3.23.1.v20170623-0008.jar...
...loaded -> org.eclipse.mylyn.tasks.core
Loading file:/D:/Eclipse/eclipse-rcp-oxygen-3a-win32-x86_64/eclipse/plugins/org.eclipse.mylyn.tasks.index.core_3.23.1.v20170623-0008.jar...
...loaded -> org.eclipse.mylyn.tasks.index.core
Loading file:/D:/Eclipse/eclipse-rcp-oxygen-3a-win32-x86_64/eclipse/plugins/org.eclipse.mylyn.tasks.index.ui_3.23.1.v20170623-0008.jar...
...loaded -> org.eclipse.mylyn.tasks.index.ui
Loading file:/D:/Eclipse/eclipse-rcp-oxygen-3a-win32-x86_64/eclipse/plugins/org.eclipse.mylyn.tasks.search_3.23.1.v20170623-0008.jar...
...loaded -> org.eclipse.mylyn.tasks.search
Loading file:/D:/Eclipse/eclipse-rcp-oxygen-3a-win32-x86_64/eclipse/plugins/org.eclipse.mylyn.tasks.ui_3.23.1.v20170623-0008.jar...
...loaded -> org.eclipse.mylyn.tasks.ui
Loading file:/D:/Eclipse/eclipse-rcp-oxygen-3a-win32-x86_64/eclipse/plugins/org.eclipse.mylyn.team.ui_3.23.0.v20170411-2108.jar...
...loaded -> org.eclipse.mylyn.team.ui
Loading file:/D:/Eclipse/eclipse-rcp-oxygen-3a-win32-x86_64/eclipse/plugins/org.eclipse.mylyn.versions.core_1.15.0.v20170411-2003.jar...
...loaded -> org.eclipse.mylyn.versions.core
Loading file:/D:/Eclipse/eclipse-rcp-oxygen-3a-win32-x86_64/eclipse/plugins/org.eclipse.mylyn.versions.ui_1.15.0.v20170411-2003.jar...
...loaded -> org.eclipse.mylyn.versions.ui
Loading file:/D:/Eclipse/eclipse-rcp-oxygen-3a-win32-x86_64/eclipse/plugins/org.eclipse.mylyn.wikitext.ant_3.0.19.20171117145831.jar...
...loaded -> org.eclipse.mylyn.wikitext.ant
Loading file:/D:/Eclipse/eclipse-rcp-oxygen-3a-win32-x86_64/eclipse/plugins/org.eclipse.mylyn.wikitext.asciidoc.ui_3.0.19.201711172000.jar...
...loaded -> org.eclipse.mylyn.wikitext.asciidoc.ui
Loading file:/D:/Eclipse/eclipse-rcp-oxygen-3a-win32-x86_64/eclipse/plugins/org.eclipse.mylyn.wikitext.asciidoc_3.0.19.20171117145831.jar...
...loaded -> org.eclipse.mylyn.wikitext.asciidoc
Loading file:/D:/Eclipse/eclipse-rcp-oxygen-3a-win32-x86_64/eclipse/plugins/org.eclipse.mylyn.wikitext.confluence.ui_3.0.19.201711172000.jar...
...loaded -> org.eclipse.mylyn.wikitext.confluence.ui
Loading file:/D:/Eclipse/eclipse-rcp-oxygen-3a-win32-x86_64/eclipse/plugins/org.eclipse.mylyn.wikitext.confluence_3.0.19.20171117145831.jar...
...loaded -> org.eclipse.mylyn.wikitext.confluence
Loading file:/D:/Eclipse/eclipse-rcp-oxygen-3a-win32-x86_64/eclipse/plugins/org.eclipse.mylyn.wikitext.context.ui_3.0.19.201711172000.jar...
...loaded -> org.eclipse.mylyn.wikitext.context.ui
Loading file:/D:/Eclipse/eclipse-rcp-oxygen-3a-win32-x86_64/eclipse/plugins/org.eclipse.mylyn.wikitext.help.ui_3.0.19.201711172000.jar...
...loaded -> org.eclipse.mylyn.wikitext.help.ui
Loading file:/D:/Eclipse/eclipse-rcp-oxygen-3a-win32-x86_64/eclipse/plugins/org.eclipse.mylyn.wikitext.html_3.0.19.20171117145831.jar...
...loaded -> org.eclipse.mylyn.wikitext.html
Loading file:/D:/Eclipse/eclipse-rcp-oxygen-3a-win32-x86_64/eclipse/plugins/org.eclipse.mylyn.wikitext.markdown.ui_3.0.19.201711172000.jar...
...loaded -> org.eclipse.mylyn.wikitext.markdown.ui
Loading file:/D:/Eclipse/eclipse-rcp-oxygen-3a-win32-x86_64/eclipse/plugins/org.eclipse.mylyn.wikitext.markdown_3.0.19.20171117145831.jar...
...loaded -> org.eclipse.mylyn.wikitext.markdown
Loading file:/D:/Eclipse/eclipse-rcp-oxygen-3a-win32-x86_64/eclipse/plugins/org.eclipse.mylyn.wikitext.mediawiki.ui_3.0.19.201711172000.jar...
...loaded -> org.eclipse.mylyn.wikitext.mediawiki.ui
Loading file:/D:/Eclipse/eclipse-rcp-oxygen-3a-win32-x86_64/eclipse/plugins/org.eclipse.mylyn.wikitext.mediawiki_3.0.19.20171117145831.jar...
...loaded -> org.eclipse.mylyn.wikitext.mediawiki
Loading file:/D:/Eclipse/eclipse-rcp-oxygen-3a-win32-x86_64/eclipse/plugins/org.eclipse.mylyn.wikitext.osgi_3.0.19.201711172000.jar...
...loaded -> org.eclipse.mylyn.wikitext.osgi
Loading file:/D:/Eclipse/eclipse-rcp-oxygen-3a-win32-x86_64/eclipse/plugins/org.eclipse.mylyn.wikitext.tasks.ui_3.0.19.201711172000.jar...
...loaded -> org.eclipse.mylyn.wikitext.tasks.ui
Loading file:/D:/Eclipse/eclipse-rcp-oxygen-3a-win32-x86_64/eclipse/plugins/org.eclipse.mylyn.wikitext.textile.ui_3.0.19.201711172000.jar...
...loaded -> org.eclipse.mylyn.wikitext.textile.ui
Loading file:/D:/Eclipse/eclipse-rcp-oxygen-3a-win32-x86_64/eclipse/plugins/org.eclipse.mylyn.wikitext.textile_3.0.19.20171117145831.jar...
...loaded -> org.eclipse.mylyn.wikitext.textile
Loading file:/D:/Eclipse/eclipse-rcp-oxygen-3a-win32-x86_64/eclipse/plugins/org.eclipse.mylyn.wikitext.tracwiki.ui_3.0.19.201711172000.jar...
...loaded -> org.eclipse.mylyn.wikitext.tracwiki.ui
Loading file:/D:/Eclipse/eclipse-rcp-oxygen-3a-win32-x86_64/eclipse/plugins/org.eclipse.mylyn.wikitext.tracwiki_3.0.19.20171117145831.jar...
...loaded -> org.eclipse.mylyn.wikitext.tracwiki
Loading file:/D:/Eclipse/eclipse-rcp-oxygen-3a-win32-x86_64/eclipse/plugins/org.eclipse.mylyn.wikitext.twiki.ui_3.0.19.201711172000.jar...
...loaded -> org.eclipse.mylyn.wikitext.twiki.ui
Loading file:/D:/Eclipse/eclipse-rcp-oxygen-3a-win32-x86_64/eclipse/plugins/org.eclipse.mylyn.wikitext.twiki_3.0.19.20171117145831.jar...
...loaded -> org.eclipse.mylyn.wikitext.twiki
Loading file:/D:/Eclipse/eclipse-rcp-oxygen-3a-win32-x86_64/eclipse/plugins/org.eclipse.mylyn.wikitext.ui_3.0.19.201711172000.jar...
...loaded -> org.eclipse.mylyn.wikitext.ui
Loading file:/D:/Eclipse/eclipse-rcp-oxygen-3a-win32-x86_64/eclipse/plugins/org.eclipse.mylyn.wikitext_3.0.19.20171117145831.jar...
...loaded -> org.eclipse.mylyn.wikitext
Loading file:/D:/Eclipse/eclipse-rcp-oxygen-3a-win32-x86_64/eclipse/plugins/org.eclipse.nebula.widgets.grid.source_1.1.0.201904281619.jar...
...loaded -> org.eclipse.nebula.widgets.grid.source
Loading file:/D:/Eclipse/eclipse-rcp-oxygen-3a-win32-x86_64/eclipse/plugins/org.eclipse.nebula.widgets.grid_1.1.0.201904281619.jar...
...loaded -> org.eclipse.nebula.widgets.grid
Loading file:/D:/Eclipse/eclipse-rcp-oxygen-3a-win32-x86_64/eclipse/plugins/org.eclipse.nebula.widgets.tablecombo_1.0.0.201706132015.jar...
...loaded -> org.eclipse.nebula.widgets.tablecombo
Loading file:/D:/Eclipse/eclipse-rcp-oxygen-3a-win32-x86_64/eclipse/plugins/org.eclipse.oomph.base.edit_1.8.0.v20170318-0624.jar...
...loaded -> org.eclipse.oomph.base.edit
Loading file:/D:/Eclipse/eclipse-rcp-oxygen-3a-win32-x86_64/eclipse/plugins/org.eclipse.oomph.base_1.8.0.v20170318-0624.jar...
...loaded -> org.eclipse.oomph.base
Loading file:/D:/Eclipse/eclipse-rcp-oxygen-3a-win32-x86_64/eclipse/plugins/org.eclipse.oomph.extractor.lib_1.3.0.v20161116-0647.jar...
...loaded -> org.eclipse.oomph.extractor.lib
Loading file:/D:/Eclipse/eclipse-rcp-oxygen-3a-win32-x86_64/eclipse/plugins/org.eclipse.oomph.jreinfo.ui_1.8.0.v20170327-1117.jar...
...loaded -> org.eclipse.oomph.jreinfo.ui
Loading file:/D:/Eclipse/eclipse-rcp-oxygen-3a-win32-x86_64/eclipse/plugins/org.eclipse.oomph.jreinfo.win32.x86_64_1.2.0.v20160426-0508.jar...
...loaded -> org.eclipse.oomph.jreinfo.win32.x86_64
Loading file:/D:/Eclipse/eclipse-rcp-oxygen-3a-win32-x86_64/eclipse/plugins/org.eclipse.oomph.jreinfo_1.8.0.v20170318-0624.jar...
...loaded -> org.eclipse.oomph.jreinfo
Loading file:/D:/Eclipse/eclipse-rcp-oxygen-3a-win32-x86_64/eclipse/plugins/org.eclipse.oomph.p2.core_1.8.0.v20170410-0909.jar...
...loaded -> org.eclipse.oomph.p2.core
Loading file:/D:/Eclipse/eclipse-rcp-oxygen-3a-win32-x86_64/eclipse/plugins/org.eclipse.oomph.p2.doc_1.8.0.v20170318-0419.jar...
...loaded -> org.eclipse.oomph.p2.doc
Loading file:/D:/Eclipse/eclipse-rcp-oxygen-3a-win32-x86_64/eclipse/plugins/org.eclipse.oomph.p2.edit_1.8.0.v20170318-0419.jar...
...loaded -> org.eclipse.oomph.p2.edit
Loading file:/D:/Eclipse/eclipse-rcp-oxygen-3a-win32-x86_64/eclipse/plugins/org.eclipse.oomph.p2.ui_1.8.0.v20170327-1117.jar...
...loaded -> org.eclipse.oomph.p2.ui
Loading file:/D:/Eclipse/eclipse-rcp-oxygen-3a-win32-x86_64/eclipse/plugins/org.eclipse.oomph.p2_1.8.0.v20170318-0419.jar...
...loaded -> org.eclipse.oomph.p2
Loading file:/D:/Eclipse/eclipse-rcp-oxygen-3a-win32-x86_64/eclipse/plugins/org.eclipse.oomph.predicates.edit_1.8.0.v20170318-0419.jar...
...loaded -> org.eclipse.oomph.predicates.edit
Loading file:/D:/Eclipse/eclipse-rcp-oxygen-3a-win32-x86_64/eclipse/plugins/org.eclipse.oomph.predicates_1.8.0.v20170327-1117.jar...
...loaded -> org.eclipse.oomph.predicates
Loading file:/D:/Eclipse/eclipse-rcp-oxygen-3a-win32-x86_64/eclipse/plugins/org.eclipse.oomph.preferences_1.8.0.v20170318-0419.jar...
...loaded -> org.eclipse.oomph.preferences
Loading file:/D:/Eclipse/eclipse-rcp-oxygen-3a-win32-x86_64/eclipse/plugins/org.eclipse.oomph.resources.edit_1.8.0.v20170318-0419.jar...
...loaded -> org.eclipse.oomph.resources.edit
Loading file:/D:/Eclipse/eclipse-rcp-oxygen-3a-win32-x86_64/eclipse/plugins/org.eclipse.oomph.resources_1.8.0.v20170318-0419.jar...
...loaded -> org.eclipse.oomph.resources
Loading file:/D:/Eclipse/eclipse-rcp-oxygen-3a-win32-x86_64/eclipse/plugins/org.eclipse.oomph.setup.core_1.8.0.v20170531-0903.jar...
...loaded -> org.eclipse.oomph.setup.core
Loading file:/D:/Eclipse/eclipse-rcp-oxygen-3a-win32-x86_64/eclipse/plugins/org.eclipse.oomph.setup.doc_1.8.0.v20170318-0419.jar...
...loaded -> org.eclipse.oomph.setup.doc
Loading file:/D:/Eclipse/eclipse-rcp-oxygen-3a-win32-x86_64/eclipse/plugins/org.eclipse.oomph.setup.editor_1.8.0.v20170327-1117.jar...
...loaded -> org.eclipse.oomph.setup.editor
Loading file:/D:/Eclipse/eclipse-rcp-oxygen-3a-win32-x86_64/eclipse/plugins/org.eclipse.oomph.setup.edit_1.8.0.v20170318-0419.jar...
...loaded -> org.eclipse.oomph.setup.edit
Loading file:/D:/Eclipse/eclipse-rcp-oxygen-3a-win32-x86_64/eclipse/plugins/org.eclipse.oomph.setup.p2.edit_1.8.0.v20170318-0419.jar...
...loaded -> org.eclipse.oomph.setup.p2.edit
Loading file:/D:/Eclipse/eclipse-rcp-oxygen-3a-win32-x86_64/eclipse/plugins/org.eclipse.oomph.setup.p2_1.8.0.v20170318-0419.jar...
...loaded -> org.eclipse.oomph.setup.p2
Loading file:/D:/Eclipse/eclipse-rcp-oxygen-3a-win32-x86_64/eclipse/plugins/org.eclipse.oomph.setup.sync_1.8.0.v20170530-1735.jar...
...loaded -> org.eclipse.oomph.setup.sync
Loading file:/D:/Eclipse/eclipse-rcp-oxygen-3a-win32-x86_64/eclipse/plugins/org.eclipse.oomph.setup.ui.questionnaire_1.8.0.v20170318-0419.jar...
...loaded -> org.eclipse.oomph.setup.ui.questionnaire
Loading file:/D:/Eclipse/eclipse-rcp-oxygen-3a-win32-x86_64/eclipse/plugins/org.eclipse.oomph.setup.ui_1.8.0.v20170530-1735.jar...
...loaded -> org.eclipse.oomph.setup.ui
Loading file:/D:/Eclipse/eclipse-rcp-oxygen-3a-win32-x86_64/eclipse/plugins/org.eclipse.oomph.setup_1.8.0.v20170408-0745.jar...
...loaded -> org.eclipse.oomph.setup
Loading file:/D:/Eclipse/eclipse-rcp-oxygen-3a-win32-x86_64/eclipse/plugins/org.eclipse.oomph.ui_1.8.0.v20170327-1117.jar...
...loaded -> org.eclipse.oomph.ui
Loading file:/D:/Eclipse/eclipse-rcp-oxygen-3a-win32-x86_64/eclipse/plugins/org.eclipse.oomph.util_1.8.0.v20170327-1117.jar...
...loaded -> org.eclipse.oomph.util
Loading file:/D:/Eclipse/eclipse-rcp-oxygen-3a-win32-x86_64/eclipse/plugins/org.eclipse.oomph.workingsets.editor_1.8.0.v20170327-1117.jar...
...loaded -> org.eclipse.oomph.workingsets.editor
Loading file:/D:/Eclipse/eclipse-rcp-oxygen-3a-win32-x86_64/eclipse/plugins/org.eclipse.oomph.workingsets.edit_1.8.0.v20170318-0419.jar...
...loaded -> org.eclipse.oomph.workingsets.edit
Loading file:/D:/Eclipse/eclipse-rcp-oxygen-3a-win32-x86_64/eclipse/plugins/org.eclipse.oomph.workingsets_1.8.0.v20170318-0419.jar...
...loaded -> org.eclipse.oomph.workingsets
Loading file:/D:/Eclipse/eclipse-rcp-oxygen-3a-win32-x86_64/eclipse/plugins/org.eclipse.osgi.compatibility.state.source_1.1.0.v20170516-1513.jar...
...loaded -> org.eclipse.osgi.compatibility.state.source
Loading file:/D:/Eclipse/eclipse-rcp-oxygen-3a-win32-x86_64/eclipse/plugins/org.eclipse.osgi.compatibility.state_1.1.0.v20170516-1513.jar...
...loaded -> org.eclipse.osgi.compatibility.state
Loading file:/D:/Eclipse/eclipse-rcp-oxygen-3a-win32-x86_64/eclipse/plugins/org.eclipse.osgi.services.source_3.6.0.v20170228-1906.jar...
...loaded -> org.eclipse.osgi.services.source
Loading file:/D:/Eclipse/eclipse-rcp-oxygen-3a-win32-x86_64/eclipse/plugins/org.eclipse.osgi.services_3.6.0.v20170228-1906.jar...
...loaded -> org.eclipse.osgi.services
Loading file:/D:/Eclipse/eclipse-rcp-oxygen-3a-win32-x86_64/eclipse/plugins/org.eclipse.osgi.source_3.12.100.v20180210-1608.jar...
...loaded -> org.eclipse.osgi.source
Loading file:/D:/Eclipse/eclipse-rcp-oxygen-3a-win32-x86_64/eclipse/plugins/org.eclipse.osgi.util.source_3.4.0.v20170111-1608.jar...
...loaded -> org.eclipse.osgi.util.source
Loading file:/D:/Eclipse/eclipse-rcp-oxygen-3a-win32-x86_64/eclipse/plugins/org.eclipse.osgi.util_3.4.0.v20170111-1608.jar...
...loaded -> org.eclipse.osgi.util
Loading file:/D:/Eclipse/eclipse-rcp-oxygen-3a-win32-x86_64/eclipse/plugins/org.eclipse.osgi_3.12.100.v20180210-1608.jar...
...loaded -> org.eclipse.osgi
Loading file:/D:/Eclipse/eclipse-rcp-oxygen-3a-win32-x86_64/eclipse/plugins/org.eclipse.pde.api.tools.annotations_1.1.0.v20170118-0848.jar...
...loaded -> org.eclipse.pde.api.tools.annotations
Loading file:/D:/Eclipse/eclipse-rcp-oxygen-3a-win32-x86_64/eclipse/plugins/org.eclipse.pde.api.tools.ui_1.1.101.v20170810-1621.jar...
...loaded -> org.eclipse.pde.api.tools.ui
Loading file:/D:/Eclipse/eclipse-rcp-oxygen-3a-win32-x86_64/eclipse/plugins/org.eclipse.pde.api.tools_1.1.150.v20180328-0710.jar...
...loaded -> org.eclipse.pde.api.tools
Loading file:/D:/Eclipse/eclipse-rcp-oxygen-3a-win32-x86_64/eclipse/plugins/org.eclipse.pde.core_3.11.101.v20171228-1230.jar...
...loaded -> org.eclipse.pde.core
Loading file:/D:/Eclipse/eclipse-rcp-oxygen-3a-win32-x86_64/eclipse/plugins/org.eclipse.pde.doc.user_3.13.75.v20180328-1557.jar...
...loaded -> org.eclipse.pde.doc.user
Loading file:/D:/Eclipse/eclipse-rcp-oxygen-3a-win32-x86_64/eclipse/plugins/org.eclipse.pde.ds.annotations_1.1.1.v20180301-1154.jar...
...loaded -> org.eclipse.pde.ds.annotations
Loading file:/D:/Eclipse/eclipse-rcp-oxygen-3a-win32-x86_64/eclipse/plugins/org.eclipse.pde.ds.core_1.1.100.v20170515-0910.jar...
...loaded -> org.eclipse.pde.ds.core
Loading file:/D:/Eclipse/eclipse-rcp-oxygen-3a-win32-x86_64/eclipse/plugins/org.eclipse.pde.ds.ui_1.1.100.v20170515-0910.jar...
...loaded -> org.eclipse.pde.ds.ui
Loading file:/D:/Eclipse/eclipse-rcp-oxygen-3a-win32-x86_64/eclipse/plugins/org.eclipse.pde.genericeditor.extension_1.0.0.v20170315-0955.jar...
...loaded -> org.eclipse.pde.genericeditor.extension
Loading file:/D:/Eclipse/eclipse-rcp-oxygen-3a-win32-x86_64/eclipse/plugins/org.eclipse.pde.junit.runtime_3.5.50.v20170923-0844.jar...
...loaded -> org.eclipse.pde.junit.runtime
Loading file:/D:/Eclipse/eclipse-rcp-oxygen-3a-win32-x86_64/eclipse/plugins/org.eclipse.pde.launching_3.7.52.v20171222-1119.jar...
...loaded -> org.eclipse.pde.launching
Loading file:/D:/Eclipse/eclipse-rcp-oxygen-3a-win32-x86_64/eclipse/plugins/org.eclipse.pde.runtime_3.6.0.v20170413-1620.jar...
...loaded -> org.eclipse.pde.runtime
Loading file:/D:/Eclipse/eclipse-rcp-oxygen-3a-win32-x86_64/eclipse/plugins/org.eclipse.pde.ua.core_1.1.0.v20170201-2036.jar...
...loaded -> org.eclipse.pde.ua.core
Loading file:/D:/Eclipse/eclipse-rcp-oxygen-3a-win32-x86_64/eclipse/plugins/org.eclipse.pde.ua.ui_1.1.100.v20170515-0910.jar...
...loaded -> org.eclipse.pde.ua.ui
Loading file:/D:/Eclipse/eclipse-rcp-oxygen-3a-win32-x86_64/eclipse/plugins/org.eclipse.pde.ui.templates_3.6.100.v20170515-0910.jar...
...loaded -> org.eclipse.pde.ui.templates
Loading file:/D:/Eclipse/eclipse-rcp-oxygen-3a-win32-x86_64/eclipse/plugins/org.eclipse.pde.ui_3.10.100.v20180322-0726.jar...
...loaded -> org.eclipse.pde.ui
Loading file:/D:/Eclipse/eclipse-rcp-oxygen-3a-win32-x86_64/eclipse/plugins/org.eclipse.pde_3.13.4.v20180330-0640.jar...
...loaded -> org.eclipse.pde
Loading file:/D:/Eclipse/eclipse-rcp-oxygen-3a-win32-x86_64/eclipse/plugins/org.eclipse.platform.doc.isv_4.7.75.v20180328-1557.jar...
...loaded -> org.eclipse.platform.doc.isv
Loading file:/D:/Eclipse/eclipse-rcp-oxygen-3a-win32-x86_64/eclipse/plugins/org.eclipse.platform.doc.user_4.7.3.v20180328-1557.jar...
...loaded -> org.eclipse.platform.doc.user
Loading file:/D:/Eclipse/eclipse-rcp-oxygen-3a-win32-x86_64/eclipse/plugins/org.eclipse.platform.source_4.7.3.v20180330-0640.jar...
...loaded -> org.eclipse.platform.source
Loading file:/D:/Eclipse/eclipse-rcp-oxygen-3a-win32-x86_64/eclipse/plugins/org.eclipse.rap.doc_3.4.0.20171017-1243.jar...
...loaded -> org.eclipse.rap.doc
Loading file:/D:/Eclipse/eclipse-rcp-oxygen-3a-win32-x86_64/eclipse/plugins/org.eclipse.rap.tools.intro.source_3.4.0.20171017-1243.jar...
...loaded -> org.eclipse.rap.tools.intro.source
Loading file:/D:/Eclipse/eclipse-rcp-oxygen-3a-win32-x86_64/eclipse/plugins/org.eclipse.rap.tools.intro_3.4.0.20171017-1243.jar...
...loaded -> org.eclipse.rap.tools.intro
Loading file:/D:/Eclipse/eclipse-rcp-oxygen-3a-win32-x86_64/eclipse/plugins/org.eclipse.rap.tools.launch.rwt.source_3.4.0.20171017-1243.jar...
...loaded -> org.eclipse.rap.tools.launch.rwt.source
Loading file:/D:/Eclipse/eclipse-rcp-oxygen-3a-win32-x86_64/eclipse/plugins/org.eclipse.rap.tools.launch.rwt_3.4.0.20171017-1243.jar...
...loaded -> org.eclipse.rap.tools.launch.rwt
Loading file:/D:/Eclipse/eclipse-rcp-oxygen-3a-win32-x86_64/eclipse/plugins/org.eclipse.rap.tools.launch.source_3.4.0.20171017-1243.jar...
...loaded -> org.eclipse.rap.tools.launch.source
Loading file:/D:/Eclipse/eclipse-rcp-oxygen-3a-win32-x86_64/eclipse/plugins/org.eclipse.rap.tools.launch_3.4.0.20171017-1243.jar...
...loaded -> org.eclipse.rap.tools.launch
Loading file:/D:/Eclipse/eclipse-rcp-oxygen-3a-win32-x86_64/eclipse/plugins/org.eclipse.rap.tools.templates.source_3.4.0.20171017-1243.jar...
...loaded -> org.eclipse.rap.tools.templates.source
Loading file:/D:/Eclipse/eclipse-rcp-oxygen-3a-win32-x86_64/eclipse/plugins/org.eclipse.rap.tools.templates_3.4.0.20171017-1243.jar...
...loaded -> org.eclipse.rap.tools.templates
Loading file:/D:/Eclipse/eclipse-rcp-oxygen-3a-win32-x86_64/eclipse/plugins/org.eclipse.rcp_4.7.3.v20180330-0640.jar...
...loaded -> org.eclipse.rcp
Loading file:/D:/Eclipse/eclipse-rcp-oxygen-3a-win32-x86_64/eclipse/plugins/org.eclipse.recommenders.apidocs.rcp_2.5.2.v20180401-1226.jar...
...loaded -> org.eclipse.recommenders.apidocs.rcp
Loading file:/D:/Eclipse/eclipse-rcp-oxygen-3a-win32-x86_64/eclipse/plugins/org.eclipse.recommenders.apidocs_2.5.2.v20180401-1226.jar...
...loaded -> org.eclipse.recommenders.apidocs
Loading file:/D:/Eclipse/eclipse-rcp-oxygen-3a-win32-x86_64/eclipse/plugins/org.eclipse.recommenders.calls.rcp_2.5.2.v20180401-1226.jar...
...loaded -> org.eclipse.recommenders.calls.rcp
Loading file:/D:/Eclipse/eclipse-rcp-oxygen-3a-win32-x86_64/eclipse/plugins/org.eclipse.recommenders.calls_2.5.2.v20180401-1226.jar...
...loaded -> org.eclipse.recommenders.calls
Loading file:/D:/Eclipse/eclipse-rcp-oxygen-3a-win32-x86_64/eclipse/plugins/org.eclipse.recommenders.chain.rcp_2.5.2.v20180401-1226.jar...
...loaded -> org.eclipse.recommenders.chain.rcp
Loading file:/D:/Eclipse/eclipse-rcp-oxygen-3a-win32-x86_64/eclipse/plugins/org.eclipse.recommenders.completion.rcp_2.5.2.v20180401-1226.jar...
...loaded -> org.eclipse.recommenders.completion.rcp
Loading file:/D:/Eclipse/eclipse-rcp-oxygen-3a-win32-x86_64/eclipse/plugins/org.eclipse.recommenders.constructors.rcp_2.5.2.v20180401-1226.jar...
...loaded -> org.eclipse.recommenders.constructors.rcp
Loading file:/D:/Eclipse/eclipse-rcp-oxygen-3a-win32-x86_64/eclipse/plugins/org.eclipse.recommenders.constructors_2.5.2.v20180401-1226.jar...
...loaded -> org.eclipse.recommenders.constructors
Loading file:/D:/Eclipse/eclipse-rcp-oxygen-3a-win32-x86_64/eclipse/plugins/org.eclipse.recommenders.coordinates.rcp_2.5.2.v20180401-1226.jar...
...loaded -> org.eclipse.recommenders.coordinates.rcp
Loading file:/D:/Eclipse/eclipse-rcp-oxygen-3a-win32-x86_64/eclipse/plugins/org.eclipse.recommenders.coordinates_2.5.2.v20180401-1226.jar...
...loaded -> org.eclipse.recommenders.coordinates
Loading file:/D:/Eclipse/eclipse-rcp-oxygen-3a-win32-x86_64/eclipse/plugins/org.eclipse.recommenders.injection_2.5.2.v20180401-1226.jar...
...loaded -> org.eclipse.recommenders.injection
Loading file:/D:/Eclipse/eclipse-rcp-oxygen-3a-win32-x86_64/eclipse/plugins/org.eclipse.recommenders.jayes.io_2.5.2.v20180401-1226.jar...
...loaded -> org.eclipse.recommenders.jayes.io
Loading file:/D:/Eclipse/eclipse-rcp-oxygen-3a-win32-x86_64/eclipse/plugins/org.eclipse.recommenders.jayes_2.5.2.v20180401-1226.jar...
...loaded -> org.eclipse.recommenders.jayes
Loading file:/D:/Eclipse/eclipse-rcp-oxygen-3a-win32-x86_64/eclipse/plugins/org.eclipse.recommenders.jdt_2.5.2.v20180401-1226.jar...
...loaded -> org.eclipse.recommenders.jdt
Loading file:/D:/Eclipse/eclipse-rcp-oxygen-3a-win32-x86_64/eclipse/plugins/org.eclipse.recommenders.models.rcp_2.5.2.v20180401-1226.jar...
...loaded -> org.eclipse.recommenders.models.rcp
Loading file:/D:/Eclipse/eclipse-rcp-oxygen-3a-win32-x86_64/eclipse/plugins/org.eclipse.recommenders.models_2.5.2.v20180401-1226.jar...
...loaded -> org.eclipse.recommenders.models
Loading file:/D:/Eclipse/eclipse-rcp-oxygen-3a-win32-x86_64/eclipse/plugins/org.eclipse.recommenders.mylyn.rcp_2.5.2.v20180401-1226.jar...
...loaded -> org.eclipse.recommenders.mylyn.rcp
Loading file:/D:/Eclipse/eclipse-rcp-oxygen-3a-win32-x86_64/eclipse/plugins/org.eclipse.recommenders.net_2.5.2.v20180401-1226.jar...
...loaded -> org.eclipse.recommenders.net
Loading file:/D:/Eclipse/eclipse-rcp-oxygen-3a-win32-x86_64/eclipse/plugins/org.eclipse.recommenders.overrides.rcp_2.5.2.v20180401-1226.jar...
...loaded -> org.eclipse.recommenders.overrides.rcp
Loading file:/D:/Eclipse/eclipse-rcp-oxygen-3a-win32-x86_64/eclipse/plugins/org.eclipse.recommenders.overrides_2.5.2.v20180401-1226.jar...
...loaded -> org.eclipse.recommenders.overrides
Loading file:/D:/Eclipse/eclipse-rcp-oxygen-3a-win32-x86_64/eclipse/plugins/org.eclipse.recommenders.rcp_2.5.2.v20180401-1226.jar...
...loaded -> org.eclipse.recommenders.rcp
Loading file:/D:/Eclipse/eclipse-rcp-oxygen-3a-win32-x86_64/eclipse/plugins/org.eclipse.recommenders.snipmatch.rcp_2.5.2.v20180401-1226.jar...
...loaded -> org.eclipse.recommenders.snipmatch.rcp
Loading file:/D:/Eclipse/eclipse-rcp-oxygen-3a-win32-x86_64/eclipse/plugins/org.eclipse.recommenders.snipmatch_2.5.2.v20180401-1226.jar...
...loaded -> org.eclipse.recommenders.snipmatch
Loading file:/D:/Eclipse/eclipse-rcp-oxygen-3a-win32-x86_64/eclipse/plugins/org.eclipse.recommenders.statics.rcp_2.5.2.v20180401-1226.jar...
...loaded -> org.eclipse.recommenders.statics.rcp
Loading file:/D:/Eclipse/eclipse-rcp-oxygen-3a-win32-x86_64/eclipse/plugins/org.eclipse.recommenders.statics_2.5.2.v20180401-1226.jar...
...loaded -> org.eclipse.recommenders.statics
Loading file:/D:/Eclipse/eclipse-rcp-oxygen-3a-win32-x86_64/eclipse/plugins/org.eclipse.recommenders.subwords.rcp_2.5.2.v20180401-1226.jar...
...loaded -> org.eclipse.recommenders.subwords.rcp
Loading file:/D:/Eclipse/eclipse-rcp-oxygen-3a-win32-x86_64/eclipse/plugins/org.eclipse.recommenders.types.rcp_2.5.2.v20180401-1226.jar...
...loaded -> org.eclipse.recommenders.types.rcp
Loading file:/D:/Eclipse/eclipse-rcp-oxygen-3a-win32-x86_64/eclipse/plugins/org.eclipse.recommenders.utils.rcp_2.5.2.v20180401-1226.jar...
...loaded -> org.eclipse.recommenders.utils.rcp
Loading file:/D:/Eclipse/eclipse-rcp-oxygen-3a-win32-x86_64/eclipse/plugins/org.eclipse.recommenders.utils_2.5.2.v20180401-1226.jar...
...loaded -> org.eclipse.recommenders.utils
Loading file:/D:/Eclipse/eclipse-rcp-oxygen-3a-win32-x86_64/eclipse/plugins/org.eclipse.search.source_3.11.100.v20170515-1603.jar...
...loaded -> org.eclipse.search.source
Loading file:/D:/Eclipse/eclipse-rcp-oxygen-3a-win32-x86_64/eclipse/plugins/org.eclipse.search_3.11.100.v20170515-1603.jar...
...loaded -> org.eclipse.search
Loading file:/D:/Eclipse/eclipse-rcp-oxygen-3a-win32-x86_64/eclipse/plugins/org.eclipse.swt.win32.win32.x86_64.source_3.106.3.v20180329-0507.jar...
...loaded -> org.eclipse.swt.win32.win32.x86_64.source
Loading file:/D:/Eclipse/eclipse-rcp-oxygen-3a-win32-x86_64/eclipse/plugins/org.eclipse.swt.win32.win32.x86_64_3.106.3.v20180329-0507.jar...
...loaded -> org.eclipse.swt.win32.win32.x86_64
Loading file:/D:/Eclipse/eclipse-rcp-oxygen-3a-win32-x86_64/eclipse/plugins/org.eclipse.swtbot.e4.finder_2.6.0.201706141832.jar...
...loaded -> org.eclipse.swtbot.e4.finder
Loading file:/D:/Eclipse/eclipse-rcp-oxygen-3a-win32-x86_64/eclipse/plugins/org.eclipse.swtbot.eclipse.core_2.6.0.201706141832.jar...
...loaded -> org.eclipse.swtbot.eclipse.core
Loading file:/D:/Eclipse/eclipse-rcp-oxygen-3a-win32-x86_64/eclipse/plugins/org.eclipse.swtbot.eclipse.finder_2.6.0.201706141832.jar...
...loaded -> org.eclipse.swtbot.eclipse.finder
Loading file:/D:/Eclipse/eclipse-rcp-oxygen-3a-win32-x86_64/eclipse/plugins/org.eclipse.swtbot.eclipse.gef.finder_2.6.0.201706141832.jar...
...loaded -> org.eclipse.swtbot.eclipse.gef.finder
Loading file:/D:/Eclipse/eclipse-rcp-oxygen-3a-win32-x86_64/eclipse/plugins/org.eclipse.swtbot.eclipse.spy_2.6.0.201706141832.jar...
...loaded -> org.eclipse.swtbot.eclipse.spy
Loading file:/D:/Eclipse/eclipse-rcp-oxygen-3a-win32-x86_64/eclipse/plugins/org.eclipse.swtbot.eclipse.ui_2.6.0.201706141832.jar...
...loaded -> org.eclipse.swtbot.eclipse.ui
Loading file:/D:/Eclipse/eclipse-rcp-oxygen-3a-win32-x86_64/eclipse/plugins/org.eclipse.swtbot.forms.finder_2.6.0.201706141832.jar...
...loaded -> org.eclipse.swtbot.forms.finder
Loading file:/D:/Eclipse/eclipse-rcp-oxygen-3a-win32-x86_64/eclipse/plugins/org.eclipse.swtbot.generator.client_2.6.0.201706141832.jar...
...loaded -> org.eclipse.swtbot.generator.client
Loading file:/D:/Eclipse/eclipse-rcp-oxygen-3a-win32-x86_64/eclipse/plugins/org.eclipse.swtbot.generator.jdt_2.6.0.201706141832.jar...
...loaded -> org.eclipse.swtbot.generator.jdt
Loading file:/D:/Eclipse/eclipse-rcp-oxygen-3a-win32-x86_64/eclipse/plugins/org.eclipse.swtbot.generator.rules.workbench_2.6.0.201706141832.jar...
...loaded -> org.eclipse.swtbot.generator.rules.workbench
Loading file:/D:/Eclipse/eclipse-rcp-oxygen-3a-win32-x86_64/eclipse/plugins/org.eclipse.swtbot.generator.ui_2.6.0.201706141832.jar...
...loaded -> org.eclipse.swtbot.generator.ui
Loading file:/D:/Eclipse/eclipse-rcp-oxygen-3a-win32-x86_64/eclipse/plugins/org.eclipse.swtbot.generator_2.6.0.201706141832.jar...
...loaded -> org.eclipse.swtbot.generator
Loading file:/D:/Eclipse/eclipse-rcp-oxygen-3a-win32-x86_64/eclipse/plugins/org.eclipse.swtbot.go_2.6.0.201706141832.jar...
...loaded -> org.eclipse.swtbot.go
Loading file:/D:/Eclipse/eclipse-rcp-oxygen-3a-win32-x86_64/eclipse/plugins/org.eclipse.swtbot.junit4_x_2.6.0.201706141832.jar...
...loaded -> org.eclipse.swtbot.junit4_x
Loading file:/D:/Eclipse/eclipse-rcp-oxygen-3a-win32-x86_64/eclipse/plugins/org.eclipse.swtbot.swt.finder_2.6.0.201706141832.jar...
...loaded -> org.eclipse.swtbot.swt.finder
Loading file:/D:/Eclipse/eclipse-rcp-oxygen-3a-win32-x86_64/eclipse/plugins/org.eclipse.swt_3.106.3.v20180329-0507.jar...
...loaded -> org.eclipse.swt
Loading file:/D:/Eclipse/eclipse-rcp-oxygen-3a-win32-x86_64/eclipse/plugins/org.eclipse.team.core.source_3.8.100.v20170516-0820.jar...
...loaded -> org.eclipse.team.core.source
Loading file:/D:/Eclipse/eclipse-rcp-oxygen-3a-win32-x86_64/eclipse/plugins/org.eclipse.team.core_3.8.100.v20170516-0820.jar...
...loaded -> org.eclipse.team.core
Loading file:/D:/Eclipse/eclipse-rcp-oxygen-3a-win32-x86_64/eclipse/plugins/org.eclipse.team.genericeditor.diff.extension.source_1.0.1.v20170809-1356.jar...
...loaded -> org.eclipse.team.genericeditor.diff.extension.source
Loading file:/D:/Eclipse/eclipse-rcp-oxygen-3a-win32-x86_64/eclipse/plugins/org.eclipse.team.genericeditor.diff.extension_1.0.1.v20170809-1356.jar...
...loaded -> org.eclipse.team.genericeditor.diff.extension
Loading file:/D:/Eclipse/eclipse-rcp-oxygen-3a-win32-x86_64/eclipse/plugins/org.eclipse.team.ui.source_3.8.1.v20170515-1133.jar...
...loaded -> org.eclipse.team.ui.source
Loading file:/D:/Eclipse/eclipse-rcp-oxygen-3a-win32-x86_64/eclipse/plugins/org.eclipse.team.ui_3.8.1.v20170515-1133.jar...
...loaded -> org.eclipse.team.ui
Loading file:/D:/Eclipse/eclipse-rcp-oxygen-3a-win32-x86_64/eclipse/plugins/org.eclipse.text.source_3.6.100.v20170203-0814.jar...
...loaded -> org.eclipse.text.source
Loading file:/D:/Eclipse/eclipse-rcp-oxygen-3a-win32-x86_64/eclipse/plugins/org.eclipse.text_3.6.100.v20170203-0814.jar...
...loaded -> org.eclipse.text
Loading file:/D:/Eclipse/eclipse-rcp-oxygen-3a-win32-x86_64/eclipse/plugins/org.eclipse.tools.layout.spy_1.0.0.v20170428-1608.jar...
...loaded -> org.eclipse.tools.layout.spy
Loading file:/D:/Eclipse/eclipse-rcp-oxygen-3a-win32-x86_64/eclipse/plugins/org.eclipse.ui.browser.source_3.6.100.v20170418-1342.jar...
...loaded -> org.eclipse.ui.browser.source
Loading file:/D:/Eclipse/eclipse-rcp-oxygen-3a-win32-x86_64/eclipse/plugins/org.eclipse.ui.browser_3.6.100.v20170418-1342.jar...
...loaded -> org.eclipse.ui.browser
Loading file:/D:/Eclipse/eclipse-rcp-oxygen-3a-win32-x86_64/eclipse/plugins/org.eclipse.ui.cheatsheets.source_3.5.100.v20170515-0748.jar...
...loaded -> org.eclipse.ui.cheatsheets.source
Loading file:/D:/Eclipse/eclipse-rcp-oxygen-3a-win32-x86_64/eclipse/plugins/org.eclipse.ui.cheatsheets_3.5.100.v20170515-0748.jar...
...loaded -> org.eclipse.ui.cheatsheets
Loading file:/D:/Eclipse/eclipse-rcp-oxygen-3a-win32-x86_64/eclipse/plugins/org.eclipse.ui.console.source_3.7.1.v20170728-0806.jar...
...loaded -> org.eclipse.ui.console.source
Loading file:/D:/Eclipse/eclipse-rcp-oxygen-3a-win32-x86_64/eclipse/plugins/org.eclipse.ui.console_3.7.1.v20170728-0806.jar...
...loaded -> org.eclipse.ui.console
Loading file:/D:/Eclipse/eclipse-rcp-oxygen-3a-win32-x86_64/eclipse/plugins/org.eclipse.ui.editors.source_3.11.0.v20170202-1823.jar...
...loaded -> org.eclipse.ui.editors.source
Loading file:/D:/Eclipse/eclipse-rcp-oxygen-3a-win32-x86_64/eclipse/plugins/org.eclipse.ui.editors_3.11.0.v20170202-1823.jar...
...loaded -> org.eclipse.ui.editors
Loading file:/D:/Eclipse/eclipse-rcp-oxygen-3a-win32-x86_64/eclipse/plugins/org.eclipse.ui.externaltools.source_3.4.0.v20161212-0515.jar...
...loaded -> org.eclipse.ui.externaltools.source
Loading file:/D:/Eclipse/eclipse-rcp-oxygen-3a-win32-x86_64/eclipse/plugins/org.eclipse.ui.externaltools_3.4.0.v20161212-0515.jar...
...loaded -> org.eclipse.ui.externaltools
Loading file:/D:/Eclipse/eclipse-rcp-oxygen-3a-win32-x86_64/eclipse/plugins/org.eclipse.ui.forms.source_3.7.101.v20170815-1446.jar...
...loaded -> org.eclipse.ui.forms.source
Loading file:/D:/Eclipse/eclipse-rcp-oxygen-3a-win32-x86_64/eclipse/plugins/org.eclipse.ui.forms_3.7.101.v20170815-1446.jar...
...loaded -> org.eclipse.ui.forms
Loading file:/D:/Eclipse/eclipse-rcp-oxygen-3a-win32-x86_64/eclipse/plugins/org.eclipse.ui.genericeditor.source_1.0.2.v20180126-0718.jar...
...loaded -> org.eclipse.ui.genericeditor.source
Loading file:/D:/Eclipse/eclipse-rcp-oxygen-3a-win32-x86_64/eclipse/plugins/org.eclipse.ui.genericeditor_1.0.2.v20180126-0718.jar...
...loaded -> org.eclipse.ui.genericeditor
Loading file:/D:/Eclipse/eclipse-rcp-oxygen-3a-win32-x86_64/eclipse/plugins/org.eclipse.ui.ide.application.source_1.2.0.v20170512-1452.jar...
...loaded -> org.eclipse.ui.ide.application.source
Loading file:/D:/Eclipse/eclipse-rcp-oxygen-3a-win32-x86_64/eclipse/plugins/org.eclipse.ui.ide.application_1.2.0.v20170512-1452.jar...
...loaded -> org.eclipse.ui.ide.application
Loading file:/D:/Eclipse/eclipse-rcp-oxygen-3a-win32-x86_64/eclipse/plugins/org.eclipse.ui.ide.source_3.13.1.v20170822-1526.jar...
...loaded -> org.eclipse.ui.ide.source
Loading file:/D:/Eclipse/eclipse-rcp-oxygen-3a-win32-x86_64/eclipse/plugins/org.eclipse.ui.ide_3.13.1.v20170822-1526.jar...
...loaded -> org.eclipse.ui.ide
Loading file:/D:/Eclipse/eclipse-rcp-oxygen-3a-win32-x86_64/eclipse/plugins/org.eclipse.ui.intro.quicklinks.source_1.0.100.v20170515-0756.jar...
...loaded -> org.eclipse.ui.intro.quicklinks.source
Loading file:/D:/Eclipse/eclipse-rcp-oxygen-3a-win32-x86_64/eclipse/plugins/org.eclipse.ui.intro.quicklinks_1.0.100.v20170515-0756.jar...
...loaded -> org.eclipse.ui.intro.quicklinks
Loading file:/D:/Eclipse/eclipse-rcp-oxygen-3a-win32-x86_64/eclipse/plugins/org.eclipse.ui.intro.source_3.5.100.v20170418-0710.jar...
...loaded -> org.eclipse.ui.intro.source
Loading file:/D:/Eclipse/eclipse-rcp-oxygen-3a-win32-x86_64/eclipse/plugins/org.eclipse.ui.intro.universal.source_3.3.100.v20170515-1335.jar...
...loaded -> org.eclipse.ui.intro.universal.source
Loading file:/D:/Eclipse/eclipse-rcp-oxygen-3a-win32-x86_64/eclipse/plugins/org.eclipse.ui.intro.universal_3.3.100.v20170515-1335.jar...
...loaded -> org.eclipse.ui.intro.universal
Loading file:/D:/Eclipse/eclipse-rcp-oxygen-3a-win32-x86_64/eclipse/plugins/org.eclipse.ui.intro_3.5.100.v20170418-0710.jar...
...loaded -> org.eclipse.ui.intro
Loading file:/D:/Eclipse/eclipse-rcp-oxygen-3a-win32-x86_64/eclipse/plugins/org.eclipse.ui.monitoring.source_1.1.100.v20170131-1736.jar...
...loaded -> org.eclipse.ui.monitoring.source
Loading file:/D:/Eclipse/eclipse-rcp-oxygen-3a-win32-x86_64/eclipse/plugins/org.eclipse.ui.monitoring_1.1.100.v20170131-1736.jar...
...loaded -> org.eclipse.ui.monitoring
Loading file:/D:/Eclipse/eclipse-rcp-oxygen-3a-win32-x86_64/eclipse/plugins/org.eclipse.ui.navigator.resources.source_3.6.1.v20170823-1443.jar...
...loaded -> org.eclipse.ui.navigator.resources.source
Loading file:/D:/Eclipse/eclipse-rcp-oxygen-3a-win32-x86_64/eclipse/plugins/org.eclipse.ui.navigator.resources_3.6.1.v20170823-1443.jar...
...loaded -> org.eclipse.ui.navigator.resources
Loading file:/D:/Eclipse/eclipse-rcp-oxygen-3a-win32-x86_64/eclipse/plugins/org.eclipse.ui.navigator.source_3.7.0.v20170418-1342.jar...
...loaded -> org.eclipse.ui.navigator.source
Loading file:/D:/Eclipse/eclipse-rcp-oxygen-3a-win32-x86_64/eclipse/plugins/org.eclipse.ui.navigator_3.7.0.v20170418-1342.jar...
...loaded -> org.eclipse.ui.navigator
Loading file:/D:/Eclipse/eclipse-rcp-oxygen-3a-win32-x86_64/eclipse/plugins/org.eclipse.ui.net.source_1.3.100.v20170516-0820.jar...
...loaded -> org.eclipse.ui.net.source
Loading file:/D:/Eclipse/eclipse-rcp-oxygen-3a-win32-x86_64/eclipse/plugins/org.eclipse.ui.net_1.3.100.v20170516-0820.jar...
...loaded -> org.eclipse.ui.net
Loading file:/D:/Eclipse/eclipse-rcp-oxygen-3a-win32-x86_64/eclipse/plugins/org.eclipse.ui.source_3.109.0.v20170411-1742.jar...
...loaded -> org.eclipse.ui.source
Loading file:/D:/Eclipse/eclipse-rcp-oxygen-3a-win32-x86_64/eclipse/plugins/org.eclipse.ui.themes.source_1.2.1.v20170809-1435.jar...
...loaded -> org.eclipse.ui.themes.source
Loading file:/D:/Eclipse/eclipse-rcp-oxygen-3a-win32-x86_64/eclipse/plugins/org.eclipse.ui.trace_1.1.0.v20170201-2036.jar...
...loaded -> org.eclipse.ui.trace
Loading file:/D:/Eclipse/eclipse-rcp-oxygen-3a-win32-x86_64/eclipse/plugins/org.eclipse.ui.views.log_1.2.100.v20170515-1458.jar...
...loaded -> org.eclipse.ui.views.log
Loading file:/D:/Eclipse/eclipse-rcp-oxygen-3a-win32-x86_64/eclipse/plugins/org.eclipse.ui.views.properties.tabbed.source_3.8.1.v20170713-0803.jar...
...loaded -> org.eclipse.ui.views.properties.tabbed.source
Loading file:/D:/Eclipse/eclipse-rcp-oxygen-3a-win32-x86_64/eclipse/plugins/org.eclipse.ui.views.properties.tabbed_3.8.1.v20170713-0803.jar...
...loaded -> org.eclipse.ui.views.properties.tabbed
Loading file:/D:/Eclipse/eclipse-rcp-oxygen-3a-win32-x86_64/eclipse/plugins/org.eclipse.ui.views.source_3.9.0.v20170226-1833.jar...
...loaded -> org.eclipse.ui.views.source
Loading file:/D:/Eclipse/eclipse-rcp-oxygen-3a-win32-x86_64/eclipse/plugins/org.eclipse.ui.views_3.9.0.v20170226-1833.jar...
...loaded -> org.eclipse.ui.views
Loading file:/D:/Eclipse/eclipse-rcp-oxygen-3a-win32-x86_64/eclipse/plugins/org.eclipse.ui.win32.source_3.3.0.v20160505-1310.jar...
...loaded -> org.eclipse.ui.win32.source
Loading file:/D:/Eclipse/eclipse-rcp-oxygen-3a-win32-x86_64/eclipse/plugins/org.eclipse.ui.win32_3.3.0.v20160505-1310.jar...
...loaded -> org.eclipse.ui.win32
Loading file:/D:/Eclipse/eclipse-rcp-oxygen-3a-win32-x86_64/eclipse/plugins/org.eclipse.ui.workbench.source_3.110.1.v20170704-1208.jar...
...loaded -> org.eclipse.ui.workbench.source
Loading file:/D:/Eclipse/eclipse-rcp-oxygen-3a-win32-x86_64/eclipse/plugins/org.eclipse.ui.workbench.texteditor.source_3.10.100.v20170426-2021.jar...
...loaded -> org.eclipse.ui.workbench.texteditor.source
Loading file:/D:/Eclipse/eclipse-rcp-oxygen-3a-win32-x86_64/eclipse/plugins/org.eclipse.ui.workbench.texteditor_3.10.100.v20170426-2021.jar...
...loaded -> org.eclipse.ui.workbench.texteditor
Loading file:/D:/Eclipse/eclipse-rcp-oxygen-3a-win32-x86_64/eclipse/plugins/org.eclipse.ui.workbench_3.110.1.v20170704-1208.jar...
...loaded -> org.eclipse.ui.workbench
Loading file:/D:/Eclipse/eclipse-rcp-oxygen-3a-win32-x86_64/eclipse/plugins/org.eclipse.ui_3.109.0.v20170411-1742.jar...
...loaded -> org.eclipse.ui
Loading file:/D:/Eclipse/eclipse-rcp-oxygen-3a-win32-x86_64/eclipse/plugins/org.eclipse.update.configurator.source_3.3.400.v20160506-0750.jar...
...loaded -> org.eclipse.update.configurator.source
Loading file:/D:/Eclipse/eclipse-rcp-oxygen-3a-win32-x86_64/eclipse/plugins/org.eclipse.update.configurator_3.3.400.v20160506-0750.jar...
...loaded -> org.eclipse.update.configurator
Loading file:/D:/Eclipse/eclipse-rcp-oxygen-3a-win32-x86_64/eclipse/plugins/org.eclipse.userstorage.oauth_1.0.0.v20170526-1605.jar...
...loaded -> org.eclipse.userstorage.oauth
Loading file:/D:/Eclipse/eclipse-rcp-oxygen-3a-win32-x86_64/eclipse/plugins/org.eclipse.userstorage.ui_1.0.2.v20170526-1605.jar...
...loaded -> org.eclipse.userstorage.ui
Loading file:/D:/Eclipse/eclipse-rcp-oxygen-3a-win32-x86_64/eclipse/plugins/org.eclipse.userstorage_1.1.0.v20170328-0205.jar...
...loaded -> org.eclipse.userstorage
Loading file:/D:/Eclipse/eclipse-rcp-oxygen-3a-win32-x86_64/eclipse/plugins/org.eclipse.wst.common.core_1.2.0.v200908251833.jar...
...loaded -> org.eclipse.wst.common.core
Loading file:/D:/Eclipse/eclipse-rcp-oxygen-3a-win32-x86_64/eclipse/plugins/org.eclipse.wst.common.emfworkbench.integration_1.2.101.v201107081800.jar...
...loaded -> org.eclipse.wst.common.emfworkbench.integration
Loading file:/D:/Eclipse/eclipse-rcp-oxygen-3a-win32-x86_64/eclipse/plugins/org.eclipse.wst.common.emf_1.2.501.v201803221834.jar...
...loaded -> org.eclipse.wst.common.emf
Loading file:/D:/Eclipse/eclipse-rcp-oxygen-3a-win32-x86_64/eclipse/plugins/org.eclipse.wst.common.environment_1.0.400.v200912181831.jar...
...loaded -> org.eclipse.wst.common.environment
Loading file:/D:/Eclipse/eclipse-rcp-oxygen-3a-win32-x86_64/eclipse/plugins/org.eclipse.wst.common.frameworks.ui_1.2.400.v201504292002.jar...
...loaded -> org.eclipse.wst.common.frameworks.ui
Loading file:/D:/Eclipse/eclipse-rcp-oxygen-3a-win32-x86_64/eclipse/plugins/org.eclipse.wst.common.frameworks_1.2.201.v201707201954.jar...
...loaded -> org.eclipse.wst.common.frameworks
Loading file:/D:/Eclipse/eclipse-rcp-oxygen-3a-win32-x86_64/eclipse/plugins/org.eclipse.wst.common.infopop_1.0.300.v201309101952.jar...
...loaded -> org.eclipse.wst.common.infopop
Loading file:/D:/Eclipse/eclipse-rcp-oxygen-3a-win32-x86_64/eclipse/plugins/org.eclipse.wst.common.modulecore.ui_1.0.301.v201707201954.jar...
...loaded -> org.eclipse.wst.common.modulecore.ui
Loading file:/D:/Eclipse/eclipse-rcp-oxygen-3a-win32-x86_64/eclipse/plugins/org.eclipse.wst.common.modulecore_1.3.0.v201803191954.jar...
...loaded -> org.eclipse.wst.common.modulecore
Loading file:/D:/Eclipse/eclipse-rcp-oxygen-3a-win32-x86_64/eclipse/plugins/org.eclipse.wst.common.project.facet.core_1.4.300.v201111030423.jar...
...loaded -> org.eclipse.wst.common.project.facet.core
Loading file:/D:/Eclipse/eclipse-rcp-oxygen-3a-win32-x86_64/eclipse/plugins/org.eclipse.wst.common.snippets_1.2.300.v201705162046.jar...
...loaded -> org.eclipse.wst.common.snippets
Loading file:/D:/Eclipse/eclipse-rcp-oxygen-3a-win32-x86_64/eclipse/plugins/org.eclipse.wst.common.ui_1.1.500.v200911182011.jar...
...loaded -> org.eclipse.wst.common.ui
Loading file:/D:/Eclipse/eclipse-rcp-oxygen-3a-win32-x86_64/eclipse/plugins/org.eclipse.wst.common.uriresolver_1.2.300.v201702270556.jar...
...loaded -> org.eclipse.wst.common.uriresolver
Loading file:/D:/Eclipse/eclipse-rcp-oxygen-3a-win32-x86_64/eclipse/plugins/org.eclipse.wst.dtd.core_1.1.700.v201211012112.jar...
...loaded -> org.eclipse.wst.dtd.core
Loading file:/D:/Eclipse/eclipse-rcp-oxygen-3a-win32-x86_64/eclipse/plugins/org.eclipse.wst.dtd.ui.infopop_1.0.400.v201707252002.jar...
...loaded -> org.eclipse.wst.dtd.ui.infopop
Loading file:/D:/Eclipse/eclipse-rcp-oxygen-3a-win32-x86_64/eclipse/plugins/org.eclipse.wst.dtd.ui_1.0.801.v201308100602.jar...
...loaded -> org.eclipse.wst.dtd.ui
Loading file:/D:/Eclipse/eclipse-rcp-oxygen-3a-win32-x86_64/eclipse/plugins/org.eclipse.wst.dtdeditor.doc.user_1.0.700.v201208081537.jar...
...loaded -> org.eclipse.wst.dtdeditor.doc.user
Loading file:/D:/Eclipse/eclipse-rcp-oxygen-3a-win32-x86_64/eclipse/plugins/org.eclipse.wst.internet.cache_1.0.800.v201702270716.jar...
...loaded -> org.eclipse.wst.internet.cache
Loading file:/D:/Eclipse/eclipse-rcp-oxygen-3a-win32-x86_64/eclipse/plugins/org.eclipse.wst.sse.core_1.1.1002.v201711071507.jar...
...loaded -> org.eclipse.wst.sse.core
Loading file:/D:/Eclipse/eclipse-rcp-oxygen-3a-win32-x86_64/eclipse/plugins/org.eclipse.wst.sse.doc.user_1.1.100.v201208081537.jar...
...loaded -> org.eclipse.wst.sse.doc.user
Loading file:/D:/Eclipse/eclipse-rcp-oxygen-3a-win32-x86_64/eclipse/plugins/org.eclipse.wst.sse.ui.infopop_1.0.300.v201707252002.jar...
...loaded -> org.eclipse.wst.sse.ui.infopop
Loading file:/D:/Eclipse/eclipse-rcp-oxygen-3a-win32-x86_64/eclipse/plugins/org.eclipse.wst.sse.ui_1.3.600.v201707042340.jar...
...loaded -> org.eclipse.wst.sse.ui
Loading file:/D:/Eclipse/eclipse-rcp-oxygen-3a-win32-x86_64/eclipse/plugins/org.eclipse.wst.standard.schemas_1.0.800.v201706011851.jar...
...loaded -> org.eclipse.wst.standard.schemas
Loading file:/D:/Eclipse/eclipse-rcp-oxygen-3a-win32-x86_64/eclipse/plugins/org.eclipse.wst.validation.infopop_1.0.300.v201309101952.jar...
...loaded -> org.eclipse.wst.validation.infopop
Loading file:/D:/Eclipse/eclipse-rcp-oxygen-3a-win32-x86_64/eclipse/plugins/org.eclipse.wst.validation.ui_1.2.501.v201707142105.jar...
...loaded -> org.eclipse.wst.validation.ui
Loading file:/D:/Eclipse/eclipse-rcp-oxygen-3a-win32-x86_64/eclipse/plugins/org.eclipse.wst.validation_1.2.701.v201707142105.jar...
...loaded -> org.eclipse.wst.validation
Loading file:/D:/Eclipse/eclipse-rcp-oxygen-3a-win32-x86_64/eclipse/plugins/org.eclipse.wst.xml.core_1.1.1101.v201711080222.jar...
...loaded -> org.eclipse.wst.xml.core
Loading file:/D:/Eclipse/eclipse-rcp-oxygen-3a-win32-x86_64/eclipse/plugins/org.eclipse.wst.xml.ui.infopop_1.0.400.v201707252002.jar...
...loaded -> org.eclipse.wst.xml.ui.infopop
Loading file:/D:/Eclipse/eclipse-rcp-oxygen-3a-win32-x86_64/eclipse/plugins/org.eclipse.wst.xml.ui_1.1.800.v201704102213.jar...
...loaded -> org.eclipse.wst.xml.ui
Loading file:/D:/Eclipse/eclipse-rcp-oxygen-3a-win32-x86_64/eclipse/plugins/org.eclipse.wst.xmleditor.doc.user_1.0.700.v201707252002.jar...
...loaded -> org.eclipse.wst.xmleditor.doc.user
Loading file:/D:/Eclipse/eclipse-rcp-oxygen-3a-win32-x86_64/eclipse/plugins/org.eclipse.wst.xsd.core_1.1.900.v201401141857.jar...
...loaded -> org.eclipse.wst.xsd.core
Loading file:/D:/Eclipse/eclipse-rcp-oxygen-3a-win32-x86_64/eclipse/plugins/org.eclipse.wst.xsd.ui_1.2.602.v201801171858.jar...
...loaded -> org.eclipse.wst.xsd.ui
Loading file:/D:/Eclipse/eclipse-rcp-oxygen-3a-win32-x86_64/eclipse/plugins/org.eclipse.wst.xsdeditor.doc.user_1.0.800.v201707252002.jar...
...loaded -> org.eclipse.wst.xsdeditor.doc.user
Loading file:/D:/Eclipse/eclipse-rcp-oxygen-3a-win32-x86_64/eclipse/plugins/org.eclipse.xsd.edit_2.8.0.v20170609-0928.jar...
...loaded -> org.eclipse.xsd.edit
Loading file:/D:/Eclipse/eclipse-rcp-oxygen-3a-win32-x86_64/eclipse/plugins/org.eclipse.xsd_2.13.0.v20170609-0928.jar...
...loaded -> org.eclipse.xsd
Loading file:/D:/Eclipse/eclipse-rcp-oxygen-3a-win32-x86_64/eclipse/plugins/org.gradle.toolingapi_4.3.0.v20171108133209.jar...
...loaded -> org.gradle.toolingapi
Loading file:/D:/Eclipse/eclipse-rcp-oxygen-3a-win32-x86_64/eclipse/plugins/org.hamcrest.core_1.3.0.v201303031735.jar...
...loaded -> org.hamcrest.core
Loading file:/D:/Eclipse/eclipse-rcp-oxygen-3a-win32-x86_64/eclipse/plugins/org.hamcrest.library_1.3.0.v201505072020.jar...
...loaded -> org.hamcrest.library
Loading file:/D:/Eclipse/eclipse-rcp-oxygen-3a-win32-x86_64/eclipse/plugins/org.jacoco.agent_0.8.1.v20180329-2024.jar...
...loaded -> org.jacoco.agent
Loading file:/D:/Eclipse/eclipse-rcp-oxygen-3a-win32-x86_64/eclipse/plugins/org.jacoco.core_0.8.1.v20180329-2024.jar...
...loaded -> org.jacoco.core
Loading file:/D:/Eclipse/eclipse-rcp-oxygen-3a-win32-x86_64/eclipse/plugins/org.jacoco.report_0.8.1.v20180329-2024.jar...
...loaded -> org.jacoco.report
Loading file:/D:/Eclipse/eclipse-rcp-oxygen-3a-win32-x86_64/eclipse/plugins/org.jbenchx.ui.eclipse_0.3.0.201810241632.jar...
...loaded -> org.jbenchx.ui.eclipse
Loading file:/D:/Eclipse/eclipse-rcp-oxygen-3a-win32-x86_64/eclipse/plugins/org.jbenchx_0.3.1.201810241632.jar...
...loaded -> org.jbenchx
Loading file:/D:/Eclipse/eclipse-rcp-oxygen-3a-win32-x86_64/eclipse/plugins/org.jsoup_1.7.2.v201411291515.jar...
...loaded -> org.jsoup
Loading file:/D:/Eclipse/eclipse-rcp-oxygen-3a-win32-x86_64/eclipse/plugins/org.junit.jupiter.api_5.0.0.v20170910-2246.jar...
...loaded -> org.junit.jupiter.api
Loading file:/D:/Eclipse/eclipse-rcp-oxygen-3a-win32-x86_64/eclipse/plugins/org.junit.jupiter.engine_5.0.0.v20170910-2246.jar...
...loaded -> org.junit.jupiter.engine
Loading file:/D:/Eclipse/eclipse-rcp-oxygen-3a-win32-x86_64/eclipse/plugins/org.junit.jupiter.migrationsupport_5.0.0.v20170910-2246.jar...
...loaded -> org.junit.jupiter.migrationsupport
Loading file:/D:/Eclipse/eclipse-rcp-oxygen-3a-win32-x86_64/eclipse/plugins/org.junit.jupiter.params_5.0.0.v20170910-2246.jar...
...loaded -> org.junit.jupiter.params
Loading file:/D:/Eclipse/eclipse-rcp-oxygen-3a-win32-x86_64/eclipse/plugins/org.junit.platform.commons_1.0.0.v20170910-2246.jar...
...loaded -> org.junit.platform.commons
Loading file:/D:/Eclipse/eclipse-rcp-oxygen-3a-win32-x86_64/eclipse/plugins/org.junit.platform.engine_1.0.0.v20170910-2246.jar...
...loaded -> org.junit.platform.engine
Loading file:/D:/Eclipse/eclipse-rcp-oxygen-3a-win32-x86_64/eclipse/plugins/org.junit.platform.launcher_1.0.0.v20170910-2246.jar...
...loaded -> org.junit.platform.launcher
Loading file:/D:/Eclipse/eclipse-rcp-oxygen-3a-win32-x86_64/eclipse/plugins/org.junit.platform.runner_1.0.0.v20170910-2246.jar...
...loaded -> org.junit.platform.runner
Loading file:/D:/Eclipse/eclipse-rcp-oxygen-3a-win32-x86_64/eclipse/plugins/org.junit.platform.suite.api_1.0.0.v20170910-2246.jar...
...loaded -> org.junit.platform.suite.api
Loading file:/D:/Eclipse/eclipse-rcp-oxygen-3a-win32-x86_64/eclipse/plugins/org.junit.vintage.engine_4.12.0.v20170910-2246.jar...
...loaded -> org.junit.vintage.engine
Loading file:/D:/Eclipse/eclipse-rcp-oxygen-3a-win32-x86_64/eclipse/plugins/org.objectweb.asm.commons_6.0.0.v20180116-1719.jar...
...loaded -> org.objectweb.asm.commons
Loading file:/D:/Eclipse/eclipse-rcp-oxygen-3a-win32-x86_64/eclipse/plugins/org.objectweb.asm.tree_6.0.0.v20180116-1719.jar...
...loaded -> org.objectweb.asm.tree
Loading file:/D:/Eclipse/eclipse-rcp-oxygen-3a-win32-x86_64/eclipse/plugins/org.objectweb.asm_6.0.0.v20180116-1719.jar...
...loaded -> org.objectweb.asm
Loading file:/D:/Eclipse/eclipse-rcp-oxygen-3a-win32-x86_64/eclipse/plugins/org.opentest4j_1.0.0.v20170910-2246.jar...
...loaded -> org.opentest4j
Loading file:/D:/Eclipse/eclipse-rcp-oxygen-3a-win32-x86_64/eclipse/plugins/org.sat4j.core_2.3.5.v201308161310.jar...
...loaded -> org.sat4j.core
Loading file:/D:/Eclipse/eclipse-rcp-oxygen-3a-win32-x86_64/eclipse/plugins/org.sat4j.pb_2.3.5.v201404071733.jar...
...loaded -> org.sat4j.pb
Loading file:/D:/Eclipse/eclipse-rcp-oxygen-3a-win32-x86_64/eclipse/plugins/org.slf4j.api_1.7.2.v20121108-1250.jar...
...loaded -> org.slf4j.api
Loading file:/D:/Eclipse/eclipse-rcp-oxygen-3a-win32-x86_64/eclipse/plugins/org.slf4j.impl.log4j12_1.7.2.v20131105-2200.jar...
...loaded -> org.slf4j.impl.log4j12
Loading file:/D:/Eclipse/eclipse-rcp-oxygen-3a-win32-x86_64/eclipse/plugins/org.tigris.subversion.clientadapter.javahl_1.8.15.jar...
...loaded -> org.tigris.subversion.clientadapter.javahl
Loading file:/D:/Eclipse/eclipse-rcp-oxygen-3a-win32-x86_64/eclipse/plugins/org.tigris.subversion.clientadapter_1.10.3.jar...
...loaded -> org.tigris.subversion.clientadapter
Loading file:/D:/Eclipse/eclipse-rcp-oxygen-3a-win32-x86_64/eclipse/plugins/org.tigris.subversion.subclipse.core_1.10.12.jar...
...loaded -> org.tigris.subversion.subclipse.core
Loading file:/D:/Eclipse/eclipse-rcp-oxygen-3a-win32-x86_64/eclipse/plugins/org.tigris.subversion.subclipse.doc_1.3.0.jar...
...loaded -> org.tigris.subversion.subclipse.doc
Loading file:/D:/Eclipse/eclipse-rcp-oxygen-3a-win32-x86_64/eclipse/plugins/org.tigris.subversion.subclipse.tools.usage_1.1.0.jar...
...loaded -> org.tigris.subversion.subclipse.tools.usage
Loading file:/D:/Eclipse/eclipse-rcp-oxygen-3a-win32-x86_64/eclipse/plugins/org.tigris.subversion.subclipse.ui_1.10.13.jar...
...loaded -> org.tigris.subversion.subclipse.ui
Loading file:/D:/Eclipse/eclipse-rcp-oxygen-3a-win32-x86_64/eclipse/plugins/org.tmatesoft.sqljet_1.1.10.r1317_v20140121_0107.jar...
...loaded -> org.tmatesoft.sqljet
Loading file:/D:/Eclipse/eclipse-rcp-oxygen-3a-win32-x86_64/eclipse/plugins/org.tmatesoft.svnkit_1.8.12.r10533_v20160129_0158.jar...
...loaded -> org.tmatesoft.svnkit
Loading file:/D:/Eclipse/eclipse-rcp-oxygen-3a-win32-x86_64/eclipse/plugins/org.tukaani.xz.source_1.5.0.v20170111-1717.jar...
...loaded -> org.tukaani.xz.source
Loading file:/D:/Eclipse/eclipse-rcp-oxygen-3a-win32-x86_64/eclipse/plugins/org.tukaani.xz_1.5.0.v20170111-1717.jar...
...loaded -> org.tukaani.xz
Loading file:/D:/Eclipse/eclipse-rcp-oxygen-3a-win32-x86_64/eclipse/plugins/org.w3c.css.sac.source_1.3.1.v200903091627.jar...
...loaded -> org.w3c.css.sac.source
Loading file:/D:/Eclipse/eclipse-rcp-oxygen-3a-win32-x86_64/eclipse/plugins/org.w3c.css.sac_1.3.1.v200903091627.jar...
...loaded -> org.w3c.css.sac
Loading file:/D:/Eclipse/eclipse-rcp-oxygen-3a-win32-x86_64/eclipse/plugins/org.w3c.dom.events.source_3.0.0.draft20060413_v201105210656.jar...
...loaded -> org.w3c.dom.events.source
Loading file:/D:/Eclipse/eclipse-rcp-oxygen-3a-win32-x86_64/eclipse/plugins/org.w3c.dom.events_3.0.0.draft20060413_v201105210656.jar...
...loaded -> org.w3c.dom.events
Loading file:/D:/Eclipse/eclipse-rcp-oxygen-3a-win32-x86_64/eclipse/plugins/org.w3c.dom.smil.source_1.0.1.v200903091627.jar...
...loaded -> org.w3c.dom.smil.source
Loading file:/D:/Eclipse/eclipse-rcp-oxygen-3a-win32-x86_64/eclipse/plugins/org.w3c.dom.smil_1.0.1.v200903091627.jar...
...loaded -> org.w3c.dom.smil
Loading file:/D:/Eclipse/eclipse-rcp-oxygen-3a-win32-x86_64/eclipse/plugins/org.w3c.dom.svg.source_1.1.0.v201011041433.jar...
...loaded -> org.w3c.dom.svg.source
Loading file:/D:/Eclipse/eclipse-rcp-oxygen-3a-win32-x86_64/eclipse/plugins/org.w3c.dom.svg_1.1.0.v201011041433.jar...
...loaded -> org.w3c.dom.svg
Loading file:/D:/Eclipse/eclipse-rcp-oxygen-3a-win32-x86_64/eclipse/plugins/ch.actifsource.ant_10.10.0.202005121415/...
...loaded -> ch.actifsource.ant
Loading file:/D:/Eclipse/eclipse-rcp-oxygen-3a-win32-x86_64/eclipse/plugins/ch.actifsource.ant_10.9.0.202027031600/...
...loaded -> ch.actifsource.ant
Loading file:/D:/Eclipse/eclipse-rcp-oxygen-3a-win32-x86_64/eclipse/plugins/ch.actifsource.codesnippet_10.10.0.202005121415/...
...loaded -> ch.actifsource.codesnippet
Loading file:/D:/Eclipse/eclipse-rcp-oxygen-3a-win32-x86_64/eclipse/plugins/ch.actifsource.codesnippet_10.9.0.202027031600/...
...loaded -> ch.actifsource.codesnippet
Loading file:/D:/Eclipse/eclipse-rcp-oxygen-3a-win32-x86_64/eclipse/plugins/ch.actifsource.libs_external_10.10.0.202005121415/...
...loaded -> ch.actifsource.libs_external
Loading file:/D:/Eclipse/eclipse-rcp-oxygen-3a-win32-x86_64/eclipse/plugins/ch.actifsource.libs_external_10.9.0.202027031600/...
...loaded -> ch.actifsource.libs_external
Loading file:/D:/Eclipse/eclipse-rcp-oxygen-3a-win32-x86_64/eclipse/plugins/org.apache.ant_1.10.1.v20170504-0840/...
...loaded -> org.apache.ant
Loading file:/D:/Eclipse/eclipse-rcp-oxygen-3a-win32-x86_64/eclipse/plugins/org.eclipse.epp.package.common_4.7.3.20180405-1200/...
...loaded -> org.eclipse.epp.package.common
Loading file:/D:/Eclipse/eclipse-rcp-oxygen-3a-win32-x86_64/eclipse/plugins/org.eclipse.epp.package.rcp_4.7.3.20180405-1200/...
...loaded -> org.eclipse.epp.package.rcp
Loading file:/D:/Eclipse/eclipse-rcp-oxygen-3a-win32-x86_64/eclipse/plugins/org.eclipse.equinox.launcher.win32.win32.x86_64_1.1.551.v20171108-1834/...
...loaded -> org.eclipse.equinox.launcher.win32.win32.x86_64
Loading file:/D:/Eclipse/eclipse-rcp-oxygen-3a-win32-x86_64/eclipse/plugins/org.eclipse.jdt.debug_3.11.50.v20170920-1717/...
...loaded -> org.eclipse.jdt.debug
Loading file:/D:/Eclipse/eclipse-rcp-oxygen-3a-win32-x86_64/eclipse/plugins/org.eclipse.m2e.archetype.common_1.8.3.20180227-2135/...
...loaded -> org.eclipse.m2e.archetype.common
Loading file:/D:/Eclipse/eclipse-rcp-oxygen-3a-win32-x86_64/eclipse/plugins/org.eclipse.m2e.maven.indexer_1.8.3.20180227-2135/...
...loaded -> org.eclipse.m2e.maven.indexer
Loading file:/D:/Eclipse/eclipse-rcp-oxygen-3a-win32-x86_64/eclipse/plugins/org.eclipse.m2e.maven.runtime.slf4j.simple_1.8.3.20180227-2135/...
...loaded -> org.eclipse.m2e.maven.runtime.slf4j.simple
Loading file:/D:/Eclipse/eclipse-rcp-oxygen-3a-win32-x86_64/eclipse/plugins/org.eclipse.m2e.maven.runtime_1.8.3.20180227-2135/...
...loaded -> org.eclipse.m2e.maven.runtime
Loading file:/D:/Eclipse/eclipse-rcp-oxygen-3a-win32-x86_64/eclipse/plugins/org.eclipse.pde.build_3.9.300.v20170515-0912/...
...loaded -> org.eclipse.pde.build
Loading file:/D:/Eclipse/eclipse-rcp-oxygen-3a-win32-x86_64/eclipse/plugins/org.eclipse.pde.ds.lib_1.1.0.v20170303-1624/...
...loaded -> org.eclipse.pde.ds.lib
Loading file:/D:/Eclipse/eclipse-rcp-oxygen-3a-win32-x86_64/eclipse/plugins/org.eclipse.pde.ds1_2.lib_1.0.0.v20170303-1624/...
...loaded -> org.eclipse.pde.ds1_2.lib
Loading file:/D:/Eclipse/eclipse-rcp-oxygen-3a-win32-x86_64/eclipse/plugins/org.eclipse.platform_4.7.3.v20180330-0640/...
...loaded -> org.eclipse.platform
Loading file:/D:/Eclipse/eclipse-rcp-oxygen-3a-win32-x86_64/eclipse/plugins/org.eclipse.ui.themes_1.2.1.v20170809-1435/...
...loaded -> org.eclipse.ui.themes
Loading file:/D:/Eclipse/eclipse-rcp-oxygen-3a-win32-x86_64/eclipse/plugins/org.jbenchx.libs_external_0.3.1.201810241632/...
...loaded -> org.jbenchx.libs_external
Loading file:/D:/Eclipse/eclipse-rcp-oxygen-3a-win32-x86_64/eclipse/plugins/org.junit_4.12.0.v201504281640/...
...loaded -> org.junit
Loading file:/D:/Eclipse/eclipse-rcp-oxygen-3a-win32-x86_64/eclipse/plugins/org.tigris.subversion.clientadapter.javahl.win64_1.8.15/...
...loaded -> org.tigris.subversion.clientadapter.javahl.win64
Loading file:/D:/Eclipse/WORKBENCH/WORKBENCH_GITHUB/ch.actifsource.example.ant/../ch.actifsource.example.ant/...
...loaded -> ch.actifsource.example.ant
Loading file:/D:/Eclipse/WORKBENCH/WORKBENCH_GITHUB/ch.actifsource.example.ant/...
...loaded -> ch.actifsource.example.ant
Loading file:/D:/Eclipse/WORKBENCH/WORKBENCH_GITHUB/ch.actifsource.example.modelunittest/...
...loaded -> ch.actifsource.example.modelunittest
Loading file:/D:/Eclipse/WORKBENCH/WORKBENCH_GITHUB/ch.actifsource.example.modvis.server.standalone/...
...loaded -> ch.actifsource.example.modvis.server.standalone
Loading file:/D:/Eclipse/WORKBENCH/WORKBENCH_GITHUB/ch.actifsource.example.searchstrategyaspect/...
...loaded -> ch.actifsource.example.searchstrategyaspect
Loading file:/D:/Eclipse/eclipse-rcp-oxygen-3a-win32-x86_64/eclipse/plugins/ch.actifsource.aql_10.10.0.202005121415.jar...
...loaded -> ch.actifsource.aql
Loading file:/D:/Eclipse/eclipse-rcp-oxygen-3a-win32-x86_64/eclipse/plugins/ch.actifsource.aql_10.9.0.202027031600.jar...
...loaded -> ch.actifsource.aql
Loading file:/D:/Eclipse/eclipse-rcp-oxygen-3a-win32-x86_64/eclipse/plugins/ch.actifsource.codesnippet.findreplace_10.10.0.202005121415.jar...
...loaded -> ch.actifsource.codesnippet.findreplace
Loading file:/D:/Eclipse/eclipse-rcp-oxygen-3a-win32-x86_64/eclipse/plugins/ch.actifsource.codesnippet.findreplace_10.9.0.202027031600.jar...
...loaded -> ch.actifsource.codesnippet.findreplace
Loading file:/D:/Eclipse/eclipse-rcp-oxygen-3a-win32-x86_64/eclipse/plugins/ch.actifsource.codesnippet.metamodel_10.10.0.202005121415.jar...
...loaded -> ch.actifsource.codesnippet.metamodel
Loading file:/D:/Eclipse/eclipse-rcp-oxygen-3a-win32-x86_64/eclipse/plugins/ch.actifsource.codesnippet.metamodel_10.9.0.202027031600.jar...
...loaded -> ch.actifsource.codesnippet.metamodel
Loading file:/D:/Eclipse/eclipse-rcp-oxygen-3a-win32-x86_64/eclipse/plugins/ch.actifsource.contenttype_10.10.0.202005121415.jar...
...loaded -> ch.actifsource.contenttype
Loading file:/D:/Eclipse/eclipse-rcp-oxygen-3a-win32-x86_64/eclipse/plugins/ch.actifsource.contenttype_10.9.0.202027031600.jar...
...loaded -> ch.actifsource.contenttype
Loading file:/D:/Eclipse/eclipse-rcp-oxygen-3a-win32-x86_64/eclipse/plugins/ch.actifsource.core.testutil_10.10.0.202005121415.jar...
...loaded -> ch.actifsource.core.testutil
Loading file:/D:/Eclipse/eclipse-rcp-oxygen-3a-win32-x86_64/eclipse/plugins/ch.actifsource.core.testutil_10.9.0.202027031600.jar...
...loaded -> ch.actifsource.core.testutil
Loading file:/D:/Eclipse/eclipse-rcp-oxygen-3a-win32-x86_64/eclipse/plugins/ch.actifsource.core_10.10.0.202005121415.jar...
...loaded -> ch.actifsource.core
Loading file:/D:/Eclipse/eclipse-rcp-oxygen-3a-win32-x86_64/eclipse/plugins/ch.actifsource.core_10.9.0.202027031600.jar...
...loaded -> ch.actifsource.core
Loading file:/D:/Eclipse/eclipse-rcp-oxygen-3a-win32-x86_64/eclipse/plugins/ch.actifsource.developer.subclipse_10.10.0.202005121415.jar...
...loaded -> ch.actifsource.developer.subclipse
Loading file:/D:/Eclipse/eclipse-rcp-oxygen-3a-win32-x86_64/eclipse/plugins/ch.actifsource.developer.subclipse_10.9.0.202027031600.jar...
...loaded -> ch.actifsource.developer.subclipse
Loading file:/D:/Eclipse/eclipse-rcp-oxygen-3a-win32-x86_64/eclipse/plugins/ch.actifsource.developer_10.10.0.202005121415.jar...
...loaded -> ch.actifsource.developer
Loading file:/D:/Eclipse/eclipse-rcp-oxygen-3a-win32-x86_64/eclipse/plugins/ch.actifsource.developer_10.9.0.202027031600.jar...
...loaded -> ch.actifsource.developer
Loading file:/D:/Eclipse/eclipse-rcp-oxygen-3a-win32-x86_64/eclipse/plugins/ch.actifsource.diagram_10.10.0.202005121415.jar...
...loaded -> ch.actifsource.diagram
Loading file:/D:/Eclipse/eclipse-rcp-oxygen-3a-win32-x86_64/eclipse/plugins/ch.actifsource.diagram_10.9.0.202027031600.jar...
...loaded -> ch.actifsource.diagram
Loading file:/D:/Eclipse/eclipse-rcp-oxygen-3a-win32-x86_64/eclipse/plugins/ch.actifsource.eclipse.util_10.10.0.202005121415.jar...
...loaded -> ch.actifsource.eclipse.util
Loading file:/D:/Eclipse/eclipse-rcp-oxygen-3a-win32-x86_64/eclipse/plugins/ch.actifsource.eclipse.util_10.9.0.202027031600.jar...
...loaded -> ch.actifsource.eclipse.util
Loading file:/D:/Eclipse/eclipse-rcp-oxygen-3a-win32-x86_64/eclipse/plugins/ch.actifsource.ecore_10.10.0.202005121415.jar...
...loaded -> ch.actifsource.ecore
Loading file:/D:/Eclipse/eclipse-rcp-oxygen-3a-win32-x86_64/eclipse/plugins/ch.actifsource.ecore_10.9.0.202027031600.jar...
...loaded -> ch.actifsource.ecore
Loading file:/D:/Eclipse/eclipse-rcp-oxygen-3a-win32-x86_64/eclipse/plugins/ch.actifsource.environment.resourcescope_10.10.0.202005121415.jar...
...loaded -> ch.actifsource.environment.resourcescope
Loading file:/D:/Eclipse/eclipse-rcp-oxygen-3a-win32-x86_64/eclipse/plugins/ch.actifsource.environment.resourcescope_10.9.0.202027031600.jar...
...loaded -> ch.actifsource.environment.resourcescope
Loading file:/D:/Eclipse/eclipse-rcp-oxygen-3a-win32-x86_64/eclipse/plugins/ch.actifsource.environment_10.10.0.202005121415.jar...
...loaded -> ch.actifsource.environment
Loading file:/D:/Eclipse/eclipse-rcp-oxygen-3a-win32-x86_64/eclipse/plugins/ch.actifsource.environment_10.9.0.202027031600.jar...
...loaded -> ch.actifsource.environment
Loading file:/D:/Eclipse/eclipse-rcp-oxygen-3a-win32-x86_64/eclipse/plugins/ch.actifsource.external.builder.server_10.10.0.202005121415.jar...
...loaded -> ch.actifsource.external.builder.server
Loading file:/D:/Eclipse/eclipse-rcp-oxygen-3a-win32-x86_64/eclipse/plugins/ch.actifsource.external.builder.server_10.9.0.202027031600.jar...
...loaded -> ch.actifsource.external.builder.server
Loading file:/D:/Eclipse/eclipse-rcp-oxygen-3a-win32-x86_64/eclipse/plugins/ch.actifsource.external.builder_10.10.0.202005121415.jar...
...loaded -> ch.actifsource.external.builder
Loading file:/D:/Eclipse/eclipse-rcp-oxygen-3a-win32-x86_64/eclipse/plugins/ch.actifsource.external.builder_10.9.0.202027031600.jar...
...loaded -> ch.actifsource.external.builder
Loading file:/D:/Eclipse/eclipse-rcp-oxygen-3a-win32-x86_64/eclipse/plugins/ch.actifsource.freemarker_10.10.0.202005121415.jar...
...loaded -> ch.actifsource.freemarker
Loading file:/D:/Eclipse/eclipse-rcp-oxygen-3a-win32-x86_64/eclipse/plugins/ch.actifsource.freemarker_10.9.0.202027031600.jar...
...loaded -> ch.actifsource.freemarker
Loading file:/D:/Eclipse/eclipse-rcp-oxygen-3a-win32-x86_64/eclipse/plugins/ch.actifsource.generator.compat_10.10.0.202005121415.jar...
...loaded -> ch.actifsource.generator.compat
Loading file:/D:/Eclipse/eclipse-rcp-oxygen-3a-win32-x86_64/eclipse/plugins/ch.actifsource.generator.compat_10.9.0.202027031600.jar...
...loaded -> ch.actifsource.generator.compat
Loading file:/D:/Eclipse/eclipse-rcp-oxygen-3a-win32-x86_64/eclipse/plugins/ch.actifsource.generator.freemarker_10.10.0.202005121415.jar...
...loaded -> ch.actifsource.generator.freemarker
Loading file:/D:/Eclipse/eclipse-rcp-oxygen-3a-win32-x86_64/eclipse/plugins/ch.actifsource.generator.freemarker_10.9.0.202027031600.jar...
...loaded -> ch.actifsource.generator.freemarker
Loading file:/D:/Eclipse/eclipse-rcp-oxygen-3a-win32-x86_64/eclipse/plugins/ch.actifsource.generator.graphviz_10.10.0.202005121415.jar...
...loaded -> ch.actifsource.generator.graphviz
Loading file:/D:/Eclipse/eclipse-rcp-oxygen-3a-win32-x86_64/eclipse/plugins/ch.actifsource.generator.graphviz_10.9.0.202027031600.jar...
...loaded -> ch.actifsource.generator.graphviz
Loading file:/D:/Eclipse/eclipse-rcp-oxygen-3a-win32-x86_64/eclipse/plugins/ch.actifsource.generator.workspacetask_10.10.0.202005121415.jar...
...loaded -> ch.actifsource.generator.workspacetask
Loading file:/D:/Eclipse/eclipse-rcp-oxygen-3a-win32-x86_64/eclipse/plugins/ch.actifsource.generator.workspacetask_10.9.0.202027031600.jar...
...loaded -> ch.actifsource.generator.workspacetask
Loading file:/D:/Eclipse/eclipse-rcp-oxygen-3a-win32-x86_64/eclipse/plugins/ch.actifsource.generator.xpand_10.10.0.202005121415.jar...
...loaded -> ch.actifsource.generator.xpand
Loading file:/D:/Eclipse/eclipse-rcp-oxygen-3a-win32-x86_64/eclipse/plugins/ch.actifsource.generator.xpand_10.9.0.202027031600.jar...
...loaded -> ch.actifsource.generator.xpand
Loading file:/D:/Eclipse/eclipse-rcp-oxygen-3a-win32-x86_64/eclipse/plugins/ch.actifsource.generator_10.10.0.202005121415.jar...
...loaded -> ch.actifsource.generator
Loading file:/D:/Eclipse/eclipse-rcp-oxygen-3a-win32-x86_64/eclipse/plugins/ch.actifsource.generator_10.9.0.202027031600.jar...
...loaded -> ch.actifsource.generator
Loading file:/D:/Eclipse/eclipse-rcp-oxygen-3a-win32-x86_64/eclipse/plugins/ch.actifsource.genericapp.dataclass_10.10.0.202005121415.jar...
...loaded -> ch.actifsource.genericapp.dataclass
Loading file:/D:/Eclipse/eclipse-rcp-oxygen-3a-win32-x86_64/eclipse/plugins/ch.actifsource.genericapp.dataclass_10.9.0.202027031600.jar...
...loaded -> ch.actifsource.genericapp.dataclass
Loading file:/D:/Eclipse/eclipse-rcp-oxygen-3a-win32-x86_64/eclipse/plugins/ch.actifsource.genericapp.httpclient_10.10.0.202005121415.jar...
...loaded -> ch.actifsource.genericapp.httpclient
Loading file:/D:/Eclipse/eclipse-rcp-oxygen-3a-win32-x86_64/eclipse/plugins/ch.actifsource.genericapp.httpclient_10.9.0.202027031600.jar...
...loaded -> ch.actifsource.genericapp.httpclient
Loading file:/D:/Eclipse/eclipse-rcp-oxygen-3a-win32-x86_64/eclipse/plugins/ch.actifsource.javamodel.reader_10.10.0.202005121415.jar...
...loaded -> ch.actifsource.javamodel.reader
Loading file:/D:/Eclipse/eclipse-rcp-oxygen-3a-win32-x86_64/eclipse/plugins/ch.actifsource.javamodel.reader_10.9.0.202027031600.jar...
...loaded -> ch.actifsource.javamodel.reader
Loading file:/D:/Eclipse/eclipse-rcp-oxygen-3a-win32-x86_64/eclipse/plugins/ch.actifsource.javamodel_10.10.0.202005121415.jar...
...loaded -> ch.actifsource.javamodel
Loading file:/D:/Eclipse/eclipse-rcp-oxygen-3a-win32-x86_64/eclipse/plugins/ch.actifsource.javamodel_10.9.0.202027031600.jar...
...loaded -> ch.actifsource.javamodel
Loading file:/D:/Eclipse/eclipse-rcp-oxygen-3a-win32-x86_64/eclipse/plugins/ch.actifsource.licence.seal_10.10.0.202005121415.jar...
...loaded -> ch.actifsource.licence.seal
Loading file:/D:/Eclipse/eclipse-rcp-oxygen-3a-win32-x86_64/eclipse/plugins/ch.actifsource.licence.seal_10.9.0.202027031600.jar...
...loaded -> ch.actifsource.licence.seal
Loading file:/D:/Eclipse/eclipse-rcp-oxygen-3a-win32-x86_64/eclipse/plugins/ch.actifsource.oaw.xpand_10.10.0.202005121415.jar...
...loaded -> ch.actifsource.oaw.xpand
Loading file:/D:/Eclipse/eclipse-rcp-oxygen-3a-win32-x86_64/eclipse/plugins/ch.actifsource.oaw.xpand_10.9.0.202027031600.jar...
...loaded -> ch.actifsource.oaw.xpand
Loading file:/D:/Eclipse/eclipse-rcp-oxygen-3a-win32-x86_64/eclipse/plugins/ch.actifsource.p2_v2_10.10.0.202005121415.jar...
...loaded -> ch.actifsource.p2_v2
Loading file:/D:/Eclipse/eclipse-rcp-oxygen-3a-win32-x86_64/eclipse/plugins/ch.actifsource.p2_v2_10.9.0.202027031600.jar...
...loaded -> ch.actifsource.p2_v2
Loading file:/D:/Eclipse/eclipse-rcp-oxygen-3a-win32-x86_64/eclipse/plugins/ch.actifsource.platform_10.10.0.202005121415.jar...
...loaded -> ch.actifsource.platform
Loading file:/D:/Eclipse/eclipse-rcp-oxygen-3a-win32-x86_64/eclipse/plugins/ch.actifsource.platform_10.9.0.202027031600.jar...
...loaded -> ch.actifsource.platform
Loading file:/D:/Eclipse/eclipse-rcp-oxygen-3a-win32-x86_64/eclipse/plugins/ch.actifsource.servicedata_10.10.0.202005121415.jar...
...loaded -> ch.actifsource.servicedata
Loading file:/D:/Eclipse/eclipse-rcp-oxygen-3a-win32-x86_64/eclipse/plugins/ch.actifsource.servicedata_10.9.0.202027031600.jar...
...loaded -> ch.actifsource.servicedata
Loading file:/D:/Eclipse/eclipse-rcp-oxygen-3a-win32-x86_64/eclipse/plugins/ch.actifsource.solution.cip_10.10.0.202005121415.jar...
...loaded -> ch.actifsource.solution.cip
Loading file:/D:/Eclipse/eclipse-rcp-oxygen-3a-win32-x86_64/eclipse/plugins/ch.actifsource.solution.cip_10.9.0.202027031600.jar...
...loaded -> ch.actifsource.solution.cip
Loading file:/D:/Eclipse/eclipse-rcp-oxygen-3a-win32-x86_64/eclipse/plugins/ch.actifsource.solution.datatype_10.10.0.202005121415.jar...
...loaded -> ch.actifsource.solution.datatype
Loading file:/D:/Eclipse/eclipse-rcp-oxygen-3a-win32-x86_64/eclipse/plugins/ch.actifsource.solution.datatype_10.9.0.202027031600.jar...
...loaded -> ch.actifsource.solution.datatype
Loading file:/D:/Eclipse/eclipse-rcp-oxygen-3a-win32-x86_64/eclipse/plugins/ch.actifsource.solution.dec_10.10.0.202005121415.jar...
...loaded -> ch.actifsource.solution.dec
Loading file:/D:/Eclipse/eclipse-rcp-oxygen-3a-win32-x86_64/eclipse/plugins/ch.actifsource.solution.dec_10.9.0.202027031600.jar...
...loaded -> ch.actifsource.solution.dec
Loading file:/D:/Eclipse/eclipse-rcp-oxygen-3a-win32-x86_64/eclipse/plugins/ch.actifsource.solution.documentation.metamodel_10.10.0.202005121415.jar...
...loaded -> ch.actifsource.solution.documentation.metamodel
Loading file:/D:/Eclipse/eclipse-rcp-oxygen-3a-win32-x86_64/eclipse/plugins/ch.actifsource.solution.documentation.metamodel_10.9.0.202027031600.jar...
...loaded -> ch.actifsource.solution.documentation.metamodel
Loading file:/D:/Eclipse/eclipse-rcp-oxygen-3a-win32-x86_64/eclipse/plugins/ch.actifsource.solution.modelsnippet_10.10.0.202005121415.jar...
...loaded -> ch.actifsource.solution.modelsnippet
Loading file:/D:/Eclipse/eclipse-rcp-oxygen-3a-win32-x86_64/eclipse/plugins/ch.actifsource.solution.modvis.server.core_10.10.0.202005121415.jar...
...loaded -> ch.actifsource.solution.modvis.server.core
Loading file:/D:/Eclipse/eclipse-rcp-oxygen-3a-win32-x86_64/eclipse/plugins/ch.actifsource.solution.modvis.server_10.10.0.202005121415.jar...
...loaded -> ch.actifsource.solution.modvis.server
Loading file:/D:/Eclipse/eclipse-rcp-oxygen-3a-win32-x86_64/eclipse/plugins/ch.actifsource.solution.modvis.server_10.9.0.202027031600.jar...
...loaded -> ch.actifsource.solution.modvis.server
Loading file:/D:/Eclipse/eclipse-rcp-oxygen-3a-win32-x86_64/eclipse/plugins/ch.actifsource.solution.modvis_10.10.0.202005121415.jar...
...loaded -> ch.actifsource.solution.modvis
Loading file:/D:/Eclipse/eclipse-rcp-oxygen-3a-win32-x86_64/eclipse/plugins/ch.actifsource.solution.modvis_10.9.0.202027031600.jar...
...loaded -> ch.actifsource.solution.modvis
Loading file:/D:/Eclipse/eclipse-rcp-oxygen-3a-win32-x86_64/eclipse/plugins/ch.actifsource.solution.uml.statediagram_10.10.0.202005121415.jar...
...loaded -> ch.actifsource.solution.uml.statediagram
Loading file:/D:/Eclipse/eclipse-rcp-oxygen-3a-win32-x86_64/eclipse/plugins/ch.actifsource.solution.uml.statediagram_10.9.0.202027031600.jar...
...loaded -> ch.actifsource.solution.uml.statediagram
Loading file:/D:/Eclipse/eclipse-rcp-oxygen-3a-win32-x86_64/eclipse/plugins/ch.actifsource.template.findreplace_10.10.0.202005121415.jar...
...loaded -> ch.actifsource.template.findreplace
Loading file:/D:/Eclipse/eclipse-rcp-oxygen-3a-win32-x86_64/eclipse/plugins/ch.actifsource.template.findreplace_10.9.0.202027031600.jar...
...loaded -> ch.actifsource.template.findreplace
Loading file:/D:/Eclipse/eclipse-rcp-oxygen-3a-win32-x86_64/eclipse/plugins/ch.actifsource.template_10.10.0.202005121415.jar...
...loaded -> ch.actifsource.template
Loading file:/D:/Eclipse/eclipse-rcp-oxygen-3a-win32-x86_64/eclipse/plugins/ch.actifsource.template_10.9.0.202027031600.jar...
...loaded -> ch.actifsource.template
Loading file:/D:/Eclipse/eclipse-rcp-oxygen-3a-win32-x86_64/eclipse/plugins/ch.actifsource.testutil_10.10.0.202005121415.jar...
...loaded -> ch.actifsource.testutil
Loading file:/D:/Eclipse/eclipse-rcp-oxygen-3a-win32-x86_64/eclipse/plugins/ch.actifsource.testutil_10.9.0.202027031600.jar...
...loaded -> ch.actifsource.testutil
Loading file:/D:/Eclipse/eclipse-rcp-oxygen-3a-win32-x86_64/eclipse/plugins/ch.actifsource.transientresource_10.10.0.202005121415.jar...
...loaded -> ch.actifsource.transientresource
Loading file:/D:/Eclipse/eclipse-rcp-oxygen-3a-win32-x86_64/eclipse/plugins/ch.actifsource.transientresource_10.9.0.202027031600.jar...
...loaded -> ch.actifsource.transientresource
Loading file:/D:/Eclipse/eclipse-rcp-oxygen-3a-win32-x86_64/eclipse/plugins/ch.actifsource.ui.ant_10.10.0.202005121415.jar...
...loaded -> ch.actifsource.ui.ant
Loading file:/D:/Eclipse/eclipse-rcp-oxygen-3a-win32-x86_64/eclipse/plugins/ch.actifsource.ui.ant_10.9.0.202027031600.jar...
...loaded -> ch.actifsource.ui.ant
Loading file:/D:/Eclipse/eclipse-rcp-oxygen-3a-win32-x86_64/eclipse/plugins/ch.actifsource.ui.aql_10.10.0.202005121415.jar...
...loaded -> ch.actifsource.ui.aql
Loading file:/D:/Eclipse/eclipse-rcp-oxygen-3a-win32-x86_64/eclipse/plugins/ch.actifsource.ui.aql_10.9.0.202027031600.jar...
...loaded -> ch.actifsource.ui.aql
Loading file:/D:/Eclipse/eclipse-rcp-oxygen-3a-win32-x86_64/eclipse/plugins/ch.actifsource.ui.builder_10.10.0.202005121415.jar...
...loaded -> ch.actifsource.ui.builder
Loading file:/D:/Eclipse/eclipse-rcp-oxygen-3a-win32-x86_64/eclipse/plugins/ch.actifsource.ui.builder_10.9.0.202027031600.jar...
...loaded -> ch.actifsource.ui.builder
Loading file:/D:/Eclipse/eclipse-rcp-oxygen-3a-win32-x86_64/eclipse/plugins/ch.actifsource.ui.codesnippet_10.10.0.202005121415.jar...
...loaded -> ch.actifsource.ui.codesnippet
Loading file:/D:/Eclipse/eclipse-rcp-oxygen-3a-win32-x86_64/eclipse/plugins/ch.actifsource.ui.codesnippet_10.9.0.202027031600.jar...
...loaded -> ch.actifsource.ui.codesnippet
Loading file:/D:/Eclipse/eclipse-rcp-oxygen-3a-win32-x86_64/eclipse/plugins/ch.actifsource.ui.component_10.10.0.202005121415.jar...
...loaded -> ch.actifsource.ui.component
Loading file:/D:/Eclipse/eclipse-rcp-oxygen-3a-win32-x86_64/eclipse/plugins/ch.actifsource.ui.component_10.9.0.202027031600.jar...
...loaded -> ch.actifsource.ui.component
Loading file:/D:/Eclipse/eclipse-rcp-oxygen-3a-win32-x86_64/eclipse/plugins/ch.actifsource.ui.diagram.classes_10.10.0.202005121415.jar...
...loaded -> ch.actifsource.ui.diagram.classes
Loading file:/D:/Eclipse/eclipse-rcp-oxygen-3a-win32-x86_64/eclipse/plugins/ch.actifsource.ui.diagram.classes_10.9.0.202027031600.jar...
...loaded -> ch.actifsource.ui.diagram.classes
Loading file:/D:/Eclipse/eclipse-rcp-oxygen-3a-win32-x86_64/eclipse/plugins/ch.actifsource.ui.diagram.synchronize_10.10.0.202005121415.jar...
...loaded -> ch.actifsource.ui.diagram.synchronize
Loading file:/D:/Eclipse/eclipse-rcp-oxygen-3a-win32-x86_64/eclipse/plugins/ch.actifsource.ui.diagram.synchronize_10.9.0.202027031600.jar...
...loaded -> ch.actifsource.ui.diagram.synchronize
Loading file:/D:/Eclipse/eclipse-rcp-oxygen-3a-win32-x86_64/eclipse/plugins/ch.actifsource.ui.diagram_10.10.0.202005121415.jar...
...loaded -> ch.actifsource.ui.diagram
Loading file:/D:/Eclipse/eclipse-rcp-oxygen-3a-win32-x86_64/eclipse/plugins/ch.actifsource.ui.diagram_10.9.0.202027031600.jar...
...loaded -> ch.actifsource.ui.diagram
Loading file:/D:/Eclipse/eclipse-rcp-oxygen-3a-win32-x86_64/eclipse/plugins/ch.actifsource.ui.ecore_10.10.0.202005121415.jar...
...loaded -> ch.actifsource.ui.ecore
Loading file:/D:/Eclipse/eclipse-rcp-oxygen-3a-win32-x86_64/eclipse/plugins/ch.actifsource.ui.ecore_10.9.0.202027031600.jar...
...loaded -> ch.actifsource.ui.ecore
Loading file:/D:/Eclipse/eclipse-rcp-oxygen-3a-win32-x86_64/eclipse/plugins/ch.actifsource.ui.editor.tabular_10.10.0.202005121415.jar...
...loaded -> ch.actifsource.ui.editor.tabular
Loading file:/D:/Eclipse/eclipse-rcp-oxygen-3a-win32-x86_64/eclipse/plugins/ch.actifsource.ui.editor.tabular_10.9.0.202027031600.jar...
...loaded -> ch.actifsource.ui.editor.tabular
Loading file:/D:/Eclipse/eclipse-rcp-oxygen-3a-win32-x86_64/eclipse/plugins/ch.actifsource.ui.editor_10.10.0.202005121415.jar...
...loaded -> ch.actifsource.ui.editor
Loading file:/D:/Eclipse/eclipse-rcp-oxygen-3a-win32-x86_64/eclipse/plugins/ch.actifsource.ui.editor_10.9.0.202027031600.jar...
...loaded -> ch.actifsource.ui.editor
Loading file:/D:/Eclipse/eclipse-rcp-oxygen-3a-win32-x86_64/eclipse/plugins/ch.actifsource.ui.elementtexteditor_10.10.0.202005121415.jar...
...loaded -> ch.actifsource.ui.elementtexteditor
Loading file:/D:/Eclipse/eclipse-rcp-oxygen-3a-win32-x86_64/eclipse/plugins/ch.actifsource.ui.elementtexteditor_10.9.0.202027031600.jar...
...loaded -> ch.actifsource.ui.elementtexteditor
Loading file:/D:/Eclipse/eclipse-rcp-oxygen-3a-win32-x86_64/eclipse/plugins/ch.actifsource.ui.generator.compat_10.10.0.202005121415.jar...
...loaded -> ch.actifsource.ui.generator.compat
Loading file:/D:/Eclipse/eclipse-rcp-oxygen-3a-win32-x86_64/eclipse/plugins/ch.actifsource.ui.generator.compat_10.9.0.202027031600.jar...
...loaded -> ch.actifsource.ui.generator.compat
Loading file:/D:/Eclipse/eclipse-rcp-oxygen-3a-win32-x86_64/eclipse/plugins/ch.actifsource.ui.generator.freemarker_10.10.0.202005121415.jar...
...loaded -> ch.actifsource.ui.generator.freemarker
Loading file:/D:/Eclipse/eclipse-rcp-oxygen-3a-win32-x86_64/eclipse/plugins/ch.actifsource.ui.generator.freemarker_10.9.0.202027031600.jar...
...loaded -> ch.actifsource.ui.generator.freemarker
Loading file:/D:/Eclipse/eclipse-rcp-oxygen-3a-win32-x86_64/eclipse/plugins/ch.actifsource.ui.generator.project_10.10.0.202005121415.jar...
...loaded -> ch.actifsource.ui.generator.project
Loading file:/D:/Eclipse/eclipse-rcp-oxygen-3a-win32-x86_64/eclipse/plugins/ch.actifsource.ui.generator.project_10.9.0.202027031600.jar...
...loaded -> ch.actifsource.ui.generator.project
Loading file:/D:/Eclipse/eclipse-rcp-oxygen-3a-win32-x86_64/eclipse/plugins/ch.actifsource.ui.generator_10.10.0.202005121415.jar...
...loaded -> ch.actifsource.ui.generator
Loading file:/D:/Eclipse/eclipse-rcp-oxygen-3a-win32-x86_64/eclipse/plugins/ch.actifsource.ui.generator_10.9.0.202027031600.jar...
...loaded -> ch.actifsource.ui.generator
Loading file:/D:/Eclipse/eclipse-rcp-oxygen-3a-win32-x86_64/eclipse/plugins/ch.actifsource.ui.genericapp_10.10.0.202005121415.jar...
...loaded -> ch.actifsource.ui.genericapp
Loading file:/D:/Eclipse/eclipse-rcp-oxygen-3a-win32-x86_64/eclipse/plugins/ch.actifsource.ui.genericapp_10.9.0.202027031600.jar...
...loaded -> ch.actifsource.ui.genericapp
Loading file:/D:/Eclipse/eclipse-rcp-oxygen-3a-win32-x86_64/eclipse/plugins/ch.actifsource.ui.hudson.freemarker_ide_10.10.0.202005121415.jar...
...loaded -> ch.actifsource.ui.hudson.freemarker_ide
Loading file:/D:/Eclipse/eclipse-rcp-oxygen-3a-win32-x86_64/eclipse/plugins/ch.actifsource.ui.hudson.freemarker_ide_10.9.0.202027031600.jar...
...loaded -> ch.actifsource.ui.hudson.freemarker_ide
Loading file:/D:/Eclipse/eclipse-rcp-oxygen-3a-win32-x86_64/eclipse/plugins/ch.actifsource.ui.junit_10.10.0.202005121415.jar...
...loaded -> ch.actifsource.ui.junit
Loading file:/D:/Eclipse/eclipse-rcp-oxygen-3a-win32-x86_64/eclipse/plugins/ch.actifsource.ui.junit_10.9.0.202027031600.jar...
...loaded -> ch.actifsource.ui.junit
Loading file:/D:/Eclipse/eclipse-rcp-oxygen-3a-win32-x86_64/eclipse/plugins/ch.actifsource.ui.navigator_10.10.0.202005121415.jar...
...loaded -> ch.actifsource.ui.navigator
Loading file:/D:/Eclipse/eclipse-rcp-oxygen-3a-win32-x86_64/eclipse/plugins/ch.actifsource.ui.navigator_10.9.0.202027031600.jar...
...loaded -> ch.actifsource.ui.navigator
Loading file:/D:/Eclipse/eclipse-rcp-oxygen-3a-win32-x86_64/eclipse/plugins/ch.actifsource.ui.oaw.xpand.editor_10.10.0.202005121415.jar...
...loaded -> ch.actifsource.ui.oaw.xpand.editor
Loading file:/D:/Eclipse/eclipse-rcp-oxygen-3a-win32-x86_64/eclipse/plugins/ch.actifsource.ui.oaw.xpand.editor_10.9.0.202027031600.jar...
...loaded -> ch.actifsource.ui.oaw.xpand.editor
Loading file:/D:/Eclipse/eclipse-rcp-oxygen-3a-win32-x86_64/eclipse/plugins/ch.actifsource.ui.perspective_10.10.0.202005121415.jar...
...loaded -> ch.actifsource.ui.perspective
Loading file:/D:/Eclipse/eclipse-rcp-oxygen-3a-win32-x86_64/eclipse/plugins/ch.actifsource.ui.perspective_10.9.0.202027031600.jar...
...loaded -> ch.actifsource.ui.perspective
Loading file:/D:/Eclipse/eclipse-rcp-oxygen-3a-win32-x86_64/eclipse/plugins/ch.actifsource.ui.refactoring_10.10.0.202005121415.jar...
...loaded -> ch.actifsource.ui.refactoring
Loading file:/D:/Eclipse/eclipse-rcp-oxygen-3a-win32-x86_64/eclipse/plugins/ch.actifsource.ui.refactoring_10.9.0.202027031600.jar...
...loaded -> ch.actifsource.ui.refactoring
Loading file:/D:/Eclipse/eclipse-rcp-oxygen-3a-win32-x86_64/eclipse/plugins/ch.actifsource.ui.search.codesnippet_10.10.0.202005121415.jar...
...loaded -> ch.actifsource.ui.search.codesnippet
Loading file:/D:/Eclipse/eclipse-rcp-oxygen-3a-win32-x86_64/eclipse/plugins/ch.actifsource.ui.search.codesnippet_10.9.0.202027031600.jar...
...loaded -> ch.actifsource.ui.search.codesnippet
Loading file:/D:/Eclipse/eclipse-rcp-oxygen-3a-win32-x86_64/eclipse/plugins/ch.actifsource.ui.search.editor_10.10.0.202005121415.jar...
...loaded -> ch.actifsource.ui.search.editor
Loading file:/D:/Eclipse/eclipse-rcp-oxygen-3a-win32-x86_64/eclipse/plugins/ch.actifsource.ui.search.editor_10.9.0.202027031600.jar...
...loaded -> ch.actifsource.ui.search.editor
Loading file:/D:/Eclipse/eclipse-rcp-oxygen-3a-win32-x86_64/eclipse/plugins/ch.actifsource.ui.search.template_10.10.0.202005121415.jar...
...loaded -> ch.actifsource.ui.search.template
Loading file:/D:/Eclipse/eclipse-rcp-oxygen-3a-win32-x86_64/eclipse/plugins/ch.actifsource.ui.search.template_10.9.0.202027031600.jar...
...loaded -> ch.actifsource.ui.search.template
Loading file:/D:/Eclipse/eclipse-rcp-oxygen-3a-win32-x86_64/eclipse/plugins/ch.actifsource.ui.search_10.10.0.202005121415.jar...
...loaded -> ch.actifsource.ui.search
Loading file:/D:/Eclipse/eclipse-rcp-oxygen-3a-win32-x86_64/eclipse/plugins/ch.actifsource.ui.search_10.9.0.202027031600.jar...
...loaded -> ch.actifsource.ui.search
Loading file:/D:/Eclipse/eclipse-rcp-oxygen-3a-win32-x86_64/eclipse/plugins/ch.actifsource.ui.synchronize_10.10.0.202005121415.jar...
...loaded -> ch.actifsource.ui.synchronize
Loading file:/D:/Eclipse/eclipse-rcp-oxygen-3a-win32-x86_64/eclipse/plugins/ch.actifsource.ui.synchronize_10.9.0.202027031600.jar...
...loaded -> ch.actifsource.ui.synchronize
Loading file:/D:/Eclipse/eclipse-rcp-oxygen-3a-win32-x86_64/eclipse/plugins/ch.actifsource.ui.templateeditor_10.10.0.202005121415.jar...
...loaded -> ch.actifsource.ui.templateeditor
Loading file:/D:/Eclipse/eclipse-rcp-oxygen-3a-win32-x86_64/eclipse/plugins/ch.actifsource.ui.templateeditor_10.9.0.202027031600.jar...
...loaded -> ch.actifsource.ui.templateeditor
Loading file:/D:/Eclipse/eclipse-rcp-oxygen-3a-win32-x86_64/eclipse/plugins/ch.actifsource.ui.transientresource_10.10.0.202005121415.jar...
...loaded -> ch.actifsource.ui.transientresource
Loading file:/D:/Eclipse/eclipse-rcp-oxygen-3a-win32-x86_64/eclipse/plugins/ch.actifsource.ui.transientresource_10.9.0.202027031600.jar...
...loaded -> ch.actifsource.ui.transientresource
Loading file:/D:/Eclipse/eclipse-rcp-oxygen-3a-win32-x86_64/eclipse/plugins/ch.actifsource.ui.validator_10.10.0.202005121415.jar...
...loaded -> ch.actifsource.ui.validator
Loading file:/D:/Eclipse/eclipse-rcp-oxygen-3a-win32-x86_64/eclipse/plugins/ch.actifsource.ui.validator_10.9.0.202027031600.jar...
...loaded -> ch.actifsource.ui.validator
Loading file:/D:/Eclipse/eclipse-rcp-oxygen-3a-win32-x86_64/eclipse/plugins/ch.actifsource.ui.widget_10.10.0.202005121415.jar...
...loaded -> ch.actifsource.ui.widget
Loading file:/D:/Eclipse/eclipse-rcp-oxygen-3a-win32-x86_64/eclipse/plugins/ch.actifsource.ui.widget_10.9.0.202027031600.jar...
...loaded -> ch.actifsource.ui.widget
Loading file:/D:/Eclipse/eclipse-rcp-oxygen-3a-win32-x86_64/eclipse/plugins/ch.actifsource.ui.wizard.generic_10.10.0.202005121415.jar...
...loaded -> ch.actifsource.ui.wizard.generic
Loading file:/D:/Eclipse/eclipse-rcp-oxygen-3a-win32-x86_64/eclipse/plugins/ch.actifsource.ui.wizard.generic_10.9.0.202027031600.jar...
...loaded -> ch.actifsource.ui.wizard.generic
Loading file:/D:/Eclipse/eclipse-rcp-oxygen-3a-win32-x86_64/eclipse/plugins/ch.actifsource.ui.wizard_10.10.0.202005121415.jar...
...loaded -> ch.actifsource.ui.wizard
Loading file:/D:/Eclipse/eclipse-rcp-oxygen-3a-win32-x86_64/eclipse/plugins/ch.actifsource.ui.wizard_10.9.0.202027031600.jar...
...loaded -> ch.actifsource.ui.wizard
Loading file:/D:/Eclipse/eclipse-rcp-oxygen-3a-win32-x86_64/eclipse/plugins/ch.actifsource.util_10.10.0.202005121415.jar...
...loaded -> ch.actifsource.util
Loading file:/D:/Eclipse/eclipse-rcp-oxygen-3a-win32-x86_64/eclipse/plugins/ch.actifsource.util_10.9.0.202027031600.jar...
...loaded -> ch.actifsource.util
Loading file:/D:/Eclipse/eclipse-rcp-oxygen-3a-win32-x86_64/eclipse/plugins/ch.actifsource.xml_10.10.0.202005121415.jar...
...loaded -> ch.actifsource.xml
Loading file:/D:/Eclipse/eclipse-rcp-oxygen-3a-win32-x86_64/eclipse/plugins/ch.actifsource.xml_10.9.0.202027031600.jar...
...loaded -> ch.actifsource.xml
Loading file:/D:/Eclipse/eclipse-rcp-oxygen-3a-win32-x86_64/eclipse/plugins/ch.actifsource_10.10.0.202005121415.jar...
...loaded -> ch.actifsource
Loading file:/D:/Eclipse/eclipse-rcp-oxygen-3a-win32-x86_64/eclipse/plugins/ch.actifsource_10.9.0.202027031600.jar...
...loaded -> ch.actifsource
Loading file:/D:/Eclipse/eclipse-rcp-oxygen-3a-win32-x86_64/eclipse/plugins/ch.carrara.uuid_1.1.0.201809201700.jar...
...loaded -> ch.carrara.uuid
Loading file:/D:/Eclipse/eclipse-rcp-oxygen-3a-win32-x86_64/eclipse/plugins/ch.qos.logback.classic_1.0.7.v20121108-1250.jar...
...loaded -> ch.qos.logback.classic
Loading file:/D:/Eclipse/eclipse-rcp-oxygen-3a-win32-x86_64/eclipse/plugins/ch.qos.logback.core_1.0.7.v20121108-1250.jar...
...loaded -> ch.qos.logback.core
Loading file:/D:/Eclipse/eclipse-rcp-oxygen-3a-win32-x86_64/eclipse/plugins/ch.qos.logback.slf4j_1.0.7.v201505121915.jar...
...loaded -> ch.qos.logback.slf4j
Loading file:/D:/Eclipse/eclipse-rcp-oxygen-3a-win32-x86_64/eclipse/plugins/com.google.gerrit.common_2.1.5.v201112241444.jar...
...loaded -> com.google.gerrit.common
Loading file:/D:/Eclipse/eclipse-rcp-oxygen-3a-win32-x86_64/eclipse/plugins/com.google.gerrit.prettify_2.1.5.v201112241444.jar...
...loaded -> com.google.gerrit.prettify
Loading file:/D:/Eclipse/eclipse-rcp-oxygen-3a-win32-x86_64/eclipse/plugins/com.google.gerrit.reviewdb_2.1.5.v201112241444.jar...
...loaded -> com.google.gerrit.reviewdb
Loading file:/D:/Eclipse/eclipse-rcp-oxygen-3a-win32-x86_64/eclipse/plugins/com.google.gson_2.7.0.v20170129-0911.jar...
...loaded -> com.google.gson
Loading file:/D:/Eclipse/eclipse-rcp-oxygen-3a-win32-x86_64/eclipse/plugins/com.google.guava_15.0.0.v201403281430.jar...
...loaded -> com.google.guava
Loading file:/D:/Eclipse/eclipse-rcp-oxygen-3a-win32-x86_64/eclipse/plugins/com.google.guava_21.0.0.v20170206-1425.jar...
...loaded -> com.google.guava
Loading file:/D:/Eclipse/eclipse-rcp-oxygen-3a-win32-x86_64/eclipse/plugins/com.google.gwt.servlet_2.0.4.v20100709-0658.jar...
...loaded -> com.google.gwt.servlet
Loading file:/D:/Eclipse/eclipse-rcp-oxygen-3a-win32-x86_64/eclipse/plugins/com.google.gwtjsonrpc_1.2.5.v201112241444.jar...
...loaded -> com.google.gwtjsonrpc
Loading file:/D:/Eclipse/eclipse-rcp-oxygen-3a-win32-x86_64/eclipse/plugins/com.google.gwtorm_1.1.4.v201112241444.jar...
...loaded -> com.google.gwtorm
Loading file:/D:/Eclipse/eclipse-rcp-oxygen-3a-win32-x86_64/eclipse/plugins/com.google.inject.multibindings_3.0.0.v201402270930.jar...
...loaded -> com.google.inject.multibindings
Loading file:/D:/Eclipse/eclipse-rcp-oxygen-3a-win32-x86_64/eclipse/plugins/com.google.inject_3.0.0.v201312141243.jar...
...loaded -> com.google.inject
Loading file:/D:/Eclipse/eclipse-rcp-oxygen-3a-win32-x86_64/eclipse/plugins/com.gradleware.tooling.client_0.19.4.v20171108133209.jar...
...loaded -> com.gradleware.tooling.client
Loading file:/D:/Eclipse/eclipse-rcp-oxygen-3a-win32-x86_64/eclipse/plugins/com.gradleware.tooling.model_0.19.4.v20171108133209.jar...
...loaded -> com.gradleware.tooling.model
Loading file:/D:/Eclipse/eclipse-rcp-oxygen-3a-win32-x86_64/eclipse/plugins/com.gradleware.tooling.utils_0.19.4.v20171108133209.jar...
...loaded -> com.gradleware.tooling.utils
Loading file:/D:/Eclipse/eclipse-rcp-oxygen-3a-win32-x86_64/eclipse/plugins/com.ibm.icu.source_58.2.0.v20170418-1837.jar...
...loaded -> com.ibm.icu.source
Loading file:/D:/Eclipse/eclipse-rcp-oxygen-3a-win32-x86_64/eclipse/plugins/com.ibm.icu_58.2.0.v20170418-1837.jar...
...loaded -> com.ibm.icu
Loading file:/D:/Eclipse/eclipse-rcp-oxygen-3a-win32-x86_64/eclipse/plugins/com.jcraft.jsch.source_0.1.54.v20170116-1932.jar...
...loaded -> com.jcraft.jsch.source
Loading file:/D:/Eclipse/eclipse-rcp-oxygen-3a-win32-x86_64/eclipse/plugins/com.jcraft.jsch_0.1.54.v20170116-1932.jar...
...loaded -> com.jcraft.jsch
Loading file:/D:/Eclipse/eclipse-rcp-oxygen-3a-win32-x86_64/eclipse/plugins/com.sun.el.source_2.2.0.v201303151357.jar...
...loaded -> com.sun.el.source
Loading file:/D:/Eclipse/eclipse-rcp-oxygen-3a-win32-x86_64/eclipse/plugins/com.sun.el_2.2.0.v201303151357.jar...
...loaded -> com.sun.el
Loading file:/D:/Eclipse/eclipse-rcp-oxygen-3a-win32-x86_64/eclipse/plugins/com.sun.jna.platform_4.1.0.v20170410-1117.jar...
...loaded -> com.sun.jna.platform
Loading file:/D:/Eclipse/eclipse-rcp-oxygen-3a-win32-x86_64/eclipse/plugins/com.sun.jna_4.1.0.v20170410-1117.jar...
...loaded -> com.sun.jna
Loading file:/D:/Eclipse/eclipse-rcp-oxygen-3a-win32-x86_64/eclipse/plugins/com.trilead.ssh2_1.0.0.build220_r167_v20150618_1733.jar...
...loaded -> com.trilead.ssh2
Loading file:/D:/Eclipse/eclipse-rcp-oxygen-3a-win32-x86_64/eclipse/plugins/com.yourkit.profiler_2019.1.133.0.jar...
...loaded -> com.yourkit.profiler
Loading file:/D:/Eclipse/eclipse-rcp-oxygen-3a-win32-x86_64/eclipse/plugins/javaewah_1.1.6.v20160919-1400.jar...
...loaded -> javaewah
Loading file:/D:/Eclipse/eclipse-rcp-oxygen-3a-win32-x86_64/eclipse/plugins/javax.annotation.source_1.2.0.v201602091430.jar...
...loaded -> javax.annotation.source
Loading file:/D:/Eclipse/eclipse-rcp-oxygen-3a-win32-x86_64/eclipse/plugins/javax.annotation_1.2.0.v201602091430.jar...
...loaded -> javax.annotation
Loading file:/D:/Eclipse/eclipse-rcp-oxygen-3a-win32-x86_64/eclipse/plugins/javax.el.source_2.2.0.v201303151357.jar...
...loaded -> javax.el.source
Loading file:/D:/Eclipse/eclipse-rcp-oxygen-3a-win32-x86_64/eclipse/plugins/javax.el_2.2.0.v201303151357.jar...
...loaded -> javax.el
Loading file:/D:/Eclipse/eclipse-rcp-oxygen-3a-win32-x86_64/eclipse/plugins/javax.inject.source_1.0.0.v20091030.jar...
...loaded -> javax.inject.source
Loading file:/D:/Eclipse/eclipse-rcp-oxygen-3a-win32-x86_64/eclipse/plugins/javax.inject_1.0.0.v20091030.jar...
...loaded -> javax.inject
Loading file:/D:/Eclipse/eclipse-rcp-oxygen-3a-win32-x86_64/eclipse/plugins/javax.servlet.jsp.source_2.2.0.v201112011158.jar...
...loaded -> javax.servlet.jsp.source
Loading file:/D:/Eclipse/eclipse-rcp-oxygen-3a-win32-x86_64/eclipse/plugins/javax.servlet.jsp_2.2.0.v201112011158.jar...
...loaded -> javax.servlet.jsp
Loading file:/D:/Eclipse/eclipse-rcp-oxygen-3a-win32-x86_64/eclipse/plugins/javax.servlet.source_3.1.0.v201410161800.jar...
...loaded -> javax.servlet.source
Loading file:/D:/Eclipse/eclipse-rcp-oxygen-3a-win32-x86_64/eclipse/plugins/javax.servlet_3.0.0.v201112011016.jar...
...loaded -> javax.servlet
Loading file:/D:/Eclipse/eclipse-rcp-oxygen-3a-win32-x86_64/eclipse/plugins/javax.servlet_3.1.0.v201410161800.jar...
...loaded -> javax.servlet
Loading file:/D:/Eclipse/eclipse-rcp-oxygen-3a-win32-x86_64/eclipse/plugins/javax.xml_1.3.4.v201005080400.jar...
...loaded -> javax.xml
Loading file:/D:/Eclipse/eclipse-rcp-oxygen-3a-win32-x86_64/eclipse/plugins/org.apache.ant.source_1.10.1.v20170504-0840.jar...
...loaded -> org.apache.ant.source
Loading file:/D:/Eclipse/eclipse-rcp-oxygen-3a-win32-x86_64/eclipse/plugins/org.apache.batik.bridge_1.6.0.v201011041432.jar...
...loaded -> org.apache.batik.bridge
Loading file:/D:/Eclipse/eclipse-rcp-oxygen-3a-win32-x86_64/eclipse/plugins/org.apache.batik.css.source_1.8.0.v20170214-1941.jar...
...loaded -> org.apache.batik.css.source
Loading file:/D:/Eclipse/eclipse-rcp-oxygen-3a-win32-x86_64/eclipse/plugins/org.apache.batik.css_1.6.0.v201011041432.jar...
...loaded -> org.apache.batik.css
Loading file:/D:/Eclipse/eclipse-rcp-oxygen-3a-win32-x86_64/eclipse/plugins/org.apache.batik.css_1.8.0.v20170214-1941.jar...
...loaded -> org.apache.batik.css
Loading file:/D:/Eclipse/eclipse-rcp-oxygen-3a-win32-x86_64/eclipse/plugins/org.apache.batik.dom.svg_1.6.0.v201011041432.jar...
...loaded -> org.apache.batik.dom.svg
Loading file:/D:/Eclipse/eclipse-rcp-oxygen-3a-win32-x86_64/eclipse/plugins/org.apache.batik.dom_1.6.1.v201505192100.jar...
...loaded -> org.apache.batik.dom
Loading file:/D:/Eclipse/eclipse-rcp-oxygen-3a-win32-x86_64/eclipse/plugins/org.apache.batik.ext.awt_1.6.0.v201011041432.jar...
...loaded -> org.apache.batik.ext.awt
Loading file:/D:/Eclipse/eclipse-rcp-oxygen-3a-win32-x86_64/eclipse/plugins/org.apache.batik.parser_1.6.0.v201011041432.jar...
...loaded -> org.apache.batik.parser
Loading file:/D:/Eclipse/eclipse-rcp-oxygen-3a-win32-x86_64/eclipse/plugins/org.apache.batik.pdf_1.6.0.v201105071520.jar...
...loaded -> org.apache.batik.pdf
Loading file:/D:/Eclipse/eclipse-rcp-oxygen-3a-win32-x86_64/eclipse/plugins/org.apache.batik.svggen_1.6.0.v201011041432.jar...
...loaded -> org.apache.batik.svggen
Loading file:/D:/Eclipse/eclipse-rcp-oxygen-3a-win32-x86_64/eclipse/plugins/org.apache.batik.transcoder_1.6.0.v201011041432.jar...
...loaded -> org.apache.batik.transcoder
Loading file:/D:/Eclipse/eclipse-rcp-oxygen-3a-win32-x86_64/eclipse/plugins/org.apache.batik.util.gui.source_1.8.0.v20170214-1941.jar...
...loaded -> org.apache.batik.util.gui.source
Loading file:/D:/Eclipse/eclipse-rcp-oxygen-3a-win32-x86_64/eclipse/plugins/org.apache.batik.util.gui_1.6.0.v201011041432.jar...
...loaded -> org.apache.batik.util.gui
Loading file:/D:/Eclipse/eclipse-rcp-oxygen-3a-win32-x86_64/eclipse/plugins/org.apache.batik.util.gui_1.8.0.v20170214-1941.jar...
...loaded -> org.apache.batik.util.gui
Loading file:/D:/Eclipse/eclipse-rcp-oxygen-3a-win32-x86_64/eclipse/plugins/org.apache.batik.util.source_1.8.0.v20170214-1941.jar...
...loaded -> org.apache.batik.util.source
Loading file:/D:/Eclipse/eclipse-rcp-oxygen-3a-win32-x86_64/eclipse/plugins/org.apache.batik.util_1.6.0.v201011041432.jar...
...loaded -> org.apache.batik.util
Loading file:/D:/Eclipse/eclipse-rcp-oxygen-3a-win32-x86_64/eclipse/plugins/org.apache.batik.util_1.8.0.v20170214-1941.jar...
...loaded -> org.apache.batik.util
Loading file:/D:/Eclipse/eclipse-rcp-oxygen-3a-win32-x86_64/eclipse/plugins/org.apache.batik.xml_1.6.0.v201011041432.jar...
...loaded -> org.apache.batik.xml
Loading file:/D:/Eclipse/eclipse-rcp-oxygen-3a-win32-x86_64/eclipse/plugins/org.apache.commons.cli_1.2.0.v201404270220.jar...
...loaded -> org.apache.commons.cli
Loading file:/D:/Eclipse/eclipse-rcp-oxygen-3a-win32-x86_64/eclipse/plugins/org.apache.commons.codec_1.9.0.v20170208-1614.jar...
...loaded -> org.apache.commons.codec
Loading file:/D:/Eclipse/eclipse-rcp-oxygen-3a-win32-x86_64/eclipse/plugins/org.apache.commons.compress_1.6.0.v201310281400.jar...
...loaded -> org.apache.commons.compress
Loading file:/D:/Eclipse/eclipse-rcp-oxygen-3a-win32-x86_64/eclipse/plugins/org.apache.commons.httpclient_3.1.0.v201012070820.jar...
...loaded -> org.apache.commons.httpclient
Loading file:/D:/Eclipse/eclipse-rcp-oxygen-3a-win32-x86_64/eclipse/plugins/org.apache.commons.io_2.2.0.v201405211200.jar...
...loaded -> org.apache.commons.io
Loading file:/D:/Eclipse/eclipse-rcp-oxygen-3a-win32-x86_64/eclipse/plugins/org.apache.commons.jxpath.source_1.3.0.v200911051830.jar...
...loaded -> org.apache.commons.jxpath.source
Loading file:/D:/Eclipse/eclipse-rcp-oxygen-3a-win32-x86_64/eclipse/plugins/org.apache.commons.jxpath_1.3.0.v200911051830.jar...
...loaded -> org.apache.commons.jxpath
Loading file:/D:/Eclipse/eclipse-rcp-oxygen-3a-win32-x86_64/eclipse/plugins/org.apache.commons.lang3_3.1.0.v201403281430.jar...
...loaded -> org.apache.commons.lang3
Loading file:/D:/Eclipse/eclipse-rcp-oxygen-3a-win32-x86_64/eclipse/plugins/org.apache.commons.lang_2.6.0.v201404270220.jar...
...loaded -> org.apache.commons.lang
Loading file:/D:/Eclipse/eclipse-rcp-oxygen-3a-win32-x86_64/eclipse/plugins/org.apache.commons.logging.source_1.1.1.v201101211721.jar...
...loaded -> org.apache.commons.logging.source
Loading file:/D:/Eclipse/eclipse-rcp-oxygen-3a-win32-x86_64/eclipse/plugins/org.apache.commons.logging_1.1.1.v201101211721.jar...
...loaded -> org.apache.commons.logging
Loading file:/D:/Eclipse/eclipse-rcp-oxygen-3a-win32-x86_64/eclipse/plugins/org.apache.commons.math_2.1.0.v201105210652.jar...
...loaded -> org.apache.commons.math
Loading file:/D:/Eclipse/eclipse-rcp-oxygen-3a-win32-x86_64/eclipse/plugins/org.apache.commons.pool_1.6.0.v201204271246.jar...
...loaded -> org.apache.commons.pool
Loading file:/D:/Eclipse/eclipse-rcp-oxygen-3a-win32-x86_64/eclipse/plugins/org.apache.felix.gogo.command.source_0.10.0.v201209301215.jar...
...loaded -> org.apache.felix.gogo.command.source
Loading file:/D:/Eclipse/eclipse-rcp-oxygen-3a-win32-x86_64/eclipse/plugins/org.apache.felix.gogo.command_0.10.0.v201209301215.jar...
...loaded -> org.apache.felix.gogo.command
Loading file:/D:/Eclipse/eclipse-rcp-oxygen-3a-win32-x86_64/eclipse/plugins/org.apache.felix.gogo.runtime.source_0.10.0.v201209301036.jar...
...loaded -> org.apache.felix.gogo.runtime.source
Loading file:/D:/Eclipse/eclipse-rcp-oxygen-3a-win32-x86_64/eclipse/plugins/org.apache.felix.gogo.runtime_0.10.0.v201209301036.jar...
...loaded -> org.apache.felix.gogo.runtime
Loading file:/D:/Eclipse/eclipse-rcp-oxygen-3a-win32-x86_64/eclipse/plugins/org.apache.felix.gogo.shell.source_0.10.0.v201212101605.jar...
...loaded -> org.apache.felix.gogo.shell.source
Loading file:/D:/Eclipse/eclipse-rcp-oxygen-3a-win32-x86_64/eclipse/plugins/org.apache.felix.gogo.shell_0.10.0.v201212101605.jar...
...loaded -> org.apache.felix.gogo.shell
Loading file:/D:/Eclipse/eclipse-rcp-oxygen-3a-win32-x86_64/eclipse/plugins/org.apache.felix.scr.source_2.0.10.v20170501-2007.jar...
...loaded -> org.apache.felix.scr.source
Loading file:/D:/Eclipse/eclipse-rcp-oxygen-3a-win32-x86_64/eclipse/plugins/org.apache.felix.scr_2.0.10.v20170501-2007.jar...
...loaded -> org.apache.felix.scr
Loading file:/D:/Eclipse/eclipse-rcp-oxygen-3a-win32-x86_64/eclipse/plugins/org.apache.httpcomponents.httpclient.win_4.5.2.v20170410-1149.jar...
...loaded -> org.apache.httpcomponents.httpclient.win
Loading file:/D:/Eclipse/eclipse-rcp-oxygen-3a-win32-x86_64/eclipse/plugins/org.apache.httpcomponents.httpclient_4.5.2.v20170210-0925.jar...
...loaded -> org.apache.httpcomponents.httpclient
Loading file:/D:/Eclipse/eclipse-rcp-oxygen-3a-win32-x86_64/eclipse/plugins/org.apache.httpcomponents.httpcore_4.4.6.v20170210-0925.jar...
...loaded -> org.apache.httpcomponents.httpcore
Loading file:/D:/Eclipse/eclipse-rcp-oxygen-3a-win32-x86_64/eclipse/plugins/org.apache.jasper.glassfish.source_2.2.2.v201501141630.jar...
...loaded -> org.apache.jasper.glassfish.source
Loading file:/D:/Eclipse/eclipse-rcp-oxygen-3a-win32-x86_64/eclipse/plugins/org.apache.jasper.glassfish_2.2.2.v201501141630.jar...
...loaded -> org.apache.jasper.glassfish
Loading file:/D:/Eclipse/eclipse-rcp-oxygen-3a-win32-x86_64/eclipse/plugins/org.apache.log4j_1.2.15.v201012070815.jar...
...loaded -> org.apache.log4j
Loading file:/D:/Eclipse/eclipse-rcp-oxygen-3a-win32-x86_64/eclipse/plugins/org.apache.lucene.analyzers-common.source_6.1.0.v20161115-1612.jar...
...loaded -> org.apache.lucene.analyzers-common.source
Loading file:/D:/Eclipse/eclipse-rcp-oxygen-3a-win32-x86_64/eclipse/plugins/org.apache.lucene.analyzers-common_6.1.0.v20161115-1612.jar...
...loaded -> org.apache.lucene.analyzers-common
Loading file:/D:/Eclipse/eclipse-rcp-oxygen-3a-win32-x86_64/eclipse/plugins/org.apache.lucene.analyzers-smartcn.source_6.1.0.v20161115-1612.jar...
...loaded -> org.apache.lucene.analyzers-smartcn.source
Loading file:/D:/Eclipse/eclipse-rcp-oxygen-3a-win32-x86_64/eclipse/plugins/org.apache.lucene.analyzers-smartcn_6.1.0.v20161115-1612.jar...
...loaded -> org.apache.lucene.analyzers-smartcn
Loading file:/D:/Eclipse/eclipse-rcp-oxygen-3a-win32-x86_64/eclipse/plugins/org.apache.lucene.core.source_6.1.0.v20170814-1820.jar...
...loaded -> org.apache.lucene.core.source
Loading file:/D:/Eclipse/eclipse-rcp-oxygen-3a-win32-x86_64/eclipse/plugins/org.apache.lucene.core_3.5.0.v20120725-1805.jar...
...loaded -> org.apache.lucene.core
Loading file:/D:/Eclipse/eclipse-rcp-oxygen-3a-win32-x86_64/eclipse/plugins/org.apache.lucene.core_6.1.0.v20170814-1820.jar...
...loaded -> org.apache.lucene.core
Loading file:/D:/Eclipse/eclipse-rcp-oxygen-3a-win32-x86_64/eclipse/plugins/org.apache.lucene.misc.source_6.1.0.v20161115-1612.jar...
...loaded -> org.apache.lucene.misc.source
Loading file:/D:/Eclipse/eclipse-rcp-oxygen-3a-win32-x86_64/eclipse/plugins/org.apache.lucene.misc_6.1.0.v20161115-1612.jar...
...loaded -> org.apache.lucene.misc
Loading file:/D:/Eclipse/eclipse-rcp-oxygen-3a-win32-x86_64/eclipse/plugins/org.apache.lucene.queryparser_6.1.0.v20161115-1612.jar...
...loaded -> org.apache.lucene.queryparser
Loading file:/D:/Eclipse/eclipse-rcp-oxygen-3a-win32-x86_64/eclipse/plugins/org.apache.maven.resolver.api_1.0.3.v20170405-0725.jar...
...loaded -> org.apache.maven.resolver.api
Loading file:/D:/Eclipse/eclipse-rcp-oxygen-3a-win32-x86_64/eclipse/plugins/org.apache.maven.resolver.connector.basic_1.0.3.v20170405-0725.jar...
...loaded -> org.apache.maven.resolver.connector.basic
Loading file:/D:/Eclipse/eclipse-rcp-oxygen-3a-win32-x86_64/eclipse/plugins/org.apache.maven.resolver.impl_1.0.3.v20170405-0725.jar...
...loaded -> org.apache.maven.resolver.impl
Loading file:/D:/Eclipse/eclipse-rcp-oxygen-3a-win32-x86_64/eclipse/plugins/org.apache.maven.resolver.spi_1.0.3.v20170405-0725.jar...
...loaded -> org.apache.maven.resolver.spi
Loading file:/D:/Eclipse/eclipse-rcp-oxygen-3a-win32-x86_64/eclipse/plugins/org.apache.maven.resolver.transport.file_1.0.3.v20170405-0725.jar...
...loaded -> org.apache.maven.resolver.transport.file
Loading file:/D:/Eclipse/eclipse-rcp-oxygen-3a-win32-x86_64/eclipse/plugins/org.apache.maven.resolver.transport.http_1.0.3.v20170405-0725.jar...
...loaded -> org.apache.maven.resolver.transport.http
Loading file:/D:/Eclipse/eclipse-rcp-oxygen-3a-win32-x86_64/eclipse/plugins/org.apache.maven.resolver.util_1.0.3.v20170405-0725.jar...
...loaded -> org.apache.maven.resolver.util
Loading file:/D:/Eclipse/eclipse-rcp-oxygen-3a-win32-x86_64/eclipse/plugins/org.apache.solr.client.solrj_3.5.0.v20150506-0844.jar...
...loaded -> org.apache.solr.client.solrj
Loading file:/D:/Eclipse/eclipse-rcp-oxygen-3a-win32-x86_64/eclipse/plugins/org.apache.ws.commons.util_1.0.1.v20100518-1140.jar...
...loaded -> org.apache.ws.commons.util
Loading file:/D:/Eclipse/eclipse-rcp-oxygen-3a-win32-x86_64/eclipse/plugins/org.apache.xerces_2.9.0.v201101211617.jar...
...loaded -> org.apache.xerces
Loading file:/D:/Eclipse/eclipse-rcp-oxygen-3a-win32-x86_64/eclipse/plugins/org.apache.xml.resolver_1.2.0.v201005080400.jar...
...loaded -> org.apache.xml.resolver
Loading file:/D:/Eclipse/eclipse-rcp-oxygen-3a-win32-x86_64/eclipse/plugins/org.apache.xml.serializer_2.7.1.v201005080400.jar...
...loaded -> org.apache.xml.serializer
Loading file:/D:/Eclipse/eclipse-rcp-oxygen-3a-win32-x86_64/eclipse/plugins/org.apache.xmlrpc_3.0.0.v20100427-1100.jar...
...loaded -> org.apache.xmlrpc
Loading file:/D:/Eclipse/eclipse-rcp-oxygen-3a-win32-x86_64/eclipse/plugins/org.apiguardian_1.0.0.v20170910-2246.jar...
...loaded -> org.apiguardian
Loading file:/D:/Eclipse/eclipse-rcp-oxygen-3a-win32-x86_64/eclipse/plugins/org.eclipse.aether.maven_3.1.0.v20140706-2237.jar...
...loaded -> org.eclipse.aether.maven
Loading file:/D:/Eclipse/eclipse-rcp-oxygen-3a-win32-x86_64/eclipse/plugins/org.eclipse.ant.core.source_3.5.0.v20170509-2149.jar...
...loaded -> org.eclipse.ant.core.source
Loading file:/D:/Eclipse/eclipse-rcp-oxygen-3a-win32-x86_64/eclipse/plugins/org.eclipse.ant.core_3.5.0.v20170509-2149.jar...
...loaded -> org.eclipse.ant.core
Loading file:/D:/Eclipse/eclipse-rcp-oxygen-3a-win32-x86_64/eclipse/plugins/org.eclipse.ant.launching_1.2.1.v20171108-0853.jar...
...loaded -> org.eclipse.ant.launching
Loading file:/D:/Eclipse/eclipse-rcp-oxygen-3a-win32-x86_64/eclipse/plugins/org.eclipse.ant.ui_3.7.0.v20170412-1054.jar...
...loaded -> org.eclipse.ant.ui
Loading file:/D:/Eclipse/eclipse-rcp-oxygen-3a-win32-x86_64/eclipse/plugins/org.eclipse.buildship.branding_2.2.1.v20180125-1441.jar...
...loaded -> org.eclipse.buildship.branding
Loading file:/D:/Eclipse/eclipse-rcp-oxygen-3a-win32-x86_64/eclipse/plugins/org.eclipse.buildship.core_2.2.1.v20180125-1441.jar...
...loaded -> org.eclipse.buildship.core
Loading file:/D:/Eclipse/eclipse-rcp-oxygen-3a-win32-x86_64/eclipse/plugins/org.eclipse.buildship.stsmigration_2.2.1.v20180125-1441.jar...
...loaded -> org.eclipse.buildship.stsmigration
Loading file:/D:/Eclipse/eclipse-rcp-oxygen-3a-win32-x86_64/eclipse/plugins/org.eclipse.buildship.ui_2.2.1.v20180125-1441.jar...
...loaded -> org.eclipse.buildship.ui
Loading file:/D:/Eclipse/eclipse-rcp-oxygen-3a-win32-x86_64/eclipse/plugins/org.eclipse.compare.core.source_3.6.100.v20170516-0820.jar...
...loaded -> org.eclipse.compare.core.source
Loading file:/D:/Eclipse/eclipse-rcp-oxygen-3a-win32-x86_64/eclipse/plugins/org.eclipse.compare.core_3.6.100.v20170516-0820.jar...
...loaded -> org.eclipse.compare.core
Loading file:/D:/Eclipse/eclipse-rcp-oxygen-3a-win32-x86_64/eclipse/plugins/org.eclipse.compare.source_3.7.101.v20170724-1603.jar...
...loaded -> org.eclipse.compare.source
Loading file:/D:/Eclipse/eclipse-rcp-oxygen-3a-win32-x86_64/eclipse/plugins/org.eclipse.compare.win32.source_1.2.0.v20170517-0839.jar...
...loaded -> org.eclipse.compare.win32.source
Loading file:/D:/Eclipse/eclipse-rcp-oxygen-3a-win32-x86_64/eclipse/plugins/org.eclipse.compare.win32_1.2.0.v20170517-0839.jar...
...loaded -> org.eclipse.compare.win32
Loading file:/D:/Eclipse/eclipse-rcp-oxygen-3a-win32-x86_64/eclipse/plugins/org.eclipse.compare_3.7.101.v20170724-1603.jar...
...loaded -> org.eclipse.compare
Loading file:/D:/Eclipse/eclipse-rcp-oxygen-3a-win32-x86_64/eclipse/plugins/org.eclipse.core.commands.source_3.9.0.v20170530-1048.jar...
...loaded -> org.eclipse.core.commands.source
Loading file:/D:/Eclipse/eclipse-rcp-oxygen-3a-win32-x86_64/eclipse/plugins/org.eclipse.core.commands_3.9.0.v20170530-1048.jar...
...loaded -> org.eclipse.core.commands
Loading file:/D:/Eclipse/eclipse-rcp-oxygen-3a-win32-x86_64/eclipse/plugins/org.eclipse.core.contenttype.source_3.6.0.v20170207-1037.jar...
...loaded -> org.eclipse.core.contenttype.source
Loading file:/D:/Eclipse/eclipse-rcp-oxygen-3a-win32-x86_64/eclipse/plugins/org.eclipse.core.contenttype_3.6.0.v20170207-1037.jar...
...loaded -> org.eclipse.core.contenttype
Loading file:/D:/Eclipse/eclipse-rcp-oxygen-3a-win32-x86_64/eclipse/plugins/org.eclipse.core.databinding.beans.source_1.4.0.v20170210-0856.jar...
...loaded -> org.eclipse.core.databinding.beans.source
Loading file:/D:/Eclipse/eclipse-rcp-oxygen-3a-win32-x86_64/eclipse/plugins/org.eclipse.core.databinding.beans_1.4.0.v20170210-0856.jar...
...loaded -> org.eclipse.core.databinding.beans
Loading file:/D:/Eclipse/eclipse-rcp-oxygen-3a-win32-x86_64/eclipse/plugins/org.eclipse.core.databinding.observable.source_1.6.100.v20170515-1119.jar...
...loaded -> org.eclipse.core.databinding.observable.source
Loading file:/D:/Eclipse/eclipse-rcp-oxygen-3a-win32-x86_64/eclipse/plugins/org.eclipse.core.databinding.observable_1.6.100.v20170515-1119.jar...
...loaded -> org.eclipse.core.databinding.observable
Loading file:/D:/Eclipse/eclipse-rcp-oxygen-3a-win32-x86_64/eclipse/plugins/org.eclipse.core.databinding.property.source_1.6.100.v20170515-1119.jar...
...loaded -> org.eclipse.core.databinding.property.source
Loading file:/D:/Eclipse/eclipse-rcp-oxygen-3a-win32-x86_64/eclipse/plugins/org.eclipse.core.databinding.property_1.6.100.v20170515-1119.jar...
...loaded -> org.eclipse.core.databinding.property
Loading file:/D:/Eclipse/eclipse-rcp-oxygen-3a-win32-x86_64/eclipse/plugins/org.eclipse.core.databinding.source_1.6.100.v20170515-1119.jar...
...loaded -> org.eclipse.core.databinding.source
Loading file:/D:/Eclipse/eclipse-rcp-oxygen-3a-win32-x86_64/eclipse/plugins/org.eclipse.core.databinding_1.6.100.v20170515-1119.jar...
...loaded -> org.eclipse.core.databinding
Loading file:/D:/Eclipse/eclipse-rcp-oxygen-3a-win32-x86_64/eclipse/plugins/org.eclipse.core.expressions.source_3.6.0.v20170207-1037.jar...
...loaded -> org.eclipse.core.expressions.source
Loading file:/D:/Eclipse/eclipse-rcp-oxygen-3a-win32-x86_64/eclipse/plugins/org.eclipse.core.expressions_3.6.0.v20170207-1037.jar...
...loaded -> org.eclipse.core.expressions
Loading file:/D:/Eclipse/eclipse-rcp-oxygen-3a-win32-x86_64/eclipse/plugins/org.eclipse.core.externaltools.source_1.1.0.v20170113-2056.jar...
...loaded -> org.eclipse.core.externaltools.source
Loading file:/D:/Eclipse/eclipse-rcp-oxygen-3a-win32-x86_64/eclipse/plugins/org.eclipse.core.externaltools_1.1.0.v20170113-2056.jar...
...loaded -> org.eclipse.core.externaltools
Loading file:/D:/Eclipse/eclipse-rcp-oxygen-3a-win32-x86_64/eclipse/plugins/org.eclipse.core.filebuffers.source_3.6.100.v20170203-1130.jar...
...loaded -> org.eclipse.core.filebuffers.source
Loading file:/D:/Eclipse/eclipse-rcp-oxygen-3a-win32-x86_64/eclipse/plugins/org.eclipse.core.filebuffers_3.6.100.v20170203-1130.jar...
...loaded -> org.eclipse.core.filebuffers
Loading file:/D:/Eclipse/eclipse-rcp-oxygen-3a-win32-x86_64/eclipse/plugins/org.eclipse.core.filesystem.source_1.7.0.v20170406-1337.jar...
...loaded -> org.eclipse.core.filesystem.source
Loading file:/D:/Eclipse/eclipse-rcp-oxygen-3a-win32-x86_64/eclipse/plugins/org.eclipse.core.filesystem.win32.x86_64_1.4.0.v20140124-1940.jar...
...loaded -> org.eclipse.core.filesystem.win32.x86_64
Loading file:/D:/Eclipse/eclipse-rcp-oxygen-3a-win32-x86_64/eclipse/plugins/org.eclipse.core.filesystem_1.7.0.v20170406-1337.jar...
...loaded -> org.eclipse.core.filesystem
Loading file:/D:/Eclipse/eclipse-rcp-oxygen-3a-win32-x86_64/eclipse/plugins/org.eclipse.core.jobs.source_3.9.3.v20180115-1757.jar...
...loaded -> org.eclipse.core.jobs.source
Loading file:/D:/Eclipse/eclipse-rcp-oxygen-3a-win32-x86_64/eclipse/plugins/org.eclipse.core.jobs_3.9.3.v20180115-1757.jar...
...loaded -> org.eclipse.core.jobs
Loading file:/D:/Eclipse/eclipse-rcp-oxygen-3a-win32-x86_64/eclipse/plugins/org.eclipse.core.net.source_1.3.100.v20170516-0820.jar...
...loaded -> org.eclipse.core.net.source
Loading file:/D:/Eclipse/eclipse-rcp-oxygen-3a-win32-x86_64/eclipse/plugins/org.eclipse.core.net.win32.x86_64_1.1.0.v20160323-1650.jar...
...loaded -> org.eclipse.core.net.win32.x86_64
Loading file:/D:/Eclipse/eclipse-rcp-oxygen-3a-win32-x86_64/eclipse/plugins/org.eclipse.core.net_1.3.100.v20170516-0820.jar...
...loaded -> org.eclipse.core.net
Loading file:/D:/Eclipse/eclipse-rcp-oxygen-3a-win32-x86_64/eclipse/plugins/org.eclipse.core.resources.source_3.12.0.v20170417-1558.jar...
...loaded -> org.eclipse.core.resources.source
Loading file:/D:/Eclipse/eclipse-rcp-oxygen-3a-win32-x86_64/eclipse/plugins/org.eclipse.core.resources.win32.x86_64_3.5.100.v20170516-0925.jar...
...loaded -> org.eclipse.core.resources.win32.x86_64
Loading file:/D:/Eclipse/eclipse-rcp-oxygen-3a-win32-x86_64/eclipse/plugins/org.eclipse.core.resources_3.12.0.v20170417-1558.jar...
...loaded -> org.eclipse.core.resources
Loading file:/D:/Eclipse/eclipse-rcp-oxygen-3a-win32-x86_64/eclipse/plugins/org.eclipse.core.runtime.source_3.13.0.v20170207-1030.jar...
...loaded -> org.eclipse.core.runtime.source
Loading file:/D:/Eclipse/eclipse-rcp-oxygen-3a-win32-x86_64/eclipse/plugins/org.eclipse.core.runtime_3.13.0.v20170207-1030.jar...
...loaded -> org.eclipse.core.runtime
Loading file:/D:/Eclipse/eclipse-rcp-oxygen-3a-win32-x86_64/eclipse/plugins/org.eclipse.core.variables.source_3.4.0.v20170113-2056.jar...
...loaded -> org.eclipse.core.variables.source
Loading file:/D:/Eclipse/eclipse-rcp-oxygen-3a-win32-x86_64/eclipse/plugins/org.eclipse.core.variables_3.4.0.v20170113-2056.jar...
...loaded -> org.eclipse.core.variables
Loading file:/D:/Eclipse/eclipse-rcp-oxygen-3a-win32-x86_64/eclipse/plugins/org.eclipse.debug.core.source_3.11.0.v20170605-1534.jar...
...loaded -> org.eclipse.debug.core.source
Loading file:/D:/Eclipse/eclipse-rcp-oxygen-3a-win32-x86_64/eclipse/plugins/org.eclipse.debug.core_3.11.0.v20170605-1534.jar...
...loaded -> org.eclipse.debug.core
Loading file:/D:/Eclipse/eclipse-rcp-oxygen-3a-win32-x86_64/eclipse/plugins/org.eclipse.debug.ui.source_3.12.50.v20170920-1329.jar...
...loaded -> org.eclipse.debug.ui.source
Loading file:/D:/Eclipse/eclipse-rcp-oxygen-3a-win32-x86_64/eclipse/plugins/org.eclipse.debug.ui_3.12.50.v20170920-1329.jar...
...loaded -> org.eclipse.debug.ui
Loading file:/D:/Eclipse/eclipse-rcp-oxygen-3a-win32-x86_64/eclipse/plugins/org.eclipse.draw2d_3.10.100.201606061308.jar...
...loaded -> org.eclipse.draw2d
Loading file:/D:/Eclipse/eclipse-rcp-oxygen-3a-win32-x86_64/eclipse/plugins/org.eclipse.e4.core.commands.source_0.12.100.v20170513-0428.jar...
...loaded -> org.eclipse.e4.core.commands.source
Loading file:/D:/Eclipse/eclipse-rcp-oxygen-3a-win32-x86_64/eclipse/plugins/org.eclipse.e4.core.commands_0.12.100.v20170513-0428.jar...
...loaded -> org.eclipse.e4.core.commands
Loading file:/D:/Eclipse/eclipse-rcp-oxygen-3a-win32-x86_64/eclipse/plugins/org.eclipse.e4.core.contexts.source_1.6.0.v20170322-1144.jar...
...loaded -> org.eclipse.e4.core.contexts.source
Loading file:/D:/Eclipse/eclipse-rcp-oxygen-3a-win32-x86_64/eclipse/plugins/org.eclipse.e4.core.contexts_1.6.0.v20170322-1144.jar...
...loaded -> org.eclipse.e4.core.contexts
Loading file:/D:/Eclipse/eclipse-rcp-oxygen-3a-win32-x86_64/eclipse/plugins/org.eclipse.e4.core.di.annotations.source_1.6.0.v20170119-2002.jar...
...loaded -> org.eclipse.e4.core.di.annotations.source
Loading file:/D:/Eclipse/eclipse-rcp-oxygen-3a-win32-x86_64/eclipse/plugins/org.eclipse.e4.core.di.annotations_1.6.0.v20170119-2002.jar...
...loaded -> org.eclipse.e4.core.di.annotations
Loading file:/D:/Eclipse/eclipse-rcp-oxygen-3a-win32-x86_64/eclipse/plugins/org.eclipse.e4.core.di.extensions.source_0.15.0.v20170228-1728.jar...
...loaded -> org.eclipse.e4.core.di.extensions.source
Loading file:/D:/Eclipse/eclipse-rcp-oxygen-3a-win32-x86_64/eclipse/plugins/org.eclipse.e4.core.di.extensions.supplier.source_0.15.0.v20170407-0928.jar...
...loaded -> org.eclipse.e4.core.di.extensions.supplier.source
Loading file:/D:/Eclipse/eclipse-rcp-oxygen-3a-win32-x86_64/eclipse/plugins/org.eclipse.e4.core.di.extensions.supplier_0.15.0.v20170407-0928.jar...
...loaded -> org.eclipse.e4.core.di.extensions.supplier
Loading file:/D:/Eclipse/eclipse-rcp-oxygen-3a-win32-x86_64/eclipse/plugins/org.eclipse.e4.core.di.extensions_0.15.0.v20170228-1728.jar...
...loaded -> org.eclipse.e4.core.di.extensions
Loading file:/D:/Eclipse/eclipse-rcp-oxygen-3a-win32-x86_64/eclipse/plugins/org.eclipse.e4.core.di.source_1.6.100.v20170421-1418.jar...
...loaded -> org.eclipse.e4.core.di.source
Loading file:/D:/Eclipse/eclipse-rcp-oxygen-3a-win32-x86_64/eclipse/plugins/org.eclipse.e4.core.di_1.6.100.v20170421-1418.jar...
...loaded -> org.eclipse.e4.core.di
Loading file:/D:/Eclipse/eclipse-rcp-oxygen-3a-win32-x86_64/eclipse/plugins/org.eclipse.e4.core.services.source_2.1.0.v20170407-0928.jar...
...loaded -> org.eclipse.e4.core.services.source
Loading file:/D:/Eclipse/eclipse-rcp-oxygen-3a-win32-x86_64/eclipse/plugins/org.eclipse.e4.core.services_2.1.0.v20170407-0928.jar...
...loaded -> org.eclipse.e4.core.services
Loading file:/D:/Eclipse/eclipse-rcp-oxygen-3a-win32-x86_64/eclipse/plugins/org.eclipse.e4.emf.xpath.source_0.2.0.v20160630-0728.jar...
...loaded -> org.eclipse.e4.emf.xpath.source
Loading file:/D:/Eclipse/eclipse-rcp-oxygen-3a-win32-x86_64/eclipse/plugins/org.eclipse.e4.emf.xpath_0.2.0.v20160630-0728.jar...
...loaded -> org.eclipse.e4.emf.xpath
Loading file:/D:/Eclipse/eclipse-rcp-oxygen-3a-win32-x86_64/eclipse/plugins/org.eclipse.e4.tools.compat_4.7.0.v20170112-0731.jar...
...loaded -> org.eclipse.e4.tools.compat
Loading file:/D:/Eclipse/eclipse-rcp-oxygen-3a-win32-x86_64/eclipse/plugins/org.eclipse.e4.tools.emf.editor3x_4.7.0.v20170301-2031.jar...
...loaded -> org.eclipse.e4.tools.emf.editor3x
Loading file:/D:/Eclipse/eclipse-rcp-oxygen-3a-win32-x86_64/eclipse/plugins/org.eclipse.e4.tools.emf.ui_4.5.200.v20170515-1617.jar...
...loaded -> org.eclipse.e4.tools.emf.ui
Loading file:/D:/Eclipse/eclipse-rcp-oxygen-3a-win32-x86_64/eclipse/plugins/org.eclipse.e4.tools.jdt.templates_4.7.0.v20161219-1049.jar...
...loaded -> org.eclipse.e4.tools.jdt.templates
Loading file:/D:/Eclipse/eclipse-rcp-oxygen-3a-win32-x86_64/eclipse/plugins/org.eclipse.e4.tools.services_4.7.0.v20170105-1247.jar...
...loaded -> org.eclipse.e4.tools.services
Loading file:/D:/Eclipse/eclipse-rcp-oxygen-3a-win32-x86_64/eclipse/plugins/org.eclipse.e4.tools_4.7.0.v20170412-0858.jar...
...loaded -> org.eclipse.e4.tools
Loading file:/D:/Eclipse/eclipse-rcp-oxygen-3a-win32-x86_64/eclipse/plugins/org.eclipse.e4.ui.bindings.source_0.12.1.v20170823-1632.jar...
...loaded -> org.eclipse.e4.ui.bindings.source
Loading file:/D:/Eclipse/eclipse-rcp-oxygen-3a-win32-x86_64/eclipse/plugins/org.eclipse.e4.ui.bindings_0.12.1.v20170823-1632.jar...
...loaded -> org.eclipse.e4.ui.bindings
Loading file:/D:/Eclipse/eclipse-rcp-oxygen-3a-win32-x86_64/eclipse/plugins/org.eclipse.e4.ui.css.core.source_0.12.101.v20170712-1547.jar...
...loaded -> org.eclipse.e4.ui.css.core.source
Loading file:/D:/Eclipse/eclipse-rcp-oxygen-3a-win32-x86_64/eclipse/plugins/org.eclipse.e4.ui.css.core_0.12.101.v20170712-1547.jar...
...loaded -> org.eclipse.e4.ui.css.core
Loading file:/D:/Eclipse/eclipse-rcp-oxygen-3a-win32-x86_64/eclipse/plugins/org.eclipse.e4.ui.css.swt.source_0.13.1.v20170808-1940.jar...
...loaded -> org.eclipse.e4.ui.css.swt.source
Loading file:/D:/Eclipse/eclipse-rcp-oxygen-3a-win32-x86_64/eclipse/plugins/org.eclipse.e4.ui.css.swt.theme.source_0.11.0.v20170312-2302.jar...
...loaded -> org.eclipse.e4.ui.css.swt.theme.source
Loading file:/D:/Eclipse/eclipse-rcp-oxygen-3a-win32-x86_64/eclipse/plugins/org.eclipse.e4.ui.css.swt.theme_0.11.0.v20170312-2302.jar...
...loaded -> org.eclipse.e4.ui.css.swt.theme
Loading file:/D:/Eclipse/eclipse-rcp-oxygen-3a-win32-x86_64/eclipse/plugins/org.eclipse.e4.ui.css.swt_0.13.1.v20170808-1940.jar...
...loaded -> org.eclipse.e4.ui.css.swt
Loading file:/D:/Eclipse/eclipse-rcp-oxygen-3a-win32-x86_64/eclipse/plugins/org.eclipse.e4.ui.di.source_1.2.100.v20170414-1137.jar...
...loaded -> org.eclipse.e4.ui.di.source
Loading file:/D:/Eclipse/eclipse-rcp-oxygen-3a-win32-x86_64/eclipse/plugins/org.eclipse.e4.ui.dialogs.source_1.1.100.v20170104-1425.jar...
...loaded -> org.eclipse.e4.ui.dialogs.source
Loading file:/D:/Eclipse/eclipse-rcp-oxygen-3a-win32-x86_64/eclipse/plugins/org.eclipse.e4.ui.dialogs_1.1.100.v20170104-1425.jar...
...loaded -> org.eclipse.e4.ui.dialogs
Loading file:/D:/Eclipse/eclipse-rcp-oxygen-3a-win32-x86_64/eclipse/plugins/org.eclipse.e4.ui.di_1.2.100.v20170414-1137.jar...
...loaded -> org.eclipse.e4.ui.di
Loading file:/D:/Eclipse/eclipse-rcp-oxygen-3a-win32-x86_64/eclipse/plugins/org.eclipse.e4.ui.model.workbench.source_2.0.1.v20170713-1800.jar...
...loaded -> org.eclipse.e4.ui.model.workbench.source
Loading file:/D:/Eclipse/eclipse-rcp-oxygen-3a-win32-x86_64/eclipse/plugins/org.eclipse.e4.ui.model.workbench_2.0.1.v20170713-1800.jar...
...loaded -> org.eclipse.e4.ui.model.workbench
Loading file:/D:/Eclipse/eclipse-rcp-oxygen-3a-win32-x86_64/eclipse/plugins/org.eclipse.e4.ui.services.source_1.3.0.v20170307-2032.jar...
...loaded -> org.eclipse.e4.ui.services.source
Loading file:/D:/Eclipse/eclipse-rcp-oxygen-3a-win32-x86_64/eclipse/plugins/org.eclipse.e4.ui.services_1.3.0.v20170307-2032.jar...
...loaded -> org.eclipse.e4.ui.services
Loading file:/D:/Eclipse/eclipse-rcp-oxygen-3a-win32-x86_64/eclipse/plugins/org.eclipse.e4.ui.widgets.source_1.2.0.v20160630-0736.jar...
...loaded -> org.eclipse.e4.ui.widgets.source
Loading file:/D:/Eclipse/eclipse-rcp-oxygen-3a-win32-x86_64/eclipse/plugins/org.eclipse.e4.ui.widgets_1.2.0.v20160630-0736.jar...
...loaded -> org.eclipse.e4.ui.widgets
Loading file:/D:/Eclipse/eclipse-rcp-oxygen-3a-win32-x86_64/eclipse/plugins/org.eclipse.e4.ui.workbench.addons.swt.source_1.3.1.v20170319-1442.jar...
...loaded -> org.eclipse.e4.ui.workbench.addons.swt.source
Loading file:/D:/Eclipse/eclipse-rcp-oxygen-3a-win32-x86_64/eclipse/plugins/org.eclipse.e4.ui.workbench.addons.swt_1.3.1.v20170319-1442.jar...
...loaded -> org.eclipse.e4.ui.workbench.addons.swt
Loading file:/D:/Eclipse/eclipse-rcp-oxygen-3a-win32-x86_64/eclipse/plugins/org.eclipse.e4.ui.workbench.renderers.swt.source_0.14.102.v20180117-1153.jar...
...loaded -> org.eclipse.e4.ui.workbench.renderers.swt.source
Loading file:/D:/Eclipse/eclipse-rcp-oxygen-3a-win32-x86_64/eclipse/plugins/org.eclipse.e4.ui.workbench.renderers.swt_0.14.102.v20180117-1153.jar...
...loaded -> org.eclipse.e4.ui.workbench.renderers.swt
Loading file:/D:/Eclipse/eclipse-rcp-oxygen-3a-win32-x86_64/eclipse/plugins/org.eclipse.e4.ui.workbench.source_1.5.1.v20170815-1446.jar...
...loaded -> org.eclipse.e4.ui.workbench.source
Loading file:/D:/Eclipse/eclipse-rcp-oxygen-3a-win32-x86_64/eclipse/plugins/org.eclipse.e4.ui.workbench.swt.source_0.14.101.v20170710-1119.jar...
...loaded -> org.eclipse.e4.ui.workbench.swt.source
Loading file:/D:/Eclipse/eclipse-rcp-oxygen-3a-win32-x86_64/eclipse/plugins/org.eclipse.e4.ui.workbench.swt_0.14.101.v20170710-1119.jar...
...loaded -> org.eclipse.e4.ui.workbench.swt
Loading file:/D:/Eclipse/eclipse-rcp-oxygen-3a-win32-x86_64/eclipse/plugins/org.eclipse.e4.ui.workbench3.source_0.14.0.v20160630-0740.jar...
...loaded -> org.eclipse.e4.ui.workbench3.source
Loading file:/D:/Eclipse/eclipse-rcp-oxygen-3a-win32-x86_64/eclipse/plugins/org.eclipse.e4.ui.workbench3_0.14.0.v20160630-0740.jar...
...loaded -> org.eclipse.e4.ui.workbench3
Loading file:/D:/Eclipse/eclipse-rcp-oxygen-3a-win32-x86_64/eclipse/plugins/org.eclipse.e4.ui.workbench_1.5.1.v20170815-1446.jar...
...loaded -> org.eclipse.e4.ui.workbench
Loading file:/D:/Eclipse/eclipse-rcp-oxygen-3a-win32-x86_64/eclipse/plugins/org.eclipse.ecf.filetransfer_5.0.0.v20160817-1024.jar...
...loaded -> org.eclipse.ecf.filetransfer
Loading file:/D:/Eclipse/eclipse-rcp-oxygen-3a-win32-x86_64/eclipse/plugins/org.eclipse.ecf.identity_3.8.0.v20161203-2153.jar...
...loaded -> org.eclipse.ecf.identity
Loading file:/D:/Eclipse/eclipse-rcp-oxygen-3a-win32-x86_64/eclipse/plugins/org.eclipse.ecf.provider.filetransfer.httpclient4.ssl_1.1.0.v20160817-1024.jar...
...loaded -> org.eclipse.ecf.provider.filetransfer.httpclient4.ssl
Loading file:/D:/Eclipse/eclipse-rcp-oxygen-3a-win32-x86_64/eclipse/plugins/org.eclipse.ecf.provider.filetransfer.httpclient4_1.1.200.v20170314-0133.jar...
...loaded -> org.eclipse.ecf.provider.filetransfer.httpclient4
Loading file:/D:/Eclipse/eclipse-rcp-oxygen-3a-win32-x86_64/eclipse/plugins/org.eclipse.ecf.provider.filetransfer.ssl_1.0.0.v20160817-1024.jar...
...loaded -> org.eclipse.ecf.provider.filetransfer.ssl
Loading file:/D:/Eclipse/eclipse-rcp-oxygen-3a-win32-x86_64/eclipse/plugins/org.eclipse.ecf.provider.filetransfer_3.2.300.v20161203-1840.jar...
...loaded -> org.eclipse.ecf.provider.filetransfer
Loading file:/D:/Eclipse/eclipse-rcp-oxygen-3a-win32-x86_64/eclipse/plugins/org.eclipse.ecf.ssl_1.2.0.v20160817-1024.jar...
...loaded -> org.eclipse.ecf.ssl
Loading file:/D:/Eclipse/eclipse-rcp-oxygen-3a-win32-x86_64/eclipse/plugins/org.eclipse.ecf_3.8.0.v20170104-0657.jar...
...loaded -> org.eclipse.ecf
Loading file:/D:/Eclipse/eclipse-rcp-oxygen-3a-win32-x86_64/eclipse/plugins/org.eclipse.eclemma.core_3.1.0.201804041601.jar...
...loaded -> org.eclipse.eclemma.core
Loading file:/D:/Eclipse/eclipse-rcp-oxygen-3a-win32-x86_64/eclipse/plugins/org.eclipse.eclemma.doc_3.1.0.201804041601.jar...
...loaded -> org.eclipse.eclemma.doc
Loading file:/D:/Eclipse/eclipse-rcp-oxygen-3a-win32-x86_64/eclipse/plugins/org.eclipse.eclemma.ui_3.1.0.201804041601.jar...
...loaded -> org.eclipse.eclemma.ui
Loading file:/D:/Eclipse/eclipse-rcp-oxygen-3a-win32-x86_64/eclipse/plugins/org.eclipse.egit.core_4.9.2.201712150930-r.jar...
...loaded -> org.eclipse.egit.core
Loading file:/D:/Eclipse/eclipse-rcp-oxygen-3a-win32-x86_64/eclipse/plugins/org.eclipse.egit.doc_4.9.2.201712150930-r.jar...
...loaded -> org.eclipse.egit.doc
Loading file:/D:/Eclipse/eclipse-rcp-oxygen-3a-win32-x86_64/eclipse/plugins/org.eclipse.egit.mylyn.ui_4.9.2.201712150930-r.jar...
...loaded -> org.eclipse.egit.mylyn.ui
Loading file:/D:/Eclipse/eclipse-rcp-oxygen-3a-win32-x86_64/eclipse/plugins/org.eclipse.egit.ui_4.9.2.201712150930-r.jar...
...loaded -> org.eclipse.egit.ui
Loading file:/D:/Eclipse/eclipse-rcp-oxygen-3a-win32-x86_64/eclipse/plugins/org.eclipse.egit_4.9.2.201712150930-r.jar...
...loaded -> org.eclipse.egit
Loading file:/D:/Eclipse/eclipse-rcp-oxygen-3a-win32-x86_64/eclipse/plugins/org.eclipse.emf.common.ui_2.12.0.v20170609-0928.jar...
...loaded -> org.eclipse.emf.common.ui
Loading file:/D:/Eclipse/eclipse-rcp-oxygen-3a-win32-x86_64/eclipse/plugins/org.eclipse.emf.common_2.13.0.v20170609-0707.jar...
...loaded -> org.eclipse.emf.common
Loading file:/D:/Eclipse/eclipse-rcp-oxygen-3a-win32-x86_64/eclipse/plugins/org.eclipse.emf.databinding.edit_1.3.0.v20170609-0928.jar...
...loaded -> org.eclipse.emf.databinding.edit
Loading file:/D:/Eclipse/eclipse-rcp-oxygen-3a-win32-x86_64/eclipse/plugins/org.eclipse.emf.databinding_1.3.0.v20170609-0928.jar...
...loaded -> org.eclipse.emf.databinding
Loading file:/D:/Eclipse/eclipse-rcp-oxygen-3a-win32-x86_64/eclipse/plugins/org.eclipse.emf.ecore.change.edit_2.6.0.v20170609-0928.jar...
...loaded -> org.eclipse.emf.ecore.change.edit
Loading file:/D:/Eclipse/eclipse-rcp-oxygen-3a-win32-x86_64/eclipse/plugins/org.eclipse.emf.ecore.change_2.11.0.v20170609-0707.jar...
...loaded -> org.eclipse.emf.ecore.change
Loading file:/D:/Eclipse/eclipse-rcp-oxygen-3a-win32-x86_64/eclipse/plugins/org.eclipse.emf.ecore.edit_2.9.0.v20170609-0928.jar...
...loaded -> org.eclipse.emf.ecore.edit
Loading file:/D:/Eclipse/eclipse-rcp-oxygen-3a-win32-x86_64/eclipse/plugins/org.eclipse.emf.ecore.xmi_2.13.0.v20170609-0707.jar...
...loaded -> org.eclipse.emf.ecore.xmi
Loading file:/D:/Eclipse/eclipse-rcp-oxygen-3a-win32-x86_64/eclipse/plugins/org.eclipse.emf.ecore_2.13.0.v20170609-0707.jar...
...loaded -> org.eclipse.emf.ecore
Loading file:/D:/Eclipse/eclipse-rcp-oxygen-3a-win32-x86_64/eclipse/plugins/org.eclipse.emf.edit.ui_2.13.0.v20170609-0928.jar...
...loaded -> org.eclipse.emf.edit.ui
Loading file:/D:/Eclipse/eclipse-rcp-oxygen-3a-win32-x86_64/eclipse/plugins/org.eclipse.emf.edit_2.12.0.v20170609-0928.jar...
...loaded -> org.eclipse.emf.edit
Loading file:/D:/Eclipse/eclipse-rcp-oxygen-3a-win32-x86_64/eclipse/plugins/org.eclipse.emf.mwe.core_1.3.21.201705291011.jar...
...loaded -> org.eclipse.emf.mwe.core
Loading file:/D:/Eclipse/eclipse-rcp-oxygen-3a-win32-x86_64/eclipse/plugins/org.eclipse.emf.mwe2.runtime_2.9.1.201705291011.jar...
...loaded -> org.eclipse.emf.mwe2.runtime
Loading file:/D:/Eclipse/eclipse-rcp-oxygen-3a-win32-x86_64/eclipse/plugins/org.eclipse.emf.transaction.ui_1.4.0.201706061339.jar...
...loaded -> org.eclipse.emf.transaction.ui
Loading file:/D:/Eclipse/eclipse-rcp-oxygen-3a-win32-x86_64/eclipse/plugins/org.eclipse.emf.transaction_1.9.0.201706061339.jar...
...loaded -> org.eclipse.emf.transaction
Loading file:/D:/Eclipse/eclipse-rcp-oxygen-3a-win32-x86_64/eclipse/plugins/org.eclipse.emf.validation.ui.ide_1.3.0.201706061352.jar...
...loaded -> org.eclipse.emf.validation.ui.ide
Loading file:/D:/Eclipse/eclipse-rcp-oxygen-3a-win32-x86_64/eclipse/plugins/org.eclipse.emf.validation.ui_1.7.0.201706061352.jar...
...loaded -> org.eclipse.emf.validation.ui
Loading file:/D:/Eclipse/eclipse-rcp-oxygen-3a-win32-x86_64/eclipse/plugins/org.eclipse.emf.validation_1.8.0.201706061352.jar...
...loaded -> org.eclipse.emf.validation
Loading file:/D:/Eclipse/eclipse-rcp-oxygen-3a-win32-x86_64/eclipse/plugins/org.eclipse.emf.workspace.ui_1.3.0.201706061339.jar...
...loaded -> org.eclipse.emf.workspace.ui
Loading file:/D:/Eclipse/eclipse-rcp-oxygen-3a-win32-x86_64/eclipse/plugins/org.eclipse.emf.workspace_1.5.1.201706061339.jar...
...loaded -> org.eclipse.emf.workspace
Loading file:/D:/Eclipse/eclipse-rcp-oxygen-3a-win32-x86_64/eclipse/plugins/org.eclipse.epp.logging.aeri.core_2.0.7.v20170906-1327.jar...
...loaded -> org.eclipse.epp.logging.aeri.core
Loading file:/D:/Eclipse/eclipse-rcp-oxygen-3a-win32-x86_64/eclipse/plugins/org.eclipse.epp.logging.aeri.ide_2.0.7.v20170906-1327.jar...
...loaded -> org.eclipse.epp.logging.aeri.ide
Loading file:/D:/Eclipse/eclipse-rcp-oxygen-3a-win32-x86_64/eclipse/plugins/org.eclipse.epp.mpc.core.win32_1.6.4.v20180214-1800.jar...
...loaded -> org.eclipse.epp.mpc.core.win32
Loading file:/D:/Eclipse/eclipse-rcp-oxygen-3a-win32-x86_64/eclipse/plugins/org.eclipse.epp.mpc.core_1.6.4.v20180214-1810.jar...
...loaded -> org.eclipse.epp.mpc.core
Loading file:/D:/Eclipse/eclipse-rcp-oxygen-3a-win32-x86_64/eclipse/plugins/org.eclipse.epp.mpc.help.ui_1.6.4.v20180214-1800.jar...
...loaded -> org.eclipse.epp.mpc.help.ui
Loading file:/D:/Eclipse/eclipse-rcp-oxygen-3a-win32-x86_64/eclipse/plugins/org.eclipse.epp.mpc.ui_1.6.4.v20180214-1800.jar...
...loaded -> org.eclipse.epp.mpc.ui
Loading file:/D:/Eclipse/eclipse-rcp-oxygen-3a-win32-x86_64/eclipse/plugins/org.eclipse.equinox.app.source_1.3.400.v20150715-1528.jar...
...loaded -> org.eclipse.equinox.app.source
Loading file:/D:/Eclipse/eclipse-rcp-oxygen-3a-win32-x86_64/eclipse/plugins/org.eclipse.equinox.app_1.3.400.v20150715-1528.jar...
...loaded -> org.eclipse.equinox.app
Loading file:/D:/Eclipse/eclipse-rcp-oxygen-3a-win32-x86_64/eclipse/plugins/org.eclipse.equinox.bidi.source_1.1.0.v20160728-1031.jar...
...loaded -> org.eclipse.equinox.bidi.source
Loading file:/D:/Eclipse/eclipse-rcp-oxygen-3a-win32-x86_64/eclipse/plugins/org.eclipse.equinox.bidi_1.1.0.v20160728-1031.jar...
...loaded -> org.eclipse.equinox.bidi
Loading file:/D:/Eclipse/eclipse-rcp-oxygen-3a-win32-x86_64/eclipse/plugins/org.eclipse.equinox.common.source_3.9.0.v20170207-1454.jar...
...loaded -> org.eclipse.equinox.common.source
Loading file:/D:/Eclipse/eclipse-rcp-oxygen-3a-win32-x86_64/eclipse/plugins/org.eclipse.equinox.common_3.9.0.v20170207-1454.jar...
...loaded -> org.eclipse.equinox.common
Loading file:/D:/Eclipse/eclipse-rcp-oxygen-3a-win32-x86_64/eclipse/plugins/org.eclipse.equinox.concurrent_1.1.0.v20130327-1442.jar...
...loaded -> org.eclipse.equinox.concurrent
Loading file:/D:/Eclipse/eclipse-rcp-oxygen-3a-win32-x86_64/eclipse/plugins/org.eclipse.equinox.console.source_1.1.300.v20170512-2111.jar...
...loaded -> org.eclipse.equinox.console.source
Loading file:/D:/Eclipse/eclipse-rcp-oxygen-3a-win32-x86_64/eclipse/plugins/org.eclipse.equinox.console_1.1.300.v20170512-2111.jar...
...loaded -> org.eclipse.equinox.console
Loading file:/D:/Eclipse/eclipse-rcp-oxygen-3a-win32-x86_64/eclipse/plugins/org.eclipse.equinox.ds.source_1.5.0.v20170307-1429.jar...
...loaded -> org.eclipse.equinox.ds.source
Loading file:/D:/Eclipse/eclipse-rcp-oxygen-3a-win32-x86_64/eclipse/plugins/org.eclipse.equinox.ds_1.5.0.v20170307-1429.jar...
...loaded -> org.eclipse.equinox.ds
Loading file:/D:/Eclipse/eclipse-rcp-oxygen-3a-win32-x86_64/eclipse/plugins/org.eclipse.equinox.event.source_1.4.0.v20170105-1446.jar...
...loaded -> org.eclipse.equinox.event.source
Loading file:/D:/Eclipse/eclipse-rcp-oxygen-3a-win32-x86_64/eclipse/plugins/org.eclipse.equinox.event_1.4.0.v20170105-1446.jar...
...loaded -> org.eclipse.equinox.event
Loading file:/D:/Eclipse/eclipse-rcp-oxygen-3a-win32-x86_64/eclipse/plugins/org.eclipse.equinox.frameworkadmin.equinox.source_1.0.800.v20170524-1345.jar...
...loaded -> org.eclipse.equinox.frameworkadmin.equinox.source
Loading file:/D:/Eclipse/eclipse-rcp-oxygen-3a-win32-x86_64/eclipse/plugins/org.eclipse.equinox.frameworkadmin.equinox_1.0.800.v20170524-1345.jar...
...loaded -> org.eclipse.equinox.frameworkadmin.equinox
Loading file:/D:/Eclipse/eclipse-rcp-oxygen-3a-win32-x86_64/eclipse/plugins/org.eclipse.equinox.frameworkadmin.source_2.0.300.v20160504-1450.jar...
...loaded -> org.eclipse.equinox.frameworkadmin.source
Loading file:/D:/Eclipse/eclipse-rcp-oxygen-3a-win32-x86_64/eclipse/plugins/org.eclipse.equinox.frameworkadmin_2.0.300.v20160504-1450.jar...
...loaded -> org.eclipse.equinox.frameworkadmin
Loading file:/D:/Eclipse/eclipse-rcp-oxygen-3a-win32-x86_64/eclipse/plugins/org.eclipse.equinox.http.jetty.source_3.4.0.v20170503-2025.jar...
...loaded -> org.eclipse.equinox.http.jetty.source
Loading file:/D:/Eclipse/eclipse-rcp-oxygen-3a-win32-x86_64/eclipse/plugins/org.eclipse.equinox.http.jetty_3.4.0.v20170503-2025.jar...
...loaded -> org.eclipse.equinox.http.jetty
Loading file:/D:/Eclipse/eclipse-rcp-oxygen-3a-win32-x86_64/eclipse/plugins/org.eclipse.equinox.http.registry.source_1.1.400.v20150715-1528.jar...
...loaded -> org.eclipse.equinox.http.registry.source
Loading file:/D:/Eclipse/eclipse-rcp-oxygen-3a-win32-x86_64/eclipse/plugins/org.eclipse.equinox.http.registry_1.1.400.v20150715-1528.jar...
...loaded -> org.eclipse.equinox.http.registry
Loading file:/D:/Eclipse/eclipse-rcp-oxygen-3a-win32-x86_64/eclipse/plugins/org.eclipse.equinox.http.servlet.source_1.4.0.v20170524-1452.jar...
...loaded -> org.eclipse.equinox.http.servlet.source
Loading file:/D:/Eclipse/eclipse-rcp-oxygen-3a-win32-x86_64/eclipse/plugins/org.eclipse.equinox.http.servlet_1.4.0.v20170524-1452.jar...
...loaded -> org.eclipse.equinox.http.servlet
Loading file:/D:/Eclipse/eclipse-rcp-oxygen-3a-win32-x86_64/eclipse/plugins/org.eclipse.equinox.jsp.jasper.registry.source_1.0.300.v20130327-1442.jar...
...loaded -> org.eclipse.equinox.jsp.jasper.registry.source
Loading file:/D:/Eclipse/eclipse-rcp-oxygen-3a-win32-x86_64/eclipse/plugins/org.eclipse.equinox.jsp.jasper.registry_1.0.300.v20130327-1442.jar...
...loaded -> org.eclipse.equinox.jsp.jasper.registry
Loading file:/D:/Eclipse/eclipse-rcp-oxygen-3a-win32-x86_64/eclipse/plugins/org.eclipse.equinox.jsp.jasper.source_1.0.500.v20150119-1358.jar...
...loaded -> org.eclipse.equinox.jsp.jasper.source
Loading file:/D:/Eclipse/eclipse-rcp-oxygen-3a-win32-x86_64/eclipse/plugins/org.eclipse.equinox.jsp.jasper_1.0.500.v20150119-1358.jar...
...loaded -> org.eclipse.equinox.jsp.jasper
Loading file:/D:/Eclipse/eclipse-rcp-oxygen-3a-win32-x86_64/eclipse/plugins/org.eclipse.equinox.launcher.source_1.4.0.v20161219-1356.jar...
...loaded -> org.eclipse.equinox.launcher.source
Loading file:/D:/Eclipse/eclipse-rcp-oxygen-3a-win32-x86_64/eclipse/plugins/org.eclipse.equinox.launcher_1.4.0.v20161219-1356.jar...
...loaded -> org.eclipse.equinox.launcher
Loading file:/D:/Eclipse/eclipse-rcp-oxygen-3a-win32-x86_64/eclipse/plugins/org.eclipse.equinox.p2.artifact.repository.source_1.1.650.v20170928-1405.jar...
...loaded -> org.eclipse.equinox.p2.artifact.repository.source
Loading file:/D:/Eclipse/eclipse-rcp-oxygen-3a-win32-x86_64/eclipse/plugins/org.eclipse.equinox.p2.artifact.repository_1.1.650.v20170928-1405.jar...
...loaded -> org.eclipse.equinox.p2.artifact.repository
Loading file:/D:/Eclipse/eclipse-rcp-oxygen-3a-win32-x86_64/eclipse/plugins/org.eclipse.equinox.p2.console.source_1.0.600.v20170511-1106.jar...
...loaded -> org.eclipse.equinox.p2.console.source
Loading file:/D:/Eclipse/eclipse-rcp-oxygen-3a-win32-x86_64/eclipse/plugins/org.eclipse.equinox.p2.console_1.0.600.v20170511-1106.jar...
...loaded -> org.eclipse.equinox.p2.console
Loading file:/D:/Eclipse/eclipse-rcp-oxygen-3a-win32-x86_64/eclipse/plugins/org.eclipse.equinox.p2.core.source_2.4.101.v20170906-1259.jar...
...loaded -> org.eclipse.equinox.p2.core.source
Loading file:/D:/Eclipse/eclipse-rcp-oxygen-3a-win32-x86_64/eclipse/plugins/org.eclipse.equinox.p2.core_2.4.101.v20170906-1259.jar...
...loaded -> org.eclipse.equinox.p2.core
Loading file:/D:/Eclipse/eclipse-rcp-oxygen-3a-win32-x86_64/eclipse/plugins/org.eclipse.equinox.p2.director.app.source_1.0.500.v20160419-0834.jar...
...loaded -> org.eclipse.equinox.p2.director.app.source
Loading file:/D:/Eclipse/eclipse-rcp-oxygen-3a-win32-x86_64/eclipse/plugins/org.eclipse.equinox.p2.director.app_1.0.500.v20160419-0834.jar...
...loaded -> org.eclipse.equinox.p2.director.app
Loading file:/D:/Eclipse/eclipse-rcp-oxygen-3a-win32-x86_64/eclipse/plugins/org.eclipse.equinox.p2.director.source_2.3.300.v20160504-1450.jar...
...loaded -> org.eclipse.equinox.p2.director.source
Loading file:/D:/Eclipse/eclipse-rcp-oxygen-3a-win32-x86_64/eclipse/plugins/org.eclipse.equinox.p2.directorywatcher.source_1.1.100.v20150423-1455.jar...
...loaded -> org.eclipse.equinox.p2.directorywatcher.source
Loading file:/D:/Eclipse/eclipse-rcp-oxygen-3a-win32-x86_64/eclipse/plugins/org.eclipse.equinox.p2.directorywatcher_1.1.100.v20150423-1455.jar...
...loaded -> org.eclipse.equinox.p2.directorywatcher
Loading file:/D:/Eclipse/eclipse-rcp-oxygen-3a-win32-x86_64/eclipse/plugins/org.eclipse.equinox.p2.director_2.3.300.v20160504-1450.jar...
...loaded -> org.eclipse.equinox.p2.director
Loading file:/D:/Eclipse/eclipse-rcp-oxygen-3a-win32-x86_64/eclipse/plugins/org.eclipse.equinox.p2.discovery.compatibility_1.0.201.v20170906-1259.jar...
...loaded -> org.eclipse.equinox.p2.discovery.compatibility
Loading file:/D:/Eclipse/eclipse-rcp-oxygen-3a-win32-x86_64/eclipse/plugins/org.eclipse.equinox.p2.discovery_1.0.400.v20160504-1450.jar...
...loaded -> org.eclipse.equinox.p2.discovery
Loading file:/D:/Eclipse/eclipse-rcp-oxygen-3a-win32-x86_64/eclipse/plugins/org.eclipse.equinox.p2.engine.source_2.5.0.v20170319-2002.jar...
...loaded -> org.eclipse.equinox.p2.engine.source
Loading file:/D:/Eclipse/eclipse-rcp-oxygen-3a-win32-x86_64/eclipse/plugins/org.eclipse.equinox.p2.engine_2.5.0.v20170319-2002.jar...
...loaded -> org.eclipse.equinox.p2.engine
Loading file:/D:/Eclipse/eclipse-rcp-oxygen-3a-win32-x86_64/eclipse/plugins/org.eclipse.equinox.p2.extensionlocation.source_1.2.300.v20160419-0834.jar...
...loaded -> org.eclipse.equinox.p2.extensionlocation.source
Loading file:/D:/Eclipse/eclipse-rcp-oxygen-3a-win32-x86_64/eclipse/plugins/org.eclipse.equinox.p2.extensionlocation_1.2.300.v20160419-0834.jar...
...loaded -> org.eclipse.equinox.p2.extensionlocation
Loading file:/D:/Eclipse/eclipse-rcp-oxygen-3a-win32-x86_64/eclipse/plugins/org.eclipse.equinox.p2.garbagecollector.source_1.0.300.v20160504-1450.jar...
...loaded -> org.eclipse.equinox.p2.garbagecollector.source
Loading file:/D:/Eclipse/eclipse-rcp-oxygen-3a-win32-x86_64/eclipse/plugins/org.eclipse.equinox.p2.garbagecollector_1.0.300.v20160504-1450.jar...
...loaded -> org.eclipse.equinox.p2.garbagecollector
Loading file:/D:/Eclipse/eclipse-rcp-oxygen-3a-win32-x86_64/eclipse/plugins/org.eclipse.equinox.p2.jarprocessor.source_1.0.500.v20160504-1450.jar...
...loaded -> org.eclipse.equinox.p2.jarprocessor.source
Loading file:/D:/Eclipse/eclipse-rcp-oxygen-3a-win32-x86_64/eclipse/plugins/org.eclipse.equinox.p2.jarprocessor_1.0.500.v20160504-1450.jar...
...loaded -> org.eclipse.equinox.p2.jarprocessor
Loading file:/D:/Eclipse/eclipse-rcp-oxygen-3a-win32-x86_64/eclipse/plugins/org.eclipse.equinox.p2.metadata.repository.source_1.2.401.v20170906-1259.jar...
...loaded -> org.eclipse.equinox.p2.metadata.repository.source
Loading file:/D:/Eclipse/eclipse-rcp-oxygen-3a-win32-x86_64/eclipse/plugins/org.eclipse.equinox.p2.metadata.repository_1.2.401.v20170906-1259.jar...
...loaded -> org.eclipse.equinox.p2.metadata.repository
Loading file:/D:/Eclipse/eclipse-rcp-oxygen-3a-win32-x86_64/eclipse/plugins/org.eclipse.equinox.p2.metadata.source_2.3.200.v20170511-1106.jar...
...loaded -> org.eclipse.equinox.p2.metadata.source
Loading file:/D:/Eclipse/eclipse-rcp-oxygen-3a-win32-x86_64/eclipse/plugins/org.eclipse.equinox.p2.metadata_2.3.200.v20170511-1106.jar...
...loaded -> org.eclipse.equinox.p2.metadata
Loading file:/D:/Eclipse/eclipse-rcp-oxygen-3a-win32-x86_64/eclipse/plugins/org.eclipse.equinox.p2.operations.source_2.4.300.v20170511-1106.jar...
...loaded -> org.eclipse.equinox.p2.operations.source
Loading file:/D:/Eclipse/eclipse-rcp-oxygen-3a-win32-x86_64/eclipse/plugins/org.eclipse.equinox.p2.operations_2.4.300.v20170511-1106.jar...
...loaded -> org.eclipse.equinox.p2.operations
Loading file:/D:/Eclipse/eclipse-rcp-oxygen-3a-win32-x86_64/eclipse/plugins/org.eclipse.equinox.p2.publisher.eclipse.source_1.2.201.v20170906-1259.jar...
...loaded -> org.eclipse.equinox.p2.publisher.eclipse.source
Loading file:/D:/Eclipse/eclipse-rcp-oxygen-3a-win32-x86_64/eclipse/plugins/org.eclipse.equinox.p2.publisher.eclipse_1.2.201.v20170906-1259.jar...
...loaded -> org.eclipse.equinox.p2.publisher.eclipse
Loading file:/D:/Eclipse/eclipse-rcp-oxygen-3a-win32-x86_64/eclipse/plugins/org.eclipse.equinox.p2.publisher.source_1.4.200.v20170511-1216.jar...
...loaded -> org.eclipse.equinox.p2.publisher.source
Loading file:/D:/Eclipse/eclipse-rcp-oxygen-3a-win32-x86_64/eclipse/plugins/org.eclipse.equinox.p2.publisher_1.4.200.v20170511-1216.jar...
...loaded -> org.eclipse.equinox.p2.publisher
Loading file:/D:/Eclipse/eclipse-rcp-oxygen-3a-win32-x86_64/eclipse/plugins/org.eclipse.equinox.p2.reconciler.dropins.source_1.1.400.v20160504-1450.jar...
...loaded -> org.eclipse.equinox.p2.reconciler.dropins.source
Loading file:/D:/Eclipse/eclipse-rcp-oxygen-3a-win32-x86_64/eclipse/plugins/org.eclipse.equinox.p2.reconciler.dropins_1.1.400.v20160504-1450.jar...
...loaded -> org.eclipse.equinox.p2.reconciler.dropins
Loading file:/D:/Eclipse/eclipse-rcp-oxygen-3a-win32-x86_64/eclipse/plugins/org.eclipse.equinox.p2.repository.source_2.3.301.v20170906-1259.jar...
...loaded -> org.eclipse.equinox.p2.repository.source
Loading file:/D:/Eclipse/eclipse-rcp-oxygen-3a-win32-x86_64/eclipse/plugins/org.eclipse.equinox.p2.repository.tools.source_2.1.400.v20170511-1216.jar...
...loaded -> org.eclipse.equinox.p2.repository.tools.source
Loading file:/D:/Eclipse/eclipse-rcp-oxygen-3a-win32-x86_64/eclipse/plugins/org.eclipse.equinox.p2.repository.tools_2.1.400.v20170511-1216.jar...
...loaded -> org.eclipse.equinox.p2.repository.tools
Loading file:/D:/Eclipse/eclipse-rcp-oxygen-3a-win32-x86_64/eclipse/plugins/org.eclipse.equinox.p2.repository_2.3.301.v20170906-1259.jar...
...loaded -> org.eclipse.equinox.p2.repository
Loading file:/D:/Eclipse/eclipse-rcp-oxygen-3a-win32-x86_64/eclipse/plugins/org.eclipse.equinox.p2.touchpoint.eclipse.source_2.1.501.v20170906-1259.jar...
...loaded -> org.eclipse.equinox.p2.touchpoint.eclipse.source
Loading file:/D:/Eclipse/eclipse-rcp-oxygen-3a-win32-x86_64/eclipse/plugins/org.eclipse.equinox.p2.touchpoint.eclipse_2.1.501.v20170906-1259.jar...
...loaded -> org.eclipse.equinox.p2.touchpoint.eclipse
Loading file:/D:/Eclipse/eclipse-rcp-oxygen-3a-win32-x86_64/eclipse/plugins/org.eclipse.equinox.p2.touchpoint.natives.source_1.2.200.v20170511-1216.jar...
...loaded -> org.eclipse.equinox.p2.touchpoint.natives.source
Loading file:/D:/Eclipse/eclipse-rcp-oxygen-3a-win32-x86_64/eclipse/plugins/org.eclipse.equinox.p2.touchpoint.natives_1.2.200.v20170511-1216.jar...
...loaded -> org.eclipse.equinox.p2.touchpoint.natives
Loading file:/D:/Eclipse/eclipse-rcp-oxygen-3a-win32-x86_64/eclipse/plugins/org.eclipse.equinox.p2.transport.ecf.source_1.1.300.v20161004-0244.jar...
...loaded -> org.eclipse.equinox.p2.transport.ecf.source
Loading file:/D:/Eclipse/eclipse-rcp-oxygen-3a-win32-x86_64/eclipse/plugins/org.eclipse.equinox.p2.transport.ecf_1.1.300.v20161004-0244.jar...
...loaded -> org.eclipse.equinox.p2.transport.ecf
Loading file:/D:/Eclipse/eclipse-rcp-oxygen-3a-win32-x86_64/eclipse/plugins/org.eclipse.equinox.p2.ui.discovery_1.0.300.v20170418-0708.jar...
...loaded -> org.eclipse.equinox.p2.ui.discovery
Loading file:/D:/Eclipse/eclipse-rcp-oxygen-3a-win32-x86_64/eclipse/plugins/org.eclipse.equinox.p2.ui.importexport.source_1.1.301.v20170816-1007.jar...
...loaded -> org.eclipse.equinox.p2.ui.importexport.source
Loading file:/D:/Eclipse/eclipse-rcp-oxygen-3a-win32-x86_64/eclipse/plugins/org.eclipse.equinox.p2.ui.importexport_1.1.301.v20170816-1007.jar...
...loaded -> org.eclipse.equinox.p2.ui.importexport
Loading file:/D:/Eclipse/eclipse-rcp-oxygen-3a-win32-x86_64/eclipse/plugins/org.eclipse.equinox.p2.ui.sdk.scheduler.source_1.3.100.v20170418-0708.jar...
...loaded -> org.eclipse.equinox.p2.ui.sdk.scheduler.source
Loading file:/D:/Eclipse/eclipse-rcp-oxygen-3a-win32-x86_64/eclipse/plugins/org.eclipse.equinox.p2.ui.sdk.scheduler_1.3.100.v20170418-0708.jar...
...loaded -> org.eclipse.equinox.p2.ui.sdk.scheduler
Loading file:/D:/Eclipse/eclipse-rcp-oxygen-3a-win32-x86_64/eclipse/plugins/org.eclipse.equinox.p2.ui.sdk.source_1.0.500.v20170511-1216.jar...
...loaded -> org.eclipse.equinox.p2.ui.sdk.source
Loading file:/D:/Eclipse/eclipse-rcp-oxygen-3a-win32-x86_64/eclipse/plugins/org.eclipse.equinox.p2.ui.sdk_1.0.500.v20170511-1216.jar...
...loaded -> org.eclipse.equinox.p2.ui.sdk
Loading file:/D:/Eclipse/eclipse-rcp-oxygen-3a-win32-x86_64/eclipse/plugins/org.eclipse.equinox.p2.ui.source_2.5.2.v20171013-1525.jar...
...loaded -> org.eclipse.equinox.p2.ui.source
Loading file:/D:/Eclipse/eclipse-rcp-oxygen-3a-win32-x86_64/eclipse/plugins/org.eclipse.equinox.p2.ui_2.5.2.v20171013-1525.jar...
...loaded -> org.eclipse.equinox.p2.ui
Loading file:/D:/Eclipse/eclipse-rcp-oxygen-3a-win32-x86_64/eclipse/plugins/org.eclipse.equinox.p2.updatechecker.source_1.1.400.v20170106-2125.jar...
...loaded -> org.eclipse.equinox.p2.updatechecker.source
Loading file:/D:/Eclipse/eclipse-rcp-oxygen-3a-win32-x86_64/eclipse/plugins/org.eclipse.equinox.p2.updatechecker_1.1.400.v20170106-2125.jar...
...loaded -> org.eclipse.equinox.p2.updatechecker
Loading file:/D:/Eclipse/eclipse-rcp-oxygen-3a-win32-x86_64/eclipse/plugins/org.eclipse.equinox.p2.updatesite.source_1.0.601.v20170906-1259.jar...
...loaded -> org.eclipse.equinox.p2.updatesite.source
Loading file:/D:/Eclipse/eclipse-rcp-oxygen-3a-win32-x86_64/eclipse/plugins/org.eclipse.equinox.p2.updatesite_1.0.601.v20170906-1259.jar...
...loaded -> org.eclipse.equinox.p2.updatesite
Loading file:/D:/Eclipse/eclipse-rcp-oxygen-3a-win32-x86_64/eclipse/plugins/org.eclipse.equinox.preferences.source_3.7.0.v20170126-2132.jar...
...loaded -> org.eclipse.equinox.preferences.source
Loading file:/D:/Eclipse/eclipse-rcp-oxygen-3a-win32-x86_64/eclipse/plugins/org.eclipse.equinox.preferences_3.7.0.v20170126-2132.jar...
...loaded -> org.eclipse.equinox.preferences
Loading file:/D:/Eclipse/eclipse-rcp-oxygen-3a-win32-x86_64/eclipse/plugins/org.eclipse.equinox.registry.source_3.7.0.v20170222-1344.jar...
...loaded -> org.eclipse.equinox.registry.source
Loading file:/D:/Eclipse/eclipse-rcp-oxygen-3a-win32-x86_64/eclipse/plugins/org.eclipse.equinox.registry_3.7.0.v20170222-1344.jar...
...loaded -> org.eclipse.equinox.registry
Loading file:/D:/Eclipse/eclipse-rcp-oxygen-3a-win32-x86_64/eclipse/plugins/org.eclipse.equinox.security.source_1.2.300.v20170505-1235.jar...
...loaded -> org.eclipse.equinox.security.source
Loading file:/D:/Eclipse/eclipse-rcp-oxygen-3a-win32-x86_64/eclipse/plugins/org.eclipse.equinox.security.ui.source_1.1.400.v20170505-1235.jar...
...loaded -> org.eclipse.equinox.security.ui.source
Loading file:/D:/Eclipse/eclipse-rcp-oxygen-3a-win32-x86_64/eclipse/plugins/org.eclipse.equinox.security.ui_1.1.400.v20170505-1235.jar...
...loaded -> org.eclipse.equinox.security.ui
Loading file:/D:/Eclipse/eclipse-rcp-oxygen-3a-win32-x86_64/eclipse/plugins/org.eclipse.equinox.security.win32.x86_64.source_1.0.100.v20130327-1442.jar...
...loaded -> org.eclipse.equinox.security.win32.x86_64.source
Loading file:/D:/Eclipse/eclipse-rcp-oxygen-3a-win32-x86_64/eclipse/plugins/org.eclipse.equinox.security.win32.x86_64_1.0.100.v20130327-1442.jar...
...loaded -> org.eclipse.equinox.security.win32.x86_64
Loading file:/D:/Eclipse/eclipse-rcp-oxygen-3a-win32-x86_64/eclipse/plugins/org.eclipse.equinox.security_1.2.300.v20170505-1235.jar...
...loaded -> org.eclipse.equinox.security
Loading file:/D:/Eclipse/eclipse-rcp-oxygen-3a-win32-x86_64/eclipse/plugins/org.eclipse.equinox.simpleconfigurator.manipulator.source_2.0.300.v20170515-0721.jar...
...loaded -> org.eclipse.equinox.simpleconfigurator.manipulator.source
Loading file:/D:/Eclipse/eclipse-rcp-oxygen-3a-win32-x86_64/eclipse/plugins/org.eclipse.equinox.simpleconfigurator.manipulator_2.0.300.v20170515-0721.jar...
...loaded -> org.eclipse.equinox.simpleconfigurator.manipulator
Loading file:/D:/Eclipse/eclipse-rcp-oxygen-3a-win32-x86_64/eclipse/plugins/org.eclipse.equinox.simpleconfigurator.source_1.2.1.v20180131-1435.jar...
...loaded -> org.eclipse.equinox.simpleconfigurator.source
Loading file:/D:/Eclipse/eclipse-rcp-oxygen-3a-win32-x86_64/eclipse/plugins/org.eclipse.equinox.simpleconfigurator_1.2.1.v20180131-1435.jar...
...loaded -> org.eclipse.equinox.simpleconfigurator
Loading file:/D:/Eclipse/eclipse-rcp-oxygen-3a-win32-x86_64/eclipse/plugins/org.eclipse.equinox.util.source_1.0.500.v20130404-1337.jar...
...loaded -> org.eclipse.equinox.util.source
Loading file:/D:/Eclipse/eclipse-rcp-oxygen-3a-win32-x86_64/eclipse/plugins/org.eclipse.equinox.util_1.0.500.v20130404-1337.jar...
...loaded -> org.eclipse.equinox.util
Loading file:/D:/Eclipse/eclipse-rcp-oxygen-3a-win32-x86_64/eclipse/plugins/org.eclipse.gef_3.11.0.201606061308.jar...
...loaded -> org.eclipse.gef
Loading file:/D:/Eclipse/eclipse-rcp-oxygen-3a-win32-x86_64/eclipse/plugins/org.eclipse.gmf.runtime.common.core_1.7.0.201706061437.jar...
...loaded -> org.eclipse.gmf.runtime.common.core
Loading file:/D:/Eclipse/eclipse-rcp-oxygen-3a-win32-x86_64/eclipse/plugins/org.eclipse.gmf.runtime.common.ui.action.ide_1.7.0.201706061437.jar...
...loaded -> org.eclipse.gmf.runtime.common.ui.action.ide
Loading file:/D:/Eclipse/eclipse-rcp-oxygen-3a-win32-x86_64/eclipse/plugins/org.eclipse.gmf.runtime.common.ui.action_1.7.0.201706061437.jar...
...loaded -> org.eclipse.gmf.runtime.common.ui.action
Loading file:/D:/Eclipse/eclipse-rcp-oxygen-3a-win32-x86_64/eclipse/plugins/org.eclipse.gmf.runtime.common.ui.printing.win32_1.7.0.201706061437.jar...
Loading file:/D:/Eclipse/eclipse-rcp-oxygen-3a-win32-x86_64/eclipse/plugins/org.eclipse.gmf.runtime.common.ui.printing_1.7.0.201706061437.jar...
...loaded -> org.eclipse.gmf.runtime.common.ui.printing
Loading file:/D:/Eclipse/eclipse-rcp-oxygen-3a-win32-x86_64/eclipse/plugins/org.eclipse.gmf.runtime.common.ui.services.action_1.7.0.201706061437.jar...
...loaded -> org.eclipse.gmf.runtime.common.ui.services.action
Loading file:/D:/Eclipse/eclipse-rcp-oxygen-3a-win32-x86_64/eclipse/plugins/org.eclipse.gmf.runtime.common.ui.services.dnd.ide_1.7.0.201706061437.jar...
...loaded -> org.eclipse.gmf.runtime.common.ui.services.dnd.ide
Loading file:/D:/Eclipse/eclipse-rcp-oxygen-3a-win32-x86_64/eclipse/plugins/org.eclipse.gmf.runtime.common.ui.services.dnd_1.7.0.201706061437.jar...
...loaded -> org.eclipse.gmf.runtime.common.ui.services.dnd
Loading file:/D:/Eclipse/eclipse-rcp-oxygen-3a-win32-x86_64/eclipse/plugins/org.eclipse.gmf.runtime.common.ui.services.properties_1.9.0.201706061437.jar...
...loaded -> org.eclipse.gmf.runtime.common.ui.services.properties
Loading file:/D:/Eclipse/eclipse-rcp-oxygen-3a-win32-x86_64/eclipse/plugins/org.eclipse.gmf.runtime.common.ui.services_1.9.0.201706061437.jar...
...loaded -> org.eclipse.gmf.runtime.common.ui.services
Loading file:/D:/Eclipse/eclipse-rcp-oxygen-3a-win32-x86_64/eclipse/plugins/org.eclipse.gmf.runtime.common.ui_1.8.1.201706061437.jar...
...loaded -> org.eclipse.gmf.runtime.common.ui
Loading file:/D:/Eclipse/eclipse-rcp-oxygen-3a-win32-x86_64/eclipse/plugins/org.eclipse.gmf.runtime.diagram.core_1.7.0.201706061437.jar...
...loaded -> org.eclipse.gmf.runtime.diagram.core
Loading file:/D:/Eclipse/eclipse-rcp-oxygen-3a-win32-x86_64/eclipse/plugins/org.eclipse.gmf.runtime.diagram.ui.actions_1.7.0.201706061437.jar...
...loaded -> org.eclipse.gmf.runtime.diagram.ui.actions
Loading file:/D:/Eclipse/eclipse-rcp-oxygen-3a-win32-x86_64/eclipse/plugins/org.eclipse.gmf.runtime.diagram.ui.dnd_1.7.0.201706061437.jar...
...loaded -> org.eclipse.gmf.runtime.diagram.ui.dnd
Loading file:/D:/Eclipse/eclipse-rcp-oxygen-3a-win32-x86_64/eclipse/plugins/org.eclipse.gmf.runtime.diagram.ui.geoshapes_1.7.0.201706061437.jar...
...loaded -> org.eclipse.gmf.runtime.diagram.ui.geoshapes
Loading file:/D:/Eclipse/eclipse-rcp-oxygen-3a-win32-x86_64/eclipse/plugins/org.eclipse.gmf.runtime.diagram.ui.printing.render_1.8.0.201706061437.jar...
...loaded -> org.eclipse.gmf.runtime.diagram.ui.printing.render
Loading file:/D:/Eclipse/eclipse-rcp-oxygen-3a-win32-x86_64/eclipse/plugins/org.eclipse.gmf.runtime.diagram.ui.printing_1.7.0.201706061437.jar...
...loaded -> org.eclipse.gmf.runtime.diagram.ui.printing
Loading file:/D:/Eclipse/eclipse-rcp-oxygen-3a-win32-x86_64/eclipse/plugins/org.eclipse.gmf.runtime.diagram.ui.properties_1.7.0.201706061437.jar...
...loaded -> org.eclipse.gmf.runtime.diagram.ui.properties
Loading file:/D:/Eclipse/eclipse-rcp-oxygen-3a-win32-x86_64/eclipse/plugins/org.eclipse.gmf.runtime.diagram.ui.providers.ide_1.7.0.201706061437.jar...
...loaded -> org.eclipse.gmf.runtime.diagram.ui.providers.ide
Loading file:/D:/Eclipse/eclipse-rcp-oxygen-3a-win32-x86_64/eclipse/plugins/org.eclipse.gmf.runtime.diagram.ui.providers_1.7.0.201706061437.jar...
...loaded -> org.eclipse.gmf.runtime.diagram.ui.providers
Loading file:/D:/Eclipse/eclipse-rcp-oxygen-3a-win32-x86_64/eclipse/plugins/org.eclipse.gmf.runtime.diagram.ui.render_1.7.0.201706061437.jar...
...loaded -> org.eclipse.gmf.runtime.diagram.ui.render
Loading file:/D:/Eclipse/eclipse-rcp-oxygen-3a-win32-x86_64/eclipse/plugins/org.eclipse.gmf.runtime.diagram.ui.resources.editor.ide_1.7.0.201706061437.jar...
...loaded -> org.eclipse.gmf.runtime.diagram.ui.resources.editor.ide
Loading file:/D:/Eclipse/eclipse-rcp-oxygen-3a-win32-x86_64/eclipse/plugins/org.eclipse.gmf.runtime.diagram.ui.resources.editor_1.7.0.201706061437.jar...
...loaded -> org.eclipse.gmf.runtime.diagram.ui.resources.editor
Loading file:/D:/Eclipse/eclipse-rcp-oxygen-3a-win32-x86_64/eclipse/plugins/org.eclipse.gmf.runtime.diagram.ui_1.8.0.201706061437.jar...
...loaded -> org.eclipse.gmf.runtime.diagram.ui
Loading file:/D:/Eclipse/eclipse-rcp-oxygen-3a-win32-x86_64/eclipse/plugins/org.eclipse.gmf.runtime.draw2d.ui.render.awt_1.8.0.201706061437.jar...
...loaded -> org.eclipse.gmf.runtime.draw2d.ui.render.awt
Loading file:/D:/Eclipse/eclipse-rcp-oxygen-3a-win32-x86_64/eclipse/plugins/org.eclipse.gmf.runtime.draw2d.ui.render_1.7.0.201706061437.jar...
...loaded -> org.eclipse.gmf.runtime.draw2d.ui.render
Loading file:/D:/Eclipse/eclipse-rcp-oxygen-3a-win32-x86_64/eclipse/plugins/org.eclipse.gmf.runtime.draw2d.ui_1.9.0.201706061437.jar...
...loaded -> org.eclipse.gmf.runtime.draw2d.ui
Loading file:/D:/Eclipse/eclipse-rcp-oxygen-3a-win32-x86_64/eclipse/plugins/org.eclipse.gmf.runtime.emf.clipboard.core_1.7.0.201706061437.jar...
...loaded -> org.eclipse.gmf.runtime.emf.clipboard.core
Loading file:/D:/Eclipse/eclipse-rcp-oxygen-3a-win32-x86_64/eclipse/plugins/org.eclipse.gmf.runtime.emf.commands.core_1.7.0.201706061437.jar...
...loaded -> org.eclipse.gmf.runtime.emf.commands.core
Loading file:/D:/Eclipse/eclipse-rcp-oxygen-3a-win32-x86_64/eclipse/plugins/org.eclipse.gmf.runtime.emf.core_1.7.0.201706061437.jar...
...loaded -> org.eclipse.gmf.runtime.emf.core
Loading file:/D:/Eclipse/eclipse-rcp-oxygen-3a-win32-x86_64/eclipse/plugins/org.eclipse.gmf.runtime.emf.type.core_1.9.0.201706061437.jar...
...loaded -> org.eclipse.gmf.runtime.emf.type.core
Loading file:/D:/Eclipse/eclipse-rcp-oxygen-3a-win32-x86_64/eclipse/plugins/org.eclipse.gmf.runtime.emf.type.ui_1.7.0.201706061437.jar...
...loaded -> org.eclipse.gmf.runtime.emf.type.ui
Loading file:/D:/Eclipse/eclipse-rcp-oxygen-3a-win32-x86_64/eclipse/plugins/org.eclipse.gmf.runtime.emf.ui.properties_1.7.0.201706061437.jar...
...loaded -> org.eclipse.gmf.runtime.emf.ui.properties
Loading file:/D:/Eclipse/eclipse-rcp-oxygen-3a-win32-x86_64/eclipse/plugins/org.eclipse.gmf.runtime.emf.ui_1.7.0.201706061437.jar...
...loaded -> org.eclipse.gmf.runtime.emf.ui
Loading file:/D:/Eclipse/eclipse-rcp-oxygen-3a-win32-x86_64/eclipse/plugins/org.eclipse.gmf.runtime.gef.ui_1.7.0.201706061437.jar...
...loaded -> org.eclipse.gmf.runtime.gef.ui
Loading file:/D:/Eclipse/eclipse-rcp-oxygen-3a-win32-x86_64/eclipse/plugins/org.eclipse.gmf.runtime.notation.edit_1.7.0.201706061354.jar...
...loaded -> org.eclipse.gmf.runtime.notation.edit
Loading file:/D:/Eclipse/eclipse-rcp-oxygen-3a-win32-x86_64/eclipse/plugins/org.eclipse.gmf.runtime.notation.providers_1.7.0.201706061437.jar...
...loaded -> org.eclipse.gmf.runtime.notation.providers
Loading file:/D:/Eclipse/eclipse-rcp-oxygen-3a-win32-x86_64/eclipse/plugins/org.eclipse.gmf.runtime.notation_1.8.0.201706061354.jar...
...loaded -> org.eclipse.gmf.runtime.notation
Loading file:/D:/Eclipse/eclipse-rcp-oxygen-3a-win32-x86_64/eclipse/plugins/org.eclipse.gmf_1.11.0.201706061437.jar...
...loaded -> org.eclipse.gmf
Loading file:/D:/Eclipse/eclipse-rcp-oxygen-3a-win32-x86_64/eclipse/plugins/org.eclipse.help.base.source_4.2.153.v20180330-0640.jar...
...loaded -> org.eclipse.help.base.source
Loading file:/D:/Eclipse/eclipse-rcp-oxygen-3a-win32-x86_64/eclipse/plugins/org.eclipse.help.base_4.2.153.v20180330-0640.jar...
...loaded -> org.eclipse.help.base
Loading file:/D:/Eclipse/eclipse-rcp-oxygen-3a-win32-x86_64/eclipse/plugins/org.eclipse.help.source_3.8.1.v20170815-1448.jar...
...loaded -> org.eclipse.help.source
Loading file:/D:/Eclipse/eclipse-rcp-oxygen-3a-win32-x86_64/eclipse/plugins/org.eclipse.help.ui.source_4.1.0.v20170311-0931.jar...
...loaded -> org.eclipse.help.ui.source
Loading file:/D:/Eclipse/eclipse-rcp-oxygen-3a-win32-x86_64/eclipse/plugins/org.eclipse.help.ui_4.1.0.v20170311-0931.jar...
...loaded -> org.eclipse.help.ui
Loading file:/D:/Eclipse/eclipse-rcp-oxygen-3a-win32-x86_64/eclipse/plugins/org.eclipse.help.webapp.source_3.9.1.v20170816-0843.jar...
...loaded -> org.eclipse.help.webapp.source
Loading file:/D:/Eclipse/eclipse-rcp-oxygen-3a-win32-x86_64/eclipse/plugins/org.eclipse.help.webapp_3.9.1.v20170816-0843.jar...
...loaded -> org.eclipse.help.webapp
Loading file:/D:/Eclipse/eclipse-rcp-oxygen-3a-win32-x86_64/eclipse/plugins/org.eclipse.help_3.8.1.v20170815-1448.jar...
...loaded -> org.eclipse.help
Loading file:/D:/Eclipse/eclipse-rcp-oxygen-3a-win32-x86_64/eclipse/plugins/org.eclipse.jdt.annotation_1.1.150.v20180322-1206.jar...
...loaded -> org.eclipse.jdt.annotation
Loading file:/D:/Eclipse/eclipse-rcp-oxygen-3a-win32-x86_64/eclipse/plugins/org.eclipse.jdt.annotation_2.1.150.v20180322-1206.jar...
...loaded -> org.eclipse.jdt.annotation
Loading file:/D:/Eclipse/eclipse-rcp-oxygen-3a-win32-x86_64/eclipse/plugins/org.eclipse.jdt.apt.core_3.5.100.v20180322-1206.jar...
...loaded -> org.eclipse.jdt.apt.core
Loading file:/D:/Eclipse/eclipse-rcp-oxygen-3a-win32-x86_64/eclipse/plugins/org.eclipse.jdt.apt.pluggable.core_1.2.50.v20180322-1206.jar...
...loaded -> org.eclipse.jdt.apt.pluggable.core
Loading file:/D:/Eclipse/eclipse-rcp-oxygen-3a-win32-x86_64/eclipse/plugins/org.eclipse.jdt.apt.ui_3.5.50.v20180322-1206.jar...
...loaded -> org.eclipse.jdt.apt.ui
Loading file:/D:/Eclipse/eclipse-rcp-oxygen-3a-win32-x86_64/eclipse/plugins/org.eclipse.jdt.compiler.apt_1.3.110.v20180329-0935.jar...
...loaded -> org.eclipse.jdt.compiler.apt
Loading file:/D:/Eclipse/eclipse-rcp-oxygen-3a-win32-x86_64/eclipse/plugins/org.eclipse.jdt.compiler.tool_1.2.101.v20180329-0935.jar...
...loaded -> org.eclipse.jdt.compiler.tool
Loading file:/D:/Eclipse/eclipse-rcp-oxygen-3a-win32-x86_64/eclipse/plugins/org.eclipse.jdt.core.manipulation_1.9.100.v20180321-0831.jar...
...loaded -> org.eclipse.jdt.core.manipulation
Loading file:/D:/Eclipse/eclipse-rcp-oxygen-3a-win32-x86_64/eclipse/plugins/org.eclipse.jdt.core_3.13.102.v20180330-0919.jar...
...loaded -> org.eclipse.jdt.core
Loading file:/D:/Eclipse/eclipse-rcp-oxygen-3a-win32-x86_64/eclipse/plugins/org.eclipse.jdt.debug.ui_3.8.100.v20180322-1256.jar...
...loaded -> org.eclipse.jdt.debug.ui
Loading file:/D:/Eclipse/eclipse-rcp-oxygen-3a-win32-x86_64/eclipse/plugins/org.eclipse.jdt.doc.user_3.13.75.v20180329-0655.jar...
...loaded -> org.eclipse.jdt.doc.user
Loading file:/D:/Eclipse/eclipse-rcp-oxygen-3a-win32-x86_64/eclipse/plugins/org.eclipse.jdt.junit.core_3.9.100.v20180321-0831.jar...
...loaded -> org.eclipse.jdt.junit.core
Loading file:/D:/Eclipse/eclipse-rcp-oxygen-3a-win32-x86_64/eclipse/plugins/org.eclipse.jdt.junit.runtime_3.4.651.v20171130-0906.jar...
...loaded -> org.eclipse.jdt.junit.runtime
Loading file:/D:/Eclipse/eclipse-rcp-oxygen-3a-win32-x86_64/eclipse/plugins/org.eclipse.jdt.junit4.runtime_1.1.650.v20170920-1015.jar...
...loaded -> org.eclipse.jdt.junit4.runtime
Loading file:/D:/Eclipse/eclipse-rcp-oxygen-3a-win32-x86_64/eclipse/plugins/org.eclipse.jdt.junit5.runtime_1.0.1.v20171130-0906.jar...
...loaded -> org.eclipse.jdt.junit5.runtime
Loading file:/D:/Eclipse/eclipse-rcp-oxygen-3a-win32-x86_64/eclipse/plugins/org.eclipse.jdt.junit_3.10.75.v20180322-1731.jar...
...loaded -> org.eclipse.jdt.junit
Loading file:/D:/Eclipse/eclipse-rcp-oxygen-3a-win32-x86_64/eclipse/plugins/org.eclipse.jdt.launching_3.9.100.v20180323-1351.jar...
...loaded -> org.eclipse.jdt.launching
Loading file:/D:/Eclipse/eclipse-rcp-oxygen-3a-win32-x86_64/eclipse/plugins/org.eclipse.jdt.ui_3.13.100.v20180330-0726.jar...
...loaded -> org.eclipse.jdt.ui
Loading file:/D:/Eclipse/eclipse-rcp-oxygen-3a-win32-x86_64/eclipse/plugins/org.eclipse.jdt_3.13.4.v20180330-0640.jar...
...loaded -> org.eclipse.jdt
Loading file:/D:/Eclipse/eclipse-rcp-oxygen-3a-win32-x86_64/eclipse/plugins/org.eclipse.jem.util_2.1.201.v201707201954.jar...
...loaded -> org.eclipse.jem.util
Loading file:/D:/Eclipse/eclipse-rcp-oxygen-3a-win32-x86_64/eclipse/plugins/org.eclipse.jetty.continuation.source_9.4.8.v20171121.jar...
...loaded -> org.eclipse.jetty.continuation.source
Loading file:/D:/Eclipse/eclipse-rcp-oxygen-3a-win32-x86_64/eclipse/plugins/org.eclipse.jetty.continuation_9.4.8.v20171121.jar...
...loaded -> org.eclipse.jetty.continuation
Loading file:/D:/Eclipse/eclipse-rcp-oxygen-3a-win32-x86_64/eclipse/plugins/org.eclipse.jetty.http.source_9.4.8.v20171121.jar...
...loaded -> org.eclipse.jetty.http.source
Loading file:/D:/Eclipse/eclipse-rcp-oxygen-3a-win32-x86_64/eclipse/plugins/org.eclipse.jetty.http_9.4.8.v20171121.jar...
...loaded -> org.eclipse.jetty.http
Loading file:/D:/Eclipse/eclipse-rcp-oxygen-3a-win32-x86_64/eclipse/plugins/org.eclipse.jetty.io.source_9.4.8.v20171121.jar...
...loaded -> org.eclipse.jetty.io.source
Loading file:/D:/Eclipse/eclipse-rcp-oxygen-3a-win32-x86_64/eclipse/plugins/org.eclipse.jetty.io_9.4.8.v20171121.jar...
...loaded -> org.eclipse.jetty.io
Loading file:/D:/Eclipse/eclipse-rcp-oxygen-3a-win32-x86_64/eclipse/plugins/org.eclipse.jetty.security.source_9.4.8.v20171121.jar...
...loaded -> org.eclipse.jetty.security.source
Loading file:/D:/Eclipse/eclipse-rcp-oxygen-3a-win32-x86_64/eclipse/plugins/org.eclipse.jetty.security_9.4.8.v20171121.jar...
...loaded -> org.eclipse.jetty.security
Loading file:/D:/Eclipse/eclipse-rcp-oxygen-3a-win32-x86_64/eclipse/plugins/org.eclipse.jetty.server.source_9.4.8.v20171121.jar...
...loaded -> org.eclipse.jetty.server.source
Loading file:/D:/Eclipse/eclipse-rcp-oxygen-3a-win32-x86_64/eclipse/plugins/org.eclipse.jetty.server_9.4.8.v20171121.jar...
...loaded -> org.eclipse.jetty.server
Loading file:/D:/Eclipse/eclipse-rcp-oxygen-3a-win32-x86_64/eclipse/plugins/org.eclipse.jetty.servlet.source_9.4.8.v20171121.jar...
...loaded -> org.eclipse.jetty.servlet.source
Loading file:/D:/Eclipse/eclipse-rcp-oxygen-3a-win32-x86_64/eclipse/plugins/org.eclipse.jetty.servlet_9.4.8.v20171121.jar...
...loaded -> org.eclipse.jetty.servlet
Loading file:/D:/Eclipse/eclipse-rcp-oxygen-3a-win32-x86_64/eclipse/plugins/org.eclipse.jetty.util.source_9.4.8.v20171121.jar...
...loaded -> org.eclipse.jetty.util.source
Loading file:/D:/Eclipse/eclipse-rcp-oxygen-3a-win32-x86_64/eclipse/plugins/org.eclipse.jetty.util_9.4.8.v20171121.jar...
...loaded -> org.eclipse.jetty.util
Loading file:/D:/Eclipse/eclipse-rcp-oxygen-3a-win32-x86_64/eclipse/plugins/org.eclipse.jetty.webapp_9.4.8.v20171121.jar...
...loaded -> org.eclipse.jetty.webapp
Loading file:/D:/Eclipse/eclipse-rcp-oxygen-3a-win32-x86_64/eclipse/plugins/org.eclipse.jetty.xml_9.4.8.v20171121.jar...
...loaded -> org.eclipse.jetty.xml
Loading file:/D:/Eclipse/eclipse-rcp-oxygen-3a-win32-x86_64/eclipse/plugins/org.eclipse.jface.databinding.source_1.8.100.v20170503-1507.jar...
...loaded -> org.eclipse.jface.databinding.source
Loading file:/D:/Eclipse/eclipse-rcp-oxygen-3a-win32-x86_64/eclipse/plugins/org.eclipse.jface.databinding_1.8.100.v20170503-1507.jar...
...loaded -> org.eclipse.jface.databinding
Loading file:/D:/Eclipse/eclipse-rcp-oxygen-3a-win32-x86_64/eclipse/plugins/org.eclipse.jface.source_3.13.2.v20171022-1656.jar...
...loaded -> org.eclipse.jface.source
Loading file:/D:/Eclipse/eclipse-rcp-oxygen-3a-win32-x86_64/eclipse/plugins/org.eclipse.jface.text.source_3.12.2.v20180112-1341.jar...
...loaded -> org.eclipse.jface.text.source
Loading file:/D:/Eclipse/eclipse-rcp-oxygen-3a-win32-x86_64/eclipse/plugins/org.eclipse.jface.text_3.12.2.v20180112-1341.jar...
...loaded -> org.eclipse.jface.text
Loading file:/D:/Eclipse/eclipse-rcp-oxygen-3a-win32-x86_64/eclipse/plugins/org.eclipse.jface_3.13.2.v20171022-1656.jar...
...loaded -> org.eclipse.jface
Loading file:/D:/Eclipse/eclipse-rcp-oxygen-3a-win32-x86_64/eclipse/plugins/org.eclipse.jgit.archive_4.9.2.201712150930-r.jar...
...loaded -> org.eclipse.jgit.archive
Loading file:/D:/Eclipse/eclipse-rcp-oxygen-3a-win32-x86_64/eclipse/plugins/org.eclipse.jgit_4.9.2.201712150930-r.jar...
...loaded -> org.eclipse.jgit
Loading file:/D:/Eclipse/eclipse-rcp-oxygen-3a-win32-x86_64/eclipse/plugins/org.eclipse.jsch.core.source_1.3.0.v20160422-1917.jar...
...loaded -> org.eclipse.jsch.core.source
Loading file:/D:/Eclipse/eclipse-rcp-oxygen-3a-win32-x86_64/eclipse/plugins/org.eclipse.jsch.core_1.3.0.v20160422-1917.jar...
...loaded -> org.eclipse.jsch.core
Loading file:/D:/Eclipse/eclipse-rcp-oxygen-3a-win32-x86_64/eclipse/plugins/org.eclipse.jsch.ui.source_1.3.0.v20160323-1650.jar...
...loaded -> org.eclipse.jsch.ui.source
Loading file:/D:/Eclipse/eclipse-rcp-oxygen-3a-win32-x86_64/eclipse/plugins/org.eclipse.jsch.ui_1.3.0.v20160323-1650.jar...
...loaded -> org.eclipse.jsch.ui
Loading file:/D:/Eclipse/eclipse-rcp-oxygen-3a-win32-x86_64/eclipse/plugins/org.eclipse.ltk.core.refactoring.source_3.8.0.v20170105-1156.jar...
...loaded -> org.eclipse.ltk.core.refactoring.source
Loading file:/D:/Eclipse/eclipse-rcp-oxygen-3a-win32-x86_64/eclipse/plugins/org.eclipse.ltk.core.refactoring_3.8.0.v20170105-1156.jar...
...loaded -> org.eclipse.ltk.core.refactoring
Loading file:/D:/Eclipse/eclipse-rcp-oxygen-3a-win32-x86_64/eclipse/plugins/org.eclipse.ltk.ui.refactoring.source_3.9.0.v20170412-0825.jar...
...loaded -> org.eclipse.ltk.ui.refactoring.source
Loading file:/D:/Eclipse/eclipse-rcp-oxygen-3a-win32-x86_64/eclipse/plugins/org.eclipse.ltk.ui.refactoring_3.9.0.v20170412-0825.jar...
...loaded -> org.eclipse.ltk.ui.refactoring
Loading file:/D:/Eclipse/eclipse-rcp-oxygen-3a-win32-x86_64/eclipse/plugins/org.eclipse.m2e.core.ui_1.8.3.20180227-2137.jar...
...loaded -> org.eclipse.m2e.core.ui
Loading file:/D:/Eclipse/eclipse-rcp-oxygen-3a-win32-x86_64/eclipse/plugins/org.eclipse.m2e.core_1.8.3.20180227-2137.jar...
...loaded -> org.eclipse.m2e.core
Loading file:/D:/Eclipse/eclipse-rcp-oxygen-3a-win32-x86_64/eclipse/plugins/org.eclipse.m2e.discovery_1.8.3.20180227-2137.jar...
...loaded -> org.eclipse.m2e.discovery
Loading file:/D:/Eclipse/eclipse-rcp-oxygen-3a-win32-x86_64/eclipse/plugins/org.eclipse.m2e.editor.xml_1.8.3.20180227-2137.jar...
...loaded -> org.eclipse.m2e.editor.xml
Loading file:/D:/Eclipse/eclipse-rcp-oxygen-3a-win32-x86_64/eclipse/plugins/org.eclipse.m2e.editor_1.8.3.20180227-2137.jar...
...loaded -> org.eclipse.m2e.editor
Loading file:/D:/Eclipse/eclipse-rcp-oxygen-3a-win32-x86_64/eclipse/plugins/org.eclipse.m2e.importer_1.8.3.20180227-2137.jar...
...loaded -> org.eclipse.m2e.importer
Loading file:/D:/Eclipse/eclipse-rcp-oxygen-3a-win32-x86_64/eclipse/plugins/org.eclipse.m2e.jdt.ui_1.8.3.20180227-2137.jar...
...loaded -> org.eclipse.m2e.jdt.ui
Loading file:/D:/Eclipse/eclipse-rcp-oxygen-3a-win32-x86_64/eclipse/plugins/org.eclipse.m2e.jdt_1.8.3.20180227-2137.jar...
...loaded -> org.eclipse.m2e.jdt
Loading file:/D:/Eclipse/eclipse-rcp-oxygen-3a-win32-x86_64/eclipse/plugins/org.eclipse.m2e.launching_1.8.3.20180227-2137.jar...
...loaded -> org.eclipse.m2e.launching
Loading file:/D:/Eclipse/eclipse-rcp-oxygen-3a-win32-x86_64/eclipse/plugins/org.eclipse.m2e.lifecyclemapping.defaults_1.8.3.20180227-2137.jar...
...loaded -> org.eclipse.m2e.lifecyclemapping.defaults
Loading file:/D:/Eclipse/eclipse-rcp-oxygen-3a-win32-x86_64/eclipse/plugins/org.eclipse.m2e.logback.appender_1.8.3.20180227-2137.jar...
...loaded -> org.eclipse.m2e.logback.appender
Loading file:/D:/Eclipse/eclipse-rcp-oxygen-3a-win32-x86_64/eclipse/plugins/org.eclipse.m2e.logback.configuration_1.8.3.20180227-2137.jar...
...loaded -> org.eclipse.m2e.logback.configuration
Loading file:/D:/Eclipse/eclipse-rcp-oxygen-3a-win32-x86_64/eclipse/plugins/org.eclipse.m2e.model.edit_1.8.3.20180227-2137.jar...
...loaded -> org.eclipse.m2e.model.edit
Loading file:/D:/Eclipse/eclipse-rcp-oxygen-3a-win32-x86_64/eclipse/plugins/org.eclipse.m2e.profiles.core_1.8.3.20180227-2137.jar...
...loaded -> org.eclipse.m2e.profiles.core
Loading file:/D:/Eclipse/eclipse-rcp-oxygen-3a-win32-x86_64/eclipse/plugins/org.eclipse.m2e.profiles.ui_1.8.3.20180227-2137.jar...
...loaded -> org.eclipse.m2e.profiles.ui
Loading file:/D:/Eclipse/eclipse-rcp-oxygen-3a-win32-x86_64/eclipse/plugins/org.eclipse.m2e.refactoring_1.8.3.20180227-2137.jar...
...loaded -> org.eclipse.m2e.refactoring
Loading file:/D:/Eclipse/eclipse-rcp-oxygen-3a-win32-x86_64/eclipse/plugins/org.eclipse.m2e.scm_1.8.3.20180227-2137.jar...
...loaded -> org.eclipse.m2e.scm
Loading file:/D:/Eclipse/eclipse-rcp-oxygen-3a-win32-x86_64/eclipse/plugins/org.eclipse.m2e.workspace.cli_0.3.1.jar...
...loaded -> org.eclipse.m2e.workspace.cli
Loading file:/D:/Eclipse/eclipse-rcp-oxygen-3a-win32-x86_64/eclipse/plugins/org.eclipse.mylyn.bugzilla.core_3.23.1.v20170623-0008.jar...
...loaded -> org.eclipse.mylyn.bugzilla.core
Loading file:/D:/Eclipse/eclipse-rcp-oxygen-3a-win32-x86_64/eclipse/plugins/org.eclipse.mylyn.bugzilla.ide_3.23.0.v20170411-2108.jar...
...loaded -> org.eclipse.mylyn.bugzilla.ide
Loading file:/D:/Eclipse/eclipse-rcp-oxygen-3a-win32-x86_64/eclipse/plugins/org.eclipse.mylyn.bugzilla.ui_3.23.1.v20170623-0008.jar...
...loaded -> org.eclipse.mylyn.bugzilla.ui
Loading file:/D:/Eclipse/eclipse-rcp-oxygen-3a-win32-x86_64/eclipse/plugins/org.eclipse.mylyn.builds.core_1.15.0.v20170411-2141.jar...
...loaded -> org.eclipse.mylyn.builds.core
Loading file:/D:/Eclipse/eclipse-rcp-oxygen-3a-win32-x86_64/eclipse/plugins/org.eclipse.mylyn.builds.ui_1.15.0.v20170411-2141.jar...
...loaded -> org.eclipse.mylyn.builds.ui
Loading file:/D:/Eclipse/eclipse-rcp-oxygen-3a-win32-x86_64/eclipse/plugins/org.eclipse.mylyn.commons.core_3.23.0.v20170411-1844.jar...
...loaded -> org.eclipse.mylyn.commons.core
Loading file:/D:/Eclipse/eclipse-rcp-oxygen-3a-win32-x86_64/eclipse/plugins/org.eclipse.mylyn.commons.identity.core_1.15.0.v20170411-1844.jar...
...loaded -> org.eclipse.mylyn.commons.identity.core
Loading file:/D:/Eclipse/eclipse-rcp-oxygen-3a-win32-x86_64/eclipse/plugins/org.eclipse.mylyn.commons.net_3.23.0.v20170411-1844.jar...
...loaded -> org.eclipse.mylyn.commons.net
Loading file:/D:/Eclipse/eclipse-rcp-oxygen-3a-win32-x86_64/eclipse/plugins/org.eclipse.mylyn.commons.notifications.core_1.15.0.v20170411-1844.jar...
...loaded -> org.eclipse.mylyn.commons.notifications.core
Loading file:/D:/Eclipse/eclipse-rcp-oxygen-3a-win32-x86_64/eclipse/plugins/org.eclipse.mylyn.commons.notifications.feed_1.15.0.v20170411-1844.jar...
...loaded -> org.eclipse.mylyn.commons.notifications.feed
Loading file:/D:/Eclipse/eclipse-rcp-oxygen-3a-win32-x86_64/eclipse/plugins/org.eclipse.mylyn.commons.notifications.ui_1.15.0.v20170411-1844.jar...
...loaded -> org.eclipse.mylyn.commons.notifications.ui
Loading file:/D:/Eclipse/eclipse-rcp-oxygen-3a-win32-x86_64/eclipse/plugins/org.eclipse.mylyn.commons.repositories.core_1.15.0.v20170411-1844.jar...
...loaded -> org.eclipse.mylyn.commons.repositories.core
Loading file:/D:/Eclipse/eclipse-rcp-oxygen-3a-win32-x86_64/eclipse/plugins/org.eclipse.mylyn.commons.repositories.http.core_1.15.0.v20170411-1844.jar...
...loaded -> org.eclipse.mylyn.commons.repositories.http.core
Loading file:/D:/Eclipse/eclipse-rcp-oxygen-3a-win32-x86_64/eclipse/plugins/org.eclipse.mylyn.commons.repositories.ui_1.15.0.v20170411-1844.jar...
...loaded -> org.eclipse.mylyn.commons.repositories.ui
Loading file:/D:/Eclipse/eclipse-rcp-oxygen-3a-win32-x86_64/eclipse/plugins/org.eclipse.mylyn.commons.screenshots_3.23.0.v20170411-1844.jar...
...loaded -> org.eclipse.mylyn.commons.screenshots
Loading file:/D:/Eclipse/eclipse-rcp-oxygen-3a-win32-x86_64/eclipse/plugins/org.eclipse.mylyn.commons.ui_3.23.0.v20170411-1844.jar...
...loaded -> org.eclipse.mylyn.commons.ui
Loading file:/D:/Eclipse/eclipse-rcp-oxygen-3a-win32-x86_64/eclipse/plugins/org.eclipse.mylyn.commons.workbench_3.23.0.v20170503-0014.jar...
...loaded -> org.eclipse.mylyn.commons.workbench
Loading file:/D:/Eclipse/eclipse-rcp-oxygen-3a-win32-x86_64/eclipse/plugins/org.eclipse.mylyn.commons.xmlrpc_3.23.0.v20170411-1844.jar...
...loaded -> org.eclipse.mylyn.commons.xmlrpc
Loading file:/D:/Eclipse/eclipse-rcp-oxygen-3a-win32-x86_64/eclipse/plugins/org.eclipse.mylyn.context.core_3.23.0.v20170411-2108.jar...
...loaded -> org.eclipse.mylyn.context.core
Loading file:/D:/Eclipse/eclipse-rcp-oxygen-3a-win32-x86_64/eclipse/plugins/org.eclipse.mylyn.context.tasks.ui_3.23.0.v20170411-2108.jar...
...loaded -> org.eclipse.mylyn.context.tasks.ui
Loading file:/D:/Eclipse/eclipse-rcp-oxygen-3a-win32-x86_64/eclipse/plugins/org.eclipse.mylyn.context.ui_3.23.0.v20170414-0629.jar...
...loaded -> org.eclipse.mylyn.context.ui
Loading file:/D:/Eclipse/eclipse-rcp-oxygen-3a-win32-x86_64/eclipse/plugins/org.eclipse.mylyn.debug.ui_3.23.0.v20170411-2108.jar...
...loaded -> org.eclipse.mylyn.debug.ui
Loading file:/D:/Eclipse/eclipse-rcp-oxygen-3a-win32-x86_64/eclipse/plugins/org.eclipse.mylyn.discovery.core_3.23.0.v20170411-1844.jar...
...loaded -> org.eclipse.mylyn.discovery.core
Loading file:/D:/Eclipse/eclipse-rcp-oxygen-3a-win32-x86_64/eclipse/plugins/org.eclipse.mylyn.discovery.ui_3.23.0.v20170411-1844.jar...
...loaded -> org.eclipse.mylyn.discovery.ui
Loading file:/D:/Eclipse/eclipse-rcp-oxygen-3a-win32-x86_64/eclipse/plugins/org.eclipse.mylyn.gerrit.core_2.14.0.v20170411-2108.jar...
...loaded -> org.eclipse.mylyn.gerrit.core
Loading file:/D:/Eclipse/eclipse-rcp-oxygen-3a-win32-x86_64/eclipse/plugins/org.eclipse.mylyn.gerrit.ui_2.14.0.v20170411-2108.jar...
...loaded -> org.eclipse.mylyn.gerrit.ui
Loading file:/D:/Eclipse/eclipse-rcp-oxygen-3a-win32-x86_64/eclipse/plugins/org.eclipse.mylyn.git.core_1.15.0.v20170411-2003.jar...
...loaded -> org.eclipse.mylyn.git.core
Loading file:/D:/Eclipse/eclipse-rcp-oxygen-3a-win32-x86_64/eclipse/plugins/org.eclipse.mylyn.git.ui_1.15.0.v20170411-2003.jar...
...loaded -> org.eclipse.mylyn.git.ui
Loading file:/D:/Eclipse/eclipse-rcp-oxygen-3a-win32-x86_64/eclipse/plugins/org.eclipse.mylyn.help.ui_3.23.1.v20170623-0008.jar...
...loaded -> org.eclipse.mylyn.help.ui
Loading file:/D:/Eclipse/eclipse-rcp-oxygen-3a-win32-x86_64/eclipse/plugins/org.eclipse.mylyn.hudson.core_1.15.0.v20170411-2141.jar...
...loaded -> org.eclipse.mylyn.hudson.core
Loading file:/D:/Eclipse/eclipse-rcp-oxygen-3a-win32-x86_64/eclipse/plugins/org.eclipse.mylyn.hudson.ui_1.15.0.v20170411-2141.jar...
...loaded -> org.eclipse.mylyn.hudson.ui
Loading file:/D:/Eclipse/eclipse-rcp-oxygen-3a-win32-x86_64/eclipse/plugins/org.eclipse.mylyn.ide.ant_3.23.0.v20170411-2108.jar...
...loaded -> org.eclipse.mylyn.ide.ant
Loading file:/D:/Eclipse/eclipse-rcp-oxygen-3a-win32-x86_64/eclipse/plugins/org.eclipse.mylyn.ide.ui_3.23.0.v20170411-2108.jar...
...loaded -> org.eclipse.mylyn.ide.ui
Loading file:/D:/Eclipse/eclipse-rcp-oxygen-3a-win32-x86_64/eclipse/plugins/org.eclipse.mylyn.java.tasks_3.23.0.v20170411-2108.jar...
...loaded -> org.eclipse.mylyn.java.tasks
Loading file:/D:/Eclipse/eclipse-rcp-oxygen-3a-win32-x86_64/eclipse/plugins/org.eclipse.mylyn.java.ui_3.23.0.v20170411-2108.jar...
...loaded -> org.eclipse.mylyn.java.ui
Loading file:/D:/Eclipse/eclipse-rcp-oxygen-3a-win32-x86_64/eclipse/plugins/org.eclipse.mylyn.monitor.core_3.23.0.v20170411-1844.jar...
...loaded -> org.eclipse.mylyn.monitor.core
Loading file:/D:/Eclipse/eclipse-rcp-oxygen-3a-win32-x86_64/eclipse/plugins/org.eclipse.mylyn.monitor.ui_3.23.0.v20170411-1844.jar...
...loaded -> org.eclipse.mylyn.monitor.ui
Loading file:/D:/Eclipse/eclipse-rcp-oxygen-3a-win32-x86_64/eclipse/plugins/org.eclipse.mylyn.pde.ui_3.23.0.v20170411-2108.jar...
...loaded -> org.eclipse.mylyn.pde.ui
Loading file:/D:/Eclipse/eclipse-rcp-oxygen-3a-win32-x86_64/eclipse/plugins/org.eclipse.mylyn.resources.ui_3.23.0.v20170411-2108.jar...
...loaded -> org.eclipse.mylyn.resources.ui
Loading file:/D:/Eclipse/eclipse-rcp-oxygen-3a-win32-x86_64/eclipse/plugins/org.eclipse.mylyn.reviews.core_2.14.0.v20170411-2108.jar...
...loaded -> org.eclipse.mylyn.reviews.core
Loading file:/D:/Eclipse/eclipse-rcp-oxygen-3a-win32-x86_64/eclipse/plugins/org.eclipse.mylyn.reviews.edit_2.14.0.v20170411-2108.jar...
...loaded -> org.eclipse.mylyn.reviews.edit
Loading file:/D:/Eclipse/eclipse-rcp-oxygen-3a-win32-x86_64/eclipse/plugins/org.eclipse.mylyn.reviews.ui_2.14.0.v20170411-2108.jar...
...loaded -> org.eclipse.mylyn.reviews.ui
Loading file:/D:/Eclipse/eclipse-rcp-oxygen-3a-win32-x86_64/eclipse/plugins/org.eclipse.mylyn.tasks.bugs_3.23.1.v20170623-0008.jar...
...loaded -> org.eclipse.mylyn.tasks.bugs
Loading file:/D:/Eclipse/eclipse-rcp-oxygen-3a-win32-x86_64/eclipse/plugins/org.eclipse.mylyn.tasks.core_3.23.1.v20170623-0008.jar...
...loaded -> org.eclipse.mylyn.tasks.core
Loading file:/D:/Eclipse/eclipse-rcp-oxygen-3a-win32-x86_64/eclipse/plugins/org.eclipse.mylyn.tasks.index.core_3.23.1.v20170623-0008.jar...
...loaded -> org.eclipse.mylyn.tasks.index.core
Loading file:/D:/Eclipse/eclipse-rcp-oxygen-3a-win32-x86_64/eclipse/plugins/org.eclipse.mylyn.tasks.index.ui_3.23.1.v20170623-0008.jar...
...loaded -> org.eclipse.mylyn.tasks.index.ui
Loading file:/D:/Eclipse/eclipse-rcp-oxygen-3a-win32-x86_64/eclipse/plugins/org.eclipse.mylyn.tasks.search_3.23.1.v20170623-0008.jar...
...loaded -> org.eclipse.mylyn.tasks.search
Loading file:/D:/Eclipse/eclipse-rcp-oxygen-3a-win32-x86_64/eclipse/plugins/org.eclipse.mylyn.tasks.ui_3.23.1.v20170623-0008.jar...
...loaded -> org.eclipse.mylyn.tasks.ui
Loading file:/D:/Eclipse/eclipse-rcp-oxygen-3a-win32-x86_64/eclipse/plugins/org.eclipse.mylyn.team.ui_3.23.0.v20170411-2108.jar...
...loaded -> org.eclipse.mylyn.team.ui
Loading file:/D:/Eclipse/eclipse-rcp-oxygen-3a-win32-x86_64/eclipse/plugins/org.eclipse.mylyn.versions.core_1.15.0.v20170411-2003.jar...
...loaded -> org.eclipse.mylyn.versions.core
Loading file:/D:/Eclipse/eclipse-rcp-oxygen-3a-win32-x86_64/eclipse/plugins/org.eclipse.mylyn.versions.ui_1.15.0.v20170411-2003.jar...
...loaded -> org.eclipse.mylyn.versions.ui
Loading file:/D:/Eclipse/eclipse-rcp-oxygen-3a-win32-x86_64/eclipse/plugins/org.eclipse.mylyn.wikitext.ant_3.0.19.20171117145831.jar...
...loaded -> org.eclipse.mylyn.wikitext.ant
Loading file:/D:/Eclipse/eclipse-rcp-oxygen-3a-win32-x86_64/eclipse/plugins/org.eclipse.mylyn.wikitext.asciidoc.ui_3.0.19.201711172000.jar...
...loaded -> org.eclipse.mylyn.wikitext.asciidoc.ui
Loading file:/D:/Eclipse/eclipse-rcp-oxygen-3a-win32-x86_64/eclipse/plugins/org.eclipse.mylyn.wikitext.asciidoc_3.0.19.20171117145831.jar...
...loaded -> org.eclipse.mylyn.wikitext.asciidoc
Loading file:/D:/Eclipse/eclipse-rcp-oxygen-3a-win32-x86_64/eclipse/plugins/org.eclipse.mylyn.wikitext.confluence.ui_3.0.19.201711172000.jar...
...loaded -> org.eclipse.mylyn.wikitext.confluence.ui
Loading file:/D:/Eclipse/eclipse-rcp-oxygen-3a-win32-x86_64/eclipse/plugins/org.eclipse.mylyn.wikitext.confluence_3.0.19.20171117145831.jar...
...loaded -> org.eclipse.mylyn.wikitext.confluence
Loading file:/D:/Eclipse/eclipse-rcp-oxygen-3a-win32-x86_64/eclipse/plugins/org.eclipse.mylyn.wikitext.context.ui_3.0.19.201711172000.jar...
...loaded -> org.eclipse.mylyn.wikitext.context.ui
Loading file:/D:/Eclipse/eclipse-rcp-oxygen-3a-win32-x86_64/eclipse/plugins/org.eclipse.mylyn.wikitext.help.ui_3.0.19.201711172000.jar...
...loaded -> org.eclipse.mylyn.wikitext.help.ui
Loading file:/D:/Eclipse/eclipse-rcp-oxygen-3a-win32-x86_64/eclipse/plugins/org.eclipse.mylyn.wikitext.html_3.0.19.20171117145831.jar...
...loaded -> org.eclipse.mylyn.wikitext.html
Loading file:/D:/Eclipse/eclipse-rcp-oxygen-3a-win32-x86_64/eclipse/plugins/org.eclipse.mylyn.wikitext.markdown.ui_3.0.19.201711172000.jar...
...loaded -> org.eclipse.mylyn.wikitext.markdown.ui
Loading file:/D:/Eclipse/eclipse-rcp-oxygen-3a-win32-x86_64/eclipse/plugins/org.eclipse.mylyn.wikitext.markdown_3.0.19.20171117145831.jar...
...loaded -> org.eclipse.mylyn.wikitext.markdown
Loading file:/D:/Eclipse/eclipse-rcp-oxygen-3a-win32-x86_64/eclipse/plugins/org.eclipse.mylyn.wikitext.mediawiki.ui_3.0.19.201711172000.jar...
...loaded -> org.eclipse.mylyn.wikitext.mediawiki.ui
Loading file:/D:/Eclipse/eclipse-rcp-oxygen-3a-win32-x86_64/eclipse/plugins/org.eclipse.mylyn.wikitext.mediawiki_3.0.19.20171117145831.jar...
...loaded -> org.eclipse.mylyn.wikitext.mediawiki
Loading file:/D:/Eclipse/eclipse-rcp-oxygen-3a-win32-x86_64/eclipse/plugins/org.eclipse.mylyn.wikitext.osgi_3.0.19.201711172000.jar...
...loaded -> org.eclipse.mylyn.wikitext.osgi
Loading file:/D:/Eclipse/eclipse-rcp-oxygen-3a-win32-x86_64/eclipse/plugins/org.eclipse.mylyn.wikitext.tasks.ui_3.0.19.201711172000.jar...
...loaded -> org.eclipse.mylyn.wikitext.tasks.ui
Loading file:/D:/Eclipse/eclipse-rcp-oxygen-3a-win32-x86_64/eclipse/plugins/org.eclipse.mylyn.wikitext.textile.ui_3.0.19.201711172000.jar...
...loaded -> org.eclipse.mylyn.wikitext.textile.ui
Loading file:/D:/Eclipse/eclipse-rcp-oxygen-3a-win32-x86_64/eclipse/plugins/org.eclipse.mylyn.wikitext.textile_3.0.19.20171117145831.jar...
...loaded -> org.eclipse.mylyn.wikitext.textile
Loading file:/D:/Eclipse/eclipse-rcp-oxygen-3a-win32-x86_64/eclipse/plugins/org.eclipse.mylyn.wikitext.tracwiki.ui_3.0.19.201711172000.jar...
...loaded -> org.eclipse.mylyn.wikitext.tracwiki.ui
Loading file:/D:/Eclipse/eclipse-rcp-oxygen-3a-win32-x86_64/eclipse/plugins/org.eclipse.mylyn.wikitext.tracwiki_3.0.19.20171117145831.jar...
...loaded -> org.eclipse.mylyn.wikitext.tracwiki
Loading file:/D:/Eclipse/eclipse-rcp-oxygen-3a-win32-x86_64/eclipse/plugins/org.eclipse.mylyn.wikitext.twiki.ui_3.0.19.201711172000.jar...
...loaded -> org.eclipse.mylyn.wikitext.twiki.ui
Loading file:/D:/Eclipse/eclipse-rcp-oxygen-3a-win32-x86_64/eclipse/plugins/org.eclipse.mylyn.wikitext.twiki_3.0.19.20171117145831.jar...
...loaded -> org.eclipse.mylyn.wikitext.twiki
Loading file:/D:/Eclipse/eclipse-rcp-oxygen-3a-win32-x86_64/eclipse/plugins/org.eclipse.mylyn.wikitext.ui_3.0.19.201711172000.jar...
...loaded -> org.eclipse.mylyn.wikitext.ui
Loading file:/D:/Eclipse/eclipse-rcp-oxygen-3a-win32-x86_64/eclipse/plugins/org.eclipse.mylyn.wikitext_3.0.19.20171117145831.jar...
...loaded -> org.eclipse.mylyn.wikitext
Loading file:/D:/Eclipse/eclipse-rcp-oxygen-3a-win32-x86_64/eclipse/plugins/org.eclipse.nebula.widgets.grid.source_1.1.0.201904281619.jar...
...loaded -> org.eclipse.nebula.widgets.grid.source
Loading file:/D:/Eclipse/eclipse-rcp-oxygen-3a-win32-x86_64/eclipse/plugins/org.eclipse.nebula.widgets.grid_1.1.0.201904281619.jar...
...loaded -> org.eclipse.nebula.widgets.grid
Loading file:/D:/Eclipse/eclipse-rcp-oxygen-3a-win32-x86_64/eclipse/plugins/org.eclipse.nebula.widgets.tablecombo_1.0.0.201706132015.jar...
...loaded -> org.eclipse.nebula.widgets.tablecombo
Loading file:/D:/Eclipse/eclipse-rcp-oxygen-3a-win32-x86_64/eclipse/plugins/org.eclipse.oomph.base.edit_1.8.0.v20170318-0624.jar...
...loaded -> org.eclipse.oomph.base.edit
Loading file:/D:/Eclipse/eclipse-rcp-oxygen-3a-win32-x86_64/eclipse/plugins/org.eclipse.oomph.base_1.8.0.v20170318-0624.jar...
...loaded -> org.eclipse.oomph.base
Loading file:/D:/Eclipse/eclipse-rcp-oxygen-3a-win32-x86_64/eclipse/plugins/org.eclipse.oomph.extractor.lib_1.3.0.v20161116-0647.jar...
...loaded -> org.eclipse.oomph.extractor.lib
Loading file:/D:/Eclipse/eclipse-rcp-oxygen-3a-win32-x86_64/eclipse/plugins/org.eclipse.oomph.jreinfo.ui_1.8.0.v20170327-1117.jar...
...loaded -> org.eclipse.oomph.jreinfo.ui
Loading file:/D:/Eclipse/eclipse-rcp-oxygen-3a-win32-x86_64/eclipse/plugins/org.eclipse.oomph.jreinfo.win32.x86_64_1.2.0.v20160426-0508.jar...
...loaded -> org.eclipse.oomph.jreinfo.win32.x86_64
Loading file:/D:/Eclipse/eclipse-rcp-oxygen-3a-win32-x86_64/eclipse/plugins/org.eclipse.oomph.jreinfo_1.8.0.v20170318-0624.jar...
...loaded -> org.eclipse.oomph.jreinfo
Loading file:/D:/Eclipse/eclipse-rcp-oxygen-3a-win32-x86_64/eclipse/plugins/org.eclipse.oomph.p2.core_1.8.0.v20170410-0909.jar...
...loaded -> org.eclipse.oomph.p2.core
Loading file:/D:/Eclipse/eclipse-rcp-oxygen-3a-win32-x86_64/eclipse/plugins/org.eclipse.oomph.p2.doc_1.8.0.v20170318-0419.jar...
...loaded -> org.eclipse.oomph.p2.doc
Loading file:/D:/Eclipse/eclipse-rcp-oxygen-3a-win32-x86_64/eclipse/plugins/org.eclipse.oomph.p2.edit_1.8.0.v20170318-0419.jar...
...loaded -> org.eclipse.oomph.p2.edit
Loading file:/D:/Eclipse/eclipse-rcp-oxygen-3a-win32-x86_64/eclipse/plugins/org.eclipse.oomph.p2.ui_1.8.0.v20170327-1117.jar...
...loaded -> org.eclipse.oomph.p2.ui
Loading file:/D:/Eclipse/eclipse-rcp-oxygen-3a-win32-x86_64/eclipse/plugins/org.eclipse.oomph.p2_1.8.0.v20170318-0419.jar...
...loaded -> org.eclipse.oomph.p2
Loading file:/D:/Eclipse/eclipse-rcp-oxygen-3a-win32-x86_64/eclipse/plugins/org.eclipse.oomph.predicates.edit_1.8.0.v20170318-0419.jar...
...loaded -> org.eclipse.oomph.predicates.edit
Loading file:/D:/Eclipse/eclipse-rcp-oxygen-3a-win32-x86_64/eclipse/plugins/org.eclipse.oomph.predicates_1.8.0.v20170327-1117.jar...
...loaded -> org.eclipse.oomph.predicates
Loading file:/D:/Eclipse/eclipse-rcp-oxygen-3a-win32-x86_64/eclipse/plugins/org.eclipse.oomph.preferences_1.8.0.v20170318-0419.jar...
...loaded -> org.eclipse.oomph.preferences
Loading file:/D:/Eclipse/eclipse-rcp-oxygen-3a-win32-x86_64/eclipse/plugins/org.eclipse.oomph.resources.edit_1.8.0.v20170318-0419.jar...
...loaded -> org.eclipse.oomph.resources.edit
Loading file:/D:/Eclipse/eclipse-rcp-oxygen-3a-win32-x86_64/eclipse/plugins/org.eclipse.oomph.resources_1.8.0.v20170318-0419.jar...
...loaded -> org.eclipse.oomph.resources
Loading file:/D:/Eclipse/eclipse-rcp-oxygen-3a-win32-x86_64/eclipse/plugins/org.eclipse.oomph.setup.core_1.8.0.v20170531-0903.jar...
...loaded -> org.eclipse.oomph.setup.core
Loading file:/D:/Eclipse/eclipse-rcp-oxygen-3a-win32-x86_64/eclipse/plugins/org.eclipse.oomph.setup.doc_1.8.0.v20170318-0419.jar...
...loaded -> org.eclipse.oomph.setup.doc
Loading file:/D:/Eclipse/eclipse-rcp-oxygen-3a-win32-x86_64/eclipse/plugins/org.eclipse.oomph.setup.editor_1.8.0.v20170327-1117.jar...
...loaded -> org.eclipse.oomph.setup.editor
Loading file:/D:/Eclipse/eclipse-rcp-oxygen-3a-win32-x86_64/eclipse/plugins/org.eclipse.oomph.setup.edit_1.8.0.v20170318-0419.jar...
...loaded -> org.eclipse.oomph.setup.edit
Loading file:/D:/Eclipse/eclipse-rcp-oxygen-3a-win32-x86_64/eclipse/plugins/org.eclipse.oomph.setup.p2.edit_1.8.0.v20170318-0419.jar...
...loaded -> org.eclipse.oomph.setup.p2.edit
Loading file:/D:/Eclipse/eclipse-rcp-oxygen-3a-win32-x86_64/eclipse/plugins/org.eclipse.oomph.setup.p2_1.8.0.v20170318-0419.jar...
...loaded -> org.eclipse.oomph.setup.p2
Loading file:/D:/Eclipse/eclipse-rcp-oxygen-3a-win32-x86_64/eclipse/plugins/org.eclipse.oomph.setup.sync_1.8.0.v20170530-1735.jar...
...loaded -> org.eclipse.oomph.setup.sync
Loading file:/D:/Eclipse/eclipse-rcp-oxygen-3a-win32-x86_64/eclipse/plugins/org.eclipse.oomph.setup.ui.questionnaire_1.8.0.v20170318-0419.jar...
...loaded -> org.eclipse.oomph.setup.ui.questionnaire
Loading file:/D:/Eclipse/eclipse-rcp-oxygen-3a-win32-x86_64/eclipse/plugins/org.eclipse.oomph.setup.ui_1.8.0.v20170530-1735.jar...
...loaded -> org.eclipse.oomph.setup.ui
Loading file:/D:/Eclipse/eclipse-rcp-oxygen-3a-win32-x86_64/eclipse/plugins/org.eclipse.oomph.setup_1.8.0.v20170408-0745.jar...
...loaded -> org.eclipse.oomph.setup
Loading file:/D:/Eclipse/eclipse-rcp-oxygen-3a-win32-x86_64/eclipse/plugins/org.eclipse.oomph.ui_1.8.0.v20170327-1117.jar...
...loaded -> org.eclipse.oomph.ui
Loading file:/D:/Eclipse/eclipse-rcp-oxygen-3a-win32-x86_64/eclipse/plugins/org.eclipse.oomph.util_1.8.0.v20170327-1117.jar...
...loaded -> org.eclipse.oomph.util
Loading file:/D:/Eclipse/eclipse-rcp-oxygen-3a-win32-x86_64/eclipse/plugins/org.eclipse.oomph.workingsets.editor_1.8.0.v20170327-1117.jar...
...loaded -> org.eclipse.oomph.workingsets.editor
Loading file:/D:/Eclipse/eclipse-rcp-oxygen-3a-win32-x86_64/eclipse/plugins/org.eclipse.oomph.workingsets.edit_1.8.0.v20170318-0419.jar...
...loaded -> org.eclipse.oomph.workingsets.edit
Loading file:/D:/Eclipse/eclipse-rcp-oxygen-3a-win32-x86_64/eclipse/plugins/org.eclipse.oomph.workingsets_1.8.0.v20170318-0419.jar...
...loaded -> org.eclipse.oomph.workingsets
Loading file:/D:/Eclipse/eclipse-rcp-oxygen-3a-win32-x86_64/eclipse/plugins/org.eclipse.osgi.compatibility.state.source_1.1.0.v20170516-1513.jar...
...loaded -> org.eclipse.osgi.compatibility.state.source
Loading file:/D:/Eclipse/eclipse-rcp-oxygen-3a-win32-x86_64/eclipse/plugins/org.eclipse.osgi.compatibility.state_1.1.0.v20170516-1513.jar...
...loaded -> org.eclipse.osgi.compatibility.state
Loading file:/D:/Eclipse/eclipse-rcp-oxygen-3a-win32-x86_64/eclipse/plugins/org.eclipse.osgi.services.source_3.6.0.v20170228-1906.jar...
...loaded -> org.eclipse.osgi.services.source
Loading file:/D:/Eclipse/eclipse-rcp-oxygen-3a-win32-x86_64/eclipse/plugins/org.eclipse.osgi.services_3.6.0.v20170228-1906.jar...
...loaded -> org.eclipse.osgi.services
Loading file:/D:/Eclipse/eclipse-rcp-oxygen-3a-win32-x86_64/eclipse/plugins/org.eclipse.osgi.source_3.12.100.v20180210-1608.jar...
...loaded -> org.eclipse.osgi.source
Loading file:/D:/Eclipse/eclipse-rcp-oxygen-3a-win32-x86_64/eclipse/plugins/org.eclipse.osgi.util.source_3.4.0.v20170111-1608.jar...
...loaded -> org.eclipse.osgi.util.source
Loading file:/D:/Eclipse/eclipse-rcp-oxygen-3a-win32-x86_64/eclipse/plugins/org.eclipse.osgi.util_3.4.0.v20170111-1608.jar...
...loaded -> org.eclipse.osgi.util
Loading file:/D:/Eclipse/eclipse-rcp-oxygen-3a-win32-x86_64/eclipse/plugins/org.eclipse.osgi_3.12.100.v20180210-1608.jar...
...loaded -> org.eclipse.osgi
Loading file:/D:/Eclipse/eclipse-rcp-oxygen-3a-win32-x86_64/eclipse/plugins/org.eclipse.pde.api.tools.annotations_1.1.0.v20170118-0848.jar...
...loaded -> org.eclipse.pde.api.tools.annotations
Loading file:/D:/Eclipse/eclipse-rcp-oxygen-3a-win32-x86_64/eclipse/plugins/org.eclipse.pde.api.tools.ui_1.1.101.v20170810-1621.jar...
...loaded -> org.eclipse.pde.api.tools.ui
Loading file:/D:/Eclipse/eclipse-rcp-oxygen-3a-win32-x86_64/eclipse/plugins/org.eclipse.pde.api.tools_1.1.150.v20180328-0710.jar...
...loaded -> org.eclipse.pde.api.tools
Loading file:/D:/Eclipse/eclipse-rcp-oxygen-3a-win32-x86_64/eclipse/plugins/org.eclipse.pde.core_3.11.101.v20171228-1230.jar...
...loaded -> org.eclipse.pde.core
Loading file:/D:/Eclipse/eclipse-rcp-oxygen-3a-win32-x86_64/eclipse/plugins/org.eclipse.pde.doc.user_3.13.75.v20180328-1557.jar...
...loaded -> org.eclipse.pde.doc.user
Loading file:/D:/Eclipse/eclipse-rcp-oxygen-3a-win32-x86_64/eclipse/plugins/org.eclipse.pde.ds.annotations_1.1.1.v20180301-1154.jar...
...loaded -> org.eclipse.pde.ds.annotations
Loading file:/D:/Eclipse/eclipse-rcp-oxygen-3a-win32-x86_64/eclipse/plugins/org.eclipse.pde.ds.core_1.1.100.v20170515-0910.jar...
...loaded -> org.eclipse.pde.ds.core
Loading file:/D:/Eclipse/eclipse-rcp-oxygen-3a-win32-x86_64/eclipse/plugins/org.eclipse.pde.ds.ui_1.1.100.v20170515-0910.jar...
...loaded -> org.eclipse.pde.ds.ui
Loading file:/D:/Eclipse/eclipse-rcp-oxygen-3a-win32-x86_64/eclipse/plugins/org.eclipse.pde.genericeditor.extension_1.0.0.v20170315-0955.jar...
...loaded -> org.eclipse.pde.genericeditor.extension
Loading file:/D:/Eclipse/eclipse-rcp-oxygen-3a-win32-x86_64/eclipse/plugins/org.eclipse.pde.junit.runtime_3.5.50.v20170923-0844.jar...
...loaded -> org.eclipse.pde.junit.runtime
Loading file:/D:/Eclipse/eclipse-rcp-oxygen-3a-win32-x86_64/eclipse/plugins/org.eclipse.pde.launching_3.7.52.v20171222-1119.jar...
...loaded -> org.eclipse.pde.launching
Loading file:/D:/Eclipse/eclipse-rcp-oxygen-3a-win32-x86_64/eclipse/plugins/org.eclipse.pde.runtime_3.6.0.v20170413-1620.jar...
...loaded -> org.eclipse.pde.runtime
Loading file:/D:/Eclipse/eclipse-rcp-oxygen-3a-win32-x86_64/eclipse/plugins/org.eclipse.pde.ua.core_1.1.0.v20170201-2036.jar...
...loaded -> org.eclipse.pde.ua.core
Loading file:/D:/Eclipse/eclipse-rcp-oxygen-3a-win32-x86_64/eclipse/plugins/org.eclipse.pde.ua.ui_1.1.100.v20170515-0910.jar...
...loaded -> org.eclipse.pde.ua.ui
Loading file:/D:/Eclipse/eclipse-rcp-oxygen-3a-win32-x86_64/eclipse/plugins/org.eclipse.pde.ui.templates_3.6.100.v20170515-0910.jar...
...loaded -> org.eclipse.pde.ui.templates
Loading file:/D:/Eclipse/eclipse-rcp-oxygen-3a-win32-x86_64/eclipse/plugins/org.eclipse.pde.ui_3.10.100.v20180322-0726.jar...
...loaded -> org.eclipse.pde.ui
Loading file:/D:/Eclipse/eclipse-rcp-oxygen-3a-win32-x86_64/eclipse/plugins/org.eclipse.pde_3.13.4.v20180330-0640.jar...
...loaded -> org.eclipse.pde
Loading file:/D:/Eclipse/eclipse-rcp-oxygen-3a-win32-x86_64/eclipse/plugins/org.eclipse.platform.doc.isv_4.7.75.v20180328-1557.jar...
...loaded -> org.eclipse.platform.doc.isv
Loading file:/D:/Eclipse/eclipse-rcp-oxygen-3a-win32-x86_64/eclipse/plugins/org.eclipse.platform.doc.user_4.7.3.v20180328-1557.jar...
...loaded -> org.eclipse.platform.doc.user
Loading file:/D:/Eclipse/eclipse-rcp-oxygen-3a-win32-x86_64/eclipse/plugins/org.eclipse.platform.source_4.7.3.v20180330-0640.jar...
...loaded -> org.eclipse.platform.source
Loading file:/D:/Eclipse/eclipse-rcp-oxygen-3a-win32-x86_64/eclipse/plugins/org.eclipse.rap.doc_3.4.0.20171017-1243.jar...
...loaded -> org.eclipse.rap.doc
Loading file:/D:/Eclipse/eclipse-rcp-oxygen-3a-win32-x86_64/eclipse/plugins/org.eclipse.rap.tools.intro.source_3.4.0.20171017-1243.jar...
...loaded -> org.eclipse.rap.tools.intro.source
Loading file:/D:/Eclipse/eclipse-rcp-oxygen-3a-win32-x86_64/eclipse/plugins/org.eclipse.rap.tools.intro_3.4.0.20171017-1243.jar...
...loaded -> org.eclipse.rap.tools.intro
Loading file:/D:/Eclipse/eclipse-rcp-oxygen-3a-win32-x86_64/eclipse/plugins/org.eclipse.rap.tools.launch.rwt.source_3.4.0.20171017-1243.jar...
...loaded -> org.eclipse.rap.tools.launch.rwt.source
Loading file:/D:/Eclipse/eclipse-rcp-oxygen-3a-win32-x86_64/eclipse/plugins/org.eclipse.rap.tools.launch.rwt_3.4.0.20171017-1243.jar...
...loaded -> org.eclipse.rap.tools.launch.rwt
Loading file:/D:/Eclipse/eclipse-rcp-oxygen-3a-win32-x86_64/eclipse/plugins/org.eclipse.rap.tools.launch.source_3.4.0.20171017-1243.jar...
...loaded -> org.eclipse.rap.tools.launch.source
Loading file:/D:/Eclipse/eclipse-rcp-oxygen-3a-win32-x86_64/eclipse/plugins/org.eclipse.rap.tools.launch_3.4.0.20171017-1243.jar...
...loaded -> org.eclipse.rap.tools.launch
Loading file:/D:/Eclipse/eclipse-rcp-oxygen-3a-win32-x86_64/eclipse/plugins/org.eclipse.rap.tools.templates.source_3.4.0.20171017-1243.jar...
...loaded -> org.eclipse.rap.tools.templates.source
Loading file:/D:/Eclipse/eclipse-rcp-oxygen-3a-win32-x86_64/eclipse/plugins/org.eclipse.rap.tools.templates_3.4.0.20171017-1243.jar...
...loaded -> org.eclipse.rap.tools.templates
Loading file:/D:/Eclipse/eclipse-rcp-oxygen-3a-win32-x86_64/eclipse/plugins/org.eclipse.rcp_4.7.3.v20180330-0640.jar...
...loaded -> org.eclipse.rcp
Loading file:/D:/Eclipse/eclipse-rcp-oxygen-3a-win32-x86_64/eclipse/plugins/org.eclipse.recommenders.apidocs.rcp_2.5.2.v20180401-1226.jar...
...loaded -> org.eclipse.recommenders.apidocs.rcp
Loading file:/D:/Eclipse/eclipse-rcp-oxygen-3a-win32-x86_64/eclipse/plugins/org.eclipse.recommenders.apidocs_2.5.2.v20180401-1226.jar...
...loaded -> org.eclipse.recommenders.apidocs
Loading file:/D:/Eclipse/eclipse-rcp-oxygen-3a-win32-x86_64/eclipse/plugins/org.eclipse.recommenders.calls.rcp_2.5.2.v20180401-1226.jar...
...loaded -> org.eclipse.recommenders.calls.rcp
Loading file:/D:/Eclipse/eclipse-rcp-oxygen-3a-win32-x86_64/eclipse/plugins/org.eclipse.recommenders.calls_2.5.2.v20180401-1226.jar...
...loaded -> org.eclipse.recommenders.calls
Loading file:/D:/Eclipse/eclipse-rcp-oxygen-3a-win32-x86_64/eclipse/plugins/org.eclipse.recommenders.chain.rcp_2.5.2.v20180401-1226.jar...
...loaded -> org.eclipse.recommenders.chain.rcp
Loading file:/D:/Eclipse/eclipse-rcp-oxygen-3a-win32-x86_64/eclipse/plugins/org.eclipse.recommenders.completion.rcp_2.5.2.v20180401-1226.jar...
...loaded -> org.eclipse.recommenders.completion.rcp
Loading file:/D:/Eclipse/eclipse-rcp-oxygen-3a-win32-x86_64/eclipse/plugins/org.eclipse.recommenders.constructors.rcp_2.5.2.v20180401-1226.jar...
...loaded -> org.eclipse.recommenders.constructors.rcp
Loading file:/D:/Eclipse/eclipse-rcp-oxygen-3a-win32-x86_64/eclipse/plugins/org.eclipse.recommenders.constructors_2.5.2.v20180401-1226.jar...
...loaded -> org.eclipse.recommenders.constructors
Loading file:/D:/Eclipse/eclipse-rcp-oxygen-3a-win32-x86_64/eclipse/plugins/org.eclipse.recommenders.coordinates.rcp_2.5.2.v20180401-1226.jar...
...loaded -> org.eclipse.recommenders.coordinates.rcp
Loading file:/D:/Eclipse/eclipse-rcp-oxygen-3a-win32-x86_64/eclipse/plugins/org.eclipse.recommenders.coordinates_2.5.2.v20180401-1226.jar...
...loaded -> org.eclipse.recommenders.coordinates
Loading file:/D:/Eclipse/eclipse-rcp-oxygen-3a-win32-x86_64/eclipse/plugins/org.eclipse.recommenders.injection_2.5.2.v20180401-1226.jar...
...loaded -> org.eclipse.recommenders.injection
Loading file:/D:/Eclipse/eclipse-rcp-oxygen-3a-win32-x86_64/eclipse/plugins/org.eclipse.recommenders.jayes.io_2.5.2.v20180401-1226.jar...
...loaded -> org.eclipse.recommenders.jayes.io
Loading file:/D:/Eclipse/eclipse-rcp-oxygen-3a-win32-x86_64/eclipse/plugins/org.eclipse.recommenders.jayes_2.5.2.v20180401-1226.jar...
...loaded -> org.eclipse.recommenders.jayes
Loading file:/D:/Eclipse/eclipse-rcp-oxygen-3a-win32-x86_64/eclipse/plugins/org.eclipse.recommenders.jdt_2.5.2.v20180401-1226.jar...
...loaded -> org.eclipse.recommenders.jdt
Loading file:/D:/Eclipse/eclipse-rcp-oxygen-3a-win32-x86_64/eclipse/plugins/org.eclipse.recommenders.models.rcp_2.5.2.v20180401-1226.jar...
...loaded -> org.eclipse.recommenders.models.rcp
Loading file:/D:/Eclipse/eclipse-rcp-oxygen-3a-win32-x86_64/eclipse/plugins/org.eclipse.recommenders.models_2.5.2.v20180401-1226.jar...
...loaded -> org.eclipse.recommenders.models
Loading file:/D:/Eclipse/eclipse-rcp-oxygen-3a-win32-x86_64/eclipse/plugins/org.eclipse.recommenders.mylyn.rcp_2.5.2.v20180401-1226.jar...
...loaded -> org.eclipse.recommenders.mylyn.rcp
Loading file:/D:/Eclipse/eclipse-rcp-oxygen-3a-win32-x86_64/eclipse/plugins/org.eclipse.recommenders.net_2.5.2.v20180401-1226.jar...
...loaded -> org.eclipse.recommenders.net
Loading file:/D:/Eclipse/eclipse-rcp-oxygen-3a-win32-x86_64/eclipse/plugins/org.eclipse.recommenders.overrides.rcp_2.5.2.v20180401-1226.jar...
...loaded -> org.eclipse.recommenders.overrides.rcp
Loading file:/D:/Eclipse/eclipse-rcp-oxygen-3a-win32-x86_64/eclipse/plugins/org.eclipse.recommenders.overrides_2.5.2.v20180401-1226.jar...
...loaded -> org.eclipse.recommenders.overrides
Loading file:/D:/Eclipse/eclipse-rcp-oxygen-3a-win32-x86_64/eclipse/plugins/org.eclipse.recommenders.rcp_2.5.2.v20180401-1226.jar...
...loaded -> org.eclipse.recommenders.rcp
Loading file:/D:/Eclipse/eclipse-rcp-oxygen-3a-win32-x86_64/eclipse/plugins/org.eclipse.recommenders.snipmatch.rcp_2.5.2.v20180401-1226.jar...
...loaded -> org.eclipse.recommenders.snipmatch.rcp
Loading file:/D:/Eclipse/eclipse-rcp-oxygen-3a-win32-x86_64/eclipse/plugins/org.eclipse.recommenders.snipmatch_2.5.2.v20180401-1226.jar...
...loaded -> org.eclipse.recommenders.snipmatch
Loading file:/D:/Eclipse/eclipse-rcp-oxygen-3a-win32-x86_64/eclipse/plugins/org.eclipse.recommenders.statics.rcp_2.5.2.v20180401-1226.jar...
...loaded -> org.eclipse.recommenders.statics.rcp
Loading file:/D:/Eclipse/eclipse-rcp-oxygen-3a-win32-x86_64/eclipse/plugins/org.eclipse.recommenders.statics_2.5.2.v20180401-1226.jar...
...loaded -> org.eclipse.recommenders.statics
Loading file:/D:/Eclipse/eclipse-rcp-oxygen-3a-win32-x86_64/eclipse/plugins/org.eclipse.recommenders.subwords.rcp_2.5.2.v20180401-1226.jar...
...loaded -> org.eclipse.recommenders.subwords.rcp
Loading file:/D:/Eclipse/eclipse-rcp-oxygen-3a-win32-x86_64/eclipse/plugins/org.eclipse.recommenders.types.rcp_2.5.2.v20180401-1226.jar...
...loaded -> org.eclipse.recommenders.types.rcp
Loading file:/D:/Eclipse/eclipse-rcp-oxygen-3a-win32-x86_64/eclipse/plugins/org.eclipse.recommenders.utils.rcp_2.5.2.v20180401-1226.jar...
...loaded -> org.eclipse.recommenders.utils.rcp
Loading file:/D:/Eclipse/eclipse-rcp-oxygen-3a-win32-x86_64/eclipse/plugins/org.eclipse.recommenders.utils_2.5.2.v20180401-1226.jar...
...loaded -> org.eclipse.recommenders.utils
Loading file:/D:/Eclipse/eclipse-rcp-oxygen-3a-win32-x86_64/eclipse/plugins/org.eclipse.search.source_3.11.100.v20170515-1603.jar...
...loaded -> org.eclipse.search.source
Loading file:/D:/Eclipse/eclipse-rcp-oxygen-3a-win32-x86_64/eclipse/plugins/org.eclipse.search_3.11.100.v20170515-1603.jar...
...loaded -> org.eclipse.search
Loading file:/D:/Eclipse/eclipse-rcp-oxygen-3a-win32-x86_64/eclipse/plugins/org.eclipse.swt.win32.win32.x86_64.source_3.106.3.v20180329-0507.jar...
...loaded -> org.eclipse.swt.win32.win32.x86_64.source
Loading file:/D:/Eclipse/eclipse-rcp-oxygen-3a-win32-x86_64/eclipse/plugins/org.eclipse.swt.win32.win32.x86_64_3.106.3.v20180329-0507.jar...
...loaded -> org.eclipse.swt.win32.win32.x86_64
Loading file:/D:/Eclipse/eclipse-rcp-oxygen-3a-win32-x86_64/eclipse/plugins/org.eclipse.swtbot.e4.finder_2.6.0.201706141832.jar...
...loaded -> org.eclipse.swtbot.e4.finder
Loading file:/D:/Eclipse/eclipse-rcp-oxygen-3a-win32-x86_64/eclipse/plugins/org.eclipse.swtbot.eclipse.core_2.6.0.201706141832.jar...
...loaded -> org.eclipse.swtbot.eclipse.core
Loading file:/D:/Eclipse/eclipse-rcp-oxygen-3a-win32-x86_64/eclipse/plugins/org.eclipse.swtbot.eclipse.finder_2.6.0.201706141832.jar...
...loaded -> org.eclipse.swtbot.eclipse.finder
Loading file:/D:/Eclipse/eclipse-rcp-oxygen-3a-win32-x86_64/eclipse/plugins/org.eclipse.swtbot.eclipse.gef.finder_2.6.0.201706141832.jar...
...loaded -> org.eclipse.swtbot.eclipse.gef.finder
Loading file:/D:/Eclipse/eclipse-rcp-oxygen-3a-win32-x86_64/eclipse/plugins/org.eclipse.swtbot.eclipse.spy_2.6.0.201706141832.jar...
...loaded -> org.eclipse.swtbot.eclipse.spy
Loading file:/D:/Eclipse/eclipse-rcp-oxygen-3a-win32-x86_64/eclipse/plugins/org.eclipse.swtbot.eclipse.ui_2.6.0.201706141832.jar...
...loaded -> org.eclipse.swtbot.eclipse.ui
Loading file:/D:/Eclipse/eclipse-rcp-oxygen-3a-win32-x86_64/eclipse/plugins/org.eclipse.swtbot.forms.finder_2.6.0.201706141832.jar...
...loaded -> org.eclipse.swtbot.forms.finder
Loading file:/D:/Eclipse/eclipse-rcp-oxygen-3a-win32-x86_64/eclipse/plugins/org.eclipse.swtbot.generator.client_2.6.0.201706141832.jar...
...loaded -> org.eclipse.swtbot.generator.client
Loading file:/D:/Eclipse/eclipse-rcp-oxygen-3a-win32-x86_64/eclipse/plugins/org.eclipse.swtbot.generator.jdt_2.6.0.201706141832.jar...
...loaded -> org.eclipse.swtbot.generator.jdt
Loading file:/D:/Eclipse/eclipse-rcp-oxygen-3a-win32-x86_64/eclipse/plugins/org.eclipse.swtbot.generator.rules.workbench_2.6.0.201706141832.jar...
...loaded -> org.eclipse.swtbot.generator.rules.workbench
Loading file:/D:/Eclipse/eclipse-rcp-oxygen-3a-win32-x86_64/eclipse/plugins/org.eclipse.swtbot.generator.ui_2.6.0.201706141832.jar...
...loaded -> org.eclipse.swtbot.generator.ui
Loading file:/D:/Eclipse/eclipse-rcp-oxygen-3a-win32-x86_64/eclipse/plugins/org.eclipse.swtbot.generator_2.6.0.201706141832.jar...
...loaded -> org.eclipse.swtbot.generator
Loading file:/D:/Eclipse/eclipse-rcp-oxygen-3a-win32-x86_64/eclipse/plugins/org.eclipse.swtbot.go_2.6.0.201706141832.jar...
...loaded -> org.eclipse.swtbot.go
Loading file:/D:/Eclipse/eclipse-rcp-oxygen-3a-win32-x86_64/eclipse/plugins/org.eclipse.swtbot.junit4_x_2.6.0.201706141832.jar...
...loaded -> org.eclipse.swtbot.junit4_x
Loading file:/D:/Eclipse/eclipse-rcp-oxygen-3a-win32-x86_64/eclipse/plugins/org.eclipse.swtbot.swt.finder_2.6.0.201706141832.jar...
...loaded -> org.eclipse.swtbot.swt.finder
Loading file:/D:/Eclipse/eclipse-rcp-oxygen-3a-win32-x86_64/eclipse/plugins/org.eclipse.swt_3.106.3.v20180329-0507.jar...
...loaded -> org.eclipse.swt
Loading file:/D:/Eclipse/eclipse-rcp-oxygen-3a-win32-x86_64/eclipse/plugins/org.eclipse.team.core.source_3.8.100.v20170516-0820.jar...
...loaded -> org.eclipse.team.core.source
Loading file:/D:/Eclipse/eclipse-rcp-oxygen-3a-win32-x86_64/eclipse/plugins/org.eclipse.team.core_3.8.100.v20170516-0820.jar...
...loaded -> org.eclipse.team.core
Loading file:/D:/Eclipse/eclipse-rcp-oxygen-3a-win32-x86_64/eclipse/plugins/org.eclipse.team.genericeditor.diff.extension.source_1.0.1.v20170809-1356.jar...
...loaded -> org.eclipse.team.genericeditor.diff.extension.source
Loading file:/D:/Eclipse/eclipse-rcp-oxygen-3a-win32-x86_64/eclipse/plugins/org.eclipse.team.genericeditor.diff.extension_1.0.1.v20170809-1356.jar...
...loaded -> org.eclipse.team.genericeditor.diff.extension
Loading file:/D:/Eclipse/eclipse-rcp-oxygen-3a-win32-x86_64/eclipse/plugins/org.eclipse.team.ui.source_3.8.1.v20170515-1133.jar...
...loaded -> org.eclipse.team.ui.source
Loading file:/D:/Eclipse/eclipse-rcp-oxygen-3a-win32-x86_64/eclipse/plugins/org.eclipse.team.ui_3.8.1.v20170515-1133.jar...
...loaded -> org.eclipse.team.ui
Loading file:/D:/Eclipse/eclipse-rcp-oxygen-3a-win32-x86_64/eclipse/plugins/org.eclipse.text.source_3.6.100.v20170203-0814.jar...
...loaded -> org.eclipse.text.source
Loading file:/D:/Eclipse/eclipse-rcp-oxygen-3a-win32-x86_64/eclipse/plugins/org.eclipse.text_3.6.100.v20170203-0814.jar...
...loaded -> org.eclipse.text
Loading file:/D:/Eclipse/eclipse-rcp-oxygen-3a-win32-x86_64/eclipse/plugins/org.eclipse.tools.layout.spy_1.0.0.v20170428-1608.jar...
...loaded -> org.eclipse.tools.layout.spy
Loading file:/D:/Eclipse/eclipse-rcp-oxygen-3a-win32-x86_64/eclipse/plugins/org.eclipse.ui.browser.source_3.6.100.v20170418-1342.jar...
...loaded -> org.eclipse.ui.browser.source
Loading file:/D:/Eclipse/eclipse-rcp-oxygen-3a-win32-x86_64/eclipse/plugins/org.eclipse.ui.browser_3.6.100.v20170418-1342.jar...
...loaded -> org.eclipse.ui.browser
Loading file:/D:/Eclipse/eclipse-rcp-oxygen-3a-win32-x86_64/eclipse/plugins/org.eclipse.ui.cheatsheets.source_3.5.100.v20170515-0748.jar...
...loaded -> org.eclipse.ui.cheatsheets.source
Loading file:/D:/Eclipse/eclipse-rcp-oxygen-3a-win32-x86_64/eclipse/plugins/org.eclipse.ui.cheatsheets_3.5.100.v20170515-0748.jar...
...loaded -> org.eclipse.ui.cheatsheets
Loading file:/D:/Eclipse/eclipse-rcp-oxygen-3a-win32-x86_64/eclipse/plugins/org.eclipse.ui.console.source_3.7.1.v20170728-0806.jar...
...loaded -> org.eclipse.ui.console.source
Loading file:/D:/Eclipse/eclipse-rcp-oxygen-3a-win32-x86_64/eclipse/plugins/org.eclipse.ui.console_3.7.1.v20170728-0806.jar...
...loaded -> org.eclipse.ui.console
Loading file:/D:/Eclipse/eclipse-rcp-oxygen-3a-win32-x86_64/eclipse/plugins/org.eclipse.ui.editors.source_3.11.0.v20170202-1823.jar...
...loaded -> org.eclipse.ui.editors.source
Loading file:/D:/Eclipse/eclipse-rcp-oxygen-3a-win32-x86_64/eclipse/plugins/org.eclipse.ui.editors_3.11.0.v20170202-1823.jar...
...loaded -> org.eclipse.ui.editors
Loading file:/D:/Eclipse/eclipse-rcp-oxygen-3a-win32-x86_64/eclipse/plugins/org.eclipse.ui.externaltools.source_3.4.0.v20161212-0515.jar...
...loaded -> org.eclipse.ui.externaltools.source
Loading file:/D:/Eclipse/eclipse-rcp-oxygen-3a-win32-x86_64/eclipse/plugins/org.eclipse.ui.externaltools_3.4.0.v20161212-0515.jar...
...loaded -> org.eclipse.ui.externaltools
Loading file:/D:/Eclipse/eclipse-rcp-oxygen-3a-win32-x86_64/eclipse/plugins/org.eclipse.ui.forms.source_3.7.101.v20170815-1446.jar...
...loaded -> org.eclipse.ui.forms.source
Loading file:/D:/Eclipse/eclipse-rcp-oxygen-3a-win32-x86_64/eclipse/plugins/org.eclipse.ui.forms_3.7.101.v20170815-1446.jar...
...loaded -> org.eclipse.ui.forms
Loading file:/D:/Eclipse/eclipse-rcp-oxygen-3a-win32-x86_64/eclipse/plugins/org.eclipse.ui.genericeditor.source_1.0.2.v20180126-0718.jar...
...loaded -> org.eclipse.ui.genericeditor.source
Loading file:/D:/Eclipse/eclipse-rcp-oxygen-3a-win32-x86_64/eclipse/plugins/org.eclipse.ui.genericeditor_1.0.2.v20180126-0718.jar...
...loaded -> org.eclipse.ui.genericeditor
Loading file:/D:/Eclipse/eclipse-rcp-oxygen-3a-win32-x86_64/eclipse/plugins/org.eclipse.ui.ide.application.source_1.2.0.v20170512-1452.jar...
...loaded -> org.eclipse.ui.ide.application.source
Loading file:/D:/Eclipse/eclipse-rcp-oxygen-3a-win32-x86_64/eclipse/plugins/org.eclipse.ui.ide.application_1.2.0.v20170512-1452.jar...
...loaded -> org.eclipse.ui.ide.application
Loading file:/D:/Eclipse/eclipse-rcp-oxygen-3a-win32-x86_64/eclipse/plugins/org.eclipse.ui.ide.source_3.13.1.v20170822-1526.jar...
...loaded -> org.eclipse.ui.ide.source
Loading file:/D:/Eclipse/eclipse-rcp-oxygen-3a-win32-x86_64/eclipse/plugins/org.eclipse.ui.ide_3.13.1.v20170822-1526.jar...
...loaded -> org.eclipse.ui.ide
Loading file:/D:/Eclipse/eclipse-rcp-oxygen-3a-win32-x86_64/eclipse/plugins/org.eclipse.ui.intro.quicklinks.source_1.0.100.v20170515-0756.jar...
...loaded -> org.eclipse.ui.intro.quicklinks.source
Loading file:/D:/Eclipse/eclipse-rcp-oxygen-3a-win32-x86_64/eclipse/plugins/org.eclipse.ui.intro.quicklinks_1.0.100.v20170515-0756.jar...
...loaded -> org.eclipse.ui.intro.quicklinks
Loading file:/D:/Eclipse/eclipse-rcp-oxygen-3a-win32-x86_64/eclipse/plugins/org.eclipse.ui.intro.source_3.5.100.v20170418-0710.jar...
...loaded -> org.eclipse.ui.intro.source
Loading file:/D:/Eclipse/eclipse-rcp-oxygen-3a-win32-x86_64/eclipse/plugins/org.eclipse.ui.intro.universal.source_3.3.100.v20170515-1335.jar...
...loaded -> org.eclipse.ui.intro.universal.source
Loading file:/D:/Eclipse/eclipse-rcp-oxygen-3a-win32-x86_64/eclipse/plugins/org.eclipse.ui.intro.universal_3.3.100.v20170515-1335.jar...
...loaded -> org.eclipse.ui.intro.universal
Loading file:/D:/Eclipse/eclipse-rcp-oxygen-3a-win32-x86_64/eclipse/plugins/org.eclipse.ui.intro_3.5.100.v20170418-0710.jar...
...loaded -> org.eclipse.ui.intro
Loading file:/D:/Eclipse/eclipse-rcp-oxygen-3a-win32-x86_64/eclipse/plugins/org.eclipse.ui.monitoring.source_1.1.100.v20170131-1736.jar...
...loaded -> org.eclipse.ui.monitoring.source
Loading file:/D:/Eclipse/eclipse-rcp-oxygen-3a-win32-x86_64/eclipse/plugins/org.eclipse.ui.monitoring_1.1.100.v20170131-1736.jar...
...loaded -> org.eclipse.ui.monitoring
Loading file:/D:/Eclipse/eclipse-rcp-oxygen-3a-win32-x86_64/eclipse/plugins/org.eclipse.ui.navigator.resources.source_3.6.1.v20170823-1443.jar...
...loaded -> org.eclipse.ui.navigator.resources.source
Loading file:/D:/Eclipse/eclipse-rcp-oxygen-3a-win32-x86_64/eclipse/plugins/org.eclipse.ui.navigator.resources_3.6.1.v20170823-1443.jar...
...loaded -> org.eclipse.ui.navigator.resources
Loading file:/D:/Eclipse/eclipse-rcp-oxygen-3a-win32-x86_64/eclipse/plugins/org.eclipse.ui.navigator.source_3.7.0.v20170418-1342.jar...
...loaded -> org.eclipse.ui.navigator.source
Loading file:/D:/Eclipse/eclipse-rcp-oxygen-3a-win32-x86_64/eclipse/plugins/org.eclipse.ui.navigator_3.7.0.v20170418-1342.jar...
...loaded -> org.eclipse.ui.navigator
Loading file:/D:/Eclipse/eclipse-rcp-oxygen-3a-win32-x86_64/eclipse/plugins/org.eclipse.ui.net.source_1.3.100.v20170516-0820.jar...
...loaded -> org.eclipse.ui.net.source
Loading file:/D:/Eclipse/eclipse-rcp-oxygen-3a-win32-x86_64/eclipse/plugins/org.eclipse.ui.net_1.3.100.v20170516-0820.jar...
...loaded -> org.eclipse.ui.net
Loading file:/D:/Eclipse/eclipse-rcp-oxygen-3a-win32-x86_64/eclipse/plugins/org.eclipse.ui.source_3.109.0.v20170411-1742.jar...
...loaded -> org.eclipse.ui.source
Loading file:/D:/Eclipse/eclipse-rcp-oxygen-3a-win32-x86_64/eclipse/plugins/org.eclipse.ui.themes.source_1.2.1.v20170809-1435.jar...
...loaded -> org.eclipse.ui.themes.source
Loading file:/D:/Eclipse/eclipse-rcp-oxygen-3a-win32-x86_64/eclipse/plugins/org.eclipse.ui.trace_1.1.0.v20170201-2036.jar...
...loaded -> org.eclipse.ui.trace
Loading file:/D:/Eclipse/eclipse-rcp-oxygen-3a-win32-x86_64/eclipse/plugins/org.eclipse.ui.views.log_1.2.100.v20170515-1458.jar...
...loaded -> org.eclipse.ui.views.log
Loading file:/D:/Eclipse/eclipse-rcp-oxygen-3a-win32-x86_64/eclipse/plugins/org.eclipse.ui.views.properties.tabbed.source_3.8.1.v20170713-0803.jar...
...loaded -> org.eclipse.ui.views.properties.tabbed.source
Loading file:/D:/Eclipse/eclipse-rcp-oxygen-3a-win32-x86_64/eclipse/plugins/org.eclipse.ui.views.properties.tabbed_3.8.1.v20170713-0803.jar...
...loaded -> org.eclipse.ui.views.properties.tabbed
Loading file:/D:/Eclipse/eclipse-rcp-oxygen-3a-win32-x86_64/eclipse/plugins/org.eclipse.ui.views.source_3.9.0.v20170226-1833.jar...
...loaded -> org.eclipse.ui.views.source
Loading file:/D:/Eclipse/eclipse-rcp-oxygen-3a-win32-x86_64/eclipse/plugins/org.eclipse.ui.views_3.9.0.v20170226-1833.jar...
...loaded -> org.eclipse.ui.views
Loading file:/D:/Eclipse/eclipse-rcp-oxygen-3a-win32-x86_64/eclipse/plugins/org.eclipse.ui.win32.source_3.3.0.v20160505-1310.jar...
...loaded -> org.eclipse.ui.win32.source
Loading file:/D:/Eclipse/eclipse-rcp-oxygen-3a-win32-x86_64/eclipse/plugins/org.eclipse.ui.win32_3.3.0.v20160505-1310.jar...
...loaded -> org.eclipse.ui.win32
Loading file:/D:/Eclipse/eclipse-rcp-oxygen-3a-win32-x86_64/eclipse/plugins/org.eclipse.ui.workbench.source_3.110.1.v20170704-1208.jar...
...loaded -> org.eclipse.ui.workbench.source
Loading file:/D:/Eclipse/eclipse-rcp-oxygen-3a-win32-x86_64/eclipse/plugins/org.eclipse.ui.workbench.texteditor.source_3.10.100.v20170426-2021.jar...
...loaded -> org.eclipse.ui.workbench.texteditor.source
Loading file:/D:/Eclipse/eclipse-rcp-oxygen-3a-win32-x86_64/eclipse/plugins/org.eclipse.ui.workbench.texteditor_3.10.100.v20170426-2021.jar...
...loaded -> org.eclipse.ui.workbench.texteditor
Loading file:/D:/Eclipse/eclipse-rcp-oxygen-3a-win32-x86_64/eclipse/plugins/org.eclipse.ui.workbench_3.110.1.v20170704-1208.jar...
...loaded -> org.eclipse.ui.workbench
Loading file:/D:/Eclipse/eclipse-rcp-oxygen-3a-win32-x86_64/eclipse/plugins/org.eclipse.ui_3.109.0.v20170411-1742.jar...
...loaded -> org.eclipse.ui
Loading file:/D:/Eclipse/eclipse-rcp-oxygen-3a-win32-x86_64/eclipse/plugins/org.eclipse.update.configurator.source_3.3.400.v20160506-0750.jar...
...loaded -> org.eclipse.update.configurator.source
Loading file:/D:/Eclipse/eclipse-rcp-oxygen-3a-win32-x86_64/eclipse/plugins/org.eclipse.update.configurator_3.3.400.v20160506-0750.jar...
...loaded -> org.eclipse.update.configurator
Loading file:/D:/Eclipse/eclipse-rcp-oxygen-3a-win32-x86_64/eclipse/plugins/org.eclipse.userstorage.oauth_1.0.0.v20170526-1605.jar...
...loaded -> org.eclipse.userstorage.oauth
Loading file:/D:/Eclipse/eclipse-rcp-oxygen-3a-win32-x86_64/eclipse/plugins/org.eclipse.userstorage.ui_1.0.2.v20170526-1605.jar...
...loaded -> org.eclipse.userstorage.ui
Loading file:/D:/Eclipse/eclipse-rcp-oxygen-3a-win32-x86_64/eclipse/plugins/org.eclipse.userstorage_1.1.0.v20170328-0205.jar...
...loaded -> org.eclipse.userstorage
Loading file:/D:/Eclipse/eclipse-rcp-oxygen-3a-win32-x86_64/eclipse/plugins/org.eclipse.wst.common.core_1.2.0.v200908251833.jar...
...loaded -> org.eclipse.wst.common.core
Loading file:/D:/Eclipse/eclipse-rcp-oxygen-3a-win32-x86_64/eclipse/plugins/org.eclipse.wst.common.emfworkbench.integration_1.2.101.v201107081800.jar...
...loaded -> org.eclipse.wst.common.emfworkbench.integration
Loading file:/D:/Eclipse/eclipse-rcp-oxygen-3a-win32-x86_64/eclipse/plugins/org.eclipse.wst.common.emf_1.2.501.v201803221834.jar...
...loaded -> org.eclipse.wst.common.emf
Loading file:/D:/Eclipse/eclipse-rcp-oxygen-3a-win32-x86_64/eclipse/plugins/org.eclipse.wst.common.environment_1.0.400.v200912181831.jar...
...loaded -> org.eclipse.wst.common.environment
Loading file:/D:/Eclipse/eclipse-rcp-oxygen-3a-win32-x86_64/eclipse/plugins/org.eclipse.wst.common.frameworks.ui_1.2.400.v201504292002.jar...
...loaded -> org.eclipse.wst.common.frameworks.ui
Loading file:/D:/Eclipse/eclipse-rcp-oxygen-3a-win32-x86_64/eclipse/plugins/org.eclipse.wst.common.frameworks_1.2.201.v201707201954.jar...
...loaded -> org.eclipse.wst.common.frameworks
Loading file:/D:/Eclipse/eclipse-rcp-oxygen-3a-win32-x86_64/eclipse/plugins/org.eclipse.wst.common.infopop_1.0.300.v201309101952.jar...
...loaded -> org.eclipse.wst.common.infopop
Loading file:/D:/Eclipse/eclipse-rcp-oxygen-3a-win32-x86_64/eclipse/plugins/org.eclipse.wst.common.modulecore.ui_1.0.301.v201707201954.jar...
...loaded -> org.eclipse.wst.common.modulecore.ui
Loading file:/D:/Eclipse/eclipse-rcp-oxygen-3a-win32-x86_64/eclipse/plugins/org.eclipse.wst.common.modulecore_1.3.0.v201803191954.jar...
...loaded -> org.eclipse.wst.common.modulecore
Loading file:/D:/Eclipse/eclipse-rcp-oxygen-3a-win32-x86_64/eclipse/plugins/org.eclipse.wst.common.project.facet.core_1.4.300.v201111030423.jar...
...loaded -> org.eclipse.wst.common.project.facet.core
Loading file:/D:/Eclipse/eclipse-rcp-oxygen-3a-win32-x86_64/eclipse/plugins/org.eclipse.wst.common.snippets_1.2.300.v201705162046.jar...
...loaded -> org.eclipse.wst.common.snippets
Loading file:/D:/Eclipse/eclipse-rcp-oxygen-3a-win32-x86_64/eclipse/plugins/org.eclipse.wst.common.ui_1.1.500.v200911182011.jar...
...loaded -> org.eclipse.wst.common.ui
Loading file:/D:/Eclipse/eclipse-rcp-oxygen-3a-win32-x86_64/eclipse/plugins/org.eclipse.wst.common.uriresolver_1.2.300.v201702270556.jar...
...loaded -> org.eclipse.wst.common.uriresolver
Loading file:/D:/Eclipse/eclipse-rcp-oxygen-3a-win32-x86_64/eclipse/plugins/org.eclipse.wst.dtd.core_1.1.700.v201211012112.jar...
...loaded -> org.eclipse.wst.dtd.core
Loading file:/D:/Eclipse/eclipse-rcp-oxygen-3a-win32-x86_64/eclipse/plugins/org.eclipse.wst.dtd.ui.infopop_1.0.400.v201707252002.jar...
...loaded -> org.eclipse.wst.dtd.ui.infopop
Loading file:/D:/Eclipse/eclipse-rcp-oxygen-3a-win32-x86_64/eclipse/plugins/org.eclipse.wst.dtd.ui_1.0.801.v201308100602.jar...
...loaded -> org.eclipse.wst.dtd.ui
Loading file:/D:/Eclipse/eclipse-rcp-oxygen-3a-win32-x86_64/eclipse/plugins/org.eclipse.wst.dtdeditor.doc.user_1.0.700.v201208081537.jar...
...loaded -> org.eclipse.wst.dtdeditor.doc.user
Loading file:/D:/Eclipse/eclipse-rcp-oxygen-3a-win32-x86_64/eclipse/plugins/org.eclipse.wst.internet.cache_1.0.800.v201702270716.jar...
...loaded -> org.eclipse.wst.internet.cache
Loading file:/D:/Eclipse/eclipse-rcp-oxygen-3a-win32-x86_64/eclipse/plugins/org.eclipse.wst.sse.core_1.1.1002.v201711071507.jar...
...loaded -> org.eclipse.wst.sse.core
Loading file:/D:/Eclipse/eclipse-rcp-oxygen-3a-win32-x86_64/eclipse/plugins/org.eclipse.wst.sse.doc.user_1.1.100.v201208081537.jar...
...loaded -> org.eclipse.wst.sse.doc.user
Loading file:/D:/Eclipse/eclipse-rcp-oxygen-3a-win32-x86_64/eclipse/plugins/org.eclipse.wst.sse.ui.infopop_1.0.300.v201707252002.jar...
...loaded -> org.eclipse.wst.sse.ui.infopop
Loading file:/D:/Eclipse/eclipse-rcp-oxygen-3a-win32-x86_64/eclipse/plugins/org.eclipse.wst.sse.ui_1.3.600.v201707042340.jar...
...loaded -> org.eclipse.wst.sse.ui
Loading file:/D:/Eclipse/eclipse-rcp-oxygen-3a-win32-x86_64/eclipse/plugins/org.eclipse.wst.standard.schemas_1.0.800.v201706011851.jar...
...loaded -> org.eclipse.wst.standard.schemas
Loading file:/D:/Eclipse/eclipse-rcp-oxygen-3a-win32-x86_64/eclipse/plugins/org.eclipse.wst.validation.infopop_1.0.300.v201309101952.jar...
...loaded -> org.eclipse.wst.validation.infopop
Loading file:/D:/Eclipse/eclipse-rcp-oxygen-3a-win32-x86_64/eclipse/plugins/org.eclipse.wst.validation.ui_1.2.501.v201707142105.jar...
...loaded -> org.eclipse.wst.validation.ui
Loading file:/D:/Eclipse/eclipse-rcp-oxygen-3a-win32-x86_64/eclipse/plugins/org.eclipse.wst.validation_1.2.701.v201707142105.jar...
...loaded -> org.eclipse.wst.validation
Loading file:/D:/Eclipse/eclipse-rcp-oxygen-3a-win32-x86_64/eclipse/plugins/org.eclipse.wst.xml.core_1.1.1101.v201711080222.jar...
...loaded -> org.eclipse.wst.xml.core
Loading file:/D:/Eclipse/eclipse-rcp-oxygen-3a-win32-x86_64/eclipse/plugins/org.eclipse.wst.xml.ui.infopop_1.0.400.v201707252002.jar...
...loaded -> org.eclipse.wst.xml.ui.infopop
Loading file:/D:/Eclipse/eclipse-rcp-oxygen-3a-win32-x86_64/eclipse/plugins/org.eclipse.wst.xml.ui_1.1.800.v201704102213.jar...
...loaded -> org.eclipse.wst.xml.ui
Loading file:/D:/Eclipse/eclipse-rcp-oxygen-3a-win32-x86_64/eclipse/plugins/org.eclipse.wst.xmleditor.doc.user_1.0.700.v201707252002.jar...
...loaded -> org.eclipse.wst.xmleditor.doc.user
Loading file:/D:/Eclipse/eclipse-rcp-oxygen-3a-win32-x86_64/eclipse/plugins/org.eclipse.wst.xsd.core_1.1.900.v201401141857.jar...
...loaded -> org.eclipse.wst.xsd.core
Loading file:/D:/Eclipse/eclipse-rcp-oxygen-3a-win32-x86_64/eclipse/plugins/org.eclipse.wst.xsd.ui_1.2.602.v201801171858.jar...
...loaded -> org.eclipse.wst.xsd.ui
Loading file:/D:/Eclipse/eclipse-rcp-oxygen-3a-win32-x86_64/eclipse/plugins/org.eclipse.wst.xsdeditor.doc.user_1.0.800.v201707252002.jar...
...loaded -> org.eclipse.wst.xsdeditor.doc.user
Loading file:/D:/Eclipse/eclipse-rcp-oxygen-3a-win32-x86_64/eclipse/plugins/org.eclipse.xsd.edit_2.8.0.v20170609-0928.jar...
...loaded -> org.eclipse.xsd.edit
Loading file:/D:/Eclipse/eclipse-rcp-oxygen-3a-win32-x86_64/eclipse/plugins/org.eclipse.xsd_2.13.0.v20170609-0928.jar...
...loaded -> org.eclipse.xsd
Loading file:/D:/Eclipse/eclipse-rcp-oxygen-3a-win32-x86_64/eclipse/plugins/org.gradle.toolingapi_4.3.0.v20171108133209.jar...
...loaded -> org.gradle.toolingapi
Loading file:/D:/Eclipse/eclipse-rcp-oxygen-3a-win32-x86_64/eclipse/plugins/org.hamcrest.core_1.3.0.v201303031735.jar...
...loaded -> org.hamcrest.core
Loading file:/D:/Eclipse/eclipse-rcp-oxygen-3a-win32-x86_64/eclipse/plugins/org.hamcrest.library_1.3.0.v201505072020.jar...
...loaded -> org.hamcrest.library
Loading file:/D:/Eclipse/eclipse-rcp-oxygen-3a-win32-x86_64/eclipse/plugins/org.jacoco.agent_0.8.1.v20180329-2024.jar...
...loaded -> org.jacoco.agent
Loading file:/D:/Eclipse/eclipse-rcp-oxygen-3a-win32-x86_64/eclipse/plugins/org.jacoco.core_0.8.1.v20180329-2024.jar...
...loaded -> org.jacoco.core
Loading file:/D:/Eclipse/eclipse-rcp-oxygen-3a-win32-x86_64/eclipse/plugins/org.jacoco.report_0.8.1.v20180329-2024.jar...
...loaded -> org.jacoco.report
Loading file:/D:/Eclipse/eclipse-rcp-oxygen-3a-win32-x86_64/eclipse/plugins/org.jbenchx.ui.eclipse_0.3.0.201810241632.jar...
...loaded -> org.jbenchx.ui.eclipse
Loading file:/D:/Eclipse/eclipse-rcp-oxygen-3a-win32-x86_64/eclipse/plugins/org.jbenchx_0.3.1.201810241632.jar...
...loaded -> org.jbenchx
Loading file:/D:/Eclipse/eclipse-rcp-oxygen-3a-win32-x86_64/eclipse/plugins/org.jsoup_1.7.2.v201411291515.jar...
...loaded -> org.jsoup
Loading file:/D:/Eclipse/eclipse-rcp-oxygen-3a-win32-x86_64/eclipse/plugins/org.junit.jupiter.api_5.0.0.v20170910-2246.jar...
...loaded -> org.junit.jupiter.api
Loading file:/D:/Eclipse/eclipse-rcp-oxygen-3a-win32-x86_64/eclipse/plugins/org.junit.jupiter.engine_5.0.0.v20170910-2246.jar...
...loaded -> org.junit.jupiter.engine
Loading file:/D:/Eclipse/eclipse-rcp-oxygen-3a-win32-x86_64/eclipse/plugins/org.junit.jupiter.migrationsupport_5.0.0.v20170910-2246.jar...
...loaded -> org.junit.jupiter.migrationsupport
Loading file:/D:/Eclipse/eclipse-rcp-oxygen-3a-win32-x86_64/eclipse/plugins/org.junit.jupiter.params_5.0.0.v20170910-2246.jar...
...loaded -> org.junit.jupiter.params
Loading file:/D:/Eclipse/eclipse-rcp-oxygen-3a-win32-x86_64/eclipse/plugins/org.junit.platform.commons_1.0.0.v20170910-2246.jar...
...loaded -> org.junit.platform.commons
Loading file:/D:/Eclipse/eclipse-rcp-oxygen-3a-win32-x86_64/eclipse/plugins/org.junit.platform.engine_1.0.0.v20170910-2246.jar...
...loaded -> org.junit.platform.engine
Loading file:/D:/Eclipse/eclipse-rcp-oxygen-3a-win32-x86_64/eclipse/plugins/org.junit.platform.launcher_1.0.0.v20170910-2246.jar...
...loaded -> org.junit.platform.launcher
Loading file:/D:/Eclipse/eclipse-rcp-oxygen-3a-win32-x86_64/eclipse/plugins/org.junit.platform.runner_1.0.0.v20170910-2246.jar...
...loaded -> org.junit.platform.runner
Loading file:/D:/Eclipse/eclipse-rcp-oxygen-3a-win32-x86_64/eclipse/plugins/org.junit.platform.suite.api_1.0.0.v20170910-2246.jar...
...loaded -> org.junit.platform.suite.api
Loading file:/D:/Eclipse/eclipse-rcp-oxygen-3a-win32-x86_64/eclipse/plugins/org.junit.vintage.engine_4.12.0.v20170910-2246.jar...
...loaded -> org.junit.vintage.engine
Loading file:/D:/Eclipse/eclipse-rcp-oxygen-3a-win32-x86_64/eclipse/plugins/org.objectweb.asm.commons_6.0.0.v20180116-1719.jar...
...loaded -> org.objectweb.asm.commons
Loading file:/D:/Eclipse/eclipse-rcp-oxygen-3a-win32-x86_64/eclipse/plugins/org.objectweb.asm.tree_6.0.0.v20180116-1719.jar...
...loaded -> org.objectweb.asm.tree
Loading file:/D:/Eclipse/eclipse-rcp-oxygen-3a-win32-x86_64/eclipse/plugins/org.objectweb.asm_6.0.0.v20180116-1719.jar...
...loaded -> org.objectweb.asm
Loading file:/D:/Eclipse/eclipse-rcp-oxygen-3a-win32-x86_64/eclipse/plugins/org.opentest4j_1.0.0.v20170910-2246.jar...
...loaded -> org.opentest4j
Loading file:/D:/Eclipse/eclipse-rcp-oxygen-3a-win32-x86_64/eclipse/plugins/org.sat4j.core_2.3.5.v201308161310.jar...
...loaded -> org.sat4j.core
Loading file:/D:/Eclipse/eclipse-rcp-oxygen-3a-win32-x86_64/eclipse/plugins/org.sat4j.pb_2.3.5.v201404071733.jar...
...loaded -> org.sat4j.pb
Loading file:/D:/Eclipse/eclipse-rcp-oxygen-3a-win32-x86_64/eclipse/plugins/org.slf4j.api_1.7.2.v20121108-1250.jar...
...loaded -> org.slf4j.api
Loading file:/D:/Eclipse/eclipse-rcp-oxygen-3a-win32-x86_64/eclipse/plugins/org.slf4j.impl.log4j12_1.7.2.v20131105-2200.jar...
...loaded -> org.slf4j.impl.log4j12
Loading file:/D:/Eclipse/eclipse-rcp-oxygen-3a-win32-x86_64/eclipse/plugins/org.tigris.subversion.clientadapter.javahl_1.8.15.jar...
...loaded -> org.tigris.subversion.clientadapter.javahl
Loading file:/D:/Eclipse/eclipse-rcp-oxygen-3a-win32-x86_64/eclipse/plugins/org.tigris.subversion.clientadapter_1.10.3.jar...
...loaded -> org.tigris.subversion.clientadapter
Loading file:/D:/Eclipse/eclipse-rcp-oxygen-3a-win32-x86_64/eclipse/plugins/org.tigris.subversion.subclipse.core_1.10.12.jar...
...loaded -> org.tigris.subversion.subclipse.core
Loading file:/D:/Eclipse/eclipse-rcp-oxygen-3a-win32-x86_64/eclipse/plugins/org.tigris.subversion.subclipse.doc_1.3.0.jar...
...loaded -> org.tigris.subversion.subclipse.doc
Loading file:/D:/Eclipse/eclipse-rcp-oxygen-3a-win32-x86_64/eclipse/plugins/org.tigris.subversion.subclipse.tools.usage_1.1.0.jar...
...loaded -> org.tigris.subversion.subclipse.tools.usage
Loading file:/D:/Eclipse/eclipse-rcp-oxygen-3a-win32-x86_64/eclipse/plugins/org.tigris.subversion.subclipse.ui_1.10.13.jar...
...loaded -> org.tigris.subversion.subclipse.ui
Loading file:/D:/Eclipse/eclipse-rcp-oxygen-3a-win32-x86_64/eclipse/plugins/org.tmatesoft.sqljet_1.1.10.r1317_v20140121_0107.jar...
...loaded -> org.tmatesoft.sqljet
Loading file:/D:/Eclipse/eclipse-rcp-oxygen-3a-win32-x86_64/eclipse/plugins/org.tmatesoft.svnkit_1.8.12.r10533_v20160129_0158.jar...
...loaded -> org.tmatesoft.svnkit
Loading file:/D:/Eclipse/eclipse-rcp-oxygen-3a-win32-x86_64/eclipse/plugins/org.tukaani.xz.source_1.5.0.v20170111-1717.jar...
...loaded -> org.tukaani.xz.source
Loading file:/D:/Eclipse/eclipse-rcp-oxygen-3a-win32-x86_64/eclipse/plugins/org.tukaani.xz_1.5.0.v20170111-1717.jar...
...loaded -> org.tukaani.xz
Loading file:/D:/Eclipse/eclipse-rcp-oxygen-3a-win32-x86_64/eclipse/plugins/org.w3c.css.sac.source_1.3.1.v200903091627.jar...
...loaded -> org.w3c.css.sac.source
Loading file:/D:/Eclipse/eclipse-rcp-oxygen-3a-win32-x86_64/eclipse/plugins/org.w3c.css.sac_1.3.1.v200903091627.jar...
...loaded -> org.w3c.css.sac
Loading file:/D:/Eclipse/eclipse-rcp-oxygen-3a-win32-x86_64/eclipse/plugins/org.w3c.dom.events.source_3.0.0.draft20060413_v201105210656.jar...
...loaded -> org.w3c.dom.events.source
Loading file:/D:/Eclipse/eclipse-rcp-oxygen-3a-win32-x86_64/eclipse/plugins/org.w3c.dom.events_3.0.0.draft20060413_v201105210656.jar...
...loaded -> org.w3c.dom.events
Loading file:/D:/Eclipse/eclipse-rcp-oxygen-3a-win32-x86_64/eclipse/plugins/org.w3c.dom.smil.source_1.0.1.v200903091627.jar...
...loaded -> org.w3c.dom.smil.source
Loading file:/D:/Eclipse/eclipse-rcp-oxygen-3a-win32-x86_64/eclipse/plugins/org.w3c.dom.smil_1.0.1.v200903091627.jar...
...loaded -> org.w3c.dom.smil
Loading file:/D:/Eclipse/eclipse-rcp-oxygen-3a-win32-x86_64/eclipse/plugins/org.w3c.dom.svg.source_1.1.0.v201011041433.jar...
...loaded -> org.w3c.dom.svg.source
Loading file:/D:/Eclipse/eclipse-rcp-oxygen-3a-win32-x86_64/eclipse/plugins/org.w3c.dom.svg_1.1.0.v201011041433.jar...
...loaded -> org.w3c.dom.svg
Loading file:/D:/Eclipse/eclipse-rcp-oxygen-3a-win32-x86_64/eclipse/plugins/ch.actifsource.ant_10.10.0.202005121415/...
...loaded -> ch.actifsource.ant
Loading file:/D:/Eclipse/eclipse-rcp-oxygen-3a-win32-x86_64/eclipse/plugins/ch.actifsource.ant_10.9.0.202027031600/...
...loaded -> ch.actifsource.ant
Loading file:/D:/Eclipse/eclipse-rcp-oxygen-3a-win32-x86_64/eclipse/plugins/ch.actifsource.codesnippet_10.10.0.202005121415/...
...loaded -> ch.actifsource.codesnippet
Loading file:/D:/Eclipse/eclipse-rcp-oxygen-3a-win32-x86_64/eclipse/plugins/ch.actifsource.codesnippet_10.9.0.202027031600/...
...loaded -> ch.actifsource.codesnippet
Loading file:/D:/Eclipse/eclipse-rcp-oxygen-3a-win32-x86_64/eclipse/plugins/ch.actifsource.libs_external_10.10.0.202005121415/...
...loaded -> ch.actifsource.libs_external
Loading file:/D:/Eclipse/eclipse-rcp-oxygen-3a-win32-x86_64/eclipse/plugins/ch.actifsource.libs_external_10.9.0.202027031600/...
...loaded -> ch.actifsource.libs_external
Loading file:/D:/Eclipse/eclipse-rcp-oxygen-3a-win32-x86_64/eclipse/plugins/org.apache.ant_1.10.1.v20170504-0840/...
...loaded -> org.apache.ant
Loading file:/D:/Eclipse/eclipse-rcp-oxygen-3a-win32-x86_64/eclipse/plugins/org.eclipse.epp.package.common_4.7.3.20180405-1200/...
...loaded -> org.eclipse.epp.package.common
Loading file:/D:/Eclipse/eclipse-rcp-oxygen-3a-win32-x86_64/eclipse/plugins/org.eclipse.epp.package.rcp_4.7.3.20180405-1200/...
...loaded -> org.eclipse.epp.package.rcp
Loading file:/D:/Eclipse/eclipse-rcp-oxygen-3a-win32-x86_64/eclipse/plugins/org.eclipse.equinox.launcher.win32.win32.x86_64_1.1.551.v20171108-1834/...
...loaded -> org.eclipse.equinox.launcher.win32.win32.x86_64
Loading file:/D:/Eclipse/eclipse-rcp-oxygen-3a-win32-x86_64/eclipse/plugins/org.eclipse.jdt.debug_3.11.50.v20170920-1717/...
...loaded -> org.eclipse.jdt.debug
Loading file:/D:/Eclipse/eclipse-rcp-oxygen-3a-win32-x86_64/eclipse/plugins/org.eclipse.m2e.archetype.common_1.8.3.20180227-2135/...
...loaded -> org.eclipse.m2e.archetype.common
Loading file:/D:/Eclipse/eclipse-rcp-oxygen-3a-win32-x86_64/eclipse/plugins/org.eclipse.m2e.maven.indexer_1.8.3.20180227-2135/...
...loaded -> org.eclipse.m2e.maven.indexer
Loading file:/D:/Eclipse/eclipse-rcp-oxygen-3a-win32-x86_64/eclipse/plugins/org.eclipse.m2e.maven.runtime.slf4j.simple_1.8.3.20180227-2135/...
...loaded -> org.eclipse.m2e.maven.runtime.slf4j.simple
Loading file:/D:/Eclipse/eclipse-rcp-oxygen-3a-win32-x86_64/eclipse/plugins/org.eclipse.m2e.maven.runtime_1.8.3.20180227-2135/...
...loaded -> org.eclipse.m2e.maven.runtime
Loading file:/D:/Eclipse/eclipse-rcp-oxygen-3a-win32-x86_64/eclipse/plugins/org.eclipse.pde.build_3.9.300.v20170515-0912/...
...loaded -> org.eclipse.pde.build
Loading file:/D:/Eclipse/eclipse-rcp-oxygen-3a-win32-x86_64/eclipse/plugins/org.eclipse.pde.ds.lib_1.1.0.v20170303-1624/...
...loaded -> org.eclipse.pde.ds.lib
Loading file:/D:/Eclipse/eclipse-rcp-oxygen-3a-win32-x86_64/eclipse/plugins/org.eclipse.pde.ds1_2.lib_1.0.0.v20170303-1624/...
...loaded -> org.eclipse.pde.ds1_2.lib
Loading file:/D:/Eclipse/eclipse-rcp-oxygen-3a-win32-x86_64/eclipse/plugins/org.eclipse.platform_4.7.3.v20180330-0640/...
...loaded -> org.eclipse.platform
Loading file:/D:/Eclipse/eclipse-rcp-oxygen-3a-win32-x86_64/eclipse/plugins/org.eclipse.ui.themes_1.2.1.v20170809-1435/...
...loaded -> org.eclipse.ui.themes
Loading file:/D:/Eclipse/eclipse-rcp-oxygen-3a-win32-x86_64/eclipse/plugins/org.jbenchx.libs_external_0.3.1.201810241632/...
...loaded -> org.jbenchx.libs_external
Loading file:/D:/Eclipse/eclipse-rcp-oxygen-3a-win32-x86_64/eclipse/plugins/org.junit_4.12.0.v201504281640/...
...loaded -> org.junit
Loading file:/D:/Eclipse/eclipse-rcp-oxygen-3a-win32-x86_64/eclipse/plugins/org.tigris.subversion.clientadapter.javahl.win64_1.8.15/...
...loaded -> org.tigris.subversion.clientadapter.javahl.win64
...finished
Loading ActifsourceTestEnvironment...
...finished
Loading ActifsourceTestEnvironment...
...finished
Loading ActifsourceTestEnvironment...
...finished
Loading Scope 'ch.actifsource.example.ant'...
load folder jar:file:/D:/Eclipse/eclipse-rcp-oxygen-3a-win32-x86_64/eclipse/plugins/ch.actifsource.core_10.10.0.202005121415.jar!/asrc/ via bundle ch.actifsource.core
load folder jar:file:/D:/Eclipse/eclipse-rcp-oxygen-3a-win32-x86_64/eclipse/plugins/ch.actifsource.generator_10.10.0.202005121415.jar!/asrc/ via bundle ch.actifsource.generator
load folder jar:file:/D:/Eclipse/eclipse-rcp-oxygen-3a-win32-x86_64/eclipse/plugins/ch.actifsource.transientresource_10.10.0.202005121415.jar!/asrc/ via bundle ch.actifsource.transientresource
load folder jar:file:/D:/Eclipse/eclipse-rcp-oxygen-3a-win32-x86_64/eclipse/plugins/ch.actifsource.template_10.10.0.202005121415.jar!/asrc/ via bundle ch.actifsource.template
load folder jar:file:/D:/Eclipse/eclipse-rcp-oxygen-3a-win32-x86_64/eclipse/plugins/ch.actifsource.environment_10.10.0.202005121415.jar!/asrc/ via bundle ch.actifsource.environment
load folder jar:file:/D:/Eclipse/eclipse-rcp-oxygen-3a-win32-x86_64/eclipse/plugins/ch.actifsource.ui.refactoring_10.10.0.202005121415.jar!/asrc/ via bundle ch.actifsource.ui.refactoring
load folder jar:file:/D:/Eclipse/eclipse-rcp-oxygen-3a-win32-x86_64/eclipse/plugins/ch.actifsource.ui.search_10.10.0.202005121415.jar!/asrc/ via bundle ch.actifsource.ui.search
load folder jar:file:/D:/Eclipse/eclipse-rcp-oxygen-3a-win32-x86_64/eclipse/plugins/ch.actifsource.ui.templateeditor_10.10.0.202005121415.jar!/asrc/ via bundle ch.actifsource.ui.templateeditor
load folder jar:file:/D:/Eclipse/eclipse-rcp-oxygen-3a-win32-x86_64/eclipse/plugins/ch.actifsource.ui.builder_10.10.0.202005121415.jar!/asrc/ via bundle ch.actifsource.ui.builder
...create TestSession...
...finished
Loading Scope 'ch.actifsource.example.ant'...
load folder jar:file:/D:/Eclipse/eclipse-rcp-oxygen-3a-win32-x86_64/eclipse/plugins/ch.actifsource.core_10.10.0.202005121415.jar!/asrc/ via bundle ch.actifsource.core
load folder jar:file:/D:/Eclipse/eclipse-rcp-oxygen-3a-win32-x86_64/eclipse/plugins/ch.actifsource.generator_10.10.0.202005121415.jar!/asrc/ via bundle ch.actifsource.generator
load folder jar:file:/D:/Eclipse/eclipse-rcp-oxygen-3a-win32-x86_64/eclipse/plugins/ch.actifsource.transientresource_10.10.0.202005121415.jar!/asrc/ via bundle ch.actifsource.transientresource
load folder jar:file:/D:/Eclipse/eclipse-rcp-oxygen-3a-win32-x86_64/eclipse/plugins/ch.actifsource.template_10.10.0.202005121415.jar!/asrc/ via bundle ch.actifsource.template
load folder jar:file:/D:/Eclipse/eclipse-rcp-oxygen-3a-win32-x86_64/eclipse/plugins/ch.actifsource.environment_10.10.0.202005121415.jar!/asrc/ via bundle ch.actifsource.environment
load folder jar:file:/D:/Eclipse/eclipse-rcp-oxygen-3a-win32-x86_64/eclipse/plugins/ch.actifsource.ui.refactoring_10.10.0.202005121415.jar!/asrc/ via bundle ch.actifsource.ui.refactoring
load folder jar:file:/D:/Eclipse/eclipse-rcp-oxygen-3a-win32-x86_64/eclipse/plugins/ch.actifsource.ui.search_10.10.0.202005121415.jar!/asrc/ via bundle ch.actifsource.ui.search
load folder jar:file:/D:/Eclipse/eclipse-rcp-oxygen-3a-win32-x86_64/eclipse/plugins/ch.actifsource.ui.templateeditor_10.10.0.202005121415.jar!/asrc/ via bundle ch.actifsource.ui.templateeditor
load folder jar:file:/D:/Eclipse/eclipse-rcp-oxygen-3a-win32-x86_64/eclipse/plugins/ch.actifsource.ui.builder_10.10.0.202005121415.jar!/asrc/ via bundle ch.actifsource.ui.builder
...create TestSession...
...finished
Loading Scope 'ch.actifsource.example.ant'...
load folder jar:file:/D:/Eclipse/eclipse-rcp-oxygen-3a-win32-x86_64/eclipse/plugins/ch.actifsource.core_10.10.0.202005121415.jar!/asrc/ via bundle ch.actifsource.core
load folder jar:file:/D:/Eclipse/eclipse-rcp-oxygen-3a-win32-x86_64/eclipse/plugins/ch.actifsource.generator_10.10.0.202005121415.jar!/asrc/ via bundle ch.actifsource.generator
load folder jar:file:/D:/Eclipse/eclipse-rcp-oxygen-3a-win32-x86_64/eclipse/plugins/ch.actifsource.transientresource_10.10.0.202005121415.jar!/asrc/ via bundle ch.actifsource.transientresource
load folder jar:file:/D:/Eclipse/eclipse-rcp-oxygen-3a-win32-x86_64/eclipse/plugins/ch.actifsource.template_10.10.0.202005121415.jar!/asrc/ via bundle ch.actifsource.template
load folder jar:file:/D:/Eclipse/eclipse-rcp-oxygen-3a-win32-x86_64/eclipse/plugins/ch.actifsource.environment_10.10.0.202005121415.jar!/asrc/ via bundle ch.actifsource.environment
load folder jar:file:/D:/Eclipse/eclipse-rcp-oxygen-3a-win32-x86_64/eclipse/plugins/ch.actifsource.ui.refactoring_10.10.0.202005121415.jar!/asrc/ via bundle ch.actifsource.ui.refactoring
load folder jar:file:/D:/Eclipse/eclipse-rcp-oxygen-3a-win32-x86_64/eclipse/plugins/ch.actifsource.ui.search_10.10.0.202005121415.jar!/asrc/ via bundle ch.actifsource.ui.search
load folder jar:file:/D:/Eclipse/eclipse-rcp-oxygen-3a-win32-x86_64/eclipse/plugins/ch.actifsource.ui.templateeditor_10.10.0.202005121415.jar!/asrc/ via bundle ch.actifsource.ui.templateeditor
load folder jar:file:/D:/Eclipse/eclipse-rcp-oxygen-3a-win32-x86_64/eclipse/plugins/ch.actifsource.ui.builder_10.10.0.202005121415.jar!/asrc/ via bundle ch.actifsource.ui.builder
...create TestSession...
...finished
Loading Scope 'ch.actifsource.example.ant'...
load folder jar:file:/D:/Eclipse/eclipse-rcp-oxygen-3a-win32-x86_64/eclipse/plugins/ch.actifsource.core_10.10.0.202005121415.jar!/asrc/ via bundle ch.actifsource.core
load folder jar:file:/D:/Eclipse/eclipse-rcp-oxygen-3a-win32-x86_64/eclipse/plugins/ch.actifsource.generator_10.10.0.202005121415.jar!/asrc/ via bundle ch.actifsource.generator
load folder jar:file:/D:/Eclipse/eclipse-rcp-oxygen-3a-win32-x86_64/eclipse/plugins/ch.actifsource.transientresource_10.10.0.202005121415.jar!/asrc/ via bundle ch.actifsource.transientresource
load folder jar:file:/D:/Eclipse/eclipse-rcp-oxygen-3a-win32-x86_64/eclipse/plugins/ch.actifsource.template_10.10.0.202005121415.jar!/asrc/ via bundle ch.actifsource.template
load folder jar:file:/D:/Eclipse/eclipse-rcp-oxygen-3a-win32-x86_64/eclipse/plugins/ch.actifsource.environment_10.10.0.202005121415.jar!/asrc/ via bundle ch.actifsource.environment
load folder jar:file:/D:/Eclipse/eclipse-rcp-oxygen-3a-win32-x86_64/eclipse/plugins/ch.actifsource.ui.refactoring_10.10.0.202005121415.jar!/asrc/ via bundle ch.actifsource.ui.refactoring
load folder jar:file:/D:/Eclipse/eclipse-rcp-oxygen-3a-win32-x86_64/eclipse/plugins/ch.actifsource.ui.search_10.10.0.202005121415.jar!/asrc/ via bundle ch.actifsource.ui.search
load folder jar:file:/D:/Eclipse/eclipse-rcp-oxygen-3a-win32-x86_64/eclipse/plugins/ch.actifsource.ui.templateeditor_10.10.0.202005121415.jar!/asrc/ via bundle ch.actifsource.ui.templateeditor
load folder jar:file:/D:/Eclipse/eclipse-rcp-oxygen-3a-win32-x86_64/eclipse/plugins/ch.actifsource.ui.builder_10.10.0.202005121415.jar!/asrc/ via bundle ch.actifsource.ui.builder
...create TestSession...
...finished
]]></system-out>
  <system-err><![CDATA[....error -> bundle:jar:file:/D:/Eclipse/eclipse-rcp-oxygen-3a-win32-x86_64/eclipse/plugins/org.eclipse.gmf.runtime.common.ui.printing.win32_1.7.0.201706061437.jar!/:
java.lang.Error
	at ch.actifsource.util.log.Logger$LogHandler.logError(Logger.java:42)
	at ch.actifsource.util.log.Logger.logError(Logger.java:145)
	at ch.actifsource.platform.bundle.AbstractBundleManager.loadBundle(AbstractBundleManager.java:141)
	at ch.actifsource.platform.bundle.AbstractBundleManager.loadBundles(AbstractBundleManager.java:128)
	at ch.actifsource.platform.bundle.AbstractBundleManager.loadBundleDir(AbstractBundleManager.java:123)
	at ch.actifsource.platform.AbstractPlatformInitializer.<init>(AbstractPlatformInitializer.java:94)
	at ch.actifsource.ui.junit.ActifsourceTestEnvironment.<init>(ActifsourceTestEnvironment.java:31)
	at ch.actifsource.ui.junit.SingleScopeTestCase$1.initialValue(SingleScopeTestCase.java:20)
	at ch.actifsource.ui.junit.SingleScopeTestCase$1.initialValue(SingleScopeTestCase.java:1)
	at java.lang.ThreadLocal.setInitialValue(ThreadLocal.java:180)
	at java.lang.ThreadLocal.get(ThreadLocal.java:170)
	at ch.actifsource.ui.junit.SingleScopeTestCase.<init>(SingleScopeTestCase.java:49)
	at ch.actifsource.ui.junit.SingleScopeTestCase.<init>(SingleScopeTestCase.java:42)
	at ch.actifsource.example.ant.unittest.model.ChildTest.<init>(ChildTest.java:20)
	at sun.reflect.NativeConstructorAccessorImpl.newInstance0(Native Method)
	at sun.reflect.NativeConstructorAccessorImpl.newInstance(NativeConstructorAccessorImpl.java:62)
	at sun.reflect.DelegatingConstructorAccessorImpl.newInstance(DelegatingConstructorAccessorImpl.java:45)
	at java.lang.reflect.Constructor.newInstance(Constructor.java:423)
	at junit.framework.TestSuite.createTest(TestSuite.java:60)
	at junit.framework.TestSuite.addTestMethod(TestSuite.java:307)
	at junit.framework.TestSuite.addTestsFromTestCase(TestSuite.java:150)
	at junit.framework.TestSuite.<init>(TestSuite.java:129)
	at junit.framework.TestSuite.addTestSuite(TestSuite.java:216)
	at ch.actifsource.example.ant.unittest.model.AllTests.suite(AllTests.java:10)
	at ch.actifsource.example.ant.unittest.AllTests.suite(AllTests.java:10)
	at sun.reflect.NativeMethodAccessorImpl.invoke0(Native Method)
	at sun.reflect.NativeMethodAccessorImpl.invoke(NativeMethodAccessorImpl.java:62)
	at sun.reflect.DelegatingMethodAccessorImpl.invoke(DelegatingMethodAccessorImpl.java:43)
	at java.lang.reflect.Method.invoke(Method.java:498)
	at org.apache.tools.ant.taskdefs.optional.junit.JUnitTestRunner.run(JUnitTestRunner.java:405)
	at org.apache.tools.ant.taskdefs.optional.junit.JUnitTask.executeInVM(JUnitTask.java:1647)
	at org.apache.tools.ant.taskdefs.optional.junit.JUnitTask.execute(JUnitTask.java:1047)
	at org.apache.tools.ant.taskdefs.optional.junit.JUnitTask.executeOrQueue(JUnitTask.java:2207)
	at org.apache.tools.ant.taskdefs.optional.junit.JUnitTask.execute(JUnitTask.java:858)
	at org.apache.tools.ant.UnknownElement.execute(UnknownElement.java:293)
	at sun.reflect.GeneratedMethodAccessor6.invoke(Unknown Source)
	at sun.reflect.DelegatingMethodAccessorImpl.invoke(DelegatingMethodAccessorImpl.java:43)
	at java.lang.reflect.Method.invoke(Method.java:498)
	at org.apache.tools.ant.dispatch.DispatchUtils.execute(DispatchUtils.java:106)
	at org.apache.tools.ant.Task.perform(Task.java:348)
	at org.apache.tools.ant.Target.execute(Target.java:435)
	at org.apache.tools.ant.Target.performTasks(Target.java:456)
	at org.apache.tools.ant.Project.executeSortedTargets(Project.java:1405)
	at org.apache.tools.ant.Project.executeTarget(Project.java:1376)
	at org.apache.tools.ant.helper.DefaultExecutor.executeTargets(DefaultExecutor.java:41)
	at org.eclipse.ant.internal.launching.remote.EclipseDefaultExecutor.executeTargets(EclipseDefaultExecutor.java:36)
	at org.apache.tools.ant.Project.executeTargets(Project.java:1260)
	at org.eclipse.ant.internal.launching.remote.InternalAntRunner.run(InternalAntRunner.java:460)
	at org.eclipse.ant.internal.launching.remote.InternalAntRunner.main(InternalAntRunner.java:142)
org.osgi.framework.BundleException: invalid or old bundle format
	at ch.actifsource.platform.bundle.PlatformBundleManager.installBundle(PlatformBundleManager.java:158)
	at ch.actifsource.platform.bundle.AbstractBundleManager.loadBundle(AbstractBundleManager.java:136)
	at ch.actifsource.platform.bundle.AbstractBundleManager.loadBundles(AbstractBundleManager.java:128)
	at ch.actifsource.platform.bundle.AbstractBundleManager.loadBundleDir(AbstractBundleManager.java:123)
	at ch.actifsource.platform.AbstractPlatformInitializer.<init>(AbstractPlatformInitializer.java:94)
	at ch.actifsource.ui.junit.ActifsourceTestEnvironment.<init>(ActifsourceTestEnvironment.java:31)
	at ch.actifsource.ui.junit.SingleScopeTestCase$1.initialValue(SingleScopeTestCase.java:20)
	at ch.actifsource.ui.junit.SingleScopeTestCase$1.initialValue(SingleScopeTestCase.java:1)
	at java.lang.ThreadLocal.setInitialValue(ThreadLocal.java:180)
	at java.lang.ThreadLocal.get(ThreadLocal.java:170)
	at ch.actifsource.ui.junit.SingleScopeTestCase.<init>(SingleScopeTestCase.java:49)
	at ch.actifsource.ui.junit.SingleScopeTestCase.<init>(SingleScopeTestCase.java:42)
	at ch.actifsource.example.ant.unittest.model.ChildTest.<init>(ChildTest.java:20)
	at sun.reflect.NativeConstructorAccessorImpl.newInstance0(Native Method)
	at sun.reflect.NativeConstructorAccessorImpl.newInstance(NativeConstructorAccessorImpl.java:62)
	at sun.reflect.DelegatingConstructorAccessorImpl.newInstance(DelegatingConstructorAccessorImpl.java:45)
	at java.lang.reflect.Constructor.newInstance(Constructor.java:423)
	at junit.framework.TestSuite.createTest(TestSuite.java:60)
	at junit.framework.TestSuite.addTestMethod(TestSuite.java:307)
	at junit.framework.TestSuite.addTestsFromTestCase(TestSuite.java:150)
	at junit.framework.TestSuite.<init>(TestSuite.java:129)
	at junit.framework.TestSuite.addTestSuite(TestSuite.java:216)
	at ch.actifsource.example.ant.unittest.model.AllTests.suite(AllTests.java:10)
	at ch.actifsource.example.ant.unittest.AllTests.suite(AllTests.java:10)
	at sun.reflect.NativeMethodAccessorImpl.invoke0(Native Method)
	at sun.reflect.NativeMethodAccessorImpl.invoke(NativeMethodAccessorImpl.java:62)
	at sun.reflect.DelegatingMethodAccessorImpl.invoke(DelegatingMethodAccessorImpl.java:43)
	at java.lang.reflect.Method.invoke(Method.java:498)
	at org.apache.tools.ant.taskdefs.optional.junit.JUnitTestRunner.run(JUnitTestRunner.java:405)
	at org.apache.tools.ant.taskdefs.optional.junit.JUnitTask.executeInVM(JUnitTask.java:1647)
	at org.apache.tools.ant.taskdefs.optional.junit.JUnitTask.execute(JUnitTask.java:1047)
	at org.apache.tools.ant.taskdefs.optional.junit.JUnitTask.executeOrQueue(JUnitTask.java:2207)
	at org.apache.tools.ant.taskdefs.optional.junit.JUnitTask.execute(JUnitTask.java:858)
	at org.apache.tools.ant.UnknownElement.execute(UnknownElement.java:293)
	at sun.reflect.GeneratedMethodAccessor6.invoke(Unknown Source)
	at sun.reflect.DelegatingMethodAccessorImpl.invoke(DelegatingMethodAccessorImpl.java:43)
	at java.lang.reflect.Method.invoke(Method.java:498)
	at org.apache.tools.ant.dispatch.DispatchUtils.execute(DispatchUtils.java:106)
	at org.apache.tools.ant.Task.perform(Task.java:348)
	at org.apache.tools.ant.Target.execute(Target.java:435)
	at org.apache.tools.ant.Target.performTasks(Target.java:456)
	at org.apache.tools.ant.Project.executeSortedTargets(Project.java:1405)
	at org.apache.tools.ant.Project.executeTarget(Project.java:1376)
	at org.apache.tools.ant.helper.DefaultExecutor.executeTargets(DefaultExecutor.java:41)
	at org.eclipse.ant.internal.launching.remote.EclipseDefaultExecutor.executeTargets(EclipseDefaultExecutor.java:36)
	at org.apache.tools.ant.Project.executeTargets(Project.java:1260)
	at org.eclipse.ant.internal.launching.remote.InternalAntRunner.run(InternalAntRunner.java:460)
	at org.eclipse.ant.internal.launching.remote.InternalAntRunner.main(InternalAntRunner.java:142)
....error -> bundle:jar:file:/D:/Eclipse/eclipse-rcp-oxygen-3a-win32-x86_64/eclipse/plugins/org.eclipse.gmf.runtime.common.ui.printing.win32_1.7.0.201706061437.jar!/:
java.lang.Error
	at ch.actifsource.util.log.Logger$LogHandler.logError(Logger.java:42)
	at ch.actifsource.util.log.Logger.logError(Logger.java:145)
	at ch.actifsource.platform.bundle.AbstractBundleManager.loadBundle(AbstractBundleManager.java:141)
	at ch.actifsource.platform.bundle.AbstractBundleManager.loadBundles(AbstractBundleManager.java:128)
	at ch.actifsource.platform.bundle.AbstractBundleManager.loadBundleDir(AbstractBundleManager.java:123)
	at ch.actifsource.platform.AbstractPlatformInitializer.<init>(AbstractPlatformInitializer.java:107)
	at ch.actifsource.ui.junit.ActifsourceTestEnvironment.<init>(ActifsourceTestEnvironment.java:31)
	at ch.actifsource.ui.junit.SingleScopeTestCase$1.initialValue(SingleScopeTestCase.java:20)
	at ch.actifsource.ui.junit.SingleScopeTestCase$1.initialValue(SingleScopeTestCase.java:1)
	at java.lang.ThreadLocal.setInitialValue(ThreadLocal.java:180)
	at java.lang.ThreadLocal.get(ThreadLocal.java:170)
	at ch.actifsource.ui.junit.SingleScopeTestCase.<init>(SingleScopeTestCase.java:49)
	at ch.actifsource.ui.junit.SingleScopeTestCase.<init>(SingleScopeTestCase.java:42)
	at ch.actifsource.example.ant.unittest.model.ChildTest.<init>(ChildTest.java:20)
	at sun.reflect.NativeConstructorAccessorImpl.newInstance0(Native Method)
	at sun.reflect.NativeConstructorAccessorImpl.newInstance(NativeConstructorAccessorImpl.java:62)
	at sun.reflect.DelegatingConstructorAccessorImpl.newInstance(DelegatingConstructorAccessorImpl.java:45)
	at java.lang.reflect.Constructor.newInstance(Constructor.java:423)
	at junit.framework.TestSuite.createTest(TestSuite.java:60)
	at junit.framework.TestSuite.addTestMethod(TestSuite.java:307)
	at junit.framework.TestSuite.addTestsFromTestCase(TestSuite.java:150)
	at junit.framework.TestSuite.<init>(TestSuite.java:129)
	at junit.framework.TestSuite.addTestSuite(TestSuite.java:216)
	at ch.actifsource.example.ant.unittest.model.AllTests.suite(AllTests.java:10)
	at ch.actifsource.example.ant.unittest.AllTests.suite(AllTests.java:10)
	at sun.reflect.NativeMethodAccessorImpl.invoke0(Native Method)
	at sun.reflect.NativeMethodAccessorImpl.invoke(NativeMethodAccessorImpl.java:62)
	at sun.reflect.DelegatingMethodAccessorImpl.invoke(DelegatingMethodAccessorImpl.java:43)
	at java.lang.reflect.Method.invoke(Method.java:498)
	at org.apache.tools.ant.taskdefs.optional.junit.JUnitTestRunner.run(JUnitTestRunner.java:405)
	at org.apache.tools.ant.taskdefs.optional.junit.JUnitTask.executeInVM(JUnitTask.java:1647)
	at org.apache.tools.ant.taskdefs.optional.junit.JUnitTask.execute(JUnitTask.java:1047)
	at org.apache.tools.ant.taskdefs.optional.junit.JUnitTask.executeOrQueue(JUnitTask.java:2207)
	at org.apache.tools.ant.taskdefs.optional.junit.JUnitTask.execute(JUnitTask.java:858)
	at org.apache.tools.ant.UnknownElement.execute(UnknownElement.java:293)
	at sun.reflect.GeneratedMethodAccessor6.invoke(Unknown Source)
	at sun.reflect.DelegatingMethodAccessorImpl.invoke(DelegatingMethodAccessorImpl.java:43)
	at java.lang.reflect.Method.invoke(Method.java:498)
	at org.apache.tools.ant.dispatch.DispatchUtils.execute(DispatchUtils.java:106)
	at org.apache.tools.ant.Task.perform(Task.java:348)
	at org.apache.tools.ant.Target.execute(Target.java:435)
	at org.apache.tools.ant.Target.performTasks(Target.java:456)
	at org.apache.tools.ant.Project.executeSortedTargets(Project.java:1405)
	at org.apache.tools.ant.Project.executeTarget(Project.java:1376)
	at org.apache.tools.ant.helper.DefaultExecutor.executeTargets(DefaultExecutor.java:41)
	at org.eclipse.ant.internal.launching.remote.EclipseDefaultExecutor.executeTargets(EclipseDefaultExecutor.java:36)
	at org.apache.tools.ant.Project.executeTargets(Project.java:1260)
	at org.eclipse.ant.internal.launching.remote.InternalAntRunner.run(InternalAntRunner.java:460)
	at org.eclipse.ant.internal.launching.remote.InternalAntRunner.main(InternalAntRunner.java:142)
org.osgi.framework.BundleException: invalid or old bundle format
	at ch.actifsource.platform.bundle.PlatformBundleManager.installBundle(PlatformBundleManager.java:158)
	at ch.actifsource.platform.bundle.AbstractBundleManager.loadBundle(AbstractBundleManager.java:136)
	at ch.actifsource.platform.bundle.AbstractBundleManager.loadBundles(AbstractBundleManager.java:128)
	at ch.actifsource.platform.bundle.AbstractBundleManager.loadBundleDir(AbstractBundleManager.java:123)
	at ch.actifsource.platform.AbstractPlatformInitializer.<init>(AbstractPlatformInitializer.java:107)
	at ch.actifsource.ui.junit.ActifsourceTestEnvironment.<init>(ActifsourceTestEnvironment.java:31)
	at ch.actifsource.ui.junit.SingleScopeTestCase$1.initialValue(SingleScopeTestCase.java:20)
	at ch.actifsource.ui.junit.SingleScopeTestCase$1.initialValue(SingleScopeTestCase.java:1)
	at java.lang.ThreadLocal.setInitialValue(ThreadLocal.java:180)
	at java.lang.ThreadLocal.get(ThreadLocal.java:170)
	at ch.actifsource.ui.junit.SingleScopeTestCase.<init>(SingleScopeTestCase.java:49)
	at ch.actifsource.ui.junit.SingleScopeTestCase.<init>(SingleScopeTestCase.java:42)
	at ch.actifsource.example.ant.unittest.model.ChildTest.<init>(ChildTest.java:20)
	at sun.reflect.NativeConstructorAccessorImpl.newInstance0(Native Method)
	at sun.reflect.NativeConstructorAccessorImpl.newInstance(NativeConstructorAccessorImpl.java:62)
	at sun.reflect.DelegatingConstructorAccessorImpl.newInstance(DelegatingConstructorAccessorImpl.java:45)
	at java.lang.reflect.Constructor.newInstance(Constructor.java:423)
	at junit.framework.TestSuite.createTest(TestSuite.java:60)
	at junit.framework.TestSuite.addTestMethod(TestSuite.java:307)
	at junit.framework.TestSuite.addTestsFromTestCase(TestSuite.java:150)
	at junit.framework.TestSuite.<init>(TestSuite.java:129)
	at junit.framework.TestSuite.addTestSuite(TestSuite.java:216)
	at ch.actifsource.example.ant.unittest.model.AllTests.suite(AllTests.java:10)
	at ch.actifsource.example.ant.unittest.AllTests.suite(AllTests.java:10)
	at sun.reflect.NativeMethodAccessorImpl.invoke0(Native Method)
	at sun.reflect.NativeMethodAccessorImpl.invoke(NativeMethodAccessorImpl.java:62)
	at sun.reflect.DelegatingMethodAccessorImpl.invoke(DelegatingMethodAccessorImpl.java:43)
	at java.lang.reflect.Method.invoke(Method.java:498)
	at org.apache.tools.ant.taskdefs.optional.junit.JUnitTestRunner.run(JUnitTestRunner.java:405)
	at org.apache.tools.ant.taskdefs.optional.junit.JUnitTask.executeInVM(JUnitTask.java:1647)
	at org.apache.tools.ant.taskdefs.optional.junit.JUnitTask.execute(JUnitTask.java:1047)
	at org.apache.tools.ant.taskdefs.optional.junit.JUnitTask.executeOrQueue(JUnitTask.java:2207)
	at org.apache.tools.ant.taskdefs.optional.junit.JUnitTask.execute(JUnitTask.java:858)
	at org.apache.tools.ant.UnknownElement.execute(UnknownElement.java:293)
	at sun.reflect.GeneratedMethodAccessor6.invoke(Unknown Source)
	at sun.reflect.DelegatingMethodAccessorImpl.invoke(DelegatingMethodAccessorImpl.java:43)
	at java.lang.reflect.Method.invoke(Method.java:498)
	at org.apache.tools.ant.dispatch.DispatchUtils.execute(DispatchUtils.java:106)
	at org.apache.tools.ant.Task.perform(Task.java:348)
	at org.apache.tools.ant.Target.execute(Target.java:435)
	at org.apache.tools.ant.Target.performTasks(Target.java:456)
	at org.apache.tools.ant.Project.executeSortedTargets(Project.java:1405)
	at org.apache.tools.ant.Project.executeTarget(Project.java:1376)
	at org.apache.tools.ant.helper.DefaultExecutor.executeTargets(DefaultExecutor.java:41)
	at org.eclipse.ant.internal.launching.remote.EclipseDefaultExecutor.executeTargets(EclipseDefaultExecutor.java:36)
	at org.apache.tools.ant.Project.executeTargets(Project.java:1260)
	at org.eclipse.ant.internal.launching.remote.InternalAntRunner.run(InternalAntRunner.java:460)
	at org.eclipse.ant.internal.launching.remote.InternalAntRunner.main(InternalAntRunner.java:142)
]]></system-err>
</testsuite>
