<?xml version="1.0" encoding="UTF-8" ?>
<testsuite errors="1" failures="0" hostname="DESKTOP-F2H886T" name="ch.actifsource.example.ant.unittest.AllTests" skipped="0" tests="1" time="0.0" timestamp="2023-11-20T14:37:17">
  <properties>
    <property name="java.vendor" value="Oracle Corporation" />
    <property name="sun.java.launcher" value="SUN_STANDARD" />
    <property name="eclipse.pdebuild.templates" value="D:\Eclipse\eclipse-rcp-oxygen-3a-win32-x86_64\eclipse\plugins\org.eclipse.pde.build_3.9.300.v20170515-0912\templates" />
    <property name="ant.file.type.ch.actifsource.example.ant" value="file" />
    <property name="sun.management.compiler" value="HotSpot 64-Bit Tiered Compilers" />
    <property name="os.name" value="Windows 10" />
    <property name="sun.boot.class.path" value="C:\Program Files\Java\jdk1.8.0_191\jre\lib\resources.jar;C:\Program Files\Java\jdk1.8.0_191\jre\lib\rt.jar;C:\Program Files\Java\jdk1.8.0_191\jre\lib\sunrsasign.jar;C:\Program Files\Java\jdk1.8.0_191\jre\lib\jsse.jar;C:\Program Files\Java\jdk1.8.0_191\jre\lib\jce.jar;C:\Program Files\Java\jdk1.8.0_191\jre\lib\charsets.jar;C:\Program Files\Java\jdk1.8.0_191\jre\lib\jfr.jar;C:\Program Files\Java\jdk1.8.0_191\jre\classes" />
    <property name="ant.project" value="D:\Eclipse\WORKBENCH\WORKBENCH_GITHUB\ch.actifsource.example.ant/../ch.actifsource.example.ant" />
    <property name="sun.desktop" value="windows" />
    <property name="java.vm.specification.vendor" value="Oracle Corporation" />
    <property name="ant.workspace" value="D:\Eclipse\WORKBENCH\WORKBENCH_GITHUB\ch.actifsource.example.ant/.." />
    <property name="ant.home" value="D:\Eclipse\eclipse-rcp-oxygen-3a-win32-x86_64\eclipse\plugins\org.apache.ant_1.10.1.v20170504-0840" />
    <property name="java.runtime.version" value="1.8.0_191-b12" />
    <property name="user.name" value="ruti" />
    <property name="ant.file.ch.actifsource.example.ant" value="D:\Eclipse\WORKBENCH\WORKBENCH_GITHUB\ch.actifsource.example.ant\asbuild.compile.xml" />
    <property name="user.language" value="de" />
    <property name="sun.boot.library.path" value="C:\Program Files\Java\jdk1.8.0_191\jre\bin" />
    <property name="ant.project.default-target" value="build" />
    <property name="ant.project.name" value="ch.actifsource.example.ant" />
    <property name="java.version" value="1.8.0_191" />
    <property name="user.timezone" value="" />
    <property name="sun.arch.data.model" value="64" />
    <property name="java.endorsed.dirs" value="C:\Program Files\Java\jdk1.8.0_191\jre\lib\endorsed" />
    <property name="sun.cpu.isalist" value="amd64" />
    <property name="sun.jnu.encoding" value="Cp1252" />
    <property name="file.encoding.pkg" value="sun.io" />
    <property name="file.separator" value="\" />
    <property name="java.specification.name" value="Java Platform API Specification" />
    <property name="java.class.version" value="52.0" />
    <property name="user.country" value="CH" />
    <property name="java.home" value="C:\Program Files\Java\jdk1.8.0_191\jre" />
    <property name="java.vm.info" value="mixed mode" />
    <property name="ant.file" value="D:\Eclipse\WORKBENCH\WORKBENCH_GITHUB\ch.actifsource.example.ant\asbuild.unittest.xml" />
    <property name="os.version" value="10.0" />
    <property name="bundle.directory" value="D:\Eclipse\eclipse-rcp-oxygen-3a-win32-x86_64\eclipse\plugins" />
    <property name="path.separator" value=";" />
    <property name="java.vm.version" value="25.191-b12" />
    <property name="user.variant" value="" />
    <property name="ant.library.dir" value="D:\Eclipse\eclipse-rcp-oxygen-3a-win32-x86_64\eclipse\plugins\org.apache.ant_1.10.1.v20170504-0840\lib" />
    <property name="java.awt.printerjob" value="sun.awt.windows.WPrinterJob" />
    <property name="sun.io.unicode.encoding" value="UnicodeLittle" />
    <property name="awt.toolkit" value="sun.awt.windows.WToolkit" />
    <property name="user.script" value="" />
    <property name="eclipse.pdebuild.scripts" value="D:\Eclipse\eclipse-rcp-oxygen-3a-win32-x86_64\eclipse\plugins\org.eclipse.pde.build_3.9.300.v20170515-0912\scripts" />
    <property name="user.home" value="C:\Users\ruti" />
    <property name="target" value="1.8" />
    <property name="java.specification.vendor" value="Oracle Corporation" />
    <property name="junit.test.report" value="D:\Eclipse\WORKBENCH\WORKBENCH_GITHUB\ch.actifsource.example.ant/../ch.actifsource.example.ant/reports" />
    <property name="actifsource.version" value="11.0.0.202105270830" />
    <property name="java.library.path" value="D:\Eclipse\eclipse-rcp-oxygen-3a-win32-x86_64\eclipse\jre\bin\compressedrefs;D:\Eclipse\eclipse-rcp-oxygen-3a-win32-x86_64\eclipse\jre\bin;C:\WINDOWS\system32;C:\WINDOWS;D:/Eclipse/eclipse-rcp-oxygen-3a-win32-x86_64/eclipse/jre/bin/j9vm;D:/Eclipse/eclipse-rcp-oxygen-3a-win32-x86_64/eclipse/jre/bin;D:/Eclipse/eclipse-rcp-oxygen-3a-win32-x86_64/eclipse/jre/lib/amd64;C:\Program Files (x86)\Kerio\Outlook Connector (Offline Edition)\;C:\Program Files\Java\jdk-11.0.19\bin;C:\WINDOWS\system32;C:\WINDOWS;C:\WINDOWS\System32\Wbem;C:\WINDOWS\System32\WindowsPowerShell\v1.0\;C:\WINDOWS\System32\OpenSSH\;C:\Program Files\TortoiseSVN\bin;C:\Program Files\TortoiseGit\bin;C:\Program Files (x86)\GitExtensions\;C:\Program Files (x86)\IVI Foundation\VISA\WinNT\Bin\;C:\Program Files\IVI Foundation\VISA\Win64\Bin\;C:\Program Files (x86)\IVI Foundation\VISA\WinNT\Bin;C:\Program Files\nodejs\;C:\Program Files\Git\cmd;C:\Program Files\maven\apache-maven-3.9.2\bin;C:\Users\ruti\AppData\Local\Microsoft\WindowsApps;C:\Program Files\Java\jdk-11.0.19\bin;C:\Program Files (x86)\Graphviz2.34\bin;C:\MinGW\bin;C:\Hugo\bin;C:\Users\ruti\AppData\Roaming\npm;C:\Users\ruti\AppData\Local\Programs\Microsoft VS Code\bin;C:\Users\ruti\AppData\Local\Programs\Python\Python311;C:\Users\ruti\AppData\Local\Programs\Python\Python311\Scripts;;D:\Eclipse\eclipse-rcp-oxygen-3a-win32-x86_64\eclipse;;.;D:\Eclipse\eclipse-rcp-oxygen-3a-win32-x86_64\eclipse\configuration\org.eclipse.osgi\456\0\.cp" />
    <property name="java.vendor.url" value="http://java.oracle.com/" />
    <property name="java.vm.vendor" value="Oracle Corporation" />
    <property name="java.runtime.name" value="Java(TM) SE Runtime Environment" />
    <property name="sun.java.command" value="org.eclipse.ant.internal.launching.remote.InternalAntRunner -Dorg.eclipse.ant.core.ANT_PROCESS_ID=1700491037223 -Declipse.connect.port=64673 -Declipse.pdebuild.home=D:\Eclipse\eclipse-rcp-oxygen-3a-win32-x86_64\eclipse\plugins\org.eclipse.pde.build_3.9.300.v20170515-0912\. -Declipse.pdebuild.scripts=D:\Eclipse\eclipse-rcp-oxygen-3a-win32-x86_64\eclipse\plugins\org.eclipse.pde.build_3.9.300.v20170515-0912\scripts -Declipse.pdebuild.templates=D:\Eclipse\eclipse-rcp-oxygen-3a-win32-x86_64\eclipse\plugins\org.eclipse.pde.build_3.9.300.v20170515-0912\templates -Dant.home=D:\Eclipse\eclipse-rcp-oxygen-3a-win32-x86_64\eclipse\plugins\org.apache.ant_1.10.1.v20170504-0840 -logger org.eclipse.ant.internal.launching.remote.logger.RemoteAntBuildLogger -inputhandler org.eclipse.ant.internal.ui.antsupport.inputhandler.ProxyInputHandler -buildfile D:\Eclipse\WORKBENCH\WORKBENCH_GITHUB\ch.actifsource.example.ant\asbuild.unittest.xml junit" />
    <property name="java.class.path" value="C:\Program Files\Java\jdk1.8.0_191\jre\lib\resources.jar;C:\Program Files\Java\jdk1.8.0_191\jre\lib\rt.jar;C:\Program Files\Java\jdk1.8.0_191\jre\lib\jsse.jar;C:\Program Files\Java\jdk1.8.0_191\jre\lib\jce.jar;C:\Program Files\Java\jdk1.8.0_191\jre\lib\charsets.jar;C:\Program Files\Java\jdk1.8.0_191\jre\lib\jfr.jar;C:\Program Files\Java\jdk1.8.0_191\jre\lib\ext\access-bridge-64.jar;C:\Program Files\Java\jdk1.8.0_191\jre\lib\ext\cldrdata.jar;C:\Program Files\Java\jdk1.8.0_191\jre\lib\ext\dnsns.jar;C:\Program Files\Java\jdk1.8.0_191\jre\lib\ext\jaccess.jar;C:\Program Files\Java\jdk1.8.0_191\jre\lib\ext\jfxrt.jar;C:\Program Files\Java\jdk1.8.0_191\jre\lib\ext\localedata.jar;C:\Program Files\Java\jdk1.8.0_191\jre\lib\ext\nashorn.jar;C:\Program Files\Java\jdk1.8.0_191\jre\lib\ext\sunec.jar;C:\Program Files\Java\jdk1.8.0_191\jre\lib\ext\sunjce_provider.jar;C:\Program Files\Java\jdk1.8.0_191\jre\lib\ext\sunmscapi.jar;C:\Program Files\Java\jdk1.8.0_191\jre\lib\ext\sunpkcs11.jar;C:\Program Files\Java\jdk1.8.0_191\jre\lib\ext\zipfs.jar;D:\Eclipse\eclipse-rcp-oxygen-3a-win32-x86_64\eclipse\plugins\org.apache.ant_1.10.1.v20170504-0840\lib\ant-antlr.jar;D:\Eclipse\eclipse-rcp-oxygen-3a-win32-x86_64\eclipse\plugins\org.apache.ant_1.10.1.v20170504-0840\lib\ant-apache-bcel.jar;D:\Eclipse\eclipse-rcp-oxygen-3a-win32-x86_64\eclipse\plugins\org.apache.ant_1.10.1.v20170504-0840\lib\ant-apache-bsf.jar;D:\Eclipse\eclipse-rcp-oxygen-3a-win32-x86_64\eclipse\plugins\org.apache.ant_1.10.1.v20170504-0840\lib\ant-apache-log4j.jar;D:\Eclipse\eclipse-rcp-oxygen-3a-win32-x86_64\eclipse\plugins\org.apache.ant_1.10.1.v20170504-0840\lib\ant-apache-oro.jar;D:\Eclipse\eclipse-rcp-oxygen-3a-win32-x86_64\eclipse\plugins\org.apache.ant_1.10.1.v20170504-0840\lib\ant-apache-regexp.jar;D:\Eclipse\eclipse-rcp-oxygen-3a-win32-x86_64\eclipse\plugins\org.apache.ant_1.10.1.v20170504-0840\lib\ant-apache-resolver.jar;D:\Eclipse\eclipse-rcp-oxygen-3a-win32-x86_64\eclipse\plugins\org.apache.ant_1.10.1.v20170504-0840\lib\ant-apache-xalan2.jar;D:\Eclipse\eclipse-rcp-oxygen-3a-win32-x86_64\eclipse\plugins\org.apache.ant_1.10.1.v20170504-0840\lib\ant-commons-logging.jar;D:\Eclipse\eclipse-rcp-oxygen-3a-win32-x86_64\eclipse\plugins\org.apache.ant_1.10.1.v20170504-0840\lib\ant-commons-net.jar;D:\Eclipse\eclipse-rcp-oxygen-3a-win32-x86_64\eclipse\plugins\org.apache.ant_1.10.1.v20170504-0840\lib\ant-jai.jar;D:\Eclipse\eclipse-rcp-oxygen-3a-win32-x86_64\eclipse\plugins\org.apache.ant_1.10.1.v20170504-0840\lib\ant-javamail.jar;D:\Eclipse\eclipse-rcp-oxygen-3a-win32-x86_64\eclipse\plugins\org.apache.ant_1.10.1.v20170504-0840\lib\ant-jdepend.jar;D:\Eclipse\eclipse-rcp-oxygen-3a-win32-x86_64\eclipse\plugins\org.apache.ant_1.10.1.v20170504-0840\lib\ant-jmf.jar;D:\Eclipse\eclipse-rcp-oxygen-3a-win32-x86_64\eclipse\plugins\org.apache.ant_1.10.1.v20170504-0840\lib\ant-jsch.jar;D:\Eclipse\eclipse-rcp-oxygen-3a-win32-x86_64\eclipse\plugins\org.apache.ant_1.10.1.v20170504-0840\lib\ant-junit.jar;D:\Eclipse\eclipse-rcp-oxygen-3a-win32-x86_64\eclipse\plugins\org.apache.ant_1.10.1.v20170504-0840\lib\ant-junit4.jar;D:\Eclipse\eclipse-rcp-oxygen-3a-win32-x86_64\eclipse\plugins\org.apache.ant_1.10.1.v20170504-0840\lib\ant-launcher.jar;D:\Eclipse\eclipse-rcp-oxygen-3a-win32-x86_64\eclipse\plugins\org.apache.ant_1.10.1.v20170504-0840\lib\ant-netrexx.jar;D:\Eclipse\eclipse-rcp-oxygen-3a-win32-x86_64\eclipse\plugins\org.apache.ant_1.10.1.v20170504-0840\lib\ant-swing.jar;D:\Eclipse\eclipse-rcp-oxygen-3a-win32-x86_64\eclipse\plugins\org.apache.ant_1.10.1.v20170504-0840\lib\ant-testutil.jar;D:\Eclipse\eclipse-rcp-oxygen-3a-win32-x86_64\eclipse\plugins\org.apache.ant_1.10.1.v20170504-0840\lib\ant.jar;D:\Eclipse\eclipse-rcp-oxygen-3a-win32-x86_64\eclipse\configuration\org.eclipse.osgi\78\0\.cp\lib\antdebug.jar;D:\Eclipse\eclipse-rcp-oxygen-3a-win32-x86_64\eclipse\configuration\org.eclipse.osgi\78\0\.cp\lib\remote.jar;D:\Eclipse\eclipse-rcp-oxygen-3a-win32-x86_64\eclipse\configuration\org.eclipse.osgi\79\0\.cp\lib\remoteAnt.jar;C:\Program Files\Java\jdk1.8.0_191\lib\tools.jar;D:\Eclipse\eclipse-rcp-oxygen-3a-win32-x86_64\eclipse\plugins\org.eclipse.swt.win32.win32.x86_64_3.106.3.v20180329-0507.jar" />
    <property name="ant.version" value="Apache Ant(TM) version 1.10.1 compiled on February 2 2017" />
    <property name="java.vm.specification.name" value="Java Virtual Machine Specification" />
    <property name="java.vm.specification.version" value="1.8" />
    <property name="sun.cpu.endian" value="little" />
    <property name="sun.os.patch.level" value="" />
    <property name="debuglevel" value="source,lines,vars" />
    <property name="eclipse.pdebuild.home" value="D:\Eclipse\eclipse-rcp-oxygen-3a-win32-x86_64\eclipse\plugins\org.eclipse.pde.build_3.9.300.v20170515-0912\." />
    <property name="java.io.tmpdir" value="C:\Users\ruti\AppData\Local\Temp\" />
    <property name="java.vendor.url.bug" value="http://bugreport.sun.com/bugreport/" />
    <property name="os.arch" value="amd64" />
    <property name="java.awt.graphicsenv" value="sun.awt.Win32GraphicsEnvironment" />
    <property name="java.ext.dirs" value="C:\Program Files\Java\jdk1.8.0_191\jre\lib\ext;C:\WINDOWS\Sun\Java\lib\ext" />
    <property name="user.dir" value="D:\Eclipse\WORKBENCH\WORKBENCH_GITHUB\ch.actifsource.example.ant" />
    <property name="line.separator" value="&#xd;&#xa;" />
    <property name="java.vm.name" value="Java HotSpot(TM) 64-Bit Server VM" />
    <property name="basedir" value="D:\Eclipse\WORKBENCH\WORKBENCH_GITHUB\ch.actifsource.example.ant" />
    <property name="ant.java.version" value="1.8" />
    <property name="ant.core.lib" value="D:\Eclipse\eclipse-rcp-oxygen-3a-win32-x86_64\eclipse\plugins\org.apache.ant_1.10.1.v20170504-0840\lib\ant.jar" />
    <property name="source" value="1.8" />
    <property name="file.encoding" value="UTF-8" />
    <property name="java.specification.version" value="1.8" />
    <property name="ant.project.invoked-targets" value="junit" />
  </properties>
  <error type="java.lang.reflect.InvocationTargetException">java.lang.reflect.InvocationTargetException
	at org.eclipse.ant.internal.launching.remote.EclipseDefaultExecutor.executeTargets(EclipseDefaultExecutor.java:36)
	at org.eclipse.ant.internal.launching.remote.InternalAntRunner.run(InternalAntRunner.java:460)
	at org.eclipse.ant.internal.launching.remote.InternalAntRunner.main(InternalAntRunner.java:142)
Caused by: java.lang.NoClassDefFoundError: ch/actifsource/ui/junit/SingleScopeTestCase
	at java.lang.ClassLoader.defineClass1(Native Method)
	at java.lang.ClassLoader.defineClass(ClassLoader.java:763)
	at java.lang.ClassLoader.loadClass(ClassLoader.java:357)
	at ch.actifsource.example.ant.unittest.model.AllTests.suite(AllTests.java:10)
	at ch.actifsource.example.ant.unittest.AllTests.suite(AllTests.java:10)
Caused by: java.lang.ClassNotFoundException: ch.actifsource.ui.junit.SingleScopeTestCase
	at java.lang.ClassLoader.loadClass(ClassLoader.java:357)
</error>
  <system-out><![CDATA[]]></system-out>
  <system-err><![CDATA[]]></system-err>
</testsuite>
